TN:
SF:src\favorite-team-notifications.ts
FN:10,(anonymous_6)
FN:28,(anonymous_7)
FN:57,(anonymous_8)
FN:79,(anonymous_9)
FN:108,(anonymous_10)
FN:132,(anonymous_11)
FN:165,(anonymous_12)
FN:235,(anonymous_13)
FN:349,createInAppNotification
FN:400,(anonymous_15)
FN:420,(anonymous_16)
FNF:11
FNH:0
FNDA:0,(anonymous_6)
FNDA:0,(anonymous_7)
FNDA:0,(anonymous_8)
FNDA:0,(anonymous_9)
FNDA:0,(anonymous_10)
FNDA:0,(anonymous_11)
FNDA:0,(anonymous_12)
FNDA:0,(anonymous_13)
FNDA:0,createInAppNotification
FNDA:0,(anonymous_15)
FNDA:0,(anonymous_16)
DA:1,0
DA:2,0
DA:4,0
DA:10,0
DA:11,0
DA:16,0
DA:18,0
DA:24,0
DA:29,0
DA:30,0
DA:33,0
DA:42,0
DA:43,0
DA:44,0
DA:46,0
DA:53,0
DA:58,0
DA:59,0
DA:69,0
DA:75,0
DA:80,0
DA:81,0
DA:90,0
DA:91,0
DA:92,0
DA:93,0
DA:94,0
DA:96,0
DA:98,0
DA:104,0
DA:108,0
DA:115,0
DA:122,0
DA:128,0
DA:133,0
DA:134,0
DA:137,0
DA:148,0
DA:149,0
DA:152,0
DA:153,0
DA:154,0
DA:162,0
DA:166,0
DA:168,0
DA:171,0
DA:172,0
DA:175,0
DA:180,0
DA:187,0
DA:188,0
DA:189,0
DA:192,0
DA:195,0
DA:196,0
DA:197,0
DA:200,0
DA:201,0
DA:203,0
DA:204,0
DA:205,0
DA:209,0
DA:210,0
DA:215,0
DA:216,0
DA:217,0
DA:221,0
DA:227,0
DA:228,0
DA:229,0
DA:232,0
DA:235,0
DA:236,0
DA:237,0
DA:238,0
DA:241,0
DA:242,0
DA:243,0
DA:246,0
DA:247,0
DA:248,0
DA:249,0
DA:251,0
DA:255,0
DA:256,0
DA:267,0
DA:268,0
DA:270,0
DA:272,0
DA:273,0
DA:310,0
DA:311,0
DA:315,0
DA:318,0
DA:323,0
DA:326,0
DA:334,0
DA:337,0
DA:338,0
DA:341,0
DA:342,0
DA:355,0
DA:356,0
DA:357,0
DA:365,0
DA:367,0
DA:388,0
DA:390,0
DA:397,0
DA:401,0
DA:403,0
DA:407,0
DA:408,0
DA:414,0
DA:415,0
DA:416,0
DA:419,0
DA:420,0
DA:421,0
DA:424,0
DA:425,0
DA:427,0
DA:429,0
DA:430,0
LF:124
LH:0
BRDA:30,0,0,0
BRDA:30,0,1,0
BRDA:30,1,0,0
BRDA:30,1,1,0
BRDA:35,2,0,0
BRDA:35,2,1,0
BRDA:35,3,0,0
BRDA:35,3,1,0
BRDA:83,4,0,0
BRDA:83,4,1,0
BRDA:93,5,0,0
BRDA:93,5,1,0
BRDA:93,6,0,0
BRDA:93,6,1,0
BRDA:94,7,0,0
BRDA:94,7,1,0
BRDA:94,8,0,0
BRDA:94,8,1,0
BRDA:96,9,0,0
BRDA:96,10,0,0
BRDA:96,10,1,0
BRDA:134,11,0,0
BRDA:134,11,1,0
BRDA:134,12,0,0
BRDA:134,12,1,0
BRDA:187,13,0,0
BRDA:200,14,0,0
BRDA:200,14,1,0
BRDA:200,15,0,0
BRDA:200,15,1,0
BRDA:201,16,0,0
BRDA:201,16,1,0
BRDA:201,17,0,0
BRDA:201,17,1,0
BRDA:203,18,0,0
BRDA:203,19,0,0
BRDA:203,19,1,0
BRDA:215,20,0,0
BRDA:227,21,0,0
BRDA:241,22,0,0
BRDA:241,22,1,0
BRDA:246,23,0,0
BRDA:246,23,1,0
BRDA:246,24,0,0
BRDA:246,24,1,0
BRDA:248,25,0,0
BRDA:248,25,1,0
BRDA:255,26,0,0
BRDA:255,26,1,0
BRDA:255,27,0,0
BRDA:255,27,1,0
BRDA:256,28,0,0
BRDA:256,28,1,0
BRDA:268,29,0,0
BRDA:268,29,1,0
BRDA:268,30,0,0
BRDA:268,30,1,0
BRDA:272,31,0,0
BRDA:356,32,0,0
BRDA:356,32,1,0
BRDA:356,33,0,0
BRDA:356,33,1,0
BRDA:357,34,0,0
BRDA:357,34,1,0
BRDA:382,35,0,0
BRDA:382,35,1,0
BRDA:382,36,0,0
BRDA:382,36,1,0
BRDA:414,37,0,0
BRF:69
BRH:0
end_of_record
TN:
SF:src\index.ts
FN:30,fetchScheduleFromApi
FN:50,fetchScheduleFromApiDirect
FN:78,saveGamesToFirestore
FN:150,(anonymous_10)
FN:186,(anonymous_11)
FN:194,(anonymous_12)
FN:204,(anonymous_13)
FN:208,(anonymous_14)
FN:225,(anonymous_15)
FN:259,(anonymous_16)
FN:283,(anonymous_17)
FN:315,(anonymous_18)
FN:315,(anonymous_19)
FN:378,(anonymous_20)
FN:425,(anonymous_21)
FN:488,(anonymous_22)
FN:514,(anonymous_23)
FN:532,(anonymous_24)
FN:606,(anonymous_25)
FN:623,(anonymous_26)
FN:649,(anonymous_27)
FN:650,(anonymous_28)
FN:651,(anonymous_29)
FN:652,(anonymous_30)
FN:653,(anonymous_31)
FN:654,(anonymous_32)
FN:659,(anonymous_33)
FN:660,(anonymous_34)
FN:661,(anonymous_35)
FN:662,(anonymous_36)
FN:667,(anonymous_37)
FN:668,(anonymous_38)
FN:669,(anonymous_39)
FN:674,(anonymous_40)
FN:675,(anonymous_41)
FN:680,(anonymous_42)
FN:681,(anonymous_43)
FN:682,(anonymous_44)
FN:687,(anonymous_45)
FN:688,(anonymous_46)
FN:689,(anonymous_47)
FN:690,(anonymous_48)
FN:691,(anonymous_49)
FN:692,(anonymous_50)
FN:693,(anonymous_51)
FNF:45
FNH:0
FNDA:0,fetchScheduleFromApi
FNDA:0,fetchScheduleFromApiDirect
FNDA:0,saveGamesToFirestore
FNDA:0,(anonymous_10)
FNDA:0,(anonymous_11)
FNDA:0,(anonymous_12)
FNDA:0,(anonymous_13)
FNDA:0,(anonymous_14)
FNDA:0,(anonymous_15)
FNDA:0,(anonymous_16)
FNDA:0,(anonymous_17)
FNDA:0,(anonymous_18)
FNDA:0,(anonymous_19)
FNDA:0,(anonymous_20)
FNDA:0,(anonymous_21)
FNDA:0,(anonymous_22)
FNDA:0,(anonymous_23)
FNDA:0,(anonymous_24)
FNDA:0,(anonymous_25)
FNDA:0,(anonymous_26)
FNDA:0,(anonymous_27)
FNDA:0,(anonymous_28)
FNDA:0,(anonymous_29)
FNDA:0,(anonymous_30)
FNDA:0,(anonymous_31)
FNDA:0,(anonymous_32)
FNDA:0,(anonymous_33)
FNDA:0,(anonymous_34)
FNDA:0,(anonymous_35)
FNDA:0,(anonymous_36)
FNDA:0,(anonymous_37)
FNDA:0,(anonymous_38)
FNDA:0,(anonymous_39)
FNDA:0,(anonymous_40)
FNDA:0,(anonymous_41)
FNDA:0,(anonymous_42)
FNDA:0,(anonymous_43)
FNDA:0,(anonymous_44)
FNDA:0,(anonymous_45)
FNDA:0,(anonymous_46)
FNDA:0,(anonymous_47)
FNDA:0,(anonymous_48)
FNDA:0,(anonymous_49)
FNDA:0,(anonymous_50)
FNDA:0,(anonymous_51)
DA:10,0
DA:11,0
DA:12,0
DA:14,0
DA:15,0
DA:16,0
DA:21,0
DA:22,0
DA:23,0
DA:24,0
DA:26,0
DA:27,0
DA:31,0
DA:33,0
DA:34,0
DA:35,0
DA:37,0
DA:38,0
DA:41,0
DA:44,0
DA:45,0
DA:51,0
DA:52,0
DA:53,0
DA:55,0
DA:56,0
DA:58,0
DA:59,0
DA:60,0
DA:61,0
DA:62,0
DA:63,0
DA:65,0
DA:66,0
DA:69,0
DA:70,0
DA:71,0
DA:73,0
DA:79,0
DA:80,0
DA:81,0
DA:84,0
DA:87,0
DA:88,0
DA:89,0
DA:90,0
DA:92,0
DA:95,0
DA:96,0
DA:97,0
DA:99,0
DA:100,0
DA:101,0
DA:102,0
DA:103,0
DA:105,0
DA:106,0
DA:109,0
DA:116,0
DA:117,0
DA:119,0
DA:120,0
DA:121,0
DA:122,0
DA:123,0
DA:125,0
DA:126,0
DA:128,0
DA:129,0
DA:134,0
DA:135,0
DA:136,0
DA:137,0
DA:138,0
DA:140,0
DA:141,0
DA:145,0
DA:150,0
DA:151,0
DA:153,0
DA:155,0
DA:158,0
DA:160,0
DA:161,0
DA:165,0
DA:169,0
DA:172,0
DA:175,0
DA:176,0
DA:178,0
DA:186,0
DA:194,0
DA:204,0
DA:208,0
DA:215,0
DA:216,0
DA:225,0
DA:226,0
DA:228,0
DA:229,0
DA:231,0
DA:232,0
DA:236,0
DA:240,0
DA:250,0
DA:251,0
DA:253,0
DA:259,0
DA:267,0
DA:274,0
DA:275,0
DA:283,0
DA:285,0
DA:286,0
DA:287,0
DA:290,0
DA:291,0
DA:292,0
DA:295,0
DA:297,0
DA:298,0
DA:299,0
DA:300,0
DA:302,0
DA:303,0
DA:304,0
DA:305,0
DA:308,0
DA:309,0
DA:310,0
DA:311,0
DA:315,0
DA:317,0
DA:318,0
DA:319,0
DA:322,0
DA:323,0
DA:325,0
DA:326,0
DA:327,0
DA:328,0
DA:330,0
DA:332,0
DA:333,0
DA:334,0
DA:335,0
DA:337,0
DA:339,0
DA:351,0
DA:354,0
DA:356,0
DA:363,0
DA:364,0
DA:367,0
DA:368,0
DA:369,0
DA:371,0
DA:378,0
DA:380,0
DA:381,0
DA:382,0
DA:385,0
DA:386,0
DA:387,0
DA:390,0
DA:391,0
DA:393,0
DA:394,0
DA:395,0
DA:398,0
DA:399,0
DA:400,0
DA:401,0
DA:404,0
DA:405,0
DA:408,0
DA:415,0
DA:416,0
DA:417,0
DA:420,0
DA:421,0
DA:425,0
DA:426,0
DA:427,0
DA:429,0
DA:430,0
DA:431,0
DA:432,0
DA:435,0
DA:436,0
DA:437,0
DA:438,0
DA:439,0
DA:442,0
DA:443,0
DA:444,0
DA:445,0
DA:447,0
DA:448,0
DA:449,0
DA:450,0
DA:452,0
DA:455,0
DA:456,0
DA:457,0
DA:458,0
DA:459,0
DA:460,0
DA:461,0
DA:462,0
DA:463,0
DA:464,0
DA:465,0
DA:466,0
DA:467,0
DA:468,0
DA:469,0
DA:470,0
DA:471,0
DA:472,0
DA:473,0
DA:474,0
DA:475,0
DA:476,0
DA:478,0
DA:480,0
DA:486,0
DA:489,0
DA:491,0
DA:492,0
DA:493,0
DA:496,0
DA:498,0
DA:499,0
DA:501,0
DA:502,0
DA:503,0
DA:504,0
DA:506,0
DA:507,0
DA:508,0
DA:510,0
DA:514,0
DA:517,0
DA:522,0
DA:523,0
DA:526,0
DA:527,0
DA:532,0
DA:533,0
DA:535,0
DA:536,0
DA:537,0
DA:538,0
DA:541,0
DA:542,0
DA:544,0
DA:545,0
DA:546,0
DA:549,0
DA:551,0
DA:552,0
DA:560,0
DA:561,0
DA:562,0
DA:568,0
DA:573,0
DA:574,0
DA:576,0
DA:577,0
DA:578,0
DA:586,0
DA:596,0
DA:597,0
DA:606,0
DA:607,0
DA:608,0
DA:610,0
DA:611,0
DA:612,0
DA:615,0
DA:616,0
DA:618,0
DA:619,0
DA:622,0
DA:623,0
DA:628,0
DA:630,0
DA:639,0
DA:640,0
DA:648,0
DA:649,0
DA:650,0
DA:651,0
DA:652,0
DA:653,0
DA:654,0
DA:658,0
DA:659,0
DA:660,0
DA:661,0
DA:662,0
DA:666,0
DA:667,0
DA:668,0
DA:669,0
DA:673,0
DA:674,0
DA:675,0
DA:679,0
DA:680,0
DA:681,0
DA:682,0
DA:686,0
DA:687,0
DA:688,0
DA:689,0
DA:690,0
DA:691,0
DA:692,0
DA:693,0
LF:321
LH:0
BRDA:27,0,0,0
BRDA:27,0,1,0
BRDA:27,0,2,0
BRDA:27,1,0,0
BRDA:27,1,1,0
BRDA:27,2,0,0
BRDA:27,2,1,0
BRDA:27,3,0,0
BRDA:27,3,1,0
BRDA:27,4,0,0
BRDA:27,4,1,0
BRDA:51,5,0,0
BRDA:61,6,0,0
BRDA:61,6,1,0
BRDA:61,7,0,0
BRDA:61,7,1,0
BRDA:70,8,0,0
BRDA:79,9,0,0
BRDA:79,10,0,0
BRDA:79,10,1,0
BRDA:101,11,0,0
BRDA:101,12,0,0
BRDA:101,12,1,0
BRDA:119,13,0,0
BRDA:119,14,0,0
BRDA:119,14,1,0
BRDA:134,15,0,0
BRDA:134,16,0,0
BRDA:134,16,1,0
BRDA:160,17,0,0
BRDA:219,18,0,0
BRDA:219,18,1,0
BRDA:231,19,0,0
BRDA:250,20,0,0
BRDA:250,20,1,0
BRDA:250,21,0,0
BRDA:250,21,1,0
BRDA:278,22,0,0
BRDA:278,22,1,0
BRDA:278,23,0,0
BRDA:278,23,1,0
BRDA:278,24,0,0
BRDA:278,24,1,0
BRDA:290,25,0,0
BRDA:297,26,0,0
BRDA:297,26,1,0
BRDA:297,27,0,0
BRDA:297,27,1,0
BRDA:298,28,0,0
BRDA:298,28,1,0
BRDA:298,29,0,0
BRDA:298,29,1,0
BRDA:299,30,0,0
BRDA:299,30,1,0
BRDA:299,31,0,0
BRDA:299,31,1,0
BRDA:299,32,0,0
BRDA:299,32,1,0
BRDA:300,33,0,0
BRDA:300,33,1,0
BRDA:300,34,0,0
BRDA:300,34,1,0
BRDA:300,35,0,0
BRDA:300,35,1,0
BRDA:302,36,0,0
BRDA:302,37,0,0
BRDA:302,37,1,0
BRDA:308,38,0,0
BRDA:317,39,0,0
BRDA:332,40,0,0
BRDA:332,40,1,0
BRDA:335,41,0,0
BRDA:335,42,0,0
BRDA:335,42,1,0
BRDA:335,42,2,0
BRDA:337,43,0,0
BRDA:337,43,1,0
BRDA:337,44,0,0
BRDA:337,44,1,0
BRDA:337,45,0,0
BRDA:337,45,1,0
BRDA:337,46,0,0
BRDA:337,46,1,0
BRDA:337,47,0,0
BRDA:337,47,1,0
BRDA:346,48,0,0
BRDA:346,48,1,0
BRDA:346,49,0,0
BRDA:346,49,1,0
BRDA:346,50,0,0
BRDA:346,50,1,0
BRDA:346,51,0,0
BRDA:346,51,1,0
BRDA:347,52,0,0
BRDA:347,52,1,0
BRDA:347,53,0,0
BRDA:347,53,1,0
BRDA:347,54,0,0
BRDA:347,54,1,0
BRDA:347,55,0,0
BRDA:347,55,1,0
BRDA:356,56,0,0
BRDA:356,56,1,0
BRDA:368,57,0,0
BRDA:385,58,0,0
BRDA:390,59,0,0
BRDA:390,59,1,0
BRDA:390,60,0,0
BRDA:390,60,1,0
BRDA:391,61,0,0
BRDA:391,61,1,0
BRDA:391,62,0,0
BRDA:391,62,1,0
BRDA:391,63,0,0
BRDA:391,63,1,0
BRDA:393,64,0,0
BRDA:398,65,0,0
BRDA:415,66,0,0
BRDA:415,66,1,0
BRDA:427,67,0,0
BRDA:427,67,1,0
BRDA:429,68,0,0
BRDA:435,69,0,0
BRDA:435,69,1,0
BRDA:435,70,0,0
BRDA:435,70,1,0
BRDA:436,71,0,0
BRDA:436,72,0,0
BRDA:436,72,1,0
BRDA:447,73,0,0
BRDA:447,73,1,0
BRDA:456,74,0,0
BRDA:456,74,1,0
BRDA:458,75,0,0
BRDA:458,75,1,0
BRDA:458,75,2,0
BRDA:458,75,3,0
BRDA:458,75,4,0
BRDA:458,75,5,0
BRDA:458,75,6,0
BRDA:458,75,7,0
BRDA:458,75,8,0
BRDA:458,75,9,0
BRDA:458,75,10,0
BRDA:458,75,11,0
BRDA:458,75,12,0
BRDA:458,75,13,0
BRDA:458,75,14,0
BRDA:458,75,15,0
BRDA:458,75,16,0
BRDA:458,75,17,0
BRDA:491,76,0,0
BRDA:506,77,0,0
BRDA:506,77,1,0
BRDA:535,78,0,0
BRDA:541,79,0,0
BRDA:541,79,1,0
BRDA:541,80,0,0
BRDA:541,80,1,0
BRDA:544,81,0,0
BRDA:544,82,0,0
BRDA:544,82,1,0
BRDA:551,83,0,0
BRDA:560,84,0,0
BRDA:576,85,0,0
BRDA:576,85,1,0
BRDA:607,86,0,0
BRDA:607,86,1,0
BRDA:607,87,0,0
BRDA:607,87,1,0
BRDA:608,88,0,0
BRDA:608,88,1,0
BRDA:608,89,0,0
BRDA:608,89,1,0
BRDA:610,90,0,0
BRDA:618,91,0,0
BRDA:628,92,0,0
BRDA:628,92,1,0
BRF:178
BRH:0
end_of_record
TN:
SF:src\match-reminders.ts
FN:12,(anonymous_6)
FN:38,(anonymous_7)
FN:144,createInAppNotification
FN:181,getTimingDisplay
FN:201,(anonymous_10)
FN:224,(anonymous_11)
FNF:6
FNH:0
FNDA:0,(anonymous_6)
FNDA:0,(anonymous_7)
FNDA:0,createInAppNotification
FNDA:0,getTimingDisplay
FNDA:0,(anonymous_10)
FNDA:0,(anonymous_11)
DA:1,0
DA:2,0
DA:4,0
DA:10,0
DA:13,0
DA:15,0
DA:16,0
DA:20,0
DA:23,0
DA:31,0
DA:32,0
DA:33,0
DA:36,0
DA:38,0
DA:39,0
DA:40,0
DA:42,0
DA:44,0
DA:45,0
DA:46,0
DA:47,0
DA:48,0
DA:52,0
DA:53,0
DA:55,0
DA:56,0
DA:57,0
DA:58,0
DA:59,0
DA:63,0
DA:64,0
DA:65,0
DA:67,0
DA:68,0
DA:71,0
DA:109,0
DA:110,0
DA:113,0
DA:116,0
DA:119,0
DA:122,0
DA:124,0
DA:125,0
DA:126,0
DA:131,0
DA:132,0
DA:134,0
DA:136,0
DA:137,0
DA:145,0
DA:146,0
DA:147,0
DA:148,0
DA:150,0
DA:152,0
DA:172,0
DA:174,0
DA:182,0
DA:183,0
DA:184,0
DA:185,0
DA:186,0
DA:187,0
DA:188,0
DA:189,0
DA:191,0
DA:198,0
DA:202,0
DA:204,0
DA:208,0
DA:210,0
DA:217,0
DA:218,0
DA:219,0
DA:223,0
DA:224,0
DA:225,0
DA:228,0
DA:229,0
DA:231,0
DA:233,0
DA:234,0
LF:82
LH:0
BRDA:31,0,0,0
BRDA:44,1,0,0
BRDA:44,1,1,0
BRDA:44,2,0,0
BRDA:44,2,1,0
BRDA:45,3,0,0
BRDA:45,4,0,0
BRDA:45,4,1,0
BRDA:53,5,0,0
BRDA:53,5,1,0
BRDA:53,6,0,0
BRDA:53,6,1,0
BRDA:53,7,0,0
BRDA:53,7,1,0
BRDA:55,8,0,0
BRDA:63,9,0,0
BRDA:63,9,1,0
BRDA:65,10,0,0
BRDA:65,10,1,0
BRDA:79,11,0,0
BRDA:79,11,1,0
BRDA:81,12,0,0
BRDA:81,12,1,0
BRDA:82,13,0,0
BRDA:82,13,1,0
BRDA:122,14,0,0
BRDA:122,15,0,0
BRDA:122,15,1,0
BRDA:146,16,0,0
BRDA:146,16,1,0
BRDA:148,17,0,0
BRDA:148,17,1,0
BRDA:157,18,0,0
BRDA:157,18,1,0
BRDA:182,19,0,0
BRDA:183,20,0,0
BRDA:184,21,0,0
BRDA:185,22,0,0
BRDA:186,23,0,0
BRDA:187,24,0,0
BRDA:189,25,0,0
BRDA:189,25,1,0
BRDA:217,26,0,0
BRF:43
BRH:0
end_of_record
TN:
SF:src\photo-fetcher-utils.ts
FN:66,(anonymous_7)
FN:120,(anonymous_8)
FN:179,(anonymous_9)
FN:221,(anonymous_10)
FN:239,(anonymous_11)
FN:252,(anonymous_12)
FN:256,(anonymous_13)
FN:298,(anonymous_14)
FN:302,(anonymous_15)
FN:324,(anonymous_16)
FN:337,(anonymous_17)
FN:357,(anonymous_18)
FN:367,(anonymous_19)
FN:421,(anonymous_20)
FN:495,(anonymous_21)
FN:496,(anonymous_22)
FN:512,(anonymous_23)
FN:516,(anonymous_24)
FN:531,(anonymous_25)
FN:566,(anonymous_26)
FNF:20
FNH:0
FNDA:0,(anonymous_7)
FNDA:0,(anonymous_8)
FNDA:0,(anonymous_9)
FNDA:0,(anonymous_10)
FNDA:0,(anonymous_11)
FNDA:0,(anonymous_12)
FNDA:0,(anonymous_13)
FNDA:0,(anonymous_14)
FNDA:0,(anonymous_15)
FNDA:0,(anonymous_16)
FNDA:0,(anonymous_17)
FNDA:0,(anonymous_18)
FNDA:0,(anonymous_19)
FNDA:0,(anonymous_20)
FNDA:0,(anonymous_21)
FNDA:0,(anonymous_22)
FNDA:0,(anonymous_23)
FNDA:0,(anonymous_24)
FNDA:0,(anonymous_25)
FNDA:0,(anonymous_26)
DA:13,0
DA:14,0
DA:50,0
DA:51,0
DA:65,0
DA:67,0
DA:68,0
DA:69,0
DA:76,0
DA:77,0
DA:80,0
DA:82,0
DA:83,0
DA:84,0
DA:85,0
DA:86,0
DA:88,0
DA:96,0
DA:98,0
DA:99,0
DA:108,0
DA:119,0
DA:121,0
DA:123,0
DA:124,0
DA:125,0
DA:126,0
DA:127,0
DA:129,0
DA:136,0
DA:137,0
DA:140,0
DA:143,0
DA:144,0
DA:145,0
DA:146,0
DA:147,0
DA:148,0
DA:150,0
DA:157,0
DA:158,0
DA:160,0
DA:161,0
DA:163,0
DA:164,0
DA:172,0
DA:174,0
DA:175,0
DA:180,0
DA:181,0
DA:182,0
DA:183,0
DA:184,0
DA:185,0
DA:186,0
DA:188,0
DA:195,0
DA:196,0
DA:198,0
DA:199,0
DA:201,0
DA:202,0
DA:209,0
DA:211,0
DA:220,0
DA:222,0
DA:223,0
DA:231,0
DA:233,0
DA:234,0
DA:235,0
DA:241,0
DA:249,0
DA:253,0
DA:263,0
DA:264,0
DA:265,0
DA:267,0
DA:276,0
DA:279,0
DA:283,0
DA:285,0
DA:286,0
DA:295,0
DA:299,0
DA:308,0
DA:309,0
DA:315,0
DA:317,0
DA:319,0
DA:320,0
DA:328,0
DA:329,0
DA:331,0
DA:332,0
DA:335,0
DA:337,0
DA:342,0
DA:343,0
DA:352,0
DA:362,0
DA:363,0
DA:364,0
DA:371,0
DA:372,0
DA:375,0
DA:376,0
DA:377,0
DA:378,0
DA:380,0
DA:381,0
DA:382,0
DA:390,0
DA:391,0
DA:395,0
DA:396,0
DA:397,0
DA:398,0
DA:400,0
DA:401,0
DA:402,0
DA:410,0
DA:411,0
DA:414,0
DA:435,0
DA:436,0
DA:439,0
DA:441,0
DA:442,0
DA:449,0
DA:450,0
DA:451,0
DA:458,0
DA:466,0
DA:467,0
DA:474,0
DA:481,0
DA:482,0
DA:488,0
DA:496,0
DA:504,0
DA:506,0
DA:507,0
DA:508,0
DA:509,0
DA:510,0
DA:513,0
DA:517,0
DA:518,0
DA:520,0
DA:521,0
DA:523,0
DA:524,0
DA:526,0
DA:527,0
DA:541,0
DA:542,0
DA:543,0
DA:544,0
DA:545,0
DA:547,0
DA:548,0
DA:549,0
DA:551,0
DA:554,0
DA:567,0
DA:568,0
DA:569,0
DA:570,0
DA:571,0
DA:572,0
DA:573,0
DA:574,0
DA:575,0
DA:576,0
LF:175
LH:0
BRDA:76,0,0,0
BRDA:76,1,0,0
BRDA:76,1,1,0
BRDA:80,2,0,0
BRDA:80,2,1,0
BRDA:80,2,2,0
BRDA:82,3,0,0
BRDA:84,4,0,0
BRDA:85,5,0,0
BRDA:86,6,0,0
BRDA:136,7,0,0
BRDA:136,8,0,0
BRDA:136,8,1,0
BRDA:136,9,0,0
BRDA:136,9,1,0
BRDA:136,10,0,0
BRDA:136,10,1,0
BRDA:157,11,0,0
BRDA:157,11,1,0
BRDA:157,12,0,0
BRDA:157,12,1,0
BRDA:158,13,0,0
BRDA:163,14,0,0
BRDA:163,15,0,0
BRDA:163,15,1,0
BRDA:163,16,0,0
BRDA:163,16,1,0
BRDA:195,17,0,0
BRDA:195,17,1,0
BRDA:195,18,0,0
BRDA:195,18,1,0
BRDA:196,19,0,0
BRDA:199,20,0,0
BRDA:199,20,1,0
BRDA:199,21,0,0
BRDA:199,21,1,0
BRDA:201,22,0,0
BRDA:201,23,0,0
BRDA:201,23,1,0
BRDA:201,24,0,0
BRDA:201,24,1,0
BRDA:221,25,0,0
BRDA:241,26,0,0
BRDA:241,26,1,0
BRDA:331,27,0,0
BRDA:360,28,0,0
BRDA:372,29,0,0
BRDA:372,29,1,0
BRDA:377,30,0,0
BRDA:381,31,0,0
BRDA:381,32,0,0
BRDA:381,32,1,0
BRDA:397,33,0,0
BRDA:401,34,0,0
BRDA:401,35,0,0
BRDA:401,35,1,0
BRDA:435,36,0,0
BRDA:435,37,0,0
BRDA:435,37,1,0
BRDA:435,38,0,0
BRDA:435,38,1,0
BRDA:441,39,0,0
BRDA:450,40,0,0
BRDA:463,41,0,0
BRDA:463,41,1,0
BRDA:466,42,0,0
BRDA:475,43,0,0
BRDA:475,43,1,0
BRDA:481,44,0,0
BRDA:518,45,0,0
BRDA:518,45,1,0
BRDA:518,45,2,0
BRDA:548,46,0,0
BRDA:548,46,1,0
BRF:74
BRH:0
end_of_record
TN:
SF:src\sportsdata-service.ts
FN:11,(anonymous_6)
FN:34,(anonymous_7)
FN:82,(anonymous_8)
FN:114,(anonymous_9)
FN:138,(anonymous_10)
FN:161,(anonymous_11)
FN:193,getSportsDataService
FNF:7
FNH:0
FNDA:0,(anonymous_6)
FNDA:0,(anonymous_7)
FNDA:0,(anonymous_8)
FNDA:0,(anonymous_9)
FNDA:0,(anonymous_10)
FNDA:0,(anonymous_11)
FNDA:0,getSportsDataService
DA:1,0
DA:2,0
DA:8,0
DA:12,0
DA:13,0
DA:20,0
DA:35,0
DA:36,0
DA:39,0
DA:44,0
DA:45,0
DA:46,0
DA:49,0
DA:50,0
DA:53,0
DA:56,0
DA:57,0
DA:61,0
DA:62,0
DA:66,0
DA:67,0
DA:68,0
DA:71,0
DA:83,0
DA:84,0
DA:85,0
DA:88,0
DA:89,0
DA:91,0
DA:93,0
DA:98,0
DA:101,0
DA:102,0
DA:115,0
DA:116,0
DA:118,0
DA:122,0
DA:125,0
DA:126,0
DA:139,0
DA:140,0
DA:142,0
DA:146,0
DA:149,0
DA:150,0
DA:162,0
DA:163,0
DA:166,0
DA:167,0
DA:173,0
DA:175,0
DA:176,0
DA:178,0
DA:181,0
DA:184,0
DA:185,0
DA:191,0
DA:193,0
DA:194,0
DA:196,0
DA:197,0
DA:203,0
DA:204,0
DA:207,0
LF:64
LH:0
BRDA:12,0,0,0
BRDA:44,1,0,0
BRDA:44,2,0,0
BRDA:44,2,1,0
BRDA:56,3,0,0
BRDA:56,3,1,0
BRDA:56,4,0,0
BRDA:56,4,1,0
BRDA:56,5,0,0
BRDA:56,5,1,0
BRDA:61,6,0,0
BRDA:61,6,1,0
BRDA:61,7,0,0
BRDA:61,7,1,0
BRDA:61,8,0,0
BRDA:61,8,1,0
BRDA:66,9,0,0
BRDA:66,10,0,0
BRDA:66,10,1,0
BRDA:66,11,0,0
BRDA:66,11,1,0
BRDA:89,12,0,0
BRDA:89,12,1,0
BRDA:89,13,0,0
BRDA:89,13,1,0
BRDA:98,14,0,0
BRDA:98,14,1,0
BRDA:146,15,0,0
BRDA:146,15,1,0
BRDA:173,16,0,0
BRDA:173,16,1,0
BRDA:175,17,0,0
BRDA:175,17,1,0
BRDA:194,18,0,0
BRDA:194,18,1,0
BRDA:194,19,0,0
BRDA:194,19,1,0
BRDA:196,20,0,0
BRDA:203,21,0,0
BRF:39
BRH:0
end_of_record
TN:
SF:src\sportsdata-wrapper.ts
FN:40,(anonymous_7)
FN:49,(anonymous_8)
FN:97,(anonymous_9)
FN:101,(anonymous_10)
FN:105,(anonymous_11)
FN:109,(anonymous_12)
FN:114,(anonymous_13)
FN:116,(anonymous_14)
FN:122,(anonymous_15)
FN:129,(anonymous_16)
FN:132,(anonymous_17)
FN:135,(anonymous_18)
FN:137,(anonymous_19)
FN:145,(anonymous_20)
FN:158,(anonymous_21)
FN:169,createSportsDataFirebaseClient
FN:176,getSportsDataFirebaseClient
FNF:17
FNH:0
FNDA:0,(anonymous_7)
FNDA:0,(anonymous_8)
FNDA:0,(anonymous_9)
FNDA:0,(anonymous_10)
FNDA:0,(anonymous_11)
FNDA:0,(anonymous_12)
FNDA:0,(anonymous_13)
FNDA:0,(anonymous_14)
FNDA:0,(anonymous_15)
FNDA:0,(anonymous_16)
FNDA:0,(anonymous_17)
FNDA:0,(anonymous_18)
FNDA:0,(anonymous_19)
FNDA:0,(anonymous_20)
FNDA:0,(anonymous_21)
FNDA:0,createSportsDataFirebaseClient
FNDA:0,getSportsDataFirebaseClient
DA:1,0
DA:2,0
DA:35,0
DA:41,0
DA:42,0
DA:43,0
DA:50,0
DA:52,0
DA:53,0
DA:55,0
DA:63,0
DA:64,0
DA:65,0
DA:67,0
DA:71,0
DA:73,0
DA:74,0
DA:75,0
DA:76,0
DA:77,0
DA:78,0
DA:79,0
DA:80,0
DA:82,0
DA:86,0
DA:87,0
DA:90,0
DA:98,0
DA:102,0
DA:106,0
DA:110,0
DA:111,0
DA:115,0
DA:116,0
DA:117,0
DA:123,0
DA:124,0
DA:126,0
DA:127,0
DA:129,0
DA:130,0
DA:131,0
DA:132,0
DA:136,0
DA:137,0
DA:138,0
DA:146,0
DA:147,0
DA:148,0
DA:150,0
DA:151,0
DA:159,0
DA:169,0
DA:170,0
DA:174,0
DA:176,0
DA:177,0
DA:179,0
DA:180,0
DA:186,0
DA:187,0
DA:190,0
LF:62
LH:0
BRDA:42,0,0,0
BRDA:42,0,1,0
BRDA:43,1,0,0
BRDA:43,1,1,0
BRDA:63,2,0,0
BRDA:63,2,1,0
BRDA:63,3,0,0
BRDA:63,3,1,0
BRDA:73,4,0,0
BRDA:75,5,0,0
BRDA:75,5,1,0
BRDA:77,6,0,0
BRDA:77,6,1,0
BRDA:79,7,0,0
BRDA:79,7,1,0
BRDA:86,8,0,0
BRDA:117,9,0,0
BRDA:117,9,1,0
BRDA:122,10,0,0
BRDA:131,11,0,0
BRDA:131,11,1,0
BRDA:138,12,0,0
BRDA:138,12,1,0
BRDA:148,13,0,0
BRDA:148,13,1,0
BRDA:163,14,0,0
BRDA:163,14,1,0
BRDA:177,15,0,0
BRDA:177,15,1,0
BRDA:177,16,0,0
BRDA:177,16,1,0
BRDA:179,17,0,0
BRDA:186,18,0,0
BRF:33
BRH:0
end_of_record
TN:
SF:src\stripe-simple.ts
FN:6,(anonymous_7)
FN:22,(anonymous_8)
FN:93,(anonymous_9)
FN:175,(anonymous_10)
FN:245,(anonymous_11)
FN:325,(anonymous_12)
FN:351,(anonymous_13)
FN:382,(anonymous_14)
FN:431,handleCheckoutCompleted
FN:461,handleSubscriptionChange
FN:521,handleSubscriptionCanceled
FN:557,handlePaymentSucceeded
FN:585,handlePaymentFailed
FNF:13
FNH:0
FNDA:0,(anonymous_7)
FNDA:0,(anonymous_8)
FNDA:0,(anonymous_9)
FNDA:0,(anonymous_10)
FNDA:0,(anonymous_11)
FNDA:0,(anonymous_12)
FNDA:0,(anonymous_13)
FNDA:0,(anonymous_14)
FNDA:0,handleCheckoutCompleted
FNDA:0,handleSubscriptionChange
FNDA:0,handleSubscriptionCanceled
FNDA:0,handlePaymentSucceeded
FNDA:0,handlePaymentFailed
DA:1,0
DA:2,0
DA:3,0
DA:6,0
DA:7,0
DA:8,0
DA:10,0
DA:11,0
DA:15,0
DA:19,0
DA:22,0
DA:23,0
DA:25,0
DA:26,0
DA:29,0
DA:30,0
DA:32,0
DA:33,0
DA:36,0
DA:37,0
DA:40,0
DA:75,0
DA:78,0
DA:80,0
DA:87,0
DA:88,0
DA:93,0
DA:94,0
DA:96,0
DA:97,0
DA:100,0
DA:101,0
DA:102,0
DA:104,0
DA:105,0
DA:109,0
DA:110,0
DA:112,0
DA:121,0
DA:124,0
DA:125,0
DA:128,0
DA:130,0
DA:131,0
DA:139,0
DA:142,0
DA:148,0
DA:167,0
DA:169,0
DA:170,0
DA:175,0
DA:176,0
DA:178,0
DA:179,0
DA:182,0
DA:183,0
DA:185,0
DA:186,0
DA:189,0
DA:190,0
DA:193,0
DA:227,0
DA:230,0
DA:232,0
DA:239,0
DA:240,0
DA:245,0
DA:246,0
DA:248,0
DA:249,0
DA:252,0
DA:253,0
DA:254,0
DA:256,0
DA:257,0
DA:261,0
DA:262,0
DA:264,0
DA:273,0
DA:276,0
DA:277,0
DA:280,0
DA:282,0
DA:283,0
DA:290,0
DA:293,0
DA:299,0
DA:317,0
DA:319,0
DA:320,0
DA:325,0
DA:326,0
DA:327,0
DA:328,0
DA:331,0
DA:332,0
DA:334,0
DA:335,0
DA:338,0
DA:343,0
DA:345,0
DA:346,0
DA:351,0
DA:352,0
DA:353,0
DA:354,0
DA:357,0
DA:358,0
DA:359,0
DA:361,0
DA:362,0
DA:365,0
DA:374,0
DA:376,0
DA:377,0
DA:382,0
DA:383,0
DA:384,0
DA:388,0
DA:389,0
DA:391,0
DA:392,0
DA:393,0
DA:396,0
DA:397,0
DA:399,0
DA:400,0
DA:404,0
DA:405,0
DA:408,0
DA:409,0
DA:412,0
DA:413,0
DA:416,0
DA:417,0
DA:420,0
DA:423,0
DA:425,0
DA:426,0
DA:432,0
DA:433,0
DA:435,0
DA:436,0
DA:438,0
DA:453,0
DA:455,0
DA:462,0
DA:464,0
DA:466,0
DA:471,0
DA:472,0
DA:473,0
DA:476,0
DA:477,0
DA:491,0
DA:492,0
DA:493,0
DA:504,0
DA:513,0
DA:516,0
DA:522,0
DA:524,0
DA:526,0
DA:531,0
DA:532,0
DA:533,0
DA:536,0
DA:549,0
DA:552,0
DA:558,0
DA:560,0
DA:562,0
DA:567,0
DA:568,0
DA:569,0
DA:571,0
DA:577,0
DA:580,0
DA:586,0
DA:588,0
DA:590,0
DA:595,0
DA:596,0
DA:597,0
DA:599,0
DA:605,0
DA:608,0
LF:187
LH:0
BRDA:8,0,0,0
BRDA:8,0,1,0
BRDA:8,0,2,0
BRDA:8,1,0,0
BRDA:8,1,1,0
BRDA:8,2,0,0
BRDA:8,2,1,0
BRDA:11,3,0,0
BRDA:11,3,1,0
BRDA:25,4,0,0
BRDA:25,5,0,0
BRDA:25,5,1,0
BRDA:25,6,0,0
BRDA:25,6,1,0
BRDA:30,7,0,0
BRDA:30,7,1,0
BRDA:32,8,0,0
BRDA:36,9,0,0
BRDA:36,9,1,0
BRDA:96,10,0,0
BRDA:96,11,0,0
BRDA:96,11,1,0
BRDA:96,12,0,0
BRDA:96,12,1,0
BRDA:102,13,0,0
BRDA:102,13,1,0
BRDA:104,14,0,0
BRDA:104,15,0,0
BRDA:104,15,1,0
BRDA:110,16,0,0
BRDA:115,17,0,0
BRDA:115,17,1,0
BRDA:124,18,0,0
BRDA:124,18,1,0
BRDA:125,19,0,0
BRDA:125,19,1,0
BRDA:128,20,0,0
BRDA:128,20,1,0
BRDA:128,21,0,0
BRDA:128,21,1,0
BRDA:130,22,0,0
BRDA:178,23,0,0
BRDA:178,24,0,0
BRDA:178,24,1,0
BRDA:178,25,0,0
BRDA:178,25,1,0
BRDA:183,26,0,0
BRDA:183,26,1,0
BRDA:185,27,0,0
BRDA:189,28,0,0
BRDA:189,28,1,0
BRDA:248,29,0,0
BRDA:248,30,0,0
BRDA:248,30,1,0
BRDA:248,31,0,0
BRDA:248,31,1,0
BRDA:254,32,0,0
BRDA:254,32,1,0
BRDA:256,33,0,0
BRDA:256,34,0,0
BRDA:256,34,1,0
BRDA:262,35,0,0
BRDA:267,36,0,0
BRDA:267,36,1,0
BRDA:276,37,0,0
BRDA:276,37,1,0
BRDA:277,38,0,0
BRDA:277,38,1,0
BRDA:280,39,0,0
BRDA:280,39,1,0
BRDA:280,40,0,0
BRDA:280,40,1,0
BRDA:282,41,0,0
BRDA:327,42,0,0
BRDA:327,43,0,0
BRDA:327,43,1,0
BRDA:327,44,0,0
BRDA:327,44,1,0
BRDA:334,45,0,0
BRDA:340,46,0,0
BRDA:340,46,1,0
BRDA:353,47,0,0
BRDA:353,48,0,0
BRDA:353,48,1,0
BRDA:353,49,0,0
BRDA:353,49,1,0
BRDA:358,50,0,0
BRDA:358,50,1,0
BRDA:361,51,0,0
BRDA:361,52,0,0
BRDA:361,52,1,0
BRDA:384,53,0,0
BRDA:384,53,1,0
BRDA:384,54,0,0
BRDA:384,54,1,0
BRDA:384,55,0,0
BRDA:384,55,1,0
BRDA:397,56,0,0
BRDA:397,56,1,0
BRDA:397,56,2,0
BRDA:397,56,3,0
BRDA:397,56,4,0
BRDA:397,56,5,0
BRDA:397,56,6,0
BRDA:432,57,0,0
BRDA:432,57,1,0
BRDA:432,58,0,0
BRDA:432,58,1,0
BRDA:433,59,0,0
BRDA:433,59,1,0
BRDA:433,60,0,0
BRDA:433,60,1,0
BRDA:435,61,0,0
BRDA:435,62,0,0
BRDA:435,62,1,0
BRDA:471,63,0,0
BRDA:491,64,0,0
BRDA:531,65,0,0
BRDA:567,66,0,0
BRDA:595,67,0,0
BRF:120
BRH:0
end_of_record
TN:
SF:src\watch-party-notifications.ts
FN:12,(anonymous_6)
FN:117,createInAppNotification
FN:158,(anonymous_8)
FN:290,(anonymous_9)
FN:321,(anonymous_10)
FN:322,(anonymous_11)
FNF:6
FNH:0
FNDA:0,(anonymous_6)
FNDA:0,createInAppNotification
FNDA:0,(anonymous_8)
FNDA:0,(anonymous_9)
FNDA:0,(anonymous_10)
FNDA:0,(anonymous_11)
DA:1,0
DA:2,0
DA:4,0
DA:10,0
DA:13,0
DA:14,0
DA:16,0
DA:18,0
DA:19,0
DA:20,0
DA:21,0
DA:22,0
DA:23,0
DA:24,0
DA:26,0
DA:27,0
DA:28,0
DA:32,0
DA:34,0
DA:35,0
DA:36,0
DA:39,0
DA:40,0
DA:42,0
DA:43,0
DA:45,0
DA:46,0
DA:50,0
DA:51,0
DA:52,0
DA:53,0
DA:57,0
DA:93,0
DA:94,0
DA:97,0
DA:99,0
DA:101,0
DA:104,0
DA:106,0
DA:107,0
DA:110,0
DA:118,0
DA:119,0
DA:121,0
DA:145,0
DA:146,0
DA:148,0
DA:156,0
DA:159,0
DA:160,0
DA:161,0
DA:164,0
DA:165,0
DA:168,0
DA:171,0
DA:172,0
DA:175,0
DA:177,0
DA:179,0
DA:181,0
DA:182,0
DA:183,0
DA:186,0
DA:187,0
DA:189,0
DA:190,0
DA:191,0
DA:195,0
DA:196,0
DA:201,0
DA:202,0
DA:204,0
DA:207,0
DA:212,0
DA:213,0
DA:246,0
DA:247,0
DA:248,0
DA:250,0
DA:255,0
DA:256,0
DA:277,0
DA:279,0
DA:280,0
DA:288,0
DA:291,0
DA:292,0
DA:293,0
DA:296,0
DA:297,0
DA:300,0
DA:302,0
DA:304,0
DA:310,0
DA:311,0
DA:312,0
DA:315,0
DA:316,0
DA:317,0
DA:320,0
DA:321,0
DA:323,0
DA:325,0
DA:327,0
DA:328,0
DA:346,0
DA:347,0
DA:349,0
DA:350,0
DA:364,0
DA:368,0
DA:369,0
DA:371,0
DA:373,0
DA:374,0
LF:115
LH:0
BRDA:21,0,0,0
BRDA:21,0,1,0
BRDA:23,1,0,0
BRDA:23,1,1,0
BRDA:26,2,0,0
BRDA:34,3,0,0
BRDA:40,4,0,0
BRDA:40,4,1,0
BRDA:40,5,0,0
BRDA:40,5,1,0
BRDA:42,6,0,0
BRDA:52,7,0,0
BRDA:104,8,0,0
BRDA:104,9,0,0
BRDA:104,9,1,0
BRDA:125,10,0,0
BRDA:125,10,1,0
BRDA:129,11,0,0
BRDA:129,11,1,0
BRDA:130,12,0,0
BRDA:130,12,1,0
BRDA:131,13,0,0
BRDA:131,13,1,0
BRDA:164,14,0,0
BRDA:171,15,0,0
BRDA:171,16,0,0
BRDA:171,16,1,0
BRDA:181,17,0,0
BRDA:187,18,0,0
BRDA:187,18,1,0
BRDA:187,19,0,0
BRDA:187,19,1,0
BRDA:189,20,0,0
BRDA:196,21,0,0
BRDA:196,21,1,0
BRDA:197,22,0,0
BRDA:197,22,1,0
BRDA:197,23,0,0
BRDA:197,23,1,0
BRDA:197,24,0,0
BRDA:197,24,1,0
BRDA:202,25,0,0
BRDA:202,25,1,0
BRDA:202,26,0,0
BRDA:202,26,1,0
BRDA:202,27,0,0
BRDA:202,27,1,0
BRDA:204,28,0,0
BRDA:204,28,1,0
BRDA:207,29,0,0
BRDA:207,29,1,0
BRDA:212,30,0,0
BRDA:261,31,0,0
BRDA:261,31,1,0
BRDA:261,32,0,0
BRDA:261,32,1,0
BRDA:261,33,0,0
BRDA:261,33,1,0
BRDA:262,34,0,0
BRDA:262,34,1,0
BRDA:296,35,0,0
BRDA:296,36,0,0
BRDA:296,36,1,0
BRDA:310,37,0,0
BRDA:316,38,0,0
BRDA:316,38,1,0
BRDA:317,39,0,0
BRDA:317,39,1,0
BRDA:332,40,0,0
BRDA:332,40,1,0
BRDA:347,41,0,0
BRDA:347,41,1,0
BRDA:347,42,0,0
BRDA:347,42,1,0
BRDA:347,43,0,0
BRDA:347,43,1,0
BRDA:349,44,0,0
BRF:77
BRH:0
end_of_record
TN:
SF:src\watch-party-payments.ts
FN:6,(anonymous_7)
FN:24,(anonymous_8)
FN:110,(anonymous_9)
FN:187,(anonymous_10)
FN:287,(anonymous_11)
FNF:5
FNH:0
FNDA:0,(anonymous_7)
FNDA:0,(anonymous_8)
FNDA:0,(anonymous_9)
FNDA:0,(anonymous_10)
FNDA:0,(anonymous_11)
DA:1,0
DA:2,0
DA:3,0
DA:6,0
DA:7,0
DA:8,0
DA:10,0
DA:11,0
DA:15,0
DA:19,0
DA:24,0
DA:25,0
DA:27,0
DA:28,0
DA:31,0
DA:32,0
DA:33,0
DA:34,0
DA:36,0
DA:37,0
DA:40,0
DA:41,0
DA:44,0
DA:45,0
DA:46,0
DA:49,0
DA:50,0
DA:51,0
DA:55,0
DA:62,0
DA:63,0
DA:67,0
DA:81,0
DA:92,0
DA:94,0
DA:99,0
DA:100,0
DA:101,0
DA:103,0
DA:110,0
DA:111,0
DA:112,0
DA:113,0
DA:116,0
DA:117,0
DA:119,0
DA:120,0
DA:123,0
DA:126,0
DA:128,0
DA:129,0
DA:133,0
DA:135,0
DA:139,0
DA:144,0
DA:145,0
DA:152,0
DA:157,0
DA:158,0
DA:159,0
DA:167,0
DA:172,0
DA:174,0
DA:176,0
DA:177,0
DA:178,0
DA:180,0
DA:187,0
DA:188,0
DA:189,0
DA:190,0
DA:193,0
DA:194,0
DA:195,0
DA:197,0
DA:198,0
DA:202,0
DA:203,0
DA:204,0
DA:207,0
DA:208,0
DA:209,0
DA:211,0
DA:212,0
DA:216,0
DA:223,0
DA:224,0
DA:227,0
DA:228,0
DA:229,0
DA:232,0
DA:244,0
DA:252,0
DA:257,0
DA:263,0
DA:268,0
DA:270,0
DA:276,0
DA:277,0
DA:278,0
DA:280,0
DA:287,0
DA:288,0
DA:289,0
DA:290,0
DA:293,0
DA:295,0
DA:296,0
DA:300,0
DA:301,0
DA:302,0
DA:305,0
DA:306,0
DA:307,0
DA:311,0
DA:316,0
DA:317,0
DA:320,0
DA:321,0
DA:324,0
DA:325,0
DA:327,0
DA:328,0
DA:338,0
DA:345,0
DA:347,0
DA:348,0
DA:353,0
DA:358,0
DA:360,0
DA:367,0
DA:368,0
DA:369,0
DA:371,0
LF:134
LH:0
BRDA:8,0,0,0
BRDA:8,0,1,0
BRDA:8,0,2,0
BRDA:8,1,0,0
BRDA:8,1,1,0
BRDA:8,2,0,0
BRDA:8,2,1,0
BRDA:11,3,0,0
BRDA:11,3,1,0
BRDA:27,4,0,0
BRDA:27,5,0,0
BRDA:27,5,1,0
BRDA:27,6,0,0
BRDA:27,6,1,0
BRDA:34,7,0,0
BRDA:34,7,1,0
BRDA:36,8,0,0
BRDA:36,9,0,0
BRDA:36,9,1,0
BRDA:36,9,2,0
BRDA:41,10,0,0
BRDA:41,10,1,0
BRDA:45,11,0,0
BRDA:50,12,0,0
BRDA:50,13,0,0
BRDA:50,13,1,0
BRDA:50,14,0,0
BRDA:50,14,1,0
BRDA:62,15,0,0
BRDA:70,16,0,0
BRDA:70,16,1,0
BRDA:74,17,0,0
BRDA:74,17,1,0
BRDA:100,18,0,0
BRDA:112,19,0,0
BRDA:112,20,0,0
BRDA:112,20,1,0
BRDA:112,21,0,0
BRDA:112,21,1,0
BRDA:119,22,0,0
BRDA:119,23,0,0
BRDA:119,23,1,0
BRDA:128,24,0,0
BRDA:133,25,0,0
BRDA:133,26,0,0
BRDA:133,26,1,0
BRDA:133,27,0,0
BRDA:133,27,1,0
BRDA:133,28,0,0
BRDA:133,28,1,0
BRDA:134,29,0,0
BRDA:134,29,1,0
BRDA:134,30,0,0
BRDA:134,30,1,0
BRDA:144,31,0,0
BRDA:158,32,0,0
BRDA:177,33,0,0
BRDA:189,34,0,0
BRDA:189,35,0,0
BRDA:189,35,1,0
BRDA:189,36,0,0
BRDA:189,36,1,0
BRDA:194,37,0,0
BRDA:194,37,1,0
BRDA:195,38,0,0
BRDA:195,38,1,0
BRDA:197,39,0,0
BRDA:203,40,0,0
BRDA:208,41,0,0
BRDA:208,41,1,0
BRDA:208,42,0,0
BRDA:208,42,1,0
BRDA:211,43,0,0
BRDA:211,44,0,0
BRDA:211,44,1,0
BRDA:223,45,0,0
BRDA:277,46,0,0
BRDA:289,47,0,0
BRDA:289,48,0,0
BRDA:289,48,1,0
BRDA:289,49,0,0
BRDA:289,49,1,0
BRDA:295,50,0,0
BRDA:301,51,0,0
BRDA:306,52,0,0
BRDA:306,53,0,0
BRDA:306,53,1,0
BRDA:306,54,0,0
BRDA:306,54,1,0
BRDA:316,55,0,0
BRDA:363,56,0,0
BRDA:363,56,1,0
BRDA:368,57,0,0
BRF:93
BRH:0
end_of_record
TN:
SF:src\world-cup-payments.ts
FN:21,(anonymous_7)
FN:151,(anonymous_8)
FN:247,(anonymous_9)
FN:287,(anonymous_10)
FN:381,(anonymous_11)
FN:424,(anonymous_12)
FN:473,handleCheckoutComplete
FN:489,activateFanPass
FN:526,activateVenuePremium
FN:576,handlePaymentFailed
FN:595,(anonymous_17)
FN:629,(anonymous_18)
FNF:12
FNH:0
FNDA:0,(anonymous_7)
FNDA:0,(anonymous_8)
FNDA:0,(anonymous_9)
FNDA:0,(anonymous_10)
FNDA:0,(anonymous_11)
FNDA:0,(anonymous_12)
FNDA:0,handleCheckoutComplete
FNDA:0,activateFanPass
FNDA:0,activateVenuePremium
FNDA:0,handlePaymentFailed
FNDA:0,(anonymous_17)
FNDA:0,(anonymous_18)
DA:16,0
DA:17,0
DA:18,0
DA:21,0
DA:22,0
DA:23,0
DA:25,0
DA:26,0
DA:30,0
DA:34,0
DA:40,0
DA:50,0
DA:57,0
DA:58,0
DA:64,0
DA:120,0
DA:151,0
DA:152,0
DA:153,0
DA:156,0
DA:158,0
DA:159,0
DA:162,0
DA:163,0
DA:165,0
DA:167,0
DA:168,0
DA:169,0
DA:170,0
DA:171,0
DA:180,0
DA:185,0
DA:186,0
DA:193,0
DA:195,0
DA:202,0
DA:206,0
DA:210,0
DA:229,0
DA:231,0
DA:236,0
DA:237,0
DA:238,0
DA:240,0
DA:247,0
DA:248,0
DA:249,0
DA:252,0
DA:254,0
DA:255,0
DA:257,0
DA:258,0
DA:265,0
DA:266,0
DA:268,0
DA:275,0
DA:276,0
DA:287,0
DA:288,0
DA:289,0
DA:292,0
DA:293,0
DA:295,0
DA:296,0
DA:299,0
DA:300,0
DA:302,0
DA:304,0
DA:305,0
DA:306,0
DA:307,0
DA:308,0
DA:317,0
DA:322,0
DA:323,0
DA:330,0
DA:332,0
DA:339,0
DA:343,0
DA:363,0
DA:365,0
DA:370,0
DA:371,0
DA:372,0
DA:374,0
DA:381,0
DA:382,0
DA:383,0
DA:386,0
DA:387,0
DA:388,0
DA:391,0
DA:392,0
DA:394,0
DA:395,0
DA:402,0
DA:403,0
DA:405,0
DA:412,0
DA:413,0
DA:424,0
DA:425,0
DA:426,0
DA:429,0
DA:430,0
DA:431,0
DA:432,0
DA:437,0
DA:438,0
DA:440,0
DA:441,0
DA:442,0
DA:445,0
DA:446,0
DA:448,0
DA:449,0
DA:452,0
DA:453,0
DA:456,0
DA:457,0
DA:460,0
DA:463,0
DA:465,0
DA:466,0
DA:474,0
DA:475,0
DA:477,0
DA:479,0
DA:480,0
DA:481,0
DA:482,0
DA:490,0
DA:491,0
DA:493,0
DA:494,0
DA:495,0
DA:498,0
DA:500,0
DA:511,0
DA:512,0
DA:513,0
DA:514,0
DA:520,0
DA:527,0
DA:528,0
DA:530,0
DA:531,0
DA:532,0
DA:535,0
DA:536,0
DA:538,0
DA:540,0
DA:548,0
DA:561,0
DA:570,0
DA:577,0
DA:579,0
DA:595,0
DA:596,0
DA:597,0
DA:600,0
DA:601,0
DA:603,0
DA:604,0
DA:606,0
DA:607,0
DA:613,0
DA:614,0
DA:616,0
DA:621,0
DA:622,0
DA:629,0
DA:630,0
LF:173
LH:0
BRDA:23,0,0,0
BRDA:23,0,1,0
BRDA:23,0,2,0
BRDA:23,1,0,0
BRDA:23,1,1,0
BRDA:23,2,0,0
BRDA:23,2,1,0
BRDA:26,3,0,0
BRDA:26,3,1,0
BRDA:42,4,0,0
BRDA:42,4,1,0
BRDA:43,5,0,0
BRDA:43,5,1,0
BRDA:46,6,0,0
BRDA:46,6,1,0
BRDA:152,7,0,0
BRDA:152,8,0,0
BRDA:152,8,1,0
BRDA:152,9,0,0
BRDA:152,9,1,0
BRDA:158,10,0,0
BRDA:163,11,0,0
BRDA:163,11,1,0
BRDA:168,12,0,0
BRDA:170,13,0,0
BRDA:170,14,0,0
BRDA:170,14,1,0
BRDA:170,15,0,0
BRDA:170,15,1,0
BRDA:173,16,0,0
BRDA:173,16,1,0
BRDA:185,17,0,0
BRDA:185,17,1,0
BRDA:206,18,0,0
BRDA:206,18,1,0
BRDA:220,19,0,0
BRDA:220,19,1,0
BRDA:221,20,0,0
BRDA:221,20,1,0
BRDA:237,21,0,0
BRDA:248,22,0,0
BRDA:248,23,0,0
BRDA:248,23,1,0
BRDA:248,24,0,0
BRDA:248,24,1,0
BRDA:257,25,0,0
BRDA:266,26,0,0
BRDA:266,26,1,0
BRDA:271,27,0,0
BRDA:271,27,1,0
BRDA:271,28,0,0
BRDA:271,28,1,0
BRDA:271,29,0,0
BRDA:271,29,1,0
BRDA:271,30,0,0
BRDA:271,30,1,0
BRDA:271,31,0,0
BRDA:271,31,1,0
BRDA:288,32,0,0
BRDA:288,33,0,0
BRDA:288,33,1,0
BRDA:288,34,0,0
BRDA:288,34,1,0
BRDA:293,35,0,0
BRDA:293,35,1,0
BRDA:295,36,0,0
BRDA:300,37,0,0
BRDA:300,37,1,0
BRDA:305,38,0,0
BRDA:307,39,0,0
BRDA:307,40,0,0
BRDA:307,40,1,0
BRDA:307,41,0,0
BRDA:307,41,1,0
BRDA:322,42,0,0
BRDA:322,42,1,0
BRDA:353,43,0,0
BRDA:353,43,1,0
BRDA:354,44,0,0
BRDA:354,44,1,0
BRDA:371,45,0,0
BRDA:382,46,0,0
BRDA:382,47,0,0
BRDA:382,47,1,0
BRDA:382,48,0,0
BRDA:382,48,1,0
BRDA:387,49,0,0
BRDA:394,50,0,0
BRDA:407,51,0,0
BRDA:407,51,1,0
BRDA:408,52,0,0
BRDA:408,52,1,0
BRDA:409,53,0,0
BRDA:409,53,1,0
BRDA:409,54,0,0
BRDA:409,54,1,0
BRDA:409,55,0,0
BRDA:409,55,1,0
BRDA:409,56,0,0
BRDA:409,56,1,0
BRDA:409,57,0,0
BRDA:409,57,1,0
BRDA:426,58,0,0
BRDA:426,58,1,0
BRDA:426,58,2,0
BRDA:426,59,0,0
BRDA:426,59,1,0
BRDA:426,60,0,0
BRDA:426,60,1,0
BRDA:429,61,0,0
BRDA:446,62,0,0
BRDA:446,62,1,0
BRDA:446,62,2,0
BRDA:446,62,3,0
BRDA:474,63,0,0
BRDA:474,63,1,0
BRDA:479,64,0,0
BRDA:479,64,1,0
BRDA:481,65,0,0
BRDA:493,66,0,0
BRDA:493,67,0,0
BRDA:493,67,1,0
BRDA:498,68,0,0
BRDA:498,68,1,0
BRDA:513,69,0,0
BRDA:530,70,0,0
BRDA:530,71,0,0
BRDA:530,71,1,0
BRDA:538,72,0,0
BRDA:538,72,1,0
BRDA:577,73,0,0
BRDA:577,73,1,0
BRDA:582,74,0,0
BRDA:582,74,1,0
BRDA:582,75,0,0
BRDA:582,75,1,0
BRDA:596,76,0,0
BRDA:596,77,0,0
BRDA:596,77,1,0
BRDA:596,78,0,0
BRDA:596,78,1,0
BRDA:606,79,0,0
BRDA:608,80,0,0
BRDA:608,80,1,0
BRDA:614,81,0,0
BRDA:614,81,1,0
BRDA:617,82,0,0
BRDA:617,82,1,0
BRF:148
BRH:0
end_of_record
