TN:
SF:src\favorite-team-notifications.ts
FN:10,(anonymous_6)
FN:28,(anonymous_7)
FN:57,(anonymous_8)
FN:79,(anonymous_9)
FN:108,(anonymous_10)
FN:132,(anonymous_11)
FN:165,(anonymous_12)
FN:235,(anonymous_13)
FN:349,createInAppNotification
FN:400,(anonymous_15)
FN:420,(anonymous_16)
FNF:11
FNH:0
FNDA:0,(anonymous_6)
FNDA:0,(anonymous_7)
FNDA:0,(anonymous_8)
FNDA:0,(anonymous_9)
FNDA:0,(anonymous_10)
FNDA:0,(anonymous_11)
FNDA:0,(anonymous_12)
FNDA:0,(anonymous_13)
FNDA:0,createInAppNotification
FNDA:0,(anonymous_15)
FNDA:0,(anonymous_16)
DA:1,0
DA:2,0
DA:4,0
DA:10,0
DA:11,0
DA:16,0
DA:18,0
DA:24,0
DA:29,0
DA:30,0
DA:33,0
DA:42,0
DA:43,0
DA:44,0
DA:46,0
DA:53,0
DA:58,0
DA:59,0
DA:69,0
DA:75,0
DA:80,0
DA:81,0
DA:90,0
DA:91,0
DA:92,0
DA:93,0
DA:94,0
DA:96,0
DA:98,0
DA:104,0
DA:108,0
DA:115,0
DA:122,0
DA:128,0
DA:133,0
DA:134,0
DA:137,0
DA:148,0
DA:149,0
DA:152,0
DA:153,0
DA:154,0
DA:162,0
DA:166,0
DA:168,0
DA:171,0
DA:172,0
DA:175,0
DA:180,0
DA:187,0
DA:188,0
DA:189,0
DA:192,0
DA:195,0
DA:196,0
DA:197,0
DA:200,0
DA:201,0
DA:203,0
DA:204,0
DA:205,0
DA:209,0
DA:210,0
DA:215,0
DA:216,0
DA:217,0
DA:221,0
DA:227,0
DA:228,0
DA:229,0
DA:232,0
DA:235,0
DA:236,0
DA:237,0
DA:238,0
DA:241,0
DA:242,0
DA:243,0
DA:246,0
DA:247,0
DA:248,0
DA:249,0
DA:251,0
DA:255,0
DA:256,0
DA:267,0
DA:268,0
DA:270,0
DA:272,0
DA:273,0
DA:310,0
DA:311,0
DA:315,0
DA:318,0
DA:323,0
DA:326,0
DA:334,0
DA:337,0
DA:338,0
DA:341,0
DA:342,0
DA:355,0
DA:356,0
DA:357,0
DA:365,0
DA:367,0
DA:388,0
DA:390,0
DA:397,0
DA:401,0
DA:403,0
DA:407,0
DA:408,0
DA:414,0
DA:415,0
DA:416,0
DA:419,0
DA:420,0
DA:421,0
DA:424,0
DA:425,0
DA:427,0
DA:429,0
DA:430,0
LF:124
LH:0
BRDA:30,0,0,0
BRDA:30,0,1,0
BRDA:30,1,0,0
BRDA:30,1,1,0
BRDA:35,2,0,0
BRDA:35,2,1,0
BRDA:35,3,0,0
BRDA:35,3,1,0
BRDA:83,4,0,0
BRDA:83,4,1,0
BRDA:93,5,0,0
BRDA:93,5,1,0
BRDA:93,6,0,0
BRDA:93,6,1,0
BRDA:94,7,0,0
BRDA:94,7,1,0
BRDA:94,8,0,0
BRDA:94,8,1,0
BRDA:96,9,0,0
BRDA:96,10,0,0
BRDA:96,10,1,0
BRDA:134,11,0,0
BRDA:134,11,1,0
BRDA:134,12,0,0
BRDA:134,12,1,0
BRDA:187,13,0,0
BRDA:200,14,0,0
BRDA:200,14,1,0
BRDA:200,15,0,0
BRDA:200,15,1,0
BRDA:201,16,0,0
BRDA:201,16,1,0
BRDA:201,17,0,0
BRDA:201,17,1,0
BRDA:203,18,0,0
BRDA:203,19,0,0
BRDA:203,19,1,0
BRDA:215,20,0,0
BRDA:227,21,0,0
BRDA:241,22,0,0
BRDA:241,22,1,0
BRDA:246,23,0,0
BRDA:246,23,1,0
BRDA:246,24,0,0
BRDA:246,24,1,0
BRDA:248,25,0,0
BRDA:248,25,1,0
BRDA:255,26,0,0
BRDA:255,26,1,0
BRDA:255,27,0,0
BRDA:255,27,1,0
BRDA:256,28,0,0
BRDA:256,28,1,0
BRDA:268,29,0,0
BRDA:268,29,1,0
BRDA:268,30,0,0
BRDA:268,30,1,0
BRDA:272,31,0,0
BRDA:356,32,0,0
BRDA:356,32,1,0
BRDA:356,33,0,0
BRDA:356,33,1,0
BRDA:357,34,0,0
BRDA:357,34,1,0
BRDA:382,35,0,0
BRDA:382,35,1,0
BRDA:382,36,0,0
BRDA:382,36,1,0
BRDA:414,37,0,0
BRF:69
BRH:0
end_of_record
TN:
SF:src\fix-match-times.ts
FN:223,localToUtc
FN:243,fixMatchTimes
FN:298,(anonymous_8)
FN:299,(anonymous_9)
FNF:4
FNH:0
FNDA:0,localToUtc
FNDA:0,fixMatchTimes
FNDA:0,(anonymous_8)
FNDA:0,(anonymous_9)
DA:16,0
DA:17,0
DA:18,0
DA:20,0
DA:23,0
DA:24,0
DA:25,0
DA:26,0
DA:28,0
DA:31,0
DA:34,0
DA:62,0
DA:224,0
DA:225,0
DA:226,0
DA:228,0
DA:231,0
DA:235,0
DA:237,0
DA:238,0
DA:240,0
DA:244,0
DA:245,0
DA:246,0
DA:247,0
DA:248,0
DA:249,0
DA:251,0
DA:252,0
DA:254,0
DA:255,0
DA:256,0
DA:258,0
DA:259,0
DA:260,0
DA:262,0
DA:263,0
DA:267,0
DA:268,0
DA:270,0
DA:271,0
DA:276,0
DA:277,0
DA:278,0
DA:279,0
DA:280,0
DA:283,0
DA:284,0
DA:285,0
DA:286,0
DA:287,0
DA:288,0
DA:289,0
DA:290,0
DA:291,0
DA:297,0
DA:298,0
DA:300,0
DA:301,0
LF:59
LH:0
BRDA:24,0,0,0
BRDA:24,0,1,0
BRDA:225,1,0,0
BRDA:228,2,0,0
BRDA:228,2,1,0
BRDA:228,3,0,0
BRDA:228,3,1,0
BRDA:247,4,0,0
BRDA:247,4,1,0
BRDA:258,5,0,0
BRDA:258,5,1,0
BRDA:283,6,0,0
BRDA:288,7,0,0
BRF:13
BRH:0
end_of_record
TN:
SF:src\friend-request-notifications.ts
FN:12,(anonymous_6)
FN:152,markAsProcessed
FN:167,createInAppNotification
FN:215,(anonymous_9)
FN:236,(anonymous_10)
FNF:5
FNH:0
FNDA:0,(anonymous_6)
FNDA:0,markAsProcessed
FNDA:0,createInAppNotification
FNDA:0,(anonymous_9)
FNDA:0,(anonymous_10)
DA:1,0
DA:2,0
DA:4,0
DA:10,0
DA:13,0
DA:14,0
DA:16,0
DA:19,0
DA:20,0
DA:21,0
DA:24,0
DA:32,0
DA:34,0
DA:35,0
DA:36,0
DA:37,0
DA:41,0
DA:43,0
DA:44,0
DA:45,0
DA:46,0
DA:49,0
DA:50,0
DA:53,0
DA:54,0
DA:57,0
DA:58,0
DA:59,0
DA:61,0
DA:62,0
DA:69,0
DA:70,0
DA:71,0
DA:73,0
DA:74,0
DA:78,0
DA:79,0
DA:116,0
DA:117,0
DA:118,0
DA:120,0
DA:123,0
DA:125,0
DA:128,0
DA:132,0
DA:136,0
DA:139,0
DA:141,0
DA:143,0
DA:144,0
DA:145,0
DA:153,0
DA:154,0
DA:160,0
DA:168,0
DA:176,0
DA:178,0
DA:179,0
DA:181,0
DA:202,0
DA:203,0
DA:205,0
DA:212,0
DA:216,0
DA:218,0
DA:220,0
DA:221,0
DA:223,0
DA:230,0
DA:231,0
DA:232,0
DA:235,0
DA:236,0
DA:237,0
DA:240,0
DA:241,0
DA:243,0
DA:245,0
DA:246,0
LF:79
LH:0
BRDA:19,0,0,0
BRDA:34,1,0,0
BRDA:43,2,0,0
BRDA:50,3,0,0
BRDA:50,3,1,0
BRDA:50,4,0,0
BRDA:50,4,1,0
BRDA:54,5,0,0
BRDA:54,5,1,0
BRDA:57,6,0,0
BRDA:57,7,0,0
BRDA:57,7,1,0
BRDA:69,8,0,0
BRDA:69,8,1,0
BRDA:78,9,0,0
BRDA:78,9,1,0
BRDA:86,10,0,0
BRDA:86,10,1,0
BRDA:87,11,0,0
BRDA:87,11,1,0
BRDA:89,12,0,0
BRDA:89,12,1,0
BRDA:123,13,0,0
BRDA:123,14,0,0
BRDA:123,14,1,0
BRDA:157,15,0,0
BRDA:157,15,1,0
BRDA:179,16,0,0
BRDA:179,16,1,0
BRDA:185,17,0,0
BRDA:185,17,1,0
BRDA:187,18,0,0
BRDA:187,18,1,0
BRDA:188,19,0,0
BRDA:188,19,1,0
BRDA:189,20,0,0
BRDA:189,20,1,0
BRDA:190,21,0,0
BRDA:190,21,1,0
BRDA:191,22,0,0
BRDA:191,22,1,0
BRDA:198,23,0,0
BRDA:198,23,1,0
BRDA:230,24,0,0
BRF:44
BRH:0
end_of_record
TN:
SF:src\index.ts
FN:30,(anonymous_7)
FN:64,(anonymous_8)
FN:64,(anonymous_9)
FN:127,(anonymous_10)
FN:179,(anonymous_11)
FN:188,(anonymous_12)
FN:189,(anonymous_13)
FN:190,(anonymous_14)
FN:191,(anonymous_15)
FN:192,(anonymous_16)
FN:193,(anonymous_17)
FN:194,(anonymous_18)
FN:199,(anonymous_19)
FN:200,(anonymous_20)
FN:201,(anonymous_21)
FN:202,(anonymous_22)
FN:203,(anonymous_23)
FN:208,(anonymous_24)
FN:209,(anonymous_25)
FN:210,(anonymous_26)
FN:215,(anonymous_27)
FN:216,(anonymous_28)
FN:221,(anonymous_29)
FN:222,(anonymous_30)
FN:223,(anonymous_31)
FN:228,(anonymous_32)
FN:229,(anonymous_33)
FN:230,(anonymous_34)
FN:231,(anonymous_35)
FN:232,(anonymous_36)
FN:233,(anonymous_37)
FN:234,(anonymous_38)
FN:235,(anonymous_39)
FN:240,(anonymous_40)
FN:241,(anonymous_41)
FN:246,(anonymous_42)
FN:247,(anonymous_43)
FN:252,(anonymous_44)
FN:253,(anonymous_45)
FN:254,(anonymous_46)
FN:259,(anonymous_47)
FN:260,(anonymous_48)
FN:261,(anonymous_49)
FN:262,(anonymous_50)
FN:263,(anonymous_51)
FNF:45
FNH:0
FNDA:0,(anonymous_7)
FNDA:0,(anonymous_8)
FNDA:0,(anonymous_9)
FNDA:0,(anonymous_10)
FNDA:0,(anonymous_11)
FNDA:0,(anonymous_12)
FNDA:0,(anonymous_13)
FNDA:0,(anonymous_14)
FNDA:0,(anonymous_15)
FNDA:0,(anonymous_16)
FNDA:0,(anonymous_17)
FNDA:0,(anonymous_18)
FNDA:0,(anonymous_19)
FNDA:0,(anonymous_20)
FNDA:0,(anonymous_21)
FNDA:0,(anonymous_22)
FNDA:0,(anonymous_23)
FNDA:0,(anonymous_24)
FNDA:0,(anonymous_25)
FNDA:0,(anonymous_26)
FNDA:0,(anonymous_27)
FNDA:0,(anonymous_28)
FNDA:0,(anonymous_29)
FNDA:0,(anonymous_30)
FNDA:0,(anonymous_31)
FNDA:0,(anonymous_32)
FNDA:0,(anonymous_33)
FNDA:0,(anonymous_34)
FNDA:0,(anonymous_35)
FNDA:0,(anonymous_36)
FNDA:0,(anonymous_37)
FNDA:0,(anonymous_38)
FNDA:0,(anonymous_39)
FNDA:0,(anonymous_40)
FNDA:0,(anonymous_41)
FNDA:0,(anonymous_42)
FNDA:0,(anonymous_43)
FNDA:0,(anonymous_44)
FNDA:0,(anonymous_45)
FNDA:0,(anonymous_46)
FNDA:0,(anonymous_47)
FNDA:0,(anonymous_48)
FNDA:0,(anonymous_49)
FNDA:0,(anonymous_50)
FNDA:0,(anonymous_51)
DA:10,0
DA:11,0
DA:12,0
DA:13,0
DA:14,0
DA:17,0
DA:18,0
DA:19,0
DA:20,0
DA:23,0
DA:25,0
DA:26,0
DA:30,0
DA:32,0
DA:33,0
DA:34,0
DA:37,0
DA:38,0
DA:39,0
DA:42,0
DA:44,0
DA:46,0
DA:47,0
DA:48,0
DA:49,0
DA:51,0
DA:52,0
DA:53,0
DA:54,0
DA:57,0
DA:58,0
DA:59,0
DA:60,0
DA:64,0
DA:66,0
DA:67,0
DA:68,0
DA:71,0
DA:72,0
DA:74,0
DA:75,0
DA:76,0
DA:77,0
DA:79,0
DA:81,0
DA:82,0
DA:83,0
DA:84,0
DA:86,0
DA:88,0
DA:100,0
DA:103,0
DA:105,0
DA:112,0
DA:113,0
DA:116,0
DA:117,0
DA:118,0
DA:120,0
DA:127,0
DA:129,0
DA:130,0
DA:131,0
DA:134,0
DA:135,0
DA:136,0
DA:139,0
DA:141,0
DA:142,0
DA:144,0
DA:145,0
DA:146,0
DA:149,0
DA:150,0
DA:151,0
DA:152,0
DA:155,0
DA:156,0
DA:159,0
DA:166,0
DA:167,0
DA:168,0
DA:171,0
DA:172,0
DA:177,0
DA:180,0
DA:181,0
DA:182,0
DA:183,0
DA:187,0
DA:188,0
DA:189,0
DA:190,0
DA:191,0
DA:192,0
DA:193,0
DA:194,0
DA:198,0
DA:199,0
DA:200,0
DA:201,0
DA:202,0
DA:203,0
DA:207,0
DA:208,0
DA:209,0
DA:210,0
DA:214,0
DA:215,0
DA:216,0
DA:220,0
DA:221,0
DA:222,0
DA:223,0
DA:227,0
DA:228,0
DA:229,0
DA:230,0
DA:231,0
DA:232,0
DA:233,0
DA:234,0
DA:235,0
DA:239,0
DA:240,0
DA:241,0
DA:245,0
DA:246,0
DA:247,0
DA:251,0
DA:252,0
DA:253,0
DA:254,0
DA:258,0
DA:259,0
DA:260,0
DA:261,0
DA:262,0
DA:263,0
LF:139
LH:0
BRDA:25,0,0,0
BRDA:37,1,0,0
BRDA:42,2,0,0
BRDA:46,3,0,0
BRDA:46,3,1,0
BRDA:46,4,0,0
BRDA:46,4,1,0
BRDA:47,5,0,0
BRDA:47,5,1,0
BRDA:47,6,0,0
BRDA:47,6,1,0
BRDA:48,7,0,0
BRDA:48,7,1,0
BRDA:48,8,0,0
BRDA:48,8,1,0
BRDA:48,9,0,0
BRDA:48,9,1,0
BRDA:49,10,0,0
BRDA:49,10,1,0
BRDA:49,11,0,0
BRDA:49,11,1,0
BRDA:49,12,0,0
BRDA:49,12,1,0
BRDA:51,13,0,0
BRDA:51,14,0,0
BRDA:51,14,1,0
BRDA:57,15,0,0
BRDA:66,16,0,0
BRDA:81,17,0,0
BRDA:81,17,1,0
BRDA:84,18,0,0
BRDA:84,19,0,0
BRDA:84,19,1,0
BRDA:84,19,2,0
BRDA:86,20,0,0
BRDA:86,20,1,0
BRDA:86,21,0,0
BRDA:86,21,1,0
BRDA:86,22,0,0
BRDA:86,22,1,0
BRDA:86,23,0,0
BRDA:86,23,1,0
BRDA:86,24,0,0
BRDA:86,24,1,0
BRDA:95,25,0,0
BRDA:95,25,1,0
BRDA:95,26,0,0
BRDA:95,26,1,0
BRDA:95,27,0,0
BRDA:95,27,1,0
BRDA:95,28,0,0
BRDA:95,28,1,0
BRDA:96,29,0,0
BRDA:96,29,1,0
BRDA:96,30,0,0
BRDA:96,30,1,0
BRDA:96,31,0,0
BRDA:96,31,1,0
BRDA:96,32,0,0
BRDA:96,32,1,0
BRDA:105,33,0,0
BRDA:105,33,1,0
BRDA:117,34,0,0
BRDA:134,35,0,0
BRDA:139,36,0,0
BRDA:141,37,0,0
BRDA:141,37,1,0
BRDA:141,38,0,0
BRDA:141,38,1,0
BRDA:142,39,0,0
BRDA:142,39,1,0
BRDA:142,40,0,0
BRDA:142,40,1,0
BRDA:142,41,0,0
BRDA:142,41,1,0
BRDA:144,42,0,0
BRDA:149,43,0,0
BRDA:166,44,0,0
BRDA:166,44,1,0
BRF:79
BRH:0
end_of_record
TN:
SF:src\match-reminders.ts
FN:12,(anonymous_6)
FN:38,(anonymous_7)
FN:144,createInAppNotification
FN:181,getTimingDisplay
FN:201,(anonymous_10)
FN:224,(anonymous_11)
FNF:6
FNH:0
FNDA:0,(anonymous_6)
FNDA:0,(anonymous_7)
FNDA:0,createInAppNotification
FNDA:0,getTimingDisplay
FNDA:0,(anonymous_10)
FNDA:0,(anonymous_11)
DA:1,0
DA:2,0
DA:4,0
DA:10,0
DA:13,0
DA:15,0
DA:16,0
DA:20,0
DA:23,0
DA:31,0
DA:32,0
DA:33,0
DA:36,0
DA:38,0
DA:39,0
DA:40,0
DA:42,0
DA:44,0
DA:45,0
DA:46,0
DA:47,0
DA:48,0
DA:52,0
DA:53,0
DA:55,0
DA:56,0
DA:57,0
DA:58,0
DA:59,0
DA:63,0
DA:64,0
DA:65,0
DA:67,0
DA:68,0
DA:71,0
DA:109,0
DA:110,0
DA:113,0
DA:116,0
DA:119,0
DA:122,0
DA:124,0
DA:125,0
DA:126,0
DA:131,0
DA:132,0
DA:134,0
DA:136,0
DA:137,0
DA:145,0
DA:146,0
DA:147,0
DA:148,0
DA:150,0
DA:152,0
DA:172,0
DA:174,0
DA:182,0
DA:183,0
DA:184,0
DA:185,0
DA:186,0
DA:187,0
DA:188,0
DA:189,0
DA:191,0
DA:198,0
DA:202,0
DA:204,0
DA:208,0
DA:210,0
DA:217,0
DA:218,0
DA:219,0
DA:223,0
DA:224,0
DA:225,0
DA:228,0
DA:229,0
DA:231,0
DA:233,0
DA:234,0
LF:82
LH:0
BRDA:31,0,0,0
BRDA:44,1,0,0
BRDA:44,1,1,0
BRDA:44,2,0,0
BRDA:44,2,1,0
BRDA:45,3,0,0
BRDA:45,4,0,0
BRDA:45,4,1,0
BRDA:53,5,0,0
BRDA:53,5,1,0
BRDA:53,6,0,0
BRDA:53,6,1,0
BRDA:53,7,0,0
BRDA:53,7,1,0
BRDA:55,8,0,0
BRDA:63,9,0,0
BRDA:63,9,1,0
BRDA:65,10,0,0
BRDA:65,10,1,0
BRDA:79,11,0,0
BRDA:79,11,1,0
BRDA:81,12,0,0
BRDA:81,12,1,0
BRDA:82,13,0,0
BRDA:82,13,1,0
BRDA:122,14,0,0
BRDA:122,15,0,0
BRDA:122,15,1,0
BRDA:146,16,0,0
BRDA:146,16,1,0
BRDA:148,17,0,0
BRDA:148,17,1,0
BRDA:157,18,0,0
BRDA:157,18,1,0
BRDA:182,19,0,0
BRDA:183,20,0,0
BRDA:184,21,0,0
BRDA:185,22,0,0
BRDA:186,23,0,0
BRDA:187,24,0,0
BRDA:189,25,0,0
BRDA:189,25,1,0
BRDA:217,26,0,0
BRF:43
BRH:0
end_of_record
TN:
SF:src\message-notifications.ts
FN:12,(anonymous_6)
FN:47,(anonymous_7)
FN:159,(anonymous_8)
FN:177,markAsProcessed
FN:192,createInAppMessageNotification
FN:229,isInQuietHours
FN:255,getMessageTypeText
FN:282,(anonymous_13)
FN:303,(anonymous_14)
FNF:9
FNH:0
FNDA:0,(anonymous_6)
FNDA:0,(anonymous_7)
FNDA:0,(anonymous_8)
FNDA:0,markAsProcessed
FNDA:0,createInAppMessageNotification
FNDA:0,isInQuietHours
FNDA:0,getMessageTypeText
FNDA:0,(anonymous_13)
FNDA:0,(anonymous_14)
DA:1,0
DA:2,0
DA:4,0
DA:10,0
DA:13,0
DA:14,0
DA:16,0
DA:19,0
DA:20,0
DA:21,0
DA:24,0
DA:36,0
DA:38,0
DA:39,0
DA:40,0
DA:41,0
DA:44,0
DA:47,0
DA:48,0
DA:50,0
DA:52,0
DA:53,0
DA:54,0
DA:57,0
DA:58,0
DA:61,0
DA:62,0
DA:65,0
DA:66,0
DA:67,0
DA:71,0
DA:72,0
DA:73,0
DA:77,0
DA:81,0
DA:82,0
DA:83,0
DA:87,0
DA:88,0
DA:129,0
DA:130,0
DA:131,0
DA:133,0
DA:136,0
DA:138,0
DA:141,0
DA:145,0
DA:149,0
DA:151,0
DA:153,0
DA:154,0
DA:158,0
DA:159,0
DA:161,0
DA:164,0
DA:166,0
DA:168,0
DA:169,0
DA:170,0
DA:178,0
DA:179,0
DA:185,0
DA:193,0
DA:194,0
DA:196,0
DA:219,0
DA:220,0
DA:222,0
DA:230,0
DA:231,0
DA:234,0
DA:235,0
DA:236,0
DA:237,0
DA:239,0
DA:240,0
DA:241,0
DA:242,0
DA:245,0
DA:246,0
DA:249,0
DA:256,0
DA:258,0
DA:260,0
DA:262,0
DA:264,0
DA:266,0
DA:268,0
DA:270,0
DA:272,0
DA:279,0
DA:283,0
DA:285,0
DA:287,0
DA:288,0
DA:290,0
DA:297,0
DA:298,0
DA:299,0
DA:302,0
DA:303,0
DA:304,0
DA:307,0
DA:308,0
DA:310,0
DA:312,0
DA:313,0
LF:107
LH:0
BRDA:19,0,0,0
BRDA:38,1,0,0
BRDA:38,2,0,0
BRDA:38,2,1,0
BRDA:52,3,0,0
BRDA:58,4,0,0
BRDA:58,4,1,0
BRDA:58,5,0,0
BRDA:58,5,1,0
BRDA:62,6,0,0
BRDA:62,6,1,0
BRDA:65,7,0,0
BRDA:65,8,0,0
BRDA:65,8,1,0
BRDA:71,9,0,0
BRDA:71,10,0,0
BRDA:71,10,1,0
BRDA:77,11,0,0
BRDA:77,11,1,0
BRDA:79,12,0,0
BRDA:79,12,1,0
BRDA:82,13,0,0
BRDA:87,14,0,0
BRDA:87,14,1,0
BRDA:100,15,0,0
BRDA:100,15,1,0
BRDA:101,16,0,0
BRDA:101,16,1,0
BRDA:136,17,0,0
BRDA:136,18,0,0
BRDA:136,18,1,0
BRDA:159,19,0,0
BRDA:159,19,1,0
BRDA:159,20,0,0
BRDA:159,20,1,0
BRDA:182,21,0,0
BRDA:182,21,1,0
BRDA:203,22,0,0
BRDA:203,22,1,0
BRDA:205,23,0,0
BRDA:205,23,1,0
BRDA:230,24,0,0
BRDA:230,25,0,0
BRDA:230,25,1,0
BRDA:230,25,2,0
BRDA:245,26,0,0
BRDA:246,27,0,0
BRDA:246,27,1,0
BRDA:249,28,0,0
BRDA:249,28,1,0
BRDA:256,29,0,0
BRDA:256,29,1,0
BRDA:256,29,2,0
BRDA:256,29,3,0
BRDA:256,29,4,0
BRDA:256,29,5,0
BRDA:256,29,6,0
BRDA:256,29,7,0
BRDA:297,30,0,0
BRF:59
BRH:0
end_of_record
TN:
SF:src\moderation-notifications.ts
FN:45,(anonymous_6)
FN:75,checkAutoModerationThresholds
FN:148,notifyAdminsOfReport
FN:159,(anonymous_9)
FN:214,notifyUserOfSanction
FN:299,(anonymous_11)
FN:356,(anonymous_12)
FN:395,formatReportReason
FN:411,formatContentType
FNF:9
FNH:0
FNDA:0,(anonymous_6)
FNDA:0,checkAutoModerationThresholds
FNDA:0,notifyAdminsOfReport
FNDA:0,(anonymous_9)
FNDA:0,notifyUserOfSanction
FNDA:0,(anonymous_11)
FNDA:0,(anonymous_12)
FNDA:0,formatReportReason
FNDA:0,formatContentType
DA:1,0
DA:2,0
DA:5,0
DA:6,0
DA:9,0
DA:43,0
DA:46,0
DA:47,0
DA:48,0
DA:49,0
DA:52,0
DA:53,0
DA:55,0
DA:57,0
DA:58,0
DA:62,0
DA:64,0
DA:66,0
DA:67,0
DA:76,0
DA:78,0
DA:79,0
DA:82,0
DA:85,0
DA:86,0
DA:88,0
DA:89,0
DA:91,0
DA:97,0
DA:110,0
DA:114,0
DA:115,0
DA:117,0
DA:118,0
DA:120,0
DA:128,0
DA:141,0
DA:151,0
DA:153,0
DA:154,0
DA:155,0
DA:158,0
DA:159,0
DA:160,0
DA:161,0
DA:162,0
DA:166,0
DA:167,0
DA:168,0
DA:171,0
DA:172,0
DA:174,0
DA:203,0
DA:204,0
DA:205,0
DA:207,0
DA:220,0
DA:221,0
DA:222,0
DA:225,0
DA:226,0
DA:227,0
DA:233,0
DA:235,0
DA:236,0
DA:237,0
DA:239,0
DA:240,0
DA:241,0
DA:243,0
DA:244,0
DA:245,0
DA:247,0
DA:248,0
DA:251,0
DA:274,0
DA:275,0
DA:276,0
DA:278,0
DA:282,0
DA:297,0
DA:300,0
DA:301,0
DA:304,0
DA:310,0
DA:311,0
DA:312,0
DA:319,0
DA:325,0
DA:326,0
DA:327,0
DA:334,0
DA:340,0
DA:341,0
DA:342,0
DA:347,0
DA:356,0
DA:357,0
DA:358,0
DA:360,0
DA:361,0
DA:365,0
DA:366,0
DA:369,0
DA:370,0
DA:373,0
DA:374,0
DA:376,0
DA:377,0
DA:380,0
DA:382,0
DA:391,0
DA:396,0
DA:408,0
DA:412,0
DA:420,0
LF:116
LH:0
BRDA:5,0,0,0
BRDA:47,1,0,0
BRDA:57,2,0,0
BRDA:78,3,0,0
BRDA:85,4,0,0
BRDA:85,5,0,0
BRDA:85,5,1,0
BRDA:85,5,2,0
BRDA:85,5,3,0
BRDA:114,6,0,0
BRDA:114,7,0,0
BRDA:114,7,1,0
BRDA:114,7,2,0
BRDA:153,8,0,0
BRDA:161,9,0,0
BRDA:166,10,0,0
BRDA:178,11,0,0
BRDA:178,11,1,0
BRDA:221,12,0,0
BRDA:225,13,0,0
BRDA:225,13,1,0
BRDA:225,14,0,0
BRDA:225,14,1,0
BRDA:226,15,0,0
BRDA:233,16,0,0
BRDA:233,16,1,0
BRDA:233,16,2,0
BRDA:233,16,3,0
BRDA:360,17,0,0
BRDA:365,18,0,0
BRDA:369,19,0,0
BRDA:369,20,0,0
BRDA:369,20,1,0
BRDA:376,21,0,0
BRDA:386,22,0,0
BRDA:386,22,1,0
BRDA:408,23,0,0
BRDA:408,23,1,0
BRDA:420,24,0,0
BRDA:420,24,1,0
BRF:40
BRH:0
end_of_record
TN:
SF:src\photo-fetcher-utils.ts
FN:66,(anonymous_7)
FN:120,(anonymous_8)
FN:179,(anonymous_9)
FN:221,(anonymous_10)
FN:239,(anonymous_11)
FN:252,(anonymous_12)
FN:256,(anonymous_13)
FN:298,(anonymous_14)
FN:302,(anonymous_15)
FN:324,(anonymous_16)
FN:337,(anonymous_17)
FN:357,(anonymous_18)
FN:367,(anonymous_19)
FN:421,(anonymous_20)
FN:495,(anonymous_21)
FN:496,(anonymous_22)
FN:512,(anonymous_23)
FN:516,(anonymous_24)
FN:531,(anonymous_25)
FN:566,(anonymous_26)
FNF:20
FNH:0
FNDA:0,(anonymous_7)
FNDA:0,(anonymous_8)
FNDA:0,(anonymous_9)
FNDA:0,(anonymous_10)
FNDA:0,(anonymous_11)
FNDA:0,(anonymous_12)
FNDA:0,(anonymous_13)
FNDA:0,(anonymous_14)
FNDA:0,(anonymous_15)
FNDA:0,(anonymous_16)
FNDA:0,(anonymous_17)
FNDA:0,(anonymous_18)
FNDA:0,(anonymous_19)
FNDA:0,(anonymous_20)
FNDA:0,(anonymous_21)
FNDA:0,(anonymous_22)
FNDA:0,(anonymous_23)
FNDA:0,(anonymous_24)
FNDA:0,(anonymous_25)
FNDA:0,(anonymous_26)
DA:13,0
DA:14,0
DA:50,0
DA:51,0
DA:65,0
DA:67,0
DA:68,0
DA:69,0
DA:76,0
DA:77,0
DA:80,0
DA:82,0
DA:83,0
DA:84,0
DA:85,0
DA:86,0
DA:88,0
DA:96,0
DA:98,0
DA:99,0
DA:108,0
DA:119,0
DA:121,0
DA:123,0
DA:124,0
DA:125,0
DA:126,0
DA:127,0
DA:129,0
DA:136,0
DA:137,0
DA:140,0
DA:143,0
DA:144,0
DA:145,0
DA:146,0
DA:147,0
DA:148,0
DA:150,0
DA:157,0
DA:158,0
DA:160,0
DA:161,0
DA:163,0
DA:164,0
DA:172,0
DA:174,0
DA:175,0
DA:180,0
DA:181,0
DA:182,0
DA:183,0
DA:184,0
DA:185,0
DA:186,0
DA:188,0
DA:195,0
DA:196,0
DA:198,0
DA:199,0
DA:201,0
DA:202,0
DA:209,0
DA:211,0
DA:220,0
DA:222,0
DA:223,0
DA:231,0
DA:233,0
DA:234,0
DA:235,0
DA:241,0
DA:249,0
DA:253,0
DA:263,0
DA:264,0
DA:265,0
DA:267,0
DA:276,0
DA:279,0
DA:283,0
DA:285,0
DA:286,0
DA:295,0
DA:299,0
DA:308,0
DA:309,0
DA:315,0
DA:317,0
DA:319,0
DA:320,0
DA:328,0
DA:329,0
DA:331,0
DA:332,0
DA:335,0
DA:337,0
DA:342,0
DA:343,0
DA:352,0
DA:362,0
DA:363,0
DA:364,0
DA:371,0
DA:372,0
DA:375,0
DA:376,0
DA:377,0
DA:378,0
DA:380,0
DA:381,0
DA:382,0
DA:390,0
DA:391,0
DA:395,0
DA:396,0
DA:397,0
DA:398,0
DA:400,0
DA:401,0
DA:402,0
DA:410,0
DA:411,0
DA:414,0
DA:435,0
DA:436,0
DA:439,0
DA:441,0
DA:442,0
DA:449,0
DA:450,0
DA:451,0
DA:458,0
DA:466,0
DA:467,0
DA:474,0
DA:481,0
DA:482,0
DA:488,0
DA:496,0
DA:504,0
DA:506,0
DA:507,0
DA:508,0
DA:509,0
DA:510,0
DA:513,0
DA:517,0
DA:518,0
DA:520,0
DA:521,0
DA:523,0
DA:524,0
DA:526,0
DA:527,0
DA:541,0
DA:542,0
DA:543,0
DA:544,0
DA:545,0
DA:547,0
DA:548,0
DA:549,0
DA:551,0
DA:554,0
DA:567,0
DA:568,0
DA:569,0
DA:570,0
DA:571,0
DA:572,0
DA:573,0
DA:574,0
DA:575,0
DA:576,0
LF:175
LH:0
BRDA:76,0,0,0
BRDA:76,1,0,0
BRDA:76,1,1,0
BRDA:80,2,0,0
BRDA:80,2,1,0
BRDA:80,2,2,0
BRDA:82,3,0,0
BRDA:84,4,0,0
BRDA:85,5,0,0
BRDA:86,6,0,0
BRDA:136,7,0,0
BRDA:136,8,0,0
BRDA:136,8,1,0
BRDA:136,9,0,0
BRDA:136,9,1,0
BRDA:136,10,0,0
BRDA:136,10,1,0
BRDA:157,11,0,0
BRDA:157,11,1,0
BRDA:157,12,0,0
BRDA:157,12,1,0
BRDA:158,13,0,0
BRDA:163,14,0,0
BRDA:163,15,0,0
BRDA:163,15,1,0
BRDA:163,16,0,0
BRDA:163,16,1,0
BRDA:195,17,0,0
BRDA:195,17,1,0
BRDA:195,18,0,0
BRDA:195,18,1,0
BRDA:196,19,0,0
BRDA:199,20,0,0
BRDA:199,20,1,0
BRDA:199,21,0,0
BRDA:199,21,1,0
BRDA:201,22,0,0
BRDA:201,23,0,0
BRDA:201,23,1,0
BRDA:201,24,0,0
BRDA:201,24,1,0
BRDA:221,25,0,0
BRDA:241,26,0,0
BRDA:241,26,1,0
BRDA:331,27,0,0
BRDA:360,28,0,0
BRDA:372,29,0,0
BRDA:372,29,1,0
BRDA:377,30,0,0
BRDA:381,31,0,0
BRDA:381,32,0,0
BRDA:381,32,1,0
BRDA:397,33,0,0
BRDA:401,34,0,0
BRDA:401,35,0,0
BRDA:401,35,1,0
BRDA:435,36,0,0
BRDA:435,37,0,0
BRDA:435,37,1,0
BRDA:435,38,0,0
BRDA:435,38,1,0
BRDA:441,39,0,0
BRDA:450,40,0,0
BRDA:463,41,0,0
BRDA:463,41,1,0
BRDA:466,42,0,0
BRDA:475,43,0,0
BRDA:475,43,1,0
BRDA:481,44,0,0
BRDA:518,45,0,0
BRDA:518,45,1,0
BRDA:518,45,2,0
BRDA:548,46,0,0
BRDA:548,46,1,0
BRF:74
BRH:0
end_of_record
TN:
SF:src\rate-limiter.ts
FN:42,getClientIp
FN:58,checkRateLimit
FN:101,(anonymous_8)
FN:120,checkCallableRateLimit
FN:158,(anonymous_10)
FN:176,cleanupExpiredRateLimits
FN:195,(anonymous_12)
FNF:7
FNH:7
FNDA:38,getClientIp
FNDA:38,checkRateLimit
FNDA:1,(anonymous_8)
FNDA:46,checkCallableRateLimit
FNDA:1,(anonymous_10)
FNDA:9,cleanupExpiredRateLimits
FNDA:958,(anonymous_12)
DA:1,4
DA:2,4
DA:28,4
DA:43,38
DA:44,38
DA:45,33
DA:46,33
DA:48,5
DA:58,4
DA:64,38
DA:65,38
DA:66,38
DA:67,38
DA:68,38
DA:70,38
DA:72,38
DA:80,37
DA:81,37
DA:82,20
DA:85,20
DA:90,20
DA:94,17
DA:102,1
DA:105,17
DA:109,1
DA:110,1
DA:120,4
DA:125,46
DA:126,46
DA:127,46
DA:128,46
DA:130,46
DA:131,46
DA:139,45
DA:140,45
DA:141,6
DA:144,6
DA:151,39
DA:159,1
DA:163,7
DA:164,6
DA:167,1
DA:176,4
DA:177,9
DA:178,9
DA:179,9
DA:181,9
DA:182,9
DA:183,11
DA:189,11
DA:190,4
DA:191,4
DA:194,7
DA:195,958
DA:196,7
DA:197,7
DA:199,7
DA:200,5
DA:204,9
DA:205,6
DA:208,9
LF:61
LH:61
BRDA:44,0,0,33
BRDA:45,1,0,1
BRDA:45,1,1,32
BRDA:46,2,0,33
BRDA:48,3,0,5
BRDA:48,3,1,2
BRDA:48,3,2,1
BRDA:48,4,0,0
BRDA:48,4,1,2
BRDA:48,5,0,2
BRDA:48,5,1,2
BRDA:81,6,0,20
BRDA:140,7,0,6
BRDA:163,8,0,6
BRDA:189,9,0,4
BRDA:199,10,0,5
BRDA:204,11,0,6
BRF:17
BRH:16
end_of_record
TN:
SF:src\stripe-config.ts
FN:10,(anonymous_7)
FN:29,getStripe
FN:42,getConfigValue
FN:61,getDb
FN:70,isWebhookEventAlreadyProcessed
FN:79,markWebhookEventProcessed
FNF:6
FNH:6
FNDA:8,(anonymous_7)
FNDA:71,getStripe
FNDA:5,getConfigValue
FNDA:28,getDb
FNDA:15,isWebhookEventAlreadyProcessed
FNDA:13,markWebhookEventProcessed
DA:1,9
DA:2,9
DA:3,9
DA:10,9
DA:12,8
DA:13,8
DA:16,1
DA:17,1
DA:18,1
DA:23,0
DA:28,9
DA:29,9
DA:30,71
DA:31,8
DA:35,71
DA:42,9
DA:43,5
DA:44,5
DA:45,5
DA:46,10
DA:48,5
DA:50,0
DA:60,9
DA:62,28
DA:63,28
DA:70,9
DA:71,15
DA:72,15
DA:73,15
DA:79,9
DA:80,13
LF:31
LH:29
BRDA:13,0,0,7
BRDA:17,1,0,0
BRDA:17,1,1,1
BRDA:17,2,0,1
BRDA:17,2,1,1
BRDA:18,3,0,1
BRDA:30,4,0,8
BRDA:46,5,0,1
BRDA:46,5,1,9
BRDA:46,6,0,10
BRDA:46,6,1,10
BRDA:48,7,0,5
BRDA:48,7,1,4
BRDA:62,8,0,2
BRF:14
BRH:13
end_of_record
TN:
SF:src\stripe-simple.ts
FN:10,(anonymous_6)
FN:81,(anonymous_7)
FN:166,(anonymous_8)
FN:236,(anonymous_9)
FN:319,(anonymous_10)
FN:364,(anonymous_11)
FN:409,(anonymous_12)
FN:476,handleCheckoutCompleted
FN:506,handleSubscriptionChange
FN:566,handleSubscriptionCanceled
FN:602,handlePaymentSucceeded
FN:630,handlePaymentFailed
FNF:12
FNH:12
FNDA:6,(anonymous_6)
FNDA:6,(anonymous_7)
FNDA:5,(anonymous_8)
FNDA:5,(anonymous_9)
FNDA:5,(anonymous_10)
FNDA:5,(anonymous_11)
FNDA:12,(anonymous_12)
FNDA:4,handleCheckoutCompleted
FNDA:1,handleSubscriptionChange
FNDA:1,handleSubscriptionCanceled
FNDA:1,handlePaymentSucceeded
FNDA:1,handlePaymentFailed
DA:1,1
DA:2,1
DA:4,1
DA:5,1
DA:7,1
DA:10,1
DA:11,6
DA:13,6
DA:14,1
DA:17,5
DA:18,5
DA:20,5
DA:21,1
DA:24,4
DA:25,4
DA:28,4
DA:63,4
DA:66,4
DA:68,4
DA:75,2
DA:76,2
DA:81,1
DA:82,6
DA:84,6
DA:85,1
DA:89,5
DA:91,5
DA:92,5
DA:93,5
DA:95,5
DA:96,1
DA:100,4
DA:101,4
DA:103,1
DA:112,1
DA:115,4
DA:116,4
DA:119,4
DA:121,4
DA:122,2
DA:130,2
DA:133,2
DA:139,4
DA:158,4
DA:160,2
DA:161,2
DA:166,1
DA:167,5
DA:169,5
DA:170,1
DA:173,4
DA:174,4
DA:176,4
DA:177,1
DA:180,3
DA:181,3
DA:184,3
DA:218,3
DA:221,3
DA:223,3
DA:230,2
DA:231,2
DA:236,1
DA:237,5
DA:239,5
DA:240,1
DA:244,4
DA:246,4
DA:247,4
DA:248,4
DA:250,4
DA:251,1
DA:255,3
DA:256,3
DA:258,1
DA:267,1
DA:270,3
DA:271,3
DA:274,3
DA:276,3
DA:277,2
DA:284,2
DA:287,2
DA:293,3
DA:311,3
DA:313,2
DA:314,2
DA:319,1
DA:320,5
DA:321,5
DA:322,1
DA:325,4
DA:326,4
DA:330,4
DA:335,4
DA:336,1
DA:339,3
DA:341,3
DA:346,3
DA:348,2
DA:349,2
DA:350,2
DA:352,0
DA:357,1
DA:364,1
DA:365,5
DA:366,5
DA:367,1
DA:371,4
DA:373,4
DA:374,4
DA:375,4
DA:379,4
DA:380,2
DA:386,2
DA:388,2
DA:398,2
DA:400,3
DA:401,3
DA:402,3
DA:404,0
DA:409,1
DA:410,12
DA:412,12
DA:415,12
DA:416,1
DA:417,1
DA:418,1
DA:423,11
DA:424,11
DA:426,1
DA:427,1
DA:428,1
DA:431,10
DA:433,10
DA:434,1
DA:435,1
DA:436,1
DA:439,9
DA:441,4
DA:442,4
DA:446,1
DA:447,1
DA:450,1
DA:451,1
DA:454,1
DA:455,1
DA:458,1
DA:459,1
DA:462,1
DA:466,9
DA:468,9
DA:470,0
DA:471,0
DA:477,4
DA:478,4
DA:480,4
DA:481,3
DA:483,3
DA:498,3
DA:500,0
DA:507,1
DA:509,1
DA:511,1
DA:516,1
DA:517,1
DA:518,1
DA:521,1
DA:522,1
DA:536,1
DA:537,1
DA:538,1
DA:549,1
DA:558,1
DA:561,0
DA:567,1
DA:569,1
DA:571,1
DA:576,1
DA:577,1
DA:578,1
DA:581,1
DA:594,1
DA:597,0
DA:603,1
DA:605,1
DA:607,1
DA:612,1
DA:613,1
DA:614,1
DA:616,1
DA:622,1
DA:625,0
DA:631,1
DA:633,1
DA:635,1
DA:640,1
DA:641,1
DA:642,1
DA:644,1
DA:650,1
DA:653,0
LF:202
LH:193
BRDA:13,0,0,1
BRDA:13,1,0,0
BRDA:13,1,1,6
BRDA:13,2,0,6
BRDA:13,2,1,6
BRDA:18,3,0,5
BRDA:18,3,1,3
BRDA:20,4,0,1
BRDA:24,5,0,4
BRDA:24,5,1,0
BRDA:84,6,0,1
BRDA:84,7,0,0
BRDA:84,7,1,6
BRDA:84,8,0,6
BRDA:84,8,1,6
BRDA:93,9,0,5
BRDA:93,9,1,4
BRDA:95,10,0,1
BRDA:95,11,0,5
BRDA:95,11,1,5
BRDA:101,12,0,1
BRDA:106,13,0,1
BRDA:106,13,1,0
BRDA:115,14,0,3
BRDA:115,14,1,1
BRDA:116,15,0,4
BRDA:116,15,1,0
BRDA:119,16,0,1
BRDA:119,16,1,3
BRDA:119,17,0,4
BRDA:119,17,1,3
BRDA:121,18,0,2
BRDA:169,19,0,1
BRDA:169,20,0,0
BRDA:169,20,1,5
BRDA:169,21,0,5
BRDA:169,21,1,5
BRDA:174,22,0,4
BRDA:174,22,1,2
BRDA:176,23,0,1
BRDA:180,24,0,3
BRDA:180,24,1,0
BRDA:239,25,0,1
BRDA:239,26,0,0
BRDA:239,26,1,5
BRDA:239,27,0,5
BRDA:239,27,1,5
BRDA:248,28,0,4
BRDA:248,28,1,3
BRDA:250,29,0,1
BRDA:250,30,0,4
BRDA:250,30,1,4
BRDA:256,31,0,1
BRDA:261,32,0,1
BRDA:261,32,1,0
BRDA:270,33,0,2
BRDA:270,33,1,1
BRDA:271,34,0,3
BRDA:271,34,1,0
BRDA:274,35,0,1
BRDA:274,35,1,2
BRDA:274,36,0,3
BRDA:274,36,1,2
BRDA:276,37,0,2
BRDA:321,38,0,1
BRDA:321,39,0,0
BRDA:321,39,1,5
BRDA:321,40,0,5
BRDA:321,40,1,5
BRDA:335,41,0,1
BRDA:343,42,0,3
BRDA:343,42,1,2
BRDA:349,43,0,2
BRDA:366,44,0,1
BRDA:366,45,0,0
BRDA:366,45,1,5
BRDA:366,46,0,5
BRDA:366,46,1,5
BRDA:374,47,0,4
BRDA:374,47,1,3
BRDA:379,48,0,2
BRDA:379,49,0,4
BRDA:379,49,1,3
BRDA:391,50,0,2
BRDA:391,50,1,0
BRDA:401,51,0,3
BRDA:412,52,0,12
BRDA:412,52,1,1
BRDA:415,53,0,1
BRDA:433,54,0,1
BRDA:439,55,0,4
BRDA:439,55,1,0
BRDA:439,55,2,1
BRDA:439,55,3,1
BRDA:439,55,4,1
BRDA:439,55,5,1
BRDA:439,55,6,1
BRDA:477,56,0,0
BRDA:477,56,1,4
BRDA:477,57,0,4
BRDA:477,57,1,4
BRDA:478,58,0,0
BRDA:478,58,1,4
BRDA:478,59,0,4
BRDA:478,59,1,4
BRDA:480,60,0,3
BRDA:480,61,0,4
BRDA:480,61,1,3
BRDA:516,62,0,1
BRDA:536,63,0,1
BRDA:576,64,0,1
BRDA:612,65,0,1
BRDA:640,66,0,1
BRF:113
BRH:97
end_of_record
TN:
SF:src\venue-claiming.ts
FN:15,(anonymous_7)
FN:31,(anonymous_8)
FN:95,(anonymous_9)
FN:199,(anonymous_10)
FN:270,(anonymous_11)
FN:333,(anonymous_12)
FNF:6
FNH:6
FNDA:12,(anonymous_7)
FNDA:6,(anonymous_8)
FNDA:13,(anonymous_9)
FNDA:13,(anonymous_10)
FNDA:11,(anonymous_11)
FNDA:10,(anonymous_12)
DA:1,1
DA:2,1
DA:3,1
DA:5,1
DA:7,1
DA:8,1
DA:9,1
DA:10,1
DA:15,1
DA:16,12
DA:17,1
DA:20,11
DA:21,11
DA:23,11
DA:24,5
DA:30,6
DA:31,6
DA:33,6
DA:34,6
DA:36,6
DA:37,3
DA:38,3
DA:39,1
DA:47,5
DA:52,5
DA:53,1
DA:59,4
DA:61,4
DA:78,4
DA:81,4
DA:82,4
DA:84,2
DA:85,2
DA:87,0
DA:88,0
DA:95,1
DA:96,13
DA:97,1
DA:100,12
DA:101,12
DA:103,12
DA:104,1
DA:108,11
DA:109,11
DA:110,1
DA:113,10
DA:114,10
DA:115,1
DA:118,9
DA:119,1
DA:126,8
DA:127,8
DA:129,8
DA:130,3
DA:131,3
DA:132,3
DA:134,3
DA:135,1
DA:143,7
DA:144,7
DA:145,7
DA:146,7
DA:150,7
DA:155,7
DA:167,7
DA:168,7
DA:169,6
DA:170,6
DA:171,6
DA:173,6
DA:174,2
DA:175,2
DA:176,2
DA:181,1
DA:183,1
DA:187,4
DA:190,1
DA:193,7
DA:199,1
DA:200,13
DA:201,1
DA:204,12
DA:205,12
DA:207,12
DA:208,2
DA:212,10
DA:213,10
DA:214,2
DA:217,8
DA:218,8
DA:220,8
DA:221,1
DA:224,7
DA:227,7
DA:228,1
DA:229,1
DA:233,6
DA:234,1
DA:235,1
DA:242,5
DA:243,3
DA:246,3
DA:247,3
DA:254,2
DA:260,2
DA:262,2
DA:264,2
DA:270,1
DA:271,11
DA:272,1
DA:276,10
DA:277,1
DA:280,9
DA:282,9
DA:283,3
DA:289,6
DA:290,6
DA:292,6
DA:293,1
DA:296,5
DA:297,5
DA:299,5
DA:300,3
DA:306,3
DA:308,2
DA:314,2
DA:318,5
DA:327,5
DA:333,1
DA:334,10
DA:335,1
DA:338,9
DA:339,9
DA:341,9
DA:342,2
DA:346,7
DA:347,7
DA:348,1
DA:351,6
DA:352,6
DA:354,6
DA:355,1
DA:361,5
DA:371,5
DA:373,5
LF:145
LH:143
BRDA:16,0,0,1
BRDA:23,1,0,5
BRDA:23,2,0,11
BRDA:23,2,1,10
BRDA:23,2,2,9
BRDA:23,2,3,8
BRDA:23,2,4,7
BRDA:36,3,0,3
BRDA:38,4,0,1
BRDA:38,5,0,3
BRDA:38,5,1,3
BRDA:52,6,0,1
BRDA:67,7,0,4
BRDA:67,7,1,1
BRDA:84,8,0,2
BRDA:96,9,0,1
BRDA:103,10,0,1
BRDA:109,11,0,1
BRDA:114,12,0,1
BRDA:118,13,0,1
BRDA:129,14,0,3
BRDA:131,15,0,3
BRDA:131,15,1,0
BRDA:132,16,0,0
BRDA:132,16,1,3
BRDA:132,17,0,3
BRDA:132,17,1,3
BRDA:134,18,0,1
BRDA:134,19,0,3
BRDA:134,19,1,3
BRDA:134,19,2,2
BRDA:146,20,0,1
BRDA:146,20,1,6
BRDA:146,21,0,7
BRDA:146,21,1,2
BRDA:146,22,0,0
BRDA:146,22,1,2
BRDA:146,23,0,2
BRDA:146,23,1,2
BRDA:150,24,0,1
BRDA:150,24,1,6
BRDA:150,25,0,7
BRDA:150,25,1,2
BRDA:151,26,0,0
BRDA:151,26,1,2
BRDA:151,27,0,2
BRDA:151,27,1,2
BRDA:152,28,0,1
BRDA:152,28,1,0
BRDA:167,29,0,7
BRDA:167,29,1,1
BRDA:168,30,0,6
BRDA:168,30,1,1
BRDA:173,31,0,2
BRDA:173,31,1,4
BRDA:173,32,0,6
BRDA:173,32,1,2
BRDA:173,32,2,2
BRDA:200,33,0,1
BRDA:207,34,0,2
BRDA:207,35,0,12
BRDA:207,35,1,11
BRDA:213,36,0,2
BRDA:213,37,0,10
BRDA:213,37,1,9
BRDA:220,38,0,1
BRDA:227,39,0,1
BRDA:233,40,0,1
BRDA:242,41,0,3
BRDA:249,42,0,2
BRDA:249,42,1,1
BRDA:271,43,0,1
BRDA:276,44,0,1
BRDA:282,45,0,3
BRDA:282,46,0,9
BRDA:282,46,1,8
BRDA:282,46,2,7
BRDA:292,47,0,1
BRDA:299,48,0,3
BRDA:299,48,1,2
BRDA:323,49,0,5
BRDA:323,49,1,3
BRDA:334,50,0,1
BRDA:341,51,0,2
BRDA:341,52,0,9
BRDA:341,52,1,8
BRDA:347,53,0,1
BRDA:352,54,0,6
BRDA:352,54,1,1
BRDA:354,55,0,1
BRDA:366,56,0,5
BRDA:366,56,1,4
BRF:92
BRH:87
end_of_record
TN:
SF:src\watch-party-notifications.ts
FN:12,(anonymous_6)
FN:117,createInAppNotification
FN:158,(anonymous_8)
FN:290,(anonymous_9)
FN:321,(anonymous_10)
FN:322,(anonymous_11)
FNF:6
FNH:0
FNDA:0,(anonymous_6)
FNDA:0,createInAppNotification
FNDA:0,(anonymous_8)
FNDA:0,(anonymous_9)
FNDA:0,(anonymous_10)
FNDA:0,(anonymous_11)
DA:1,0
DA:2,0
DA:4,0
DA:10,0
DA:13,0
DA:14,0
DA:16,0
DA:18,0
DA:19,0
DA:20,0
DA:21,0
DA:22,0
DA:23,0
DA:24,0
DA:26,0
DA:27,0
DA:28,0
DA:32,0
DA:34,0
DA:35,0
DA:36,0
DA:39,0
DA:40,0
DA:42,0
DA:43,0
DA:45,0
DA:46,0
DA:50,0
DA:51,0
DA:52,0
DA:53,0
DA:57,0
DA:93,0
DA:94,0
DA:97,0
DA:99,0
DA:101,0
DA:104,0
DA:106,0
DA:107,0
DA:110,0
DA:118,0
DA:119,0
DA:121,0
DA:145,0
DA:146,0
DA:148,0
DA:156,0
DA:159,0
DA:160,0
DA:161,0
DA:164,0
DA:165,0
DA:168,0
DA:171,0
DA:172,0
DA:175,0
DA:177,0
DA:179,0
DA:181,0
DA:182,0
DA:183,0
DA:186,0
DA:187,0
DA:189,0
DA:190,0
DA:191,0
DA:195,0
DA:196,0
DA:201,0
DA:202,0
DA:204,0
DA:207,0
DA:212,0
DA:213,0
DA:246,0
DA:247,0
DA:248,0
DA:250,0
DA:255,0
DA:256,0
DA:277,0
DA:279,0
DA:280,0
DA:288,0
DA:291,0
DA:292,0
DA:293,0
DA:296,0
DA:297,0
DA:300,0
DA:302,0
DA:304,0
DA:310,0
DA:311,0
DA:312,0
DA:315,0
DA:316,0
DA:317,0
DA:320,0
DA:321,0
DA:323,0
DA:325,0
DA:327,0
DA:328,0
DA:346,0
DA:347,0
DA:349,0
DA:350,0
DA:364,0
DA:368,0
DA:369,0
DA:371,0
DA:373,0
DA:374,0
LF:115
LH:0
BRDA:21,0,0,0
BRDA:21,0,1,0
BRDA:23,1,0,0
BRDA:23,1,1,0
BRDA:26,2,0,0
BRDA:34,3,0,0
BRDA:40,4,0,0
BRDA:40,4,1,0
BRDA:40,5,0,0
BRDA:40,5,1,0
BRDA:42,6,0,0
BRDA:52,7,0,0
BRDA:104,8,0,0
BRDA:104,9,0,0
BRDA:104,9,1,0
BRDA:125,10,0,0
BRDA:125,10,1,0
BRDA:129,11,0,0
BRDA:129,11,1,0
BRDA:130,12,0,0
BRDA:130,12,1,0
BRDA:131,13,0,0
BRDA:131,13,1,0
BRDA:164,14,0,0
BRDA:171,15,0,0
BRDA:171,16,0,0
BRDA:171,16,1,0
BRDA:181,17,0,0
BRDA:187,18,0,0
BRDA:187,18,1,0
BRDA:187,19,0,0
BRDA:187,19,1,0
BRDA:189,20,0,0
BRDA:196,21,0,0
BRDA:196,21,1,0
BRDA:197,22,0,0
BRDA:197,22,1,0
BRDA:197,23,0,0
BRDA:197,23,1,0
BRDA:197,24,0,0
BRDA:197,24,1,0
BRDA:202,25,0,0
BRDA:202,25,1,0
BRDA:202,26,0,0
BRDA:202,26,1,0
BRDA:202,27,0,0
BRDA:202,27,1,0
BRDA:204,28,0,0
BRDA:204,28,1,0
BRDA:207,29,0,0
BRDA:207,29,1,0
BRDA:212,30,0,0
BRDA:261,31,0,0
BRDA:261,31,1,0
BRDA:261,32,0,0
BRDA:261,32,1,0
BRDA:261,33,0,0
BRDA:261,33,1,0
BRDA:262,34,0,0
BRDA:262,34,1,0
BRDA:296,35,0,0
BRDA:296,36,0,0
BRDA:296,36,1,0
BRDA:310,37,0,0
BRDA:316,38,0,0
BRDA:316,38,1,0
BRDA:317,39,0,0
BRDA:317,39,1,0
BRDA:332,40,0,0
BRDA:332,40,1,0
BRDA:347,41,0,0
BRDA:347,41,1,0
BRDA:347,42,0,0
BRDA:347,42,1,0
BRDA:347,43,0,0
BRDA:347,43,1,0
BRDA:349,44,0,0
BRF:77
BRH:0
end_of_record
TN:
SF:src\watch-party-payments.ts
FN:15,(anonymous_6)
FN:58,(anonymous_7)
FN:119,(anonymous_8)
FN:148,(anonymous_9)
FN:212,(anonymous_10)
FN:328,(anonymous_11)
FN:420,(anonymous_12)
FN:486,handleWebhookPaymentSucceeded
FN:553,handleWebhookPaymentFailed
FNF:9
FNH:9
FNDA:8,(anonymous_6)
FNDA:4,(anonymous_7)
FNDA:6,(anonymous_8)
FNDA:2,(anonymous_9)
FNDA:7,(anonymous_10)
FNDA:8,(anonymous_11)
FNDA:8,(anonymous_12)
FNDA:2,handleWebhookPaymentSucceeded
FNDA:1,handleWebhookPaymentFailed
DA:1,1
DA:2,1
DA:4,1
DA:5,1
DA:7,1
DA:10,1
DA:15,1
DA:16,8
DA:18,8
DA:19,1
DA:23,7
DA:25,7
DA:26,7
DA:27,7
DA:29,7
DA:30,1
DA:33,6
DA:34,6
DA:37,6
DA:38,6
DA:39,1
DA:42,5
DA:43,5
DA:44,1
DA:49,4
DA:52,4
DA:53,0
DA:58,4
DA:60,4
DA:67,4
DA:68,1
DA:72,3
DA:86,3
DA:87,3
DA:98,3
DA:101,3
DA:103,3
DA:108,5
DA:109,5
DA:110,5
DA:112,0
DA:119,1
DA:120,6
DA:121,6
DA:122,1
DA:125,5
DA:126,5
DA:128,5
DA:129,1
DA:132,4
DA:135,4
DA:137,4
DA:138,1
DA:142,3
DA:144,1
DA:148,2
DA:150,2
DA:155,2
DA:156,0
DA:159,2
DA:160,2
DA:163,2
DA:164,1
DA:165,1
DA:169,1
DA:175,1
DA:180,1
DA:181,1
DA:182,0
DA:190,1
DA:191,1
DA:197,2
DA:199,2
DA:201,4
DA:202,4
DA:203,4
DA:205,0
DA:212,1
DA:213,7
DA:214,7
DA:215,1
DA:218,6
DA:219,6
DA:220,6
DA:222,6
DA:223,0
DA:227,6
DA:228,6
DA:229,0
DA:232,6
DA:233,6
DA:234,6
DA:236,6
DA:237,1
DA:241,5
DA:248,5
DA:249,2
DA:252,3
DA:253,3
DA:254,3
DA:257,3
DA:258,0
DA:259,0
DA:267,3
DA:279,3
DA:282,3
DA:290,3
DA:295,3
DA:301,3
DA:302,3
DA:307,3
DA:309,3
DA:311,3
DA:317,4
DA:318,4
DA:319,4
DA:321,0
DA:328,1
DA:329,8
DA:330,8
DA:331,1
DA:334,7
DA:336,7
DA:337,1
DA:341,6
DA:342,6
DA:343,1
DA:346,5
DA:347,5
DA:348,1
DA:352,4
DA:357,4
DA:358,1
DA:361,3
DA:362,3
DA:365,3
DA:366,6
DA:368,6
DA:369,6
DA:379,5
DA:386,5
DA:388,1
DA:389,1
DA:394,3
DA:399,3
DA:401,3
DA:408,4
DA:409,4
DA:410,4
DA:412,0
DA:420,1
DA:421,8
DA:423,8
DA:426,8
DA:427,1
DA:428,1
DA:429,1
DA:434,7
DA:438,7
DA:440,1
DA:441,1
DA:442,1
DA:445,6
DA:446,6
DA:448,3
DA:450,3
DA:451,2
DA:453,3
DA:457,1
DA:458,1
DA:459,1
DA:461,1
DA:465,1
DA:466,1
DA:467,1
DA:469,1
DA:473,1
DA:476,6
DA:478,0
DA:479,0
DA:487,2
DA:488,2
DA:490,2
DA:491,0
DA:492,0
DA:496,2
DA:501,2
DA:502,0
DA:503,0
DA:506,2
DA:507,2
DA:510,2
DA:511,1
DA:512,1
DA:515,1
DA:518,1
DA:524,1
DA:529,1
DA:530,1
DA:531,0
DA:539,1
DA:540,1
DA:545,1
DA:547,1
DA:554,1
DA:557,1
DA:562,1
DA:563,1
DA:564,1
DA:571,1
LF:210
LH:192
BRDA:18,0,0,1
BRDA:18,1,0,0
BRDA:18,1,1,8
BRDA:18,2,0,8
BRDA:18,2,1,8
BRDA:27,3,0,7
BRDA:27,3,1,6
BRDA:29,4,0,1
BRDA:34,5,0,6
BRDA:34,5,1,0
BRDA:38,6,0,1
BRDA:43,7,0,1
BRDA:43,8,0,0
BRDA:43,8,1,5
BRDA:43,9,0,5
BRDA:43,9,1,5
BRDA:49,10,0,1
BRDA:49,10,1,3
BRDA:49,11,0,4
BRDA:49,11,1,4
BRDA:49,12,0,0
BRDA:49,12,1,4
BRDA:49,13,0,4
BRDA:49,13,1,4
BRDA:52,14,0,0
BRDA:52,15,0,4
BRDA:52,15,1,4
BRDA:67,16,0,1
BRDA:75,17,0,3
BRDA:75,17,1,0
BRDA:79,18,0,3
BRDA:79,18,1,0
BRDA:109,19,0,5
BRDA:121,20,0,1
BRDA:121,21,0,0
BRDA:121,21,1,6
BRDA:121,22,0,6
BRDA:121,22,1,6
BRDA:128,23,0,1
BRDA:128,24,0,5
BRDA:128,24,1,5
BRDA:137,25,0,1
BRDA:142,26,0,1
BRDA:142,27,0,3
BRDA:142,27,1,2
BRDA:142,28,0,0
BRDA:142,28,1,3
BRDA:142,29,0,3
BRDA:142,29,1,3
BRDA:143,30,0,0
BRDA:143,30,1,2
BRDA:143,31,0,2
BRDA:143,31,1,2
BRDA:155,32,0,0
BRDA:163,33,0,1
BRDA:181,34,0,0
BRDA:202,35,0,4
BRDA:214,36,0,1
BRDA:214,37,0,0
BRDA:214,37,1,7
BRDA:214,38,0,7
BRDA:214,38,1,7
BRDA:219,39,0,6
BRDA:219,39,1,4
BRDA:220,40,0,6
BRDA:220,40,1,4
BRDA:222,41,0,0
BRDA:228,42,0,0
BRDA:233,43,0,0
BRDA:233,43,1,6
BRDA:233,44,0,6
BRDA:233,44,1,6
BRDA:236,45,0,1
BRDA:236,46,0,6
BRDA:236,46,1,5
BRDA:248,47,0,2
BRDA:257,48,0,0
BRDA:318,49,0,4
BRDA:330,50,0,1
BRDA:330,51,0,0
BRDA:330,51,1,8
BRDA:330,52,0,8
BRDA:330,52,1,8
BRDA:336,53,0,1
BRDA:342,54,0,1
BRDA:347,55,0,1
BRDA:347,56,0,0
BRDA:347,56,1,5
BRDA:347,57,0,5
BRDA:347,57,1,5
BRDA:357,58,0,1
BRDA:404,59,0,1
BRDA:404,59,1,2
BRDA:409,60,0,4
BRDA:423,61,0,8
BRDA:423,61,1,1
BRDA:426,62,0,1
BRDA:446,63,0,3
BRDA:446,63,1,1
BRDA:446,63,2,1
BRDA:446,63,3,1
BRDA:450,64,0,2
BRDA:450,65,0,0
BRDA:450,65,1,3
BRDA:450,66,0,3
BRDA:450,66,1,3
BRDA:458,67,0,1
BRDA:458,68,0,0
BRDA:458,68,1,1
BRDA:458,69,0,1
BRDA:458,69,1,1
BRDA:466,70,0,1
BRDA:466,71,0,1
BRDA:466,71,1,0
BRDA:466,72,0,0
BRDA:466,72,1,1
BRDA:466,73,0,1
BRDA:466,73,1,1
BRDA:487,74,0,0
BRDA:487,74,1,2
BRDA:487,75,0,2
BRDA:487,75,1,2
BRDA:488,76,0,0
BRDA:488,76,1,2
BRDA:488,77,0,2
BRDA:488,77,1,2
BRDA:490,78,0,0
BRDA:490,79,0,2
BRDA:490,79,1,2
BRDA:501,80,0,0
BRDA:510,81,0,1
BRDA:530,82,0,0
BRDA:554,83,0,0
BRDA:554,83,1,1
BRDA:554,84,0,1
BRDA:554,84,1,1
BRDA:562,85,0,1
BRDA:567,86,0,1
BRDA:567,86,1,0
BRDA:567,87,0,0
BRDA:567,87,1,1
BRDA:567,88,0,1
BRDA:567,88,1,1
BRF:143
BRH:112
end_of_record
TN:
SF:src\world-cup-payments.ts
FN:140,(anonymous_6)
FN:250,(anonymous_7)
FN:290,(anonymous_8)
FN:387,(anonymous_9)
FN:430,(anonymous_10)
FN:490,handleCheckoutComplete
FN:521,activateFanPass
FN:564,activateVenuePremium
FN:614,handlePaymentFailed
FN:633,(anonymous_15)
FN:667,(anonymous_16)
FN:711,(anonymous_17)
FNF:12
FNH:11
FNDA:7,(anonymous_6)
FNDA:6,(anonymous_7)
FNDA:4,(anonymous_8)
FNDA:4,(anonymous_9)
FNDA:7,(anonymous_10)
FNDA:2,handleCheckoutComplete
FNDA:1,activateFanPass
FNDA:1,activateVenuePremium
FNDA:1,handlePaymentFailed
FNDA:5,(anonymous_15)
FNDA:3,(anonymous_16)
FNDA:0,(anonymous_17)
DA:16,1
DA:17,1
DA:18,1
DA:20,1
DA:21,1
DA:23,1
DA:29,1
DA:39,1
DA:46,1
DA:47,1
DA:53,1
DA:109,1
DA:140,1
DA:141,7
DA:142,1
DA:146,6
DA:148,6
DA:150,6
DA:151,1
DA:154,5
DA:155,5
DA:157,5
DA:159,5
DA:160,5
DA:161,1
DA:162,1
DA:163,1
DA:172,4
DA:177,4
DA:178,3
DA:185,3
DA:187,3
DA:194,1
DA:198,4
DA:205,4
DA:206,4
DA:209,4
DA:213,4
DA:232,4
DA:234,4
DA:239,1
DA:240,1
DA:241,1
DA:243,0
DA:250,1
DA:251,6
DA:252,1
DA:255,5
DA:257,5
DA:258,5
DA:260,5
DA:261,2
DA:268,3
DA:269,3
DA:271,3
DA:278,0
DA:279,0
DA:290,1
DA:291,4
DA:292,1
DA:296,3
DA:298,3
DA:299,3
DA:301,3
DA:302,1
DA:305,2
DA:306,2
DA:308,2
DA:310,2
DA:311,2
DA:312,1
DA:313,1
DA:314,1
DA:323,1
DA:328,1
DA:329,1
DA:336,1
DA:338,1
DA:345,0
DA:349,1
DA:369,1
DA:371,1
DA:376,1
DA:377,1
DA:378,1
DA:380,0
DA:387,1
DA:388,4
DA:389,1
DA:392,3
DA:393,3
DA:394,1
DA:397,2
DA:398,2
DA:400,2
DA:401,1
DA:408,1
DA:409,1
DA:411,1
DA:418,0
DA:419,0
DA:430,1
DA:431,7
DA:433,7
DA:436,7
DA:437,1
DA:438,1
DA:439,1
DA:444,6
DA:445,6
DA:447,1
DA:448,1
DA:449,1
DA:452,5
DA:454,5
DA:455,1
DA:456,1
DA:457,1
DA:460,4
DA:462,2
DA:463,2
DA:466,1
DA:467,1
DA:470,1
DA:471,1
DA:474,0
DA:478,4
DA:480,4
DA:482,0
DA:483,0
DA:491,2
DA:492,2
DA:494,2
DA:497,2
DA:498,2
DA:499,2
DA:500,0
DA:501,0
DA:504,2
DA:505,1
DA:506,1
DA:507,1
DA:511,2
DA:522,1
DA:523,1
DA:525,1
DA:526,0
DA:527,0
DA:530,1
DA:533,1
DA:535,1
DA:536,1
DA:547,1
DA:548,1
DA:549,1
DA:550,0
DA:556,1
DA:558,1
DA:565,1
DA:566,1
DA:568,1
DA:569,0
DA:570,0
DA:573,1
DA:574,1
DA:576,1
DA:578,0
DA:586,1
DA:599,1
DA:608,1
DA:615,1
DA:617,1
DA:633,1
DA:634,5
DA:635,1
DA:638,4
DA:639,4
DA:641,4
DA:642,4
DA:644,4
DA:645,1
DA:651,3
DA:652,3
DA:654,3
DA:659,0
DA:660,0
DA:667,1
DA:668,3
DA:709,1
DA:712,0
DA:714,0
DA:715,0
DA:716,0
DA:717,0
DA:718,0
DA:721,0
DA:722,0
DA:728,0
DA:729,0
DA:730,0
DA:731,0
DA:737,0
DA:738,0
DA:739,0
DA:740,0
DA:741,0
DA:746,0
DA:747,0
DA:750,0
DA:752,0
DA:756,0
DA:757,0
DA:763,0
DA:764,0
DA:765,0
DA:766,0
DA:772,0
DA:773,0
DA:776,0
DA:778,0
DA:782,0
DA:784,0
DA:785,0
DA:790,0
DA:791,0
DA:792,0
DA:793,0
DA:795,0
DA:796,0
DA:799,0
DA:801,0
DA:804,0
DA:805,0
DA:810,0
DA:811,0
DA:812,0
DA:813,0
DA:815,0
DA:816,0
DA:819,0
DA:821,0
DA:824,0
DA:832,0
LF:243
LH:169
BRDA:31,0,0,1
BRDA:31,0,1,0
BRDA:32,1,0,1
BRDA:32,1,1,0
BRDA:35,2,0,1
BRDA:35,2,1,0
BRDA:141,3,0,1
BRDA:141,4,0,0
BRDA:141,4,1,7
BRDA:141,5,0,7
BRDA:141,5,1,7
BRDA:150,6,0,1
BRDA:155,7,0,5
BRDA:155,7,1,0
BRDA:160,8,0,1
BRDA:162,9,0,1
BRDA:162,10,0,0
BRDA:162,10,1,1
BRDA:162,11,0,1
BRDA:162,11,1,1
BRDA:165,12,0,0
BRDA:165,12,1,1
BRDA:177,13,0,3
BRDA:177,13,1,1
BRDA:198,14,0,1
BRDA:198,14,1,3
BRDA:206,15,0,0
BRDA:206,15,1,4
BRDA:209,16,0,0
BRDA:209,16,1,4
BRDA:223,17,0,4
BRDA:223,17,1,4
BRDA:224,18,0,4
BRDA:224,18,1,4
BRDA:240,19,0,1
BRDA:251,20,0,1
BRDA:251,21,0,0
BRDA:251,21,1,6
BRDA:251,22,0,6
BRDA:251,22,1,6
BRDA:260,23,0,2
BRDA:269,24,0,3
BRDA:269,24,1,0
BRDA:274,25,0,3
BRDA:274,25,1,2
BRDA:274,26,0,2
BRDA:274,26,1,1
BRDA:274,27,0,3
BRDA:274,27,1,3
BRDA:274,28,0,2
BRDA:274,28,1,1
BRDA:274,29,0,3
BRDA:274,29,1,3
BRDA:291,30,0,1
BRDA:291,31,0,0
BRDA:291,31,1,4
BRDA:291,32,0,4
BRDA:291,32,1,4
BRDA:299,33,0,3
BRDA:299,33,1,0
BRDA:301,34,0,1
BRDA:306,35,0,2
BRDA:306,35,1,0
BRDA:311,36,0,1
BRDA:313,37,0,1
BRDA:313,38,0,0
BRDA:313,38,1,1
BRDA:313,39,0,1
BRDA:313,39,1,1
BRDA:328,40,0,1
BRDA:328,40,1,0
BRDA:359,41,0,1
BRDA:359,41,1,1
BRDA:360,42,0,1
BRDA:360,42,1,1
BRDA:377,43,0,1
BRDA:388,44,0,1
BRDA:388,45,0,0
BRDA:388,45,1,4
BRDA:388,46,0,4
BRDA:388,46,1,4
BRDA:393,47,0,1
BRDA:400,48,0,1
BRDA:413,49,0,1
BRDA:413,49,1,0
BRDA:414,50,0,1
BRDA:414,50,1,0
BRDA:415,51,0,1
BRDA:415,51,1,0
BRDA:415,52,0,0
BRDA:415,52,1,1
BRDA:415,53,0,1
BRDA:415,53,1,1
BRDA:415,54,0,0
BRDA:415,54,1,1
BRDA:415,55,0,1
BRDA:415,55,1,1
BRDA:433,56,0,7
BRDA:433,56,1,1
BRDA:436,57,0,1
BRDA:454,58,0,1
BRDA:460,59,0,2
BRDA:460,59,1,1
BRDA:460,59,2,1
BRDA:460,59,3,0
BRDA:491,60,0,2
BRDA:491,60,1,0
BRDA:499,61,0,0
BRDA:504,62,0,1
BRDA:504,62,1,1
BRDA:506,63,0,1
BRDA:525,64,0,0
BRDA:525,65,0,1
BRDA:525,65,1,1
BRDA:530,66,0,1
BRDA:530,66,1,0
BRDA:549,67,0,0
BRDA:568,68,0,0
BRDA:568,69,0,1
BRDA:568,69,1,1
BRDA:576,70,0,0
BRDA:576,70,1,1
BRDA:615,71,0,1
BRDA:615,71,1,0
BRDA:620,72,0,0
BRDA:620,72,1,1
BRDA:620,73,0,1
BRDA:620,73,1,1
BRDA:634,74,0,1
BRDA:634,75,0,0
BRDA:634,75,1,5
BRDA:634,76,0,5
BRDA:634,76,1,5
BRDA:644,77,0,1
BRDA:646,78,0,1
BRDA:646,78,1,1
BRDA:652,79,0,3
BRDA:652,79,1,0
BRDA:655,80,0,3
BRDA:655,80,1,2
BRDA:728,81,0,0
BRDA:740,82,0,0
BRDA:763,83,0,0
BRDA:790,84,0,0
BRDA:810,85,0,0
BRF:145
BRH:106
end_of_record
