SF:lib\core\ai\entities\ai_recommendation.dart
DA:13,2
DA:24,4
DA:25,2
DA:26,2
DA:27,2
DA:28,4
DA:29,6
DA:30,6
DA:31,8
DA:32,2
DA:35,4
DA:36,2
DA:37,2
DA:38,2
DA:39,2
DA:40,2
DA:41,2
DA:42,4
DA:43,2
DA:46,2
DA:47,18
DA:49,2
LF:22
LH:22
end_of_record
SF:lib\core\ai\entities\user_interaction.dart
DA:20,1
DA:29,0
DA:30,0
DA:32,0
DA:33,0
DA:34,0
DA:35,0
DA:36,0
DA:37,0
DA:39,0
DA:40,0
DA:45,0
DA:46,0
DA:47,0
DA:48,0
DA:49,0
DA:50,0
DA:55,1
DA:62,1
DA:63,1
DA:64,1
DA:65,0
DA:66,1
DA:67,1
DA:71,1
DA:73,5
LF:26
LH:9
end_of_record
SF:lib\core\ai\entities\learned_preference.dart
DA:13,1
DA:24,0
DA:25,0
DA:27,0
DA:28,0
DA:29,0
DA:30,0
DA:31,0
DA:32,0
DA:33,0
DA:34,0
DA:39,0
DA:40,0
DA:41,0
DA:42,0
DA:43,0
DA:44,0
DA:45,0
DA:46,0
DA:51,1
DA:60,1
DA:61,1
DA:62,1
DA:63,1
DA:64,1
DA:65,0
DA:66,1
DA:67,1
DA:71,1
DA:73,6
LF:30
LH:11
end_of_record
SF:lib\core\entities\cached_venue_data.dart
DA:29,1
LF:1
LH:1
end_of_record
SF:lib\core\entities\cached_venue_data.g.dart
DA:13,0
DA:15,0
DA:16,0
DA:17,0
DA:19,0
DA:20,0
DA:21,0
DA:22,0
DA:23,0
DA:24,0
DA:25,0
DA:26,0
DA:30,0
DA:33,0
DA:34,0
DA:35,0
DA:36,0
DA:37,0
DA:38,0
DA:39,0
DA:40,0
DA:41,0
DA:42,0
DA:43,0
DA:44,0
DA:45,0
DA:46,0
DA:47,0
DA:50,0
DA:51,0
DA:53,0
DA:56,0
DA:57,0
DA:58,0
LF:34
LH:0
end_of_record
SF:lib\core\entities\cached_geocoding_data.g.dart
DA:13,0
DA:15,0
DA:16,0
DA:17,0
DA:19,0
DA:20,0
DA:21,0
DA:22,0
DA:23,0
DA:24,0
DA:28,0
DA:31,0
DA:32,0
DA:33,0
DA:34,0
DA:35,0
DA:36,0
DA:37,0
DA:38,0
DA:39,0
DA:40,0
DA:41,0
DA:44,0
DA:45,0
DA:47,0
DA:50,0
DA:51,0
DA:52,0
LF:28
LH:0
end_of_record
SF:lib\core\entities\cached_geocoding_data.dart
DA:23,1
LF:1
LH:1
end_of_record
SF:lib\core\entities\game_intelligence.g.dart
DA:13,0
DA:15,0
DA:16,0
DA:17,0
DA:19,0
DA:20,0
DA:21,0
DA:22,0
DA:23,0
DA:24,0
DA:25,0
DA:26,0
DA:27,0
DA:28,0
DA:29,0
DA:30,0
DA:31,0
DA:32,0
DA:33,0
DA:34,0
DA:38,0
DA:41,0
DA:42,0
DA:43,0
DA:44,0
DA:45,0
DA:46,0
DA:47,0
DA:48,0
DA:49,0
DA:50,0
DA:51,0
DA:52,0
DA:53,0
DA:54,0
DA:55,0
DA:56,0
DA:57,0
DA:58,0
DA:59,0
DA:60,0
DA:61,0
DA:62,0
DA:63,0
DA:64,0
DA:65,0
DA:66,0
DA:67,0
DA:68,0
DA:69,0
DA:70,0
DA:71,0
DA:74,0
DA:75,0
DA:77,0
DA:80,0
DA:81,0
DA:82,0
DA:89,0
DA:91,0
DA:92,0
DA:93,0
DA:95,0
DA:96,0
DA:97,0
DA:98,0
DA:99,0
DA:100,0
DA:101,0
DA:105,0
DA:108,0
DA:109,0
DA:110,0
DA:111,0
DA:112,0
DA:113,0
DA:114,0
DA:115,0
DA:116,0
DA:117,0
DA:118,0
DA:119,0
DA:120,0
DA:123,0
DA:124,0
DA:126,0
DA:129,0
DA:130,0
DA:131,0
LF:89
LH:0
end_of_record
SF:lib\core\entities\game_intelligence.dart
DA:54,1
DA:72,1
DA:73,1
DA:74,1
DA:75,1
DA:76,1
DA:77,1
DA:78,1
DA:79,1
DA:80,1
DA:81,1
DA:82,1
DA:83,1
DA:84,1
DA:85,1
DA:86,1
DA:87,1
DA:88,1
DA:91,1
DA:108,1
DA:109,1
DA:110,1
DA:111,1
DA:112,1
DA:113,1
DA:114,0
DA:115,1
DA:116,0
DA:117,1
DA:118,1
DA:119,1
DA:120,1
DA:121,1
DA:122,0
DA:123,1
DA:127,1
DA:128,1
DA:129,1
DA:130,1
DA:131,1
DA:132,1
DA:133,1
DA:134,1
DA:135,1
DA:136,1
DA:137,1
DA:138,1
DA:139,1
DA:140,1
DA:141,2
DA:142,1
DA:143,2
DA:147,1
DA:148,1
DA:149,1
DA:150,1
DA:151,1
DA:152,1
DA:153,1
DA:154,2
DA:155,1
DA:156,1
DA:157,1
DA:158,2
DA:159,2
DA:160,2
DA:161,2
DA:162,2
DA:163,2
DA:189,1
DA:198,1
DA:199,1
DA:200,1
DA:201,1
DA:202,1
DA:203,1
DA:204,1
DA:205,1
DA:208,1
DA:209,1
DA:210,1
DA:211,1
DA:212,1
DA:213,1
DA:214,1
DA:215,1
DA:219,1
DA:220,1
DA:221,2
DA:222,1
DA:223,2
DA:224,1
DA:225,1
DA:226,2
LF:94
LH:91
end_of_record
SF:lib\core\entities\player.dart
DA:15,2
DA:29,1
DA:30,1
DA:31,2
DA:32,1
DA:33,1
DA:34,2
DA:35,1
DA:36,1
DA:37,1
DA:38,2
DA:39,1
DA:40,2
DA:42,1
DA:47,4
DA:50,4
DA:53,2
DA:56,1
DA:57,1
DA:59,2
DA:60,1
DA:61,7
DA:62,4
DA:63,7
DA:64,2
DA:65,7
DA:68,7
DA:73,1
DA:74,1
DA:75,1
DA:76,1
DA:77,1
DA:78,1
DA:79,1
DA:80,1
DA:81,1
DA:82,1
DA:83,1
DA:84,2
DA:85,1
DA:86,3
DA:87,3
DA:88,3
DA:89,3
DA:91,1
DA:92,3
DA:93,3
DA:94,3
DA:95,3
DA:96,3
DA:98,1
DA:99,3
DA:100,3
DA:101,3
DA:102,3
DA:104,1
DA:105,3
DA:106,3
DA:107,3
DA:108,3
DA:109,3
DA:123,2
DA:131,1
DA:132,1
DA:133,3
DA:134,3
DA:135,3
DA:136,3
DA:148,2
DA:155,1
DA:156,1
DA:157,2
DA:158,2
DA:159,2
DA:160,2
DA:164,1
DA:166,1
DA:167,2
DA:168,2
DA:172,1
DA:174,1
DA:175,1
DA:176,2
DA:181,1
DA:182,7
DA:193,2
DA:201,1
DA:202,1
DA:203,2
DA:204,2
DA:205,2
DA:206,2
DA:207,2
DA:212,1
DA:213,6
DA:216,4
DA:219,1
DA:220,5
DA:230,2
DA:237,1
DA:238,1
DA:239,2
DA:240,2
DA:241,2
DA:242,2
DA:247,6
DA:258,2
DA:266,1
DA:267,1
DA:268,2
DA:269,2
DA:270,2
DA:271,2
DA:272,2
DA:277,1
DA:278,9
DA:281,1
DA:282,11
LF:118
LH:118
end_of_record
SF:lib\core\entities\team_statistics.dart
DA:12,2
DA:23,1
DA:24,1
DA:25,2
DA:26,1
DA:27,4
DA:28,3
DA:29,4
DA:30,1
DA:31,2
DA:37,1
DA:38,2
DA:39,2
DA:40,2
DA:42,5
DA:46,1
DA:47,2
DA:48,2
DA:49,2
DA:50,4
DA:51,4
DA:52,2
DA:53,2
DA:59,1
DA:60,2
DA:61,2
DA:62,2
DA:63,2
DA:64,2
DA:65,2
DA:66,2
DA:67,2
DA:73,5
DA:76,5
DA:87,2
DA:95,1
DA:96,1
DA:97,2
DA:98,2
DA:99,2
DA:100,2
DA:101,2
DA:105,1
DA:107,1
DA:108,0
DA:109,0
DA:114,1
DA:115,2
DA:116,4
DA:117,2
DA:122,1
DA:123,6
DA:127,1
DA:129,3
DA:130,1
DA:131,1
DA:132,3
DA:133,3
DA:135,4
DA:136,4
DA:137,1
DA:139,1
DA:151,2
DA:159,1
DA:160,1
DA:161,2
DA:162,2
DA:163,2
DA:164,2
DA:165,2
DA:170,4
DA:173,1
DA:175,4
DA:176,3
DA:177,3
DA:178,3
DA:179,3
DA:181,4
DA:182,4
DA:183,1
DA:185,1
DA:189,1
DA:190,4
DA:192,2
DA:194,4
DA:209,2
DA:216,1
DA:217,1
DA:218,2
DA:219,2
DA:220,2
DA:221,2
DA:226,1
DA:227,3
DA:228,3
DA:229,1
DA:231,4
DA:232,1
DA:234,1
DA:238,1
DA:239,2
DA:241,2
DA:243,2
LF:103
LH:101
end_of_record
SF:lib\core\services\localization_service.dart
DA:23,1
DA:24,1
DA:25,3
DA:26,1
DA:31,1
DA:33,1
DA:35,1
DA:37,1
DA:39,1
DA:41,1
DA:47,1
DA:49,1
DA:51,1
DA:53,1
DA:55,1
DA:57,1
DA:81,0
DA:82,0
DA:86,0
DA:88,0
DA:89,0
DA:95,0
DA:97,0
DA:103,0
DA:106,0
DA:109,0
DA:112,0
DA:113,0
DA:115,0
DA:116,0
DA:117,0
DA:118,0
DA:122,0
DA:123,0
DA:124,0
DA:125,0
DA:132,0
DA:133,0
DA:135,0
DA:136,0
DA:138,0
DA:140,0
DA:141,0
DA:145,0
DA:149,0
DA:150,0
DA:151,0
DA:153,0
DA:157,0
DA:158,0
DA:161,0
DA:162,0
DA:172,0
DA:173,0
DA:174,0
DA:176,0
DA:177,0
DA:186,0
DA:187,0
DA:188,0
DA:189,0
DA:191,0
DA:195,0
DA:200,0
DA:204,0
DA:205,0
DA:206,0
DA:212,0
DA:213,0
DA:219,0
DA:223,0
DA:226,0
DA:227,0
DA:228,0
LF:74
LH:16
end_of_record
SF:lib\core\services\logging_service.dart
DA:8,10
DA:9,10
DA:17,3
DA:18,3
DA:26,4
DA:27,4
DA:37,0
DA:38,0
DA:46,0
DA:47,0
DA:48,0
DA:55,0
DA:56,0
DA:57,0
DA:64,0
DA:65,0
DA:66,0
DA:73,0
DA:74,0
DA:75,0
DA:82,0
DA:83,0
DA:84,0
DA:91,0
DA:92,0
DA:93,0
LF:26
LH:6
end_of_record
SF:lib\features\chatbot\data\services\chatbot_knowledge_base.dart
DA:48,4
DA:51,4
DA:54,4
DA:55,4
DA:57,8
DA:59,8
DA:60,4
DA:61,4
DA:62,4
DA:65,4
DA:66,4
DA:68,4
DA:69,4
DA:74,4
DA:75,8
DA:76,8
DA:79,4
DA:80,8
DA:81,8
DA:84,4
DA:86,8
DA:87,4
DA:88,8
DA:89,16
DA:90,4
DA:92,12
DA:93,12
DA:94,4
DA:95,8
DA:96,8
DA:97,20
DA:98,12
DA:102,0
DA:103,0
DA:107,4
DA:109,8
DA:110,4
DA:111,4
DA:112,4
DA:114,0
DA:116,0
DA:117,0
DA:121,3
DA:123,6
DA:124,3
DA:126,4
DA:133,4
DA:134,12
DA:135,8
DA:136,4
DA:137,4
DA:138,4
DA:139,4
DA:141,4
DA:142,20
DA:144,4
DA:145,20
DA:147,4
DA:148,20
DA:150,4
DA:151,24
DA:156,4
DA:158,12
DA:159,8
DA:160,4
DA:161,4
DA:162,4
DA:163,12
DA:164,4
DA:165,12
DA:168,4
DA:169,4
DA:170,4
DA:171,12
DA:172,4
DA:173,12
DA:235,8
DA:236,16
DA:243,1
DA:244,2
DA:245,2
DA:249,3
DA:250,9
DA:251,6
DA:252,9
DA:253,9
DA:259,9
DA:262,8
DA:265,3
DA:266,7
DA:270,1
DA:271,1
DA:272,5
DA:273,1
DA:274,5
DA:275,1
DA:279,3
DA:280,11
DA:284,3
DA:285,3
DA:286,3
DA:287,9
DA:288,6
DA:289,6
DA:296,3
DA:298,9
DA:299,6
DA:300,3
DA:301,6
DA:303,6
DA:307,3
DA:308,3
DA:309,10
DA:310,6
DA:311,6
DA:316,3
DA:317,3
DA:318,8
DA:319,6
DA:320,6
DA:325,3
DA:327,9
DA:328,9
DA:329,8
DA:330,8
DA:332,6
DA:334,6
DA:337,4
DA:339,0
DA:346,2
DA:347,6
DA:348,6
DA:349,6
DA:350,4
DA:352,4
DA:354,4
DA:357,0
DA:359,0
DA:366,3
DA:367,3
DA:370,10
DA:374,9
DA:375,6
DA:376,6
DA:382,3
DA:384,6
DA:392,0
DA:393,0
DA:395,0
DA:396,0
DA:398,0
DA:400,0
DA:401,0
DA:402,0
DA:403,0
DA:404,0
DA:406,0
DA:407,0
DA:416,6
DA:419,3
DA:421,6
DA:422,9
DA:430,6
DA:434,3
DA:435,6
DA:437,3
DA:438,6
DA:440,0
DA:441,0
DA:443,3
DA:444,6
DA:446,3
DA:447,6
DA:450,3
DA:451,9
DA:453,6
DA:454,3
DA:455,3
DA:456,3
DA:457,3
DA:460,3
DA:461,6
DA:462,3
DA:463,3
DA:466,6
DA:467,3
DA:468,3
DA:469,3
DA:472,6
DA:476,3
DA:477,6
DA:478,12
DA:479,3
DA:486,3
DA:488,3
DA:489,6
DA:490,3
DA:491,3
DA:492,3
DA:493,3
DA:495,3
LF:201
LH:179
end_of_record
SF:lib\features\worldcup\data\services\enhanced_match_data_service.dart
DA:18,4
DA:19,4
DA:21,4
DA:35,4
DA:36,4
DA:38,8
DA:39,4
DA:40,4
DA:41,4
DA:42,4
DA:43,4
DA:44,4
DA:47,4
DA:48,4
DA:53,4
DA:54,8
DA:57,4
DA:58,4
DA:59,8
DA:60,8
DA:63,8
DA:64,8
DA:65,8
DA:66,4
DA:67,8
DA:68,8
DA:69,12
DA:75,8
DA:78,4
DA:79,8
DA:82,4
DA:83,8
DA:86,4
DA:87,8
DA:90,4
DA:91,8
DA:94,4
DA:96,8
DA:97,4
DA:99,0
DA:107,3
DA:108,3
DA:109,6
DA:112,3
DA:113,9
DA:121,0
DA:122,0
DA:123,0
DA:126,0
DA:127,0
DA:128,0
DA:131,0
DA:132,0
DA:133,0
DA:135,0
DA:136,0
DA:138,0
DA:139,0
DA:140,0
DA:141,0
DA:142,0
DA:143,0
DA:144,0
DA:145,0
DA:146,0
DA:147,0
DA:148,0
DA:150,0
DA:152,0
DA:153,0
DA:157,0
DA:158,0
DA:159,0
DA:160,0
DA:161,0
DA:162,0
DA:163,0
DA:170,3
DA:171,3
DA:172,6
DA:176,3
DA:177,3
DA:180,3
DA:181,3
DA:184,6
DA:185,3
DA:186,3
DA:187,3
DA:188,3
DA:189,3
DA:190,0
DA:191,0
DA:195,6
DA:199,0
DA:206,0
DA:208,0
DA:209,0
DA:211,0
DA:213,0
DA:215,0
DA:216,0
DA:219,0
DA:220,0
DA:222,0
DA:223,0
DA:224,0
DA:225,0
DA:226,0
DA:227,0
DA:228,0
DA:229,0
DA:230,0
DA:234,0
DA:238,0
DA:239,0
DA:241,0
DA:245,0
DA:247,0
DA:248,0
DA:249,0
DA:257,3
DA:258,3
DA:259,6
DA:260,3
DA:263,3
DA:264,9
DA:272,0
DA:273,0
DA:274,0
DA:277,0
DA:278,0
DA:281,0
DA:282,0
DA:283,0
DA:285,0
DA:286,0
DA:290,0
DA:295,0
DA:299,3
DA:300,3
DA:302,6
DA:303,0
DA:306,12
DA:307,6
DA:308,6
DA:309,6
DA:310,3
DA:314,0
DA:315,0
DA:316,0
DA:320,0
DA:329,0
DA:331,0
DA:334,0
DA:336,0
DA:340,0
DA:341,0
DA:343,0
DA:350,0
DA:355,0
DA:356,0
DA:362,0
DA:364,0
DA:366,0
DA:371,0
DA:372,0
DA:373,0
DA:377,0
DA:378,0
DA:379,0
DA:380,0
DA:382,0
DA:383,0
DA:385,0
DA:386,0
DA:391,0
DA:392,0
DA:393,0
DA:394,0
DA:396,0
DA:397,0
DA:398,0
DA:399,0
DA:400,0
DA:401,0
DA:403,0
DA:404,0
DA:405,0
DA:406,0
DA:407,0
DA:416,0
DA:417,0
DA:420,0
DA:421,0
DA:422,0
DA:423,0
DA:424,0
DA:425,0
DA:427,0
DA:430,0
DA:435,0
DA:436,0
DA:437,0
DA:438,0
DA:439,0
DA:443,0
DA:444,0
DA:445,0
DA:446,0
DA:447,0
DA:448,0
DA:449,0
DA:450,0
DA:451,0
DA:452,0
DA:456,0
DA:457,0
DA:458,0
DA:459,0
DA:460,0
DA:465,0
DA:466,0
DA:467,0
DA:468,0
DA:472,0
DA:473,0
DA:474,0
DA:475,0
DA:476,0
DA:480,0
DA:481,0
DA:482,0
DA:483,0
DA:484,0
DA:485,0
DA:486,0
DA:487,0
DA:488,0
DA:490,0
DA:491,0
DA:496,0
LF:241
LH:72
end_of_record
SF:lib\core\utils\team_logo_helper.dart
DA:172,2
DA:173,2
DA:175,2
DA:178,2
DA:179,2
DA:182,2
DA:183,4
DA:196,2
DA:197,2
DA:199,2
DA:205,2
DA:210,2
DA:213,2
DA:216,2
DA:217,2
DA:219,4
DA:226,1
DA:237,2
DA:242,2
DA:250,0
DA:251,0
DA:252,0
DA:253,0
DA:257,0
DA:258,0
DA:269,1
DA:270,1
DA:274,1
DA:275,2
DA:279,1
DA:280,2
LF:31
LH:25
end_of_record
SF:lib\core\utils\team_matching_helper.dart
DA:133,1
DA:134,2
DA:135,2
DA:138,1
DA:141,1
DA:142,1
DA:145,1
DA:150,2
DA:153,2
DA:157,0
DA:165,1
DA:167,1
DA:169,2
DA:170,1
DA:180,1
DA:181,3
LF:16
LH:15
end_of_record
SF:lib\domain\models\manager.dart
DA:35,3
DA:67,2
DA:68,2
DA:70,2
DA:71,2
DA:72,2
DA:73,2
DA:74,2
DA:75,2
DA:76,2
DA:77,4
DA:78,2
DA:79,2
DA:80,2
DA:81,2
DA:82,4
DA:83,4
DA:84,2
DA:85,2
DA:86,4
DA:87,4
DA:88,2
DA:89,2
DA:90,4
DA:91,4
DA:92,2
DA:93,2
DA:94,2
DA:95,2
DA:96,4
DA:97,4
DA:98,4
DA:103,1
DA:104,1
DA:105,1
DA:106,1
DA:107,1
DA:108,1
DA:109,1
DA:110,1
DA:111,2
DA:112,1
DA:113,1
DA:114,1
DA:115,1
DA:116,2
DA:117,1
DA:118,1
DA:119,1
DA:120,2
DA:121,1
DA:122,1
DA:123,1
DA:124,1
DA:125,1
DA:126,1
DA:127,1
DA:128,1
DA:129,1
DA:130,1
DA:131,2
DA:132,1
DA:137,1
DA:138,1
DA:139,4
DA:143,1
DA:144,2
DA:148,1
DA:149,2
DA:150,2
DA:151,2
DA:156,1
DA:157,2
DA:158,2
DA:159,2
DA:173,3
DA:182,3
DA:183,3
DA:184,3
DA:185,3
DA:186,3
DA:187,3
DA:188,6
DA:189,3
DA:193,1
DA:194,1
DA:195,1
DA:196,1
DA:197,1
DA:198,1
DA:199,1
DA:200,1
DA:205,1
DA:206,3
DA:210,1
DA:211,4
DA:221,3
DA:227,3
DA:228,3
DA:229,3
DA:230,3
DA:231,3
DA:235,1
DA:236,1
DA:237,1
DA:238,1
DA:239,1
DA:244,1
DA:245,2
DA:246,4
DA:247,2
DA:248,4
DA:250,2
DA:254,1
DA:255,4
LF:115
LH:115
end_of_record
SF:lib\domain\models\player.dart
DA:45,3
DA:87,2
DA:88,2
DA:90,2
DA:91,2
DA:92,2
DA:93,2
DA:94,2
DA:95,2
DA:96,2
DA:97,2
DA:98,2
DA:99,4
DA:100,2
DA:101,2
DA:102,2
DA:103,2
DA:104,2
DA:105,2
DA:106,2
DA:107,2
DA:108,2
DA:109,2
DA:110,2
DA:111,2
DA:112,2
DA:113,2
DA:114,4
DA:115,2
DA:116,0
DA:117,0
DA:118,6
DA:119,6
DA:120,2
DA:121,4
DA:122,4
DA:123,4
DA:124,4
DA:125,2
DA:126,2
DA:127,2
DA:128,2
DA:129,4
DA:130,4
DA:135,1
DA:136,1
DA:137,1
DA:138,1
DA:139,1
DA:140,1
DA:141,1
DA:142,1
DA:143,1
DA:144,1
DA:145,2
DA:146,1
DA:147,1
DA:148,1
DA:149,1
DA:150,1
DA:151,1
DA:152,1
DA:153,1
DA:154,1
DA:155,1
DA:156,1
DA:157,1
DA:158,1
DA:159,1
DA:160,1
DA:161,5
DA:162,1
DA:163,1
DA:164,1
DA:165,2
DA:166,1
DA:167,1
DA:168,1
DA:169,1
DA:170,1
DA:171,1
DA:172,1
DA:173,2
DA:174,1
DA:179,1
DA:180,2
DA:181,4
DA:182,2
DA:183,4
DA:185,2
DA:189,1
DA:207,3
DA:211,1
DA:212,2
DA:213,3
DA:214,3
DA:215,3
DA:220,1
DA:221,2
DA:222,3
DA:226,1
DA:227,2
DA:228,3
DA:237,3
DA:242,3
DA:243,3
DA:244,7
DA:245,7
DA:249,1
DA:250,1
DA:251,2
DA:252,2
DA:265,3
DA:273,3
DA:274,3
DA:275,3
DA:276,3
DA:277,3
DA:278,3
DA:279,3
DA:283,1
DA:284,1
DA:285,1
DA:286,1
DA:287,1
DA:288,1
DA:289,1
DA:301,3
DA:308,3
DA:309,3
DA:310,3
DA:311,3
DA:312,3
DA:313,3
DA:317,1
DA:318,1
DA:319,1
DA:320,1
DA:321,1
DA:322,1
DA:333,3
DA:339,3
DA:340,3
DA:341,3
DA:342,3
DA:343,3
DA:347,1
DA:348,1
DA:349,1
DA:350,1
DA:351,1
DA:356,1
DA:357,2
DA:358,4
DA:359,2
DA:360,4
DA:362,2
DA:378,1
DA:390,1
DA:391,1
DA:392,1
DA:393,1
DA:394,1
DA:395,1
DA:396,1
DA:397,1
DA:398,1
DA:399,1
DA:400,1
DA:404,1
DA:405,1
DA:406,1
DA:407,1
DA:408,1
DA:409,1
DA:410,1
DA:411,1
DA:412,1
DA:413,1
DA:414,1
LF:180
LH:178
end_of_record
SF:lib\features\admin\domain\entities\admin_user.dart
DA:12,4
DA:14,4
DA:16,4
DA:18,4
DA:20,3
DA:25,4
DA:27,4
DA:29,4
DA:31,4
DA:33,3
DA:38,12
DA:39,16
DA:40,12
DA:41,12
DA:42,8
DA:43,12
DA:44,8
DA:59,4
DA:71,4
DA:72,4
DA:73,4
DA:74,4
DA:75,4
DA:76,4
DA:77,16
DA:78,1
DA:80,4
DA:81,8
DA:82,1
DA:83,4
DA:84,4
DA:85,9
DA:86,4
DA:87,2
DA:92,2
DA:93,1
DA:94,1
DA:95,1
DA:96,2
DA:97,2
DA:98,1
DA:99,1
DA:100,1
DA:101,2
DA:104,2
DA:105,8
DA:108,1
DA:109,5
DA:123,2
DA:134,2
DA:135,2
DA:136,2
DA:137,2
DA:138,2
DA:139,2
DA:140,2
DA:141,2
DA:142,4
DA:143,1
DA:144,2
DA:145,4
DA:146,1
DA:147,2
DA:151,4
DA:152,2
DA:153,2
DA:154,2
DA:155,2
DA:156,2
DA:157,4
DA:158,4
DA:159,2
DA:162,1
DA:167,1
DA:168,1
DA:169,1
DA:170,1
DA:171,1
DA:172,1
DA:173,1
DA:174,1
DA:175,1
DA:179,1
DA:180,4
DA:195,3
DA:207,3
DA:208,3
DA:217,3
DA:221,3
DA:222,3
DA:223,3
DA:224,3
DA:225,3
DA:226,3
DA:227,3
DA:228,3
DA:229,3
DA:230,3
DA:231,3
DA:232,6
DA:233,1
LF:101
LH:101
end_of_record
SF:lib\core\services\push_notification_service.dart
DA:22,0
DA:25,0
DA:29,0
DA:30,0
DA:31,0
DA:37,0
DA:39,0
DA:40,0
DA:41,0
DA:42,0
DA:47,0
DA:50,0
DA:53,0
DA:56,0
DA:58,0
DA:59,0
DA:61,0
DA:62,0
DA:67,0
DA:72,0
DA:73,0
DA:87,0
DA:95,0
DA:98,0
DA:102,0
DA:103,0
DA:104,0
DA:106,0
DA:109,0
DA:114,0
DA:115,0
DA:117,0
DA:123,0
DA:125,0
DA:126,0
DA:127,0
DA:130,0
DA:131,0
DA:132,0
DA:134,0
DA:138,0
DA:140,0
DA:145,0
DA:146,0
DA:147,0
DA:148,0
DA:152,0
DA:153,0
DA:161,0
DA:163,0
DA:166,0
DA:169,0
DA:173,0
DA:174,0
DA:175,0
DA:187,0
DA:188,0
DA:189,0
DA:194,0
DA:198,0
DA:199,0
DA:202,0
DA:203,0
DA:206,0
DA:214,0
DA:215,0
DA:219,0
DA:224,0
DA:225,0
DA:226,0
DA:228,0
DA:229,0
DA:235,0
DA:236,0
DA:238,0
DA:239,0
DA:244,0
DA:245,0
DA:246,0
DA:248,0
DA:249,0
DA:254,0
DA:255,0
DA:256,0
DA:258,0
DA:259,0
DA:264,0
DA:265,0
DA:267,0
DA:268,0
DA:274,0
DA:279,0
DA:281,0
DA:282,0
DA:287,0
DA:288,0
DA:293,0
DA:294,0
DA:295,0
DA:299,0
DA:300,0
DA:301,0
DA:302,0
DA:303,0
DA:307,0
DA:308,0
DA:310,0
DA:315,0
DA:317,0
DA:318,0
DA:319,0
DA:320,0
DA:321,0
DA:323,0
DA:328,0
DA:329,0
DA:330,0
DA:334,0
DA:336,0
DA:337,0
DA:339,0
DA:344,0
DA:346,0
DA:347,0
DA:349,0
DA:355,0
LF:126
LH:0
end_of_record
SF:lib\features\admin\domain\services\admin_service.dart
DA:32,3
DA:37,0
DA:38,0
DA:39,0
DA:40,0
DA:42,3
DA:48,3
DA:58,4
DA:61,12
DA:64,6
DA:67,3
DA:68,3
DA:70,9
DA:72,1
DA:77,12
DA:79,6
DA:80,9
DA:83,15
DA:84,6
DA:87,3
DA:88,18
DA:93,3
DA:95,0
DA:96,0
DA:101,1
DA:102,1
DA:103,2
DA:109,2
DA:110,3
DA:114,8
DA:116,4
DA:117,4
DA:119,10
DA:125,1
DA:127,0
DA:128,0
DA:132,1
DA:134,1
DA:135,1
DA:136,4
DA:139,4
DA:140,4
DA:141,1
DA:142,1
DA:143,1
DA:144,1
DA:145,1
DA:148,1
DA:149,1
DA:150,2
DA:151,1
DA:152,1
DA:155,1
DA:156,1
DA:157,2
DA:158,1
DA:159,1
DA:162,1
DA:163,1
DA:164,2
DA:165,1
DA:166,1
DA:169,4
DA:170,4
DA:172,1
DA:173,1
DA:174,1
DA:175,1
DA:176,1
DA:177,1
DA:178,1
DA:179,1
DA:180,1
DA:185,5
DA:186,1
DA:191,0
DA:192,0
DA:199,0
DA:204,0
DA:205,0
DA:209,0
DA:211,0
DA:214,0
DA:215,0
DA:218,0
DA:221,0
DA:224,0
DA:226,0
DA:227,0
DA:228,0
DA:230,0
DA:231,0
DA:236,0
DA:237,0
DA:240,0
DA:241,0
DA:242,0
DA:244,0
DA:250,1
DA:251,4
DA:254,2
DA:259,2
DA:266,0
DA:272,1
DA:273,4
DA:276,2
DA:282,2
DA:285,1
DA:290,0
DA:296,1
DA:297,4
DA:300,2
DA:306,2
DA:309,1
DA:314,0
DA:320,1
DA:321,4
DA:324,2
DA:326,2
DA:333,0
DA:339,1
DA:340,4
DA:343,5
DA:345,1
DA:346,2
DA:350,2
DA:357,0
DA:365,0
DA:370,0
DA:371,0
DA:375,0
DA:377,0
DA:378,0
DA:381,0
DA:384,0
DA:387,0
DA:389,0
DA:391,0
DA:392,0
DA:397,1
DA:398,4
DA:401,5
DA:403,1
DA:404,2
DA:408,2
DA:415,0
DA:423,2
DA:424,8
DA:425,1
DA:428,4
DA:432,2
DA:433,8
DA:435,4
DA:442,4
DA:444,2
DA:455,1
DA:456,2
DA:459,3
DA:460,6
DA:462,0
DA:463,0
DA:468,1
DA:469,4
DA:472,5
DA:474,2
DA:475,2
DA:478,2
DA:485,0
DA:491,1
DA:492,4
DA:495,2
DA:496,1
DA:501,1
DA:502,1
DA:503,2
DA:506,5
DA:508,2
DA:515,0
DA:523,1
DA:531,4
DA:537,1
DA:540,1
DA:543,1
DA:545,2
DA:547,1
DA:553,4
DA:557,1
DA:560,1
DA:561,2
DA:565,2
DA:568,1
DA:574,0
DA:581,2
DA:583,8
DA:585,4
DA:586,4
DA:587,6
DA:589,2
DA:592,0
DA:597,1
DA:598,5
DA:601,1
DA:602,1
DA:603,1
DA:604,1
DA:605,1
DA:607,5
DA:609,0
DA:610,0
DA:615,1
DA:616,1
DA:617,1
DA:621,3
DA:628,2
DA:629,1
DA:630,1
DA:631,1
DA:632,1
DA:633,1
DA:634,1
DA:635,1
DA:636,1
DA:637,2
LF:223
LH:166
end_of_record
SF:lib\features\moderation\domain\entities\report.dart
DA:66,4
DA:86,1
DA:87,1
DA:88,1
DA:89,1
DA:90,1
DA:91,1
DA:92,1
DA:93,1
DA:94,1
DA:95,1
DA:96,1
DA:97,1
DA:98,1
DA:99,1
DA:100,1
DA:101,1
DA:102,1
DA:103,1
DA:104,1
DA:107,1
DA:126,1
DA:127,1
DA:128,1
DA:129,1
DA:130,1
DA:131,1
DA:132,1
DA:134,1
DA:135,1
DA:136,1
DA:137,1
DA:138,1
DA:139,1
DA:140,1
DA:141,1
DA:142,1
DA:143,1
DA:144,1
DA:148,2
DA:149,2
DA:150,2
DA:151,2
DA:152,2
DA:153,4
DA:154,2
DA:155,2
DA:156,2
DA:157,4
DA:158,2
DA:159,2
DA:160,4
DA:161,4
DA:162,2
DA:163,2
DA:164,4
DA:165,4
DA:166,4
DA:170,2
DA:171,2
DA:172,2
DA:173,2
DA:174,2
DA:175,2
DA:176,8
DA:177,1
DA:179,2
DA:180,2
DA:181,2
DA:182,2
DA:183,8
DA:184,1
DA:186,2
DA:187,2
DA:188,2
DA:189,8
DA:190,1
DA:192,2
DA:193,2
DA:194,8
DA:195,1
DA:198,2
DA:199,2
DA:200,4
DA:201,2
DA:202,4
DA:204,2
DA:205,4
DA:211,2
DA:212,2
DA:213,2
DA:215,2
DA:217,1
DA:219,1
DA:221,1
DA:223,1
DA:225,1
DA:227,1
DA:229,1
DA:231,1
DA:237,2
DA:238,2
DA:239,2
DA:241,2
DA:243,2
DA:245,1
DA:247,1
DA:249,1
LF:108
LH:108
end_of_record
SF:lib\features\moderation\domain\services\moderation_service.dart
DA:26,2
DA:30,1
DA:31,0
DA:32,0
DA:34,2
DA:39,2
DA:50,2
DA:51,1
DA:52,1
DA:55,2
DA:56,1
DA:57,1
DA:60,2
DA:61,1
DA:62,1
DA:67,1
DA:76,2
DA:86,1
DA:87,2
DA:89,1
DA:91,2
DA:93,1
DA:99,2
DA:106,1
DA:114,2
DA:123,1
DA:131,2
DA:140,1
DA:141,2
DA:143,1
DA:148,2
DA:156,1
DA:157,2
DA:159,1
DA:160,2
DA:162,0
DA:163,0
DA:165,1
DA:166,2
DA:168,1
DA:169,2
DA:171,1
DA:176,2
DA:182,1
DA:188,2
DA:195,1
DA:201,2
DA:208,1
DA:213,2
DA:219,1
DA:220,2
DA:224,1
DA:225,2
DA:227,1
DA:228,2
DA:230,1
DA:231,2
DA:233,1
DA:234,2
DA:236,1
DA:240,2
DA:244,1
DA:257,1
DA:258,1
DA:259,1
DA:260,1
DA:261,1
DA:262,1
DA:263,1
DA:264,1
DA:265,1
DA:266,1
DA:267,1
DA:268,1
LF:74
LH:70
end_of_record
SF:lib\features\social\domain\entities\user_profile.dart
DA:60,4
DA:80,3
DA:86,3
DA:87,3
DA:91,3
DA:92,3
DA:93,3
DA:96,3
DA:100,2
DA:117,2
DA:118,2
DA:119,2
DA:120,2
DA:121,2
DA:122,2
DA:123,2
DA:124,2
DA:125,2
DA:126,2
DA:127,2
DA:128,2
DA:129,2
DA:130,2
DA:131,2
DA:132,2
DA:133,2
DA:134,2
DA:139,6
DA:140,6
DA:141,2
DA:142,2
DA:143,2
DA:144,4
DA:145,2
DA:147,2
DA:148,4
DA:149,4
DA:150,4
DA:151,4
DA:152,4
DA:157,6
DA:159,3
DA:160,3
DA:161,3
DA:162,6
DA:163,6
DA:166,3
DA:167,3
DA:168,3
DA:170,3
DA:171,6
DA:173,6
DA:174,8
DA:175,12
DA:176,4
DA:177,2
DA:181,2
DA:182,2
DA:183,2
DA:184,2
DA:185,2
DA:186,2
DA:187,2
DA:188,4
DA:189,2
DA:190,4
DA:191,4
DA:192,4
DA:193,2
DA:194,4
DA:195,0
DA:196,4
DA:197,4
DA:198,2
DA:199,2
DA:200,2
DA:201,2
DA:202,0
DA:207,2
DA:208,2
DA:209,2
DA:210,2
DA:211,2
DA:212,2
DA:213,2
DA:214,2
DA:215,2
DA:216,4
DA:217,4
DA:218,2
DA:219,2
DA:220,2
DA:221,2
DA:222,3
DA:223,4
DA:224,4
DA:225,4
DA:230,0
DA:231,0
DA:233,0
DA:234,0
DA:235,0
DA:236,0
DA:237,0
DA:238,0
DA:239,0
DA:240,0
DA:241,0
DA:242,0
DA:243,0
DA:244,0
DA:245,0
DA:246,0
DA:247,0
DA:248,0
DA:249,0
DA:250,0
DA:251,0
DA:252,0
DA:253,0
DA:254,0
DA:255,0
DA:256,0
DA:257,0
DA:258,0
DA:259,0
DA:265,0
DA:266,0
DA:267,0
DA:268,0
DA:269,0
DA:270,0
DA:271,0
DA:272,0
DA:273,0
DA:274,0
DA:275,0
DA:276,0
DA:277,0
DA:278,0
DA:279,0
DA:280,0
DA:281,0
DA:282,0
DA:286,0
DA:287,0
DA:288,0
DA:289,0
DA:290,0
DA:291,0
DA:292,0
DA:293,0
DA:294,0
DA:295,0
DA:296,0
DA:297,0
DA:298,0
DA:299,0
DA:300,0
DA:301,0
DA:302,0
DA:303,0
DA:304,0
DA:340,123
DA:353,3
DA:359,2
DA:371,2
DA:372,2
DA:373,1
DA:374,2
DA:375,2
DA:376,2
DA:377,0
DA:378,2
DA:379,2
DA:380,1
DA:381,2
DA:386,2
DA:387,2
DA:388,2
DA:389,2
DA:390,2
DA:391,2
DA:392,5
DA:393,2
DA:394,5
DA:395,2
DA:396,2
DA:397,2
DA:401,2
DA:402,2
DA:403,2
DA:404,2
DA:405,2
DA:406,2
DA:407,2
DA:408,2
DA:409,2
DA:410,2
DA:411,2
DA:412,2
DA:416,0
DA:417,0
DA:418,0
DA:419,0
DA:420,0
DA:421,0
DA:422,0
DA:423,0
DA:424,0
DA:425,0
DA:426,0
DA:427,0
DA:460,124
DA:472,3
DA:474,2
DA:485,2
DA:486,0
DA:487,1
DA:488,2
DA:489,1
DA:490,2
DA:491,2
DA:492,2
DA:493,2
DA:494,2
DA:498,2
DA:499,14
DA:502,2
DA:503,2
DA:504,2
DA:505,2
DA:506,2
DA:507,2
DA:508,2
DA:509,2
DA:510,2
DA:511,2
DA:512,2
DA:513,2
DA:518,2
DA:519,2
DA:520,2
DA:521,2
DA:522,2
DA:523,2
DA:524,2
DA:525,2
DA:526,2
DA:527,2
DA:528,2
DA:532,0
DA:533,0
DA:534,0
DA:535,0
DA:536,0
DA:537,0
DA:538,0
DA:539,0
DA:540,0
DA:541,0
DA:542,0
DA:572,123
DA:583,3
DA:587,2
DA:597,2
DA:598,0
DA:599,2
DA:600,2
DA:601,2
DA:602,2
DA:603,1
DA:604,1
DA:605,2
DA:610,2
DA:611,2
DA:612,2
DA:613,2
DA:614,2
DA:615,2
DA:616,2
DA:617,2
DA:618,2
DA:619,2
DA:623,2
DA:624,2
DA:625,2
DA:626,2
DA:627,2
DA:628,2
DA:629,2
DA:630,2
DA:631,2
DA:632,2
DA:636,0
DA:637,0
DA:638,0
DA:639,0
DA:640,0
DA:641,0
DA:642,0
DA:643,0
DA:644,0
DA:645,0
LF:304
LH:200
end_of_record
SF:lib\features\social\domain\entities\user_profile.g.dart
DA:13,0
DA:15,0
DA:16,0
DA:17,0
DA:19,0
DA:20,0
DA:21,0
DA:22,0
DA:23,0
DA:24,0
DA:25,0
DA:26,0
DA:27,0
DA:28,0
DA:29,0
DA:30,0
DA:31,0
DA:32,0
DA:33,0
DA:34,0
DA:35,0
DA:36,0
DA:40,0
DA:43,0
DA:44,0
DA:45,0
DA:46,0
DA:47,0
DA:48,0
DA:49,0
DA:50,0
DA:51,0
DA:52,0
DA:53,0
DA:54,0
DA:55,0
DA:56,0
DA:57,0
DA:58,0
DA:59,0
DA:60,0
DA:61,0
DA:62,0
DA:63,0
DA:64,0
DA:65,0
DA:66,0
DA:67,0
DA:68,0
DA:69,0
DA:70,0
DA:71,0
DA:72,0
DA:73,0
DA:74,0
DA:75,0
DA:76,0
DA:77,0
DA:80,0
DA:81,0
DA:83,0
DA:86,0
DA:87,0
DA:88,0
DA:95,0
DA:97,0
DA:98,0
DA:99,0
DA:101,0
DA:102,0
DA:103,0
DA:104,0
DA:105,0
DA:106,0
DA:107,0
DA:108,0
DA:109,0
DA:110,0
DA:111,0
DA:115,0
DA:118,0
DA:119,0
DA:120,0
DA:121,0
DA:122,0
DA:123,0
DA:124,0
DA:125,0
DA:126,0
DA:127,0
DA:128,0
DA:129,0
DA:130,0
DA:131,0
DA:132,0
DA:133,0
DA:134,0
DA:135,0
DA:136,0
DA:137,0
DA:138,0
DA:141,0
DA:142,0
DA:144,0
DA:147,0
DA:148,0
DA:149,0
DA:156,0
DA:158,0
DA:159,0
DA:160,0
DA:162,0
DA:163,0
DA:164,0
DA:165,0
DA:166,0
DA:167,0
DA:168,0
DA:169,0
DA:170,0
DA:171,0
DA:175,0
DA:178,0
DA:179,0
DA:180,0
DA:181,0
DA:182,0
DA:183,0
DA:184,0
DA:185,0
DA:186,0
DA:187,0
DA:188,0
DA:189,0
DA:190,0
DA:191,0
DA:192,0
DA:193,0
DA:194,0
DA:195,0
DA:196,0
DA:199,0
DA:200,0
DA:202,0
DA:205,0
DA:206,0
DA:207,0
DA:214,0
DA:216,0
DA:217,0
DA:218,0
DA:220,0
DA:221,0
DA:222,0
DA:223,0
DA:224,0
DA:225,0
DA:226,0
DA:227,0
DA:228,0
DA:232,0
DA:235,0
DA:236,0
DA:237,0
DA:238,0
DA:239,0
DA:240,0
DA:241,0
DA:242,0
DA:243,0
DA:244,0
DA:245,0
DA:246,0
DA:247,0
DA:248,0
DA:249,0
DA:250,0
DA:251,0
DA:254,0
DA:255,0
DA:257,0
DA:260,0
DA:261,0
DA:262,0
LF:184
LH:0
end_of_record
SF:lib\features\watch_party\domain\entities\watch_party.g.dart
DA:13,0
DA:15,0
DA:16,0
DA:17,0
DA:19,0
DA:20,0
DA:21,0
DA:22,0
DA:23,0
DA:24,0
DA:25,0
DA:26,0
DA:27,0
DA:28,0
DA:29,0
DA:30,0
DA:31,0
DA:32,0
DA:33,0
DA:34,0
DA:35,0
DA:36,0
DA:37,0
DA:38,0
DA:39,0
DA:40,0
DA:41,0
DA:42,0
DA:43,0
DA:44,0
DA:45,0
DA:49,0
DA:52,0
DA:53,0
DA:54,0
DA:55,0
DA:56,0
DA:57,0
DA:58,0
DA:59,0
DA:60,0
DA:61,0
DA:62,0
DA:63,0
DA:64,0
DA:65,0
DA:66,0
DA:67,0
DA:68,0
DA:69,0
DA:70,0
DA:71,0
DA:72,0
DA:73,0
DA:74,0
DA:75,0
DA:76,0
DA:77,0
DA:78,0
DA:79,0
DA:80,0
DA:81,0
DA:82,0
DA:83,0
DA:84,0
DA:85,0
DA:86,0
DA:87,0
DA:88,0
DA:89,0
DA:90,0
DA:91,0
DA:92,0
DA:93,0
DA:94,0
DA:95,0
DA:96,0
DA:97,0
DA:98,0
DA:99,0
DA:100,0
DA:101,0
DA:102,0
DA:103,0
DA:104,0
DA:107,0
DA:108,0
DA:110,0
DA:113,0
DA:114,0
DA:115,0
DA:122,0
DA:124,0
DA:125,0
DA:127,0
DA:134,0
DA:137,0
DA:138,0
DA:140,0
DA:141,0
DA:146,0
DA:147,0
DA:149,0
DA:152,0
DA:153,0
DA:154,0
DA:161,0
DA:163,0
DA:164,0
DA:166,0
DA:168,0
DA:170,0
DA:177,0
DA:180,0
DA:181,0
DA:183,0
DA:184,0
DA:186,0
DA:187,0
DA:189,0
DA:190,0
DA:195,0
DA:196,0
DA:198,0
DA:201,0
DA:202,0
DA:203,0
LF:127
LH:0
end_of_record
SF:lib\features\watch_party\domain\entities\watch_party.dart
DA:110,3
DA:140,1
DA:161,1
DA:162,1
DA:163,2
DA:193,1
DA:217,1
DA:218,1
DA:219,0
DA:220,1
DA:221,1
DA:222,1
DA:223,1
DA:224,1
DA:225,1
DA:226,1
DA:227,1
DA:228,1
DA:229,1
DA:230,1
DA:231,1
DA:232,1
DA:233,1
DA:234,1
DA:235,1
DA:236,1
DA:237,1
DA:238,1
DA:239,1
DA:240,1
DA:241,1
DA:242,1
DA:243,1
DA:248,12
DA:249,8
DA:250,8
DA:251,3
DA:252,3
DA:253,6
DA:254,3
DA:255,6
DA:256,3
DA:257,3
DA:258,4
DA:260,2
DA:261,2
DA:262,8
DA:265,2
DA:266,2
DA:267,2
DA:269,2
DA:270,4
DA:272,6
DA:273,8
DA:274,4
DA:278,3
DA:279,9
DA:280,9
DA:283,2
DA:284,2
DA:285,4
DA:286,6
DA:290,1
DA:291,1
DA:292,1
DA:293,1
DA:294,1
DA:295,1
DA:296,1
DA:297,1
DA:298,1
DA:299,4
DA:300,0
DA:302,1
DA:303,1
DA:304,2
DA:305,1
DA:306,1
DA:307,1
DA:308,1
DA:309,1
DA:310,1
DA:311,1
DA:312,1
DA:313,1
DA:314,2
DA:315,1
DA:316,4
DA:317,0
DA:319,2
DA:320,1
DA:321,2
DA:322,2
DA:323,1
DA:324,2
DA:325,2
DA:329,1
DA:330,1
DA:331,1
DA:332,1
DA:333,1
DA:334,1
DA:335,1
DA:336,1
DA:337,2
DA:338,1
DA:339,1
DA:340,2
DA:341,1
DA:342,1
DA:343,1
DA:344,1
DA:345,1
DA:346,1
DA:347,1
DA:348,1
DA:349,1
DA:350,1
DA:351,2
DA:352,2
DA:353,2
DA:354,1
DA:355,1
DA:356,1
DA:361,0
DA:362,0
DA:364,0
DA:365,0
DA:366,0
DA:367,0
DA:368,0
DA:369,0
DA:370,0
DA:371,0
DA:373,0
DA:374,0
DA:375,0
DA:376,0
DA:377,0
DA:378,0
DA:379,0
DA:380,0
DA:381,0
DA:382,0
DA:383,0
DA:384,0
DA:385,0
DA:386,0
DA:387,0
DA:388,0
DA:389,0
DA:390,0
DA:391,0
DA:392,0
DA:394,0
DA:395,0
DA:396,0
DA:397,0
DA:398,0
DA:399,0
DA:400,0
DA:401,0
DA:402,0
DA:403,0
DA:404,0
DA:405,0
DA:406,0
DA:411,0
DA:412,0
DA:413,0
DA:414,0
DA:415,0
DA:416,0
DA:417,0
DA:418,0
DA:419,0
DA:420,0
DA:421,0
DA:422,0
DA:423,0
DA:424,0
DA:425,0
DA:426,0
DA:427,0
DA:428,0
DA:429,0
DA:430,0
DA:431,0
DA:432,0
DA:433,0
DA:434,0
DA:435,0
DA:436,0
DA:437,0
DA:441,1
DA:442,1
DA:443,1
DA:444,1
DA:445,1
DA:446,1
DA:447,1
DA:448,1
DA:449,1
DA:450,1
DA:451,1
DA:452,1
DA:453,1
DA:454,1
DA:455,1
DA:456,1
DA:457,1
DA:458,1
DA:459,1
DA:460,1
DA:461,1
DA:462,1
DA:463,1
DA:464,1
DA:465,1
DA:466,1
DA:467,1
DA:468,1
LF:222
LH:149
end_of_record
SF:lib\features\moderation\domain\entities\user_sanction.dart
DA:29,3
DA:46,1
DA:47,1
DA:48,1
DA:49,1
DA:50,1
DA:51,1
DA:52,1
DA:53,1
DA:54,1
DA:55,1
DA:56,1
DA:57,1
DA:58,1
DA:59,1
DA:60,1
DA:61,1
DA:65,2
DA:66,2
DA:67,6
DA:71,3
DA:74,2
DA:75,2
DA:76,6
DA:77,4
DA:78,8
DA:79,2
DA:80,4
DA:82,4
DA:86,1
DA:102,1
DA:103,1
DA:104,1
DA:105,1
DA:106,1
DA:107,1
DA:108,1
DA:109,1
DA:110,1
DA:111,1
DA:112,1
DA:113,1
DA:114,1
DA:115,1
DA:116,1
DA:120,2
DA:121,2
DA:122,2
DA:123,2
DA:124,4
DA:125,2
DA:126,2
DA:127,4
DA:128,4
DA:129,4
DA:130,2
DA:131,2
DA:132,2
DA:133,3
DA:134,2
DA:135,2
DA:139,2
DA:140,2
DA:141,2
DA:142,2
DA:143,2
DA:144,8
DA:145,1
DA:147,2
DA:148,2
DA:149,2
DA:150,8
DA:151,1
DA:153,4
DA:154,2
DA:155,4
DA:157,2
DA:158,2
DA:159,2
DA:160,2
DA:161,2
DA:163,2
DA:164,2
DA:183,6
DA:197,1
DA:198,1
DA:199,1
DA:200,1
DA:201,1
DA:202,1
DA:203,1
DA:204,1
DA:205,1
DA:206,1
DA:207,1
DA:208,1
DA:209,1
DA:213,8
DA:216,6
DA:219,4
DA:222,2
DA:223,2
DA:224,3
DA:225,3
DA:227,3
DA:228,3
DA:233,1
DA:234,8
DA:237,2
DA:238,2
DA:239,2
DA:240,2
DA:241,2
DA:242,2
DA:243,4
DA:244,2
DA:245,2
DA:246,2
DA:247,2
DA:248,8
DA:249,3
DA:253,2
DA:254,2
DA:255,2
DA:256,2
DA:257,2
DA:258,2
DA:259,2
DA:260,4
DA:262,2
DA:263,2
DA:264,2
DA:266,2
DA:267,2
DA:268,2
DA:269,4
DA:270,2
DA:271,2
DA:272,2
DA:273,2
DA:279,2
DA:280,2
LF:142
LH:142
end_of_record
SF:lib\features\moderation\domain\services\moderation_action_service.dart
DA:16,1
DA:22,1
DA:23,2
DA:25,1
DA:26,2
DA:28,4
DA:33,1
DA:35,3
DA:37,1
DA:38,1
DA:41,2
DA:44,1
DA:45,1
DA:46,3
DA:47,1
DA:48,1
DA:51,1
DA:52,1
DA:53,3
DA:54,1
DA:55,1
DA:60,0
DA:62,0
DA:67,1
DA:68,1
DA:71,1
DA:72,3
DA:76,1
DA:77,1
DA:80,1
DA:81,3
DA:85,1
DA:86,1
DA:89,1
DA:90,1
DA:94,1
DA:95,1
DA:98,1
DA:99,1
DA:105,1
DA:110,1
DA:120,1
DA:126,1
DA:131,2
DA:136,4
DA:139,2
DA:140,1
DA:147,1
DA:153,1
DA:158,2
DA:163,4
DA:166,2
DA:167,1
DA:174,1
DA:179,1
DA:188,4
DA:192,1
DA:199,1
DA:201,1
DA:202,1
DA:203,1
DA:204,1
DA:206,1
DA:207,4
DA:208,1
DA:210,0
DA:212,0
DA:218,1
DA:226,1
DA:230,2
DA:231,1
DA:238,1
DA:244,4
DA:247,1
DA:248,4
DA:250,1
DA:251,2
DA:252,1
DA:255,2
DA:259,0
DA:264,1
DA:266,2
DA:269,1
DA:270,4
DA:276,1
DA:277,4
DA:284,1
DA:291,1
DA:292,1
DA:293,1
DA:294,1
DA:295,1
DA:296,1
DA:297,1
DA:298,1
DA:299,1
DA:300,1
DA:301,1
DA:302,1
LF:99
LH:94
end_of_record
SF:lib\features\moderation\domain\services\moderation_content_filter_service.dart
DA:9,2
DA:16,2
DA:17,4
DA:21,2
DA:22,4
DA:26,2
DA:27,4
DA:31,2
DA:33,4
DA:36,4
DA:46,2
DA:55,2
DA:56,2
DA:59,2
DA:64,2
DA:73,2
DA:78,4
DA:87,4
DA:92,2
DA:99,2
DA:100,2
DA:101,1
DA:103,1
DA:104,3
DA:109,2
DA:125,121
DA:141,121
LF:27
LH:27
end_of_record
SF:lib\features\moderation\domain\services\profanity_filter_service.dart
DA:11,3
DA:19,3
DA:20,3
DA:23,3
DA:34,3
DA:36,3
DA:37,3
DA:140,3
DA:141,3
DA:142,3
DA:146,3
DA:147,3
DA:153,6
DA:154,3
DA:155,0
DA:158,0
DA:163,6
DA:164,3
DA:165,3
DA:166,3
DA:167,3
DA:172,6
DA:173,3
DA:174,3
DA:175,3
DA:182,6
DA:183,3
DA:184,1
DA:188,3
DA:189,1
DA:190,1
DA:194,3
DA:195,1
DA:199,3
DA:200,1
DA:204,3
DA:206,3
DA:207,3
DA:211,3
DA:214,0
DA:216,0
DA:221,3
DA:223,3
DA:224,6
DA:227,3
DA:231,3
DA:232,3
DA:233,6
DA:237,6
DA:238,3
DA:239,6
DA:240,0
DA:243,6
DA:244,12
DA:245,9
DA:250,3
DA:251,6
DA:253,6
DA:254,3
DA:256,9
DA:257,9
DA:261,3
DA:263,6
DA:267,3
DA:268,6
DA:272,3
DA:273,6
DA:277,1
DA:278,2
DA:282,1
DA:283,1
DA:286,1
DA:289,1
DA:302,2
DA:303,1
DA:304,1
DA:306,1
DA:307,3
DA:318,3
DA:322,3
DA:323,3
DA:325,3
DA:326,3
DA:327,3
DA:330,9
DA:331,6
DA:334,3
DA:335,3
DA:336,9
DA:338,3
DA:340,6
LF:91
LH:86
end_of_record
SF:lib\features\moderation\domain\services\moderation_report_service.dart
DA:14,1
DA:20,1
DA:21,2
DA:23,1
DA:24,2
DA:26,4
DA:29,1
DA:38,1
DA:40,1
DA:47,4
DA:49,2
DA:52,1
DA:53,1
DA:54,1
DA:55,2
DA:56,1
DA:57,1
DA:59,2
DA:60,1
DA:62,4
DA:65,2
DA:66,1
DA:78,1
DA:81,4
DA:85,1
DA:88,2
DA:91,0
DA:97,1
DA:98,1
DA:99,1
DA:102,1
DA:103,1
DA:104,1
DA:105,1
DA:106,1
DA:108,6
DA:110,0
DA:111,0
DA:116,1
DA:118,1
DA:122,1
DA:123,1
DA:124,1
DA:125,2
DA:126,1
DA:127,1
DA:129,2
DA:131,0
DA:138,1
DA:144,1
DA:155,1
DA:163,1
DA:175,1
DA:183,1
DA:195,1
DA:197,1
DA:198,2
DA:199,1
DA:200,1
DA:201,1
DA:203,6
DA:205,0
DA:207,0
DA:212,1
DA:217,1
DA:221,4
DA:222,1
DA:223,1
DA:226,2
DA:227,2
DA:232,0
DA:237,1
DA:238,4
DA:240,1
DA:241,1
LF:75
LH:68
end_of_record
SF:lib\features\admin\presentation\screens\admin_venue_claims_screen.dart
DA:6,104
DA:8,1
DA:9,1
DA:19,1
DA:21,1
DA:22,2
DA:23,1
DA:26,1
DA:28,2
DA:29,1
DA:32,1
DA:33,3
DA:36,1
DA:37,1
DA:38,1
DA:39,1
DA:40,1
DA:42,0
DA:43,0
DA:44,0
DA:45,0
DA:46,0
DA:48,0
DA:49,0
DA:50,0
DA:51,0
DA:53,0
DA:55,0
DA:56,0
DA:57,0
DA:59,0
DA:61,0
DA:64,0
DA:65,0
DA:66,0
DA:67,0
DA:73,1
DA:75,1
DA:77,1
DA:78,1
DA:80,1
DA:81,1
DA:83,1
DA:86,1
DA:87,1
DA:88,1
DA:89,1
DA:90,1
DA:92,1
DA:94,2
DA:96,0
DA:101,1
DA:102,1
DA:104,1
DA:106,2
DA:108,0
DA:116,1
DA:118,0
DA:119,0
DA:120,0
DA:121,0
DA:122,0
DA:128,0
DA:129,0
DA:131,0
DA:133,0
DA:135,0
DA:136,0
DA:142,0
DA:143,0
DA:144,0
DA:145,0
DA:147,0
DA:148,0
DA:150,0
DA:152,0
DA:158,0
DA:159,0
DA:160,0
DA:162,0
DA:163,0
DA:168,0
DA:169,0
DA:170,0
DA:171,0
DA:172,0
DA:173,0
DA:174,0
DA:175,0
DA:176,0
DA:179,0
DA:181,0
DA:183,0
DA:185,0
DA:186,0
DA:187,0
DA:188,0
DA:190,0
DA:191,0
DA:193,0
DA:196,0
DA:198,0
DA:199,0
DA:200,0
DA:210,0
DA:211,0
DA:212,0
DA:213,0
DA:214,0
DA:216,0
DA:219,0
DA:221,0
DA:222,0
DA:223,0
DA:224,0
DA:225,0
DA:226,0
DA:229,0
DA:236,0
DA:237,0
DA:238,0
DA:241,0
DA:255,0
DA:256,0
DA:258,0
DA:259,0
DA:260,0
DA:262,0
DA:263,0
DA:264,0
DA:271,0
DA:272,0
DA:273,0
DA:274,0
DA:275,0
DA:276,0
DA:277,0
DA:285,0
DA:286,0
DA:287,0
DA:290,0
DA:291,0
DA:292,0
DA:293,0
DA:295,0
DA:303,0
DA:305,0
DA:306,0
DA:312,0
DA:313,0
DA:314,0
DA:315,0
DA:316,0
DA:321,0
DA:323,0
DA:324,0
DA:325,0
DA:331,0
DA:332,0
DA:333,0
DA:334,0
DA:336,0
DA:337,0
DA:339,0
DA:341,0
DA:347,0
DA:348,0
DA:349,0
DA:351,0
DA:352,0
DA:357,0
DA:358,0
DA:359,0
DA:360,0
DA:361,0
DA:362,0
DA:363,0
DA:364,0
DA:367,0
DA:369,0
DA:371,0
DA:373,0
DA:374,0
DA:375,0
DA:378,0
DA:379,0
DA:380,0
DA:381,0
DA:387,0
DA:388,0
DA:389,0
DA:390,0
DA:392,0
DA:395,0
DA:397,0
DA:398,0
DA:399,0
DA:400,0
DA:401,0
DA:402,0
DA:407,0
DA:408,0
DA:409,0
DA:410,0
DA:425,0
DA:427,0
DA:428,0
DA:429,0
DA:430,0
DA:432,0
DA:435,0
DA:436,0
DA:437,0
DA:438,0
DA:439,0
DA:444,0
DA:446,0
DA:447,0
DA:448,0
LF:219
LH:36
end_of_record
SF:lib\features\admin\presentation\screens\admin_dashboard_screen.dart
DA:15,1
DA:17,1
DA:18,1
DA:27,1
DA:29,1
DA:30,1
DA:33,1
DA:34,2
DA:36,2
DA:37,0
DA:38,0
DA:39,0
DA:40,0
DA:41,0
DA:49,1
DA:52,1
DA:53,2
DA:54,1
DA:55,1
DA:59,2
DA:60,2
DA:61,1
DA:62,1
DA:65,0
DA:66,0
DA:67,0
DA:72,1
DA:74,1
DA:75,2
DA:77,2
DA:78,1
DA:79,4
DA:86,1
DA:88,1
DA:89,1
DA:90,2
DA:91,1
DA:92,1
DA:94,1
DA:95,1
DA:99,1
DA:100,1
DA:101,1
DA:103,1
DA:105,1
DA:109,1
DA:110,0
DA:111,1
DA:112,0
DA:114,1
DA:116,1
DA:119,1
DA:126,1
DA:127,1
DA:128,1
DA:130,1
DA:131,1
DA:132,1
DA:133,2
DA:134,1
DA:136,2
DA:140,1
DA:141,1
DA:143,1
DA:144,1
DA:145,1
DA:146,3
DA:151,1
DA:153,1
DA:154,2
DA:155,1
DA:157,1
DA:158,2
DA:159,3
DA:174,1
DA:176,1
DA:178,1
DA:180,1
DA:182,1
DA:189,0
DA:190,0
DA:191,0
DA:192,0
DA:194,0
DA:195,0
DA:196,0
DA:198,0
DA:199,0
DA:200,0
DA:202,0
DA:203,0
DA:204,0
DA:212,1
DA:213,1
DA:215,1
DA:216,1
DA:217,3
DA:218,3
DA:223,1
DA:230,1
DA:231,1
DA:233,3
DA:234,3
DA:238,1
DA:240,3
DA:241,3
DA:245,1
DA:247,3
DA:248,3
DA:252,1
DA:254,3
DA:255,3
DA:259,1
DA:261,3
DA:262,3
DA:266,1
DA:268,3
DA:269,3
DA:271,3
DA:279,1
DA:286,1
DA:287,1
DA:289,1
DA:291,1
DA:292,1
DA:294,1
DA:295,1
DA:297,1
DA:299,3
DA:307,1
DA:309,2
DA:318,1
DA:319,2
DA:321,1
DA:323,1
DA:324,1
DA:325,3
DA:326,3
DA:333,1
DA:334,1
DA:336,3
DA:337,3
DA:339,0
DA:340,0
DA:341,0
DA:346,1
DA:347,1
DA:352,0
DA:353,0
DA:354,0
DA:359,1
DA:360,1
DA:362,3
DA:363,7
DA:365,0
DA:366,0
DA:367,0
DA:369,6
DA:373,1
DA:374,1
DA:376,3
DA:377,3
DA:379,0
DA:380,0
DA:381,0
DA:386,1
DA:387,1
DA:389,3
DA:390,3
DA:392,0
DA:393,0
DA:394,0
DA:399,1
DA:400,1
DA:402,3
DA:403,3
DA:405,0
DA:406,0
DA:407,0
DA:414,1
DA:422,1
DA:424,1
DA:425,1
DA:426,2
DA:427,3
DA:429,1
DA:430,1
DA:431,1
DA:433,1
DA:435,1
DA:437,1
DA:439,1
DA:441,1
DA:450,1
DA:451,1
LF:195
LH:154
end_of_record
SF:lib\l10n\app_localizations.dart
DA:67,8
DA:68,16
DA:72,8
DA:73,8
DA:4794,103
DA:4796,8
DA:4798,16
DA:4801,8
DA:4803,24
DA:4805,0
DA:4809,8
DA:4811,8
DA:4812,8
DA:4813,8
DA:4814,0
DA:4815,0
DA:4816,0
DA:4817,0
DA:4818,0
DA:4819,0
DA:4822,0
LF:21
LH:13
end_of_record
SF:lib\features\admin\presentation\screens\admin_users_screen.dart
DA:8,103
DA:10,0
DA:11,0
DA:21,0
DA:23,0
DA:24,0
DA:27,0
DA:29,0
DA:30,0
DA:33,0
DA:34,0
DA:36,0
DA:37,0
DA:40,0
DA:41,0
DA:42,0
DA:46,0
DA:47,0
DA:49,0
DA:51,0
DA:52,0
DA:55,0
DA:56,0
DA:57,0
DA:61,0
DA:63,0
DA:65,0
DA:66,0
DA:69,0
DA:70,0
DA:72,0
DA:74,0
DA:75,0
DA:76,0
DA:79,0
DA:80,0
DA:82,0
DA:83,0
DA:84,0
DA:89,0
DA:90,0
DA:91,0
DA:97,0
DA:98,0
DA:100,0
DA:101,0
DA:102,0
DA:104,0
DA:107,0
DA:108,0
DA:109,0
DA:110,0
DA:111,0
DA:112,0
DA:113,0
DA:123,0
DA:124,0
DA:126,0
DA:127,0
DA:128,0
DA:129,0
DA:131,0
DA:132,0
DA:135,0
DA:136,0
DA:138,0
DA:139,0
DA:140,0
DA:141,0
DA:142,0
DA:143,0
DA:145,0
DA:148,0
DA:149,0
DA:150,0
DA:156,0
DA:157,0
DA:159,0
DA:161,0
DA:162,0
DA:163,0
DA:164,0
DA:165,0
DA:166,0
DA:167,0
DA:168,0
DA:169,0
DA:171,0
DA:172,0
DA:176,0
DA:178,0
DA:182,0
DA:184,0
DA:188,0
DA:190,0
DA:194,0
DA:206,0
DA:207,0
DA:209,0
DA:211,0
DA:212,0
DA:214,0
DA:219,0
DA:225,0
DA:231,0
DA:233,0
DA:234,0
DA:238,0
DA:239,0
DA:242,0
DA:243,0
DA:245,0
DA:246,0
DA:247,0
DA:248,0
DA:249,0
DA:257,0
DA:258,0
DA:259,0
DA:262,0
DA:263,0
DA:264,0
DA:265,0
DA:266,0
DA:267,0
DA:268,0
DA:269,0
DA:271,0
DA:272,0
DA:273,0
DA:274,0
DA:286,0
DA:287,0
DA:290,0
DA:291,0
DA:292,0
DA:293,0
DA:294,0
DA:295,0
DA:297,0
DA:298,0
DA:307,0
DA:316,0
DA:318,0
DA:324,0
DA:325,0
DA:326,0
DA:329,0
DA:330,0
DA:331,0
DA:332,0
DA:333,0
DA:334,0
DA:335,0
DA:336,0
DA:339,0
DA:340,0
DA:341,0
DA:342,0
DA:355,0
DA:356,0
DA:359,0
DA:360,0
DA:361,0
DA:362,0
DA:363,0
DA:364,0
DA:366,0
DA:367,0
DA:376,0
DA:385,0
DA:387,0
DA:393,0
DA:394,0
DA:395,0
DA:398,0
DA:399,0
DA:400,0
DA:401,0
DA:402,0
DA:403,0
DA:404,0
DA:405,0
DA:406,0
DA:409,0
DA:410,0
DA:411,0
DA:412,0
DA:425,0
DA:426,0
DA:428,0
DA:429,0
DA:430,0
DA:431,0
DA:432,0
DA:434,0
DA:440,0
DA:450,0
DA:451,0
DA:452,0
DA:455,0
DA:456,0
DA:457,0
DA:458,0
DA:459,0
DA:460,0
DA:461,0
DA:462,0
DA:463,0
DA:465,0
DA:466,0
DA:467,0
DA:468,0
LF:213
LH:1
end_of_record
SF:lib\features\admin\presentation\screens\admin_moderation_screen.dart
DA:9,104
DA:11,1
DA:12,1
DA:21,1
DA:23,1
DA:24,1
DA:27,1
DA:28,3
DA:30,2
DA:32,2
DA:33,1
DA:34,1
DA:38,1
DA:40,1
DA:42,1
DA:44,1
DA:45,1
DA:46,2
DA:47,1
DA:48,1
DA:50,1
DA:54,1
DA:56,2
DA:57,1
DA:58,1
DA:60,1
DA:61,1
DA:64,2
DA:67,1
DA:68,1
DA:69,2
DA:72,1
DA:73,1
DA:74,2
DA:79,1
DA:80,1
DA:81,1
DA:83,2
DA:84,1
DA:85,2
DA:86,1
DA:93,1
DA:94,1
DA:96,1
DA:98,1
DA:100,1
DA:102,1
DA:103,1
DA:104,2
DA:106,1
DA:107,1
DA:109,1
DA:110,1
DA:111,2
DA:112,3
DA:116,1
DA:117,4
DA:118,2
DA:123,2
DA:129,1
DA:130,5
DA:131,5
DA:132,3
DA:133,2
DA:134,3
DA:135,5
DA:136,6
DA:138,1
DA:141,1
DA:143,1
DA:144,1
DA:145,2
DA:146,4
DA:149,1
DA:150,2
DA:151,1
DA:152,4
DA:155,1
DA:156,0
DA:157,1
DA:158,4
DA:168,1
DA:173,1
DA:177,1
DA:181,1
DA:185,1
DA:189,1
DA:193,1
DA:199,1
DA:200,1
DA:201,1
DA:205,1
DA:207,1
DA:209,1
DA:211,1
DA:213,1
DA:215,1
DA:217,1
DA:222,1
DA:225,1
DA:228,1
DA:229,1
DA:232,1
DA:235,1
DA:238,1
DA:241,1
DA:242,1
DA:244,0
DA:245,0
DA:247,0
DA:250,0
DA:255,1
DA:257,1
DA:258,1
DA:259,1
DA:260,1
DA:262,1
DA:263,2
DA:264,1
DA:265,3
DA:266,1
DA:267,1
DA:276,1
DA:277,1
DA:279,1
DA:281,1
DA:282,1
DA:284,1
DA:289,1
DA:290,1
DA:297,1
DA:298,1
DA:301,1
DA:302,2
DA:303,1
DA:304,4
DA:306,1
DA:308,1
DA:309,1
DA:310,3
DA:311,3
DA:316,1
DA:318,2
DA:325,1
DA:326,8
DA:329,1
DA:330,2
DA:331,1
DA:336,1
DA:337,2
DA:338,6
DA:340,3
DA:341,5
DA:346,1
DA:347,1
DA:349,2
DA:350,1
DA:355,1
DA:356,2
DA:357,6
DA:359,3
DA:360,5
DA:365,0
DA:366,0
DA:367,0
DA:368,0
DA:369,0
DA:370,0
DA:372,0
DA:373,0
DA:375,0
DA:376,0
DA:384,0
DA:386,0
DA:387,0
DA:388,0
DA:389,0
DA:390,0
DA:393,0
DA:395,0
DA:396,0
DA:397,0
DA:398,0
DA:399,0
DA:402,0
DA:404,0
DA:405,0
DA:406,0
DA:407,0
DA:408,0
DA:411,0
DA:413,0
DA:414,0
DA:415,0
DA:416,0
DA:417,0
DA:427,0
DA:428,0
DA:429,0
DA:431,0
DA:434,0
DA:435,0
DA:436,0
DA:438,0
DA:439,0
LF:205
LH:157
end_of_record
SF:lib\features\admin\presentation\screens\admin_watch_parties_screen.dart
DA:8,103
DA:10,0
DA:11,0
DA:21,0
DA:23,0
DA:24,0
DA:27,0
DA:28,0
DA:30,0
DA:31,0
DA:34,0
DA:35,0
DA:36,0
DA:40,0
DA:42,0
DA:44,0
DA:45,0
DA:47,0
DA:48,0
DA:50,0
DA:54,0
DA:55,0
DA:57,0
DA:59,0
DA:60,0
DA:61,0
DA:63,0
DA:64,0
DA:65,0
DA:66,0
DA:70,0
DA:71,0
DA:72,0
DA:79,0
DA:80,0
DA:82,0
DA:83,0
DA:84,0
DA:86,0
DA:89,0
DA:90,0
DA:91,0
DA:93,0
DA:94,0
DA:95,0
DA:96,0
DA:106,0
DA:107,0
DA:109,0
DA:111,0
DA:113,0
DA:114,0
DA:115,0
DA:116,0
DA:117,0
DA:119,0
DA:120,0
DA:121,0
DA:122,0
DA:127,0
DA:128,0
DA:129,0
DA:134,0
DA:136,0
DA:137,0
DA:138,0
DA:140,0
DA:141,0
DA:152,0
DA:153,0
DA:154,0
DA:155,0
DA:157,0
DA:159,0
DA:160,0
DA:161,0
DA:166,0
DA:167,0
DA:179,0
DA:180,0
DA:182,0
DA:183,0
DA:184,0
DA:186,0
DA:191,0
DA:197,0
DA:198,0
DA:201,0
DA:202,0
DA:203,0
DA:205,0
DA:210,0
DA:213,0
DA:214,0
DA:215,0
DA:216,0
DA:221,0
DA:222,0
DA:223,0
DA:224,0
DA:225,0
DA:226,0
DA:227,0
DA:228,0
DA:229,0
DA:230,0
DA:231,0
DA:232,0
DA:233,0
DA:240,0
DA:248,0
DA:249,0
DA:251,0
DA:253,0
DA:254,0
DA:256,0
DA:261,0
DA:262,0
DA:269,0
DA:270,0
DA:272,0
DA:273,0
DA:274,0
DA:276,0
DA:279,0
DA:280,0
DA:282,0
DA:292,0
DA:293,0
DA:294,0
DA:297,0
DA:298,0
DA:299,0
DA:300,0
DA:301,0
DA:302,0
DA:303,0
DA:304,0
DA:305,0
DA:307,0
DA:309,0
DA:310,0
DA:313,0
DA:314,0
DA:315,0
LF:145
LH:1
end_of_record
SF:lib\features\admin\presentation\screens\admin_feature_flags_screen.dart
DA:9,103
DA:11,0
DA:12,0
DA:21,0
DA:23,0
DA:24,0
DA:27,0
DA:28,0
DA:30,0
DA:32,0
DA:33,0
DA:34,0
DA:38,0
DA:40,0
DA:42,0
DA:44,0
DA:45,0
DA:46,0
DA:47,0
DA:48,0
DA:50,0
DA:51,0
DA:53,0
DA:55,0
DA:59,0
DA:61,0
DA:62,0
DA:63,0
DA:65,0
DA:66,0
DA:69,0
DA:72,0
DA:73,0
DA:74,0
DA:77,0
DA:78,0
DA:80,0
DA:85,0
DA:86,0
DA:87,0
DA:89,0
DA:90,0
DA:91,0
DA:92,0
DA:99,0
DA:100,0
DA:102,0
DA:104,0
DA:106,0
DA:107,0
DA:108,0
DA:109,0
DA:110,0
DA:112,0
DA:113,0
DA:114,0
DA:115,0
DA:120,0
DA:121,0
DA:122,0
DA:124,0
DA:130,0
DA:131,0
DA:132,0
DA:137,0
DA:139,0
DA:140,0
DA:141,0
DA:144,0
DA:145,0
DA:146,0
DA:147,0
DA:148,0
DA:150,0
DA:153,0
DA:154,0
DA:155,0
DA:156,0
DA:160,0
DA:161,0
DA:162,0
DA:163,0
DA:164,0
DA:175,0
DA:176,0
DA:179,0
DA:181,0
DA:182,0
DA:183,0
DA:184,0
DA:188,0
DA:190,0
DA:192,0
DA:193,0
DA:194,0
DA:195,0
DA:198,0
DA:199,0
DA:201,0
DA:202,0
DA:203,0
DA:204,0
DA:210,0
DA:211,0
DA:212,0
DA:213,0
DA:215,0
DA:216,0
DA:217,0
DA:218,0
DA:219,0
DA:221,0
DA:222,0
DA:224,0
DA:225,0
DA:226,0
DA:231,0
DA:233,0
DA:234,0
DA:235,0
DA:241,0
DA:242,0
DA:243,0
DA:244,0
DA:246,0
DA:247,0
DA:248,0
DA:249,0
DA:250,0
DA:251,0
DA:252,0
DA:253,0
DA:255,0
DA:256,0
DA:257,0
DA:258,0
DA:262,0
LF:137
LH:1
end_of_record
SF:lib\features\admin\presentation\screens\admin_notifications_screen.dart
DA:8,103
DA:10,0
DA:11,0
DA:44,0
DA:46,0
DA:47,0
DA:48,0
DA:51,0
DA:53,0
DA:55,0
DA:56,0
DA:59,0
DA:61,0
DA:62,0
DA:63,0
DA:65,0
DA:67,0
DA:68,0
DA:69,0
DA:71,0
DA:72,0
DA:73,0
DA:75,0
DA:76,0
DA:78,0
DA:88,0
DA:90,0
DA:95,0
DA:99,0
DA:100,0
DA:102,0
DA:107,0
DA:108,0
DA:113,0
DA:114,0
DA:116,0
DA:118,0
DA:119,0
DA:120,0
DA:127,0
DA:129,0
DA:133,0
DA:134,0
DA:135,0
DA:142,0
DA:143,0
DA:146,0
DA:152,0
DA:153,0
DA:154,0
DA:163,0
DA:164,0
DA:167,0
DA:173,0
DA:176,0
DA:178,0
DA:182,0
DA:183,0
DA:184,0
DA:187,0
DA:189,0
DA:190,0
DA:191,0
DA:198,0
DA:199,0
DA:201,0
DA:202,0
DA:206,0
DA:209,0
DA:217,0
DA:218,0
DA:219,0
DA:220,0
DA:227,0
DA:234,0
DA:241,0
DA:252,0
DA:259,0
DA:261,0
DA:263,0
DA:264,0
DA:265,0
DA:267,0
DA:268,0
DA:270,0
DA:273,0
DA:274,0
DA:276,0
DA:278,0
DA:279,0
DA:280,0
DA:281,0
DA:288,0
DA:289,0
DA:291,0
DA:293,0
DA:294,0
DA:295,0
DA:296,0
DA:297,0
DA:298,0
DA:304,0
DA:306,0
DA:307,0
DA:308,0
DA:309,0
DA:312,0
DA:313,0
DA:314,0
DA:316,0
DA:318,0
DA:323,0
DA:324,0
DA:326,0
DA:327,0
DA:329,0
DA:330,0
DA:333,0
DA:334,0
DA:336,0
DA:337,0
DA:346,0
DA:348,0
DA:349,0
DA:355,0
DA:356,0
DA:358,0
DA:359,0
DA:369,0
DA:370,0
DA:372,0
DA:374,0
DA:376,0
DA:382,0
DA:383,0
DA:385,0
DA:386,0
DA:387,0
DA:388,0
DA:391,0
DA:394,0
DA:396,0
DA:397,0
DA:409,0
DA:410,0
DA:412,0
DA:413,0
DA:414,0
DA:421,0
DA:422,0
DA:423,0
DA:425,0
DA:428,0
DA:431,0
DA:432,0
DA:433,0
DA:436,0
DA:437,0
DA:438,0
DA:441,0
DA:442,0
DA:443,0
DA:450,0
DA:452,0
DA:454,0
DA:455,0
DA:456,0
DA:457,0
DA:458,0
DA:461,0
DA:463,0
DA:465,0
DA:472,0
DA:473,0
DA:474,0
DA:475,0
DA:476,0
DA:479,0
DA:489,0
DA:490,0
DA:492,0
DA:494,0
DA:495,0
DA:497,0
DA:498,0
DA:502,0
DA:503,0
DA:514,0
DA:515,0
DA:516,0
DA:518,0
DA:520,0
DA:521,0
DA:522,0
LF:194
LH:1
end_of_record
SF:lib\l10n\app_localizations_en.dart
DA:9,16
DA:11,0
DA:14,0
DA:17,0
DA:20,0
DA:23,1
DA:26,0
DA:29,0
DA:32,0
DA:35,0
DA:38,0
DA:41,0
DA:44,0
DA:47,0
DA:50,0
DA:52,0
DA:55,0
DA:58,0
DA:61,0
DA:64,0
DA:67,0
DA:70,0
DA:73,0
DA:76,0
DA:79,0
DA:82,0
DA:85,0
DA:88,0
DA:91,0
DA:94,0
DA:97,0
DA:100,0
DA:103,0
DA:106,0
DA:109,0
DA:112,0
DA:115,0
DA:118,0
DA:121,0
DA:124,0
DA:127,0
DA:130,0
DA:133,0
DA:136,0
DA:139,0
DA:142,0
DA:144,0
DA:147,0
DA:150,0
DA:153,0
DA:156,0
DA:159,0
DA:162,0
DA:165,0
DA:168,0
DA:171,0
DA:174,0
DA:177,0
DA:180,0
DA:183,0
DA:186,0
DA:189,0
DA:192,0
DA:195,0
DA:198,0
DA:201,0
DA:204,0
DA:207,0
DA:210,0
DA:213,0
DA:216,0
DA:219,0
DA:222,0
DA:225,0
DA:228,0
DA:231,0
DA:233,0
DA:236,0
DA:239,0
DA:242,0
DA:245,0
DA:248,0
DA:251,0
DA:254,0
DA:257,0
DA:261,0
DA:264,0
DA:267,0
DA:271,0
DA:273,0
DA:276,0
DA:279,0
DA:282,0
DA:286,0
DA:289,0
DA:292,0
DA:295,0
DA:298,0
DA:301,0
DA:304,0
DA:307,1
DA:310,0
DA:313,0
DA:316,0
DA:319,0
DA:321,0
DA:324,0
DA:326,0
DA:329,0
DA:331,0
DA:334,0
DA:336,0
DA:339,0
DA:342,1
DA:345,0
DA:348,0
DA:351,0
DA:354,0
DA:357,0
DA:360,0
DA:362,0
DA:365,0
DA:367,0
DA:370,0
DA:373,0
DA:376,0
DA:379,0
DA:382,0
DA:385,0
DA:388,0
DA:391,0
DA:394,0
DA:397,0
DA:400,0
DA:403,0
DA:406,0
DA:409,0
DA:412,0
DA:415,0
DA:418,0
DA:421,0
DA:424,0
DA:427,0
DA:430,0
DA:433,0
DA:436,0
DA:439,0
DA:442,0
DA:445,0
DA:448,0
DA:451,0
DA:454,0
DA:457,0
DA:460,0
DA:463,0
DA:466,0
DA:469,1
DA:472,0
DA:475,0
DA:478,0
DA:481,0
DA:484,0
DA:487,0
DA:490,0
DA:493,0
DA:496,0
DA:499,0
DA:502,0
DA:505,0
DA:508,0
DA:511,0
DA:514,0
DA:517,0
DA:520,1
DA:523,0
DA:526,0
DA:529,0
DA:532,0
DA:535,0
DA:538,0
DA:540,0
DA:543,0
DA:546,0
DA:549,0
DA:552,0
DA:555,0
DA:558,0
DA:561,0
DA:564,0
DA:567,0
DA:570,0
DA:573,0
DA:576,0
DA:579,0
DA:582,0
DA:585,0
DA:588,0
DA:591,1
DA:594,0
DA:597,0
DA:600,0
DA:603,0
DA:606,0
DA:609,0
DA:612,0
DA:615,0
DA:618,0
DA:621,0
DA:624,0
DA:627,0
DA:630,0
DA:633,0
DA:636,0
DA:639,0
DA:642,0
DA:645,0
DA:648,0
DA:651,0
DA:654,0
DA:657,0
DA:660,0
DA:663,0
DA:666,0
DA:669,0
DA:672,0
DA:675,0
DA:678,0
DA:681,0
DA:684,0
DA:687,0
DA:690,0
DA:693,0
DA:696,0
DA:699,0
DA:702,0
DA:705,0
DA:708,0
DA:711,0
DA:714,0
DA:717,0
DA:720,0
DA:723,0
DA:726,0
DA:729,0
DA:733,0
DA:736,0
DA:739,0
DA:742,0
DA:745,0
DA:749,0
DA:752,0
DA:755,0
DA:758,0
DA:760,0
DA:763,0
DA:767,0
DA:770,0
DA:773,0
DA:776,0
DA:779,0
DA:782,0
DA:785,0
DA:788,0
DA:791,0
DA:794,0
DA:797,0
DA:799,0
DA:802,0
DA:805,0
DA:807,0
DA:810,0
DA:814,0
DA:817,0
DA:820,0
DA:822,0
DA:825,0
DA:828,0
DA:831,0
DA:834,0
DA:837,0
DA:840,0
DA:843,0
DA:846,0
DA:849,0
DA:852,0
DA:855,0
DA:858,0
DA:861,0
DA:864,0
DA:867,0
DA:870,0
DA:873,0
DA:876,0
DA:879,0
DA:882,1
DA:885,1
DA:888,1
DA:891,1
DA:894,1
DA:897,1
DA:900,1
DA:903,1
DA:906,1
DA:909,1
DA:912,1
DA:915,1
DA:918,1
DA:921,1
DA:924,1
DA:927,1
DA:930,1
DA:934,1
DA:937,1
DA:940,1
DA:943,1
DA:945,1
DA:948,1
DA:951,1
DA:955,1
DA:958,1
DA:960,1
DA:963,1
DA:966,1
DA:969,0
DA:972,0
DA:975,0
DA:978,0
DA:981,1
DA:984,0
DA:987,0
DA:990,0
DA:993,0
DA:996,0
DA:999,0
DA:1002,0
DA:1005,0
DA:1008,0
DA:1011,0
DA:1015,0
DA:1018,0
DA:1021,0
DA:1024,0
DA:1027,0
DA:1030,0
DA:1033,0
DA:1037,0
DA:1040,0
DA:1043,0
DA:1047,0
DA:1050,0
DA:1053,0
DA:1056,0
DA:1059,0
DA:1062,0
DA:1066,0
DA:1069,0
DA:1072,0
DA:1075,0
DA:1078,0
DA:1081,0
DA:1084,0
DA:1087,0
DA:1090,0
DA:1093,0
DA:1095,0
DA:1098,0
DA:1101,0
DA:1104,0
DA:1107,0
DA:1110,0
DA:1113,0
DA:1117,0
DA:1120,0
DA:1122,0
DA:1125,0
DA:1128,0
DA:1131,0
DA:1133,0
DA:1136,0
DA:1139,0
DA:1142,0
DA:1145,0
DA:1148,0
DA:1151,0
DA:1154,0
DA:1157,0
DA:1161,0
DA:1164,0
DA:1167,0
DA:1170,0
DA:1173,0
DA:1176,0
DA:1179,0
DA:1183,0
DA:1186,0
DA:1189,0
DA:1191,0
DA:1194,0
DA:1196,0
DA:1199,0
DA:1202,0
DA:1205,0
DA:1208,0
DA:1211,0
DA:1214,0
DA:1217,1
DA:1220,0
DA:1223,0
DA:1226,0
DA:1229,0
DA:1232,0
DA:1234,0
DA:1237,0
DA:1240,0
DA:1243,0
DA:1246,0
DA:1249,0
DA:1252,0
DA:1255,0
DA:1259,0
DA:1262,0
DA:1266,0
DA:1269,0
DA:1273,0
DA:1276,0
DA:1279,0
DA:1282,0
DA:1285,0
DA:1288,0
DA:1291,0
DA:1294,0
DA:1297,0
DA:1300,0
DA:1303,0
DA:1306,0
DA:1310,0
DA:1313,0
DA:1317,0
DA:1320,0
DA:1323,0
DA:1326,0
DA:1329,0
DA:1332,0
DA:1335,0
DA:1338,0
DA:1341,0
DA:1344,0
DA:1347,0
DA:1350,0
DA:1353,0
DA:1356,0
DA:1359,0
DA:1362,0
DA:1365,0
DA:1367,0
DA:1370,0
DA:1373,0
DA:1376,0
DA:1379,0
DA:1381,0
DA:1384,0
DA:1386,0
DA:1389,0
DA:1392,0
DA:1394,0
DA:1397,1
DA:1400,0
DA:1402,0
DA:1405,0
DA:1409,0
DA:1412,0
DA:1415,0
DA:1418,0
DA:1421,0
DA:1424,0
DA:1427,0
DA:1430,0
DA:1433,0
DA:1436,0
DA:1439,0
DA:1441,0
DA:1443,0
DA:1447,0
DA:1450,0
DA:1453,0
DA:1455,0
DA:1458,0
DA:1461,0
DA:1465,0
DA:1468,0
DA:1471,0
DA:1474,0
DA:1476,0
DA:1479,0
DA:1482,0
DA:1485,0
DA:1488,0
DA:1491,0
DA:1494,0
DA:1497,0
DA:1500,0
DA:1503,0
DA:1506,0
DA:1509,0
DA:1513,0
DA:1516,0
DA:1519,0
DA:1522,0
DA:1525,0
DA:1528,0
DA:1531,0
DA:1533,0
DA:1536,0
DA:1539,0
DA:1543,0
DA:1546,0
DA:1549,0
DA:1552,0
DA:1555,0
DA:1558,0
DA:1561,0
DA:1563,0
DA:1566,0
DA:1569,0
DA:1572,0
DA:1575,0
DA:1578,0
DA:1582,0
DA:1585,0
DA:1588,0
DA:1591,0
DA:1594,0
DA:1597,0
DA:1600,0
DA:1602,0
DA:1605,0
DA:1608,0
DA:1611,0
DA:1614,0
DA:1616,0
DA:1619,0
DA:1621,0
DA:1623,0
DA:1627,0
DA:1630,0
DA:1633,0
DA:1636,0
DA:1639,0
DA:1642,0
DA:1645,0
DA:1648,0
DA:1650,0
DA:1653,0
DA:1656,0
DA:1659,0
DA:1663,0
DA:1667,0
DA:1670,0
DA:1674,0
DA:1678,0
DA:1681,0
DA:1684,0
DA:1687,0
DA:1689,0
DA:1692,0
DA:1695,0
DA:1698,0
DA:1700,0
DA:1703,0
DA:1706,0
DA:1709,0
DA:1712,0
DA:1715,0
DA:1718,0
DA:1721,0
DA:1724,0
DA:1727,0
DA:1730,0
DA:1733,0
DA:1736,0
DA:1738,0
DA:1741,0
DA:1743,0
DA:1746,0
DA:1748,0
DA:1751,0
DA:1753,0
DA:1756,0
DA:1759,0
DA:1762,0
DA:1764,0
DA:1767,0
DA:1770,1
DA:1773,2
DA:1776,0
DA:1779,0
DA:1782,0
DA:1785,0
DA:1788,1
DA:1791,1
DA:1794,1
DA:1797,1
DA:1799,1
DA:1802,1
DA:1805,0
DA:1808,0
DA:1811,0
DA:1815,0
DA:1818,0
DA:1821,0
DA:1823,0
DA:1826,0
DA:1829,1
DA:1832,0
DA:1835,0
DA:1838,0
DA:1841,0
DA:1844,0
DA:1847,0
DA:1851,0
DA:1854,0
DA:1858,0
DA:1861,0
DA:1864,0
DA:1867,0
DA:1870,0
DA:1873,0
DA:1877,0
DA:1880,0
DA:1883,0
DA:1886,0
DA:1889,0
DA:1892,0
DA:1895,0
DA:1898,0
DA:1901,0
DA:1904,0
DA:1907,0
DA:1910,0
DA:1913,0
DA:1917,0
DA:1920,0
DA:1924,0
DA:1927,0
DA:1930,0
DA:1932,0
DA:1935,0
DA:1937,0
DA:1940,1
DA:1942,1
DA:1945,0
DA:1948,1
DA:1951,1
DA:1954,0
DA:1957,1
DA:1960,1
DA:1963,1
DA:1966,1
DA:1969,1
DA:1972,1
DA:1975,1
DA:1978,1
DA:1981,1
DA:1984,2
DA:1987,1
DA:1990,1
DA:1993,1
DA:1996,1
DA:1999,1
DA:2002,1
DA:2005,1
DA:2007,1
DA:2010,1
DA:2013,1
DA:2016,1
DA:2019,1
DA:2022,1
DA:2025,1
DA:2028,1
DA:2031,1
DA:2034,1
DA:2037,0
DA:2040,0
DA:2043,0
DA:2046,0
DA:2050,0
DA:2053,0
DA:2056,0
DA:2059,0
DA:2062,0
DA:2064,0
DA:2067,0
DA:2070,0
DA:2073,0
DA:2076,0
DA:2079,0
DA:2082,0
DA:2084,0
DA:2087,0
DA:2090,0
DA:2092,0
DA:2095,0
DA:2098,0
DA:2101,0
DA:2104,0
DA:2107,0
DA:2110,0
DA:2113,0
DA:2116,0
DA:2119,0
DA:2122,0
DA:2125,0
DA:2128,0
DA:2131,0
DA:2134,0
DA:2137,0
DA:2140,0
DA:2143,0
DA:2146,0
DA:2148,0
DA:2151,0
DA:2154,0
DA:2156,0
DA:2158,0
DA:2159,0
DA:2162,0
DA:2165,0
DA:2168,0
DA:2172,0
DA:2174,0
DA:2176,0
DA:2177,0
DA:2180,0
DA:2183,0
DA:2185,0
DA:2187,0
DA:2188,0
DA:2191,0
DA:2194,0
DA:2197,0
DA:2200,0
DA:2203,0
DA:2206,0
DA:2209,0
DA:2212,0
DA:2215,0
DA:2218,0
DA:2221,0
DA:2224,0
DA:2227,0
DA:2231,0
DA:2234,0
DA:2237,0
DA:2240,0
DA:2243,0
DA:2246,0
DA:2249,0
DA:2252,0
DA:2255,0
DA:2259,0
DA:2262,0
DA:2265,0
DA:2268,0
DA:2271,0
DA:2274,0
DA:2277,0
DA:2280,0
DA:2283,0
DA:2286,0
DA:2289,0
DA:2292,0
DA:2295,0
DA:2298,0
DA:2301,0
DA:2305,0
DA:2308,0
DA:2311,0
DA:2314,0
DA:2317,0
DA:2320,0
DA:2324,0
DA:2326,0
DA:2328,0
DA:2329,0
DA:2332,0
DA:2335,0
DA:2338,0
DA:2340,0
DA:2343,0
DA:2346,0
DA:2349,0
DA:2352,0
DA:2355,0
DA:2358,0
DA:2361,0
DA:2365,0
DA:2368,0
DA:2371,0
DA:2374,0
DA:2377,0
DA:2380,0
DA:2384,0
DA:2388,0
DA:2391,0
DA:2394,0
DA:2397,0
DA:2400,0
DA:2403,0
DA:2406,0
DA:2409,0
DA:2412,0
DA:2415,0
DA:2419,0
DA:2422,0
DA:2425,0
DA:2428,0
DA:2431,0
DA:2434,0
DA:2437,0
DA:2441,0
DA:2444,0
DA:2447,0
DA:2450,0
DA:2453,1
DA:2456,0
DA:2459,1
DA:2462,0
DA:2466,0
DA:2469,0
DA:2472,0
DA:2475,0
DA:2479,0
DA:2482,0
DA:2485,0
DA:2488,0
DA:2491,0
DA:2494,0
DA:2497,0
DA:2500,0
DA:2504,0
DA:2507,0
DA:2511,0
DA:2514,0
DA:2518,0
DA:2521,1
DA:2524,0
DA:2528,0
DA:2532,0
DA:2536,0
DA:2539,0
DA:2542,0
DA:2546,0
DA:2550,0
DA:2553,0
DA:2557,0
DA:2560,0
DA:2563,0
LF:857
LH:82
end_of_record
SF:lib\l10n\app_localizations_es.dart
DA:9,0
DA:11,0
DA:14,0
DA:17,0
DA:20,0
DA:23,0
DA:26,0
DA:29,0
DA:32,0
DA:35,0
DA:38,0
DA:41,0
DA:44,0
DA:47,0
DA:50,0
DA:52,0
DA:55,0
DA:58,0
DA:61,0
DA:64,0
DA:67,0
DA:70,0
DA:73,0
DA:76,0
DA:79,0
DA:82,0
DA:85,0
DA:88,0
DA:91,0
DA:94,0
DA:97,0
DA:100,0
DA:103,0
DA:106,0
DA:109,0
DA:112,0
DA:115,0
DA:118,0
DA:121,0
DA:124,0
DA:127,0
DA:130,0
DA:133,0
DA:136,0
DA:139,0
DA:142,0
DA:144,0
DA:147,0
DA:150,0
DA:153,0
DA:156,0
DA:159,0
DA:162,0
DA:165,0
DA:168,0
DA:171,0
DA:174,0
DA:177,0
DA:180,0
DA:183,0
DA:186,0
DA:189,0
DA:192,0
DA:195,0
DA:198,0
DA:201,0
DA:204,0
DA:207,0
DA:210,0
DA:213,0
DA:216,0
DA:219,0
DA:222,0
DA:225,0
DA:228,0
DA:231,0
DA:233,0
DA:236,0
DA:239,0
DA:242,0
DA:245,0
DA:248,0
DA:251,0
DA:254,0
DA:257,0
DA:261,0
DA:264,0
DA:267,0
DA:271,0
DA:273,0
DA:276,0
DA:279,0
DA:282,0
DA:286,0
DA:289,0
DA:292,0
DA:295,0
DA:298,0
DA:301,0
DA:304,0
DA:307,0
DA:310,0
DA:313,0
DA:316,0
DA:319,0
DA:321,0
DA:324,0
DA:326,0
DA:329,0
DA:331,0
DA:334,0
DA:336,0
DA:339,0
DA:342,0
DA:345,0
DA:348,0
DA:351,0
DA:354,0
DA:357,0
DA:360,0
DA:362,0
DA:365,0
DA:367,0
DA:370,0
DA:373,0
DA:376,0
DA:379,0
DA:382,0
DA:385,0
DA:388,0
DA:391,0
DA:394,0
DA:397,0
DA:400,0
DA:403,0
DA:406,0
DA:409,0
DA:412,0
DA:415,0
DA:418,0
DA:421,0
DA:424,0
DA:427,0
DA:430,0
DA:433,0
DA:436,0
DA:439,0
DA:442,0
DA:445,0
DA:448,0
DA:451,0
DA:454,0
DA:457,0
DA:460,0
DA:463,0
DA:466,0
DA:469,0
DA:472,0
DA:475,0
DA:478,0
DA:481,0
DA:484,0
DA:487,0
DA:490,0
DA:493,0
DA:496,0
DA:499,0
DA:502,0
DA:505,0
DA:508,0
DA:511,0
DA:514,0
DA:517,0
DA:520,0
DA:523,0
DA:526,0
DA:529,0
DA:532,0
DA:535,0
DA:538,0
DA:540,0
DA:543,0
DA:546,0
DA:549,0
DA:552,0
DA:555,0
DA:558,0
DA:561,0
DA:564,0
DA:567,0
DA:570,0
DA:573,0
DA:576,0
DA:579,0
DA:582,0
DA:585,0
DA:588,0
DA:591,0
DA:594,0
DA:597,0
DA:600,0
DA:603,0
DA:606,0
DA:609,0
DA:612,0
DA:615,0
DA:618,0
DA:621,0
DA:624,0
DA:627,0
DA:630,0
DA:633,0
DA:636,0
DA:639,0
DA:642,0
DA:645,0
DA:648,0
DA:651,0
DA:654,0
DA:657,0
DA:660,0
DA:663,0
DA:666,0
DA:669,0
DA:672,0
DA:675,0
DA:678,0
DA:681,0
DA:684,0
DA:687,0
DA:690,0
DA:693,0
DA:696,0
DA:699,0
DA:702,0
DA:705,0
DA:708,0
DA:711,0
DA:714,0
DA:717,0
DA:720,0
DA:723,0
DA:727,0
DA:730,0
DA:734,0
DA:737,0
DA:740,0
DA:744,0
DA:747,0
DA:751,0
DA:754,0
DA:757,0
DA:760,0
DA:762,0
DA:765,0
DA:769,0
DA:772,0
DA:775,0
DA:778,0
DA:781,0
DA:784,0
DA:787,0
DA:790,0
DA:793,0
DA:796,0
DA:799,0
DA:801,0
DA:804,0
DA:807,0
DA:809,0
DA:812,0
DA:816,0
DA:819,0
DA:822,0
DA:824,0
DA:827,0
DA:830,0
DA:833,0
DA:836,0
DA:839,0
DA:842,0
DA:845,0
DA:848,0
DA:851,0
DA:854,0
DA:857,0
DA:860,0
DA:863,0
DA:866,0
DA:869,0
DA:872,0
DA:875,0
DA:878,0
DA:881,0
DA:884,0
DA:887,0
DA:890,0
DA:893,0
DA:896,0
DA:899,0
DA:902,0
DA:905,0
DA:909,0
DA:912,0
DA:915,0
DA:918,0
DA:921,0
DA:924,0
DA:928,0
DA:931,0
DA:935,0
DA:939,0
DA:942,0
DA:945,0
DA:948,0
DA:950,0
DA:953,0
DA:956,0
DA:960,0
DA:963,0
DA:965,0
DA:968,0
DA:971,0
DA:975,0
DA:978,0
DA:981,0
DA:984,0
DA:987,0
DA:990,0
DA:993,0
DA:996,0
DA:999,0
DA:1002,0
DA:1005,0
DA:1008,0
DA:1011,0
DA:1014,0
DA:1017,0
DA:1021,0
DA:1024,0
DA:1027,0
DA:1030,0
DA:1033,0
DA:1036,0
DA:1039,0
DA:1043,0
DA:1046,0
DA:1049,0
DA:1053,0
DA:1056,0
DA:1059,0
DA:1062,0
DA:1065,0
DA:1068,0
DA:1072,0
DA:1075,0
DA:1078,0
DA:1081,0
DA:1084,0
DA:1087,0
DA:1090,0
DA:1093,0
DA:1096,0
DA:1099,0
DA:1101,0
DA:1104,0
DA:1107,0
DA:1110,0
DA:1113,0
DA:1116,0
DA:1119,0
DA:1123,0
DA:1126,0
DA:1128,0
DA:1131,0
DA:1134,0
DA:1137,0
DA:1139,0
DA:1142,0
DA:1145,0
DA:1148,0
DA:1152,0
DA:1155,0
DA:1158,0
DA:1161,0
DA:1164,0
DA:1168,0
DA:1171,0
DA:1174,0
DA:1177,0
DA:1180,0
DA:1183,0
DA:1186,0
DA:1190,0
DA:1194,0
DA:1197,0
DA:1199,0
DA:1202,0
DA:1204,0
DA:1207,0
DA:1210,0
DA:1213,0
DA:1216,0
DA:1219,0
DA:1222,0
DA:1225,0
DA:1228,0
DA:1231,0
DA:1235,0
DA:1238,0
DA:1241,0
DA:1243,0
DA:1246,0
DA:1250,0
DA:1253,0
DA:1256,0
DA:1260,0
DA:1263,0
DA:1266,0
DA:1270,0
DA:1273,0
DA:1277,0
DA:1280,0
DA:1284,0
DA:1287,0
DA:1290,0
DA:1293,0
DA:1296,0
DA:1300,0
DA:1303,0
DA:1306,0
DA:1309,0
DA:1312,0
DA:1315,0
DA:1318,0
DA:1322,0
DA:1325,0
DA:1329,0
DA:1332,0
DA:1335,0
DA:1339,0
DA:1342,0
DA:1345,0
DA:1349,0
DA:1352,0
DA:1355,0
DA:1358,0
DA:1361,0
DA:1364,0
DA:1367,0
DA:1370,0
DA:1373,0
DA:1376,0
DA:1379,0
DA:1381,0
DA:1384,0
DA:1387,0
DA:1390,0
DA:1393,0
DA:1395,0
DA:1398,0
DA:1400,0
DA:1403,0
DA:1407,0
DA:1409,0
DA:1412,0
DA:1415,0
DA:1417,0
DA:1420,0
DA:1424,0
DA:1427,0
DA:1430,0
DA:1433,0
DA:1436,0
DA:1439,0
DA:1442,0
DA:1445,0
DA:1448,0
DA:1451,0
DA:1454,0
DA:1456,0
DA:1458,0
DA:1462,0
DA:1465,0
DA:1468,0
DA:1470,0
DA:1473,0
DA:1476,0
DA:1480,0
DA:1483,0
DA:1486,0
DA:1489,0
DA:1491,0
DA:1494,0
DA:1497,0
DA:1500,0
DA:1503,0
DA:1506,0
DA:1509,0
DA:1512,0
DA:1515,0
DA:1518,0
DA:1521,0
DA:1524,0
DA:1528,0
DA:1531,0
DA:1534,0
DA:1537,0
DA:1540,0
DA:1543,0
DA:1546,0
DA:1548,0
DA:1551,0
DA:1554,0
DA:1558,0
DA:1561,0
DA:1564,0
DA:1567,0
DA:1570,0
DA:1573,0
DA:1576,0
DA:1578,0
DA:1581,0
DA:1584,0
DA:1587,0
DA:1590,0
DA:1593,0
DA:1597,0
DA:1600,0
DA:1603,0
DA:1606,0
DA:1609,0
DA:1613,0
DA:1616,0
DA:1618,0
DA:1621,0
DA:1624,0
DA:1628,0
DA:1631,0
DA:1633,0
DA:1636,0
DA:1638,0
DA:1640,0
DA:1644,0
DA:1647,0
DA:1650,0
DA:1653,0
DA:1656,0
DA:1659,0
DA:1662,0
DA:1665,0
DA:1667,0
DA:1670,0
DA:1673,0
DA:1676,0
DA:1680,0
DA:1684,0
DA:1687,0
DA:1691,0
DA:1695,0
DA:1698,0
DA:1701,0
DA:1704,0
DA:1706,0
DA:1709,0
DA:1713,0
DA:1716,0
DA:1718,0
DA:1721,0
DA:1725,0
DA:1729,0
DA:1733,0
DA:1736,0
DA:1739,0
DA:1742,0
DA:1745,0
DA:1748,0
DA:1751,0
DA:1754,0
DA:1757,0
DA:1759,0
DA:1762,0
DA:1764,0
DA:1767,0
DA:1769,0
DA:1772,0
DA:1774,0
DA:1777,0
DA:1780,0
DA:1784,0
DA:1786,0
DA:1789,0
DA:1792,0
DA:1795,0
DA:1798,0
DA:1801,0
DA:1804,0
DA:1807,0
DA:1810,0
DA:1813,0
DA:1816,0
DA:1819,0
DA:1821,0
DA:1824,0
DA:1827,0
DA:1830,0
DA:1833,0
DA:1837,0
DA:1840,0
DA:1843,0
DA:1845,0
DA:1848,0
DA:1851,0
DA:1854,0
DA:1857,0
DA:1860,0
DA:1863,0
DA:1866,0
DA:1869,0
DA:1873,0
DA:1876,0
DA:1880,0
DA:1883,0
DA:1886,0
DA:1890,0
DA:1893,0
DA:1896,0
DA:1900,0
DA:1903,0
DA:1906,0
DA:1909,0
DA:1912,0
DA:1915,0
DA:1918,0
DA:1921,0
DA:1924,0
DA:1927,0
DA:1930,0
DA:1933,0
DA:1936,0
DA:1940,0
DA:1943,0
DA:1947,0
DA:1950,0
DA:1953,0
DA:1955,0
DA:1958,0
DA:1960,0
DA:1963,0
DA:1965,0
DA:1968,0
DA:1971,0
DA:1974,0
DA:1977,0
DA:1980,0
DA:1983,0
DA:1986,0
DA:1989,0
DA:1992,0
DA:1995,0
DA:1998,0
DA:2001,0
DA:2004,0
DA:2008,0
DA:2011,0
DA:2014,0
DA:2017,0
DA:2020,0
DA:2023,0
DA:2026,0
DA:2029,0
DA:2031,0
DA:2034,0
DA:2037,0
DA:2040,0
DA:2043,0
DA:2046,0
DA:2049,0
DA:2052,0
DA:2055,0
DA:2058,0
DA:2061,0
DA:2064,0
DA:2067,0
DA:2070,0
DA:2074,0
DA:2077,0
DA:2080,0
DA:2083,0
DA:2086,0
DA:2088,0
DA:2091,0
DA:2094,0
DA:2097,0
DA:2100,0
DA:2103,0
DA:2106,0
DA:2108,0
DA:2111,0
DA:2114,0
DA:2116,0
DA:2119,0
DA:2122,0
DA:2125,0
DA:2128,0
DA:2131,0
DA:2134,0
DA:2137,0
DA:2140,0
DA:2143,0
DA:2146,0
DA:2149,0
DA:2152,0
DA:2155,0
DA:2158,0
DA:2161,0
DA:2165,0
DA:2168,0
DA:2171,0
DA:2173,0
DA:2176,0
DA:2179,0
DA:2181,0
DA:2183,0
DA:2184,0
DA:2187,0
DA:2190,0
DA:2193,0
DA:2197,0
DA:2199,0
DA:2201,0
DA:2202,0
DA:2205,0
DA:2208,0
DA:2210,0
DA:2212,0
DA:2213,0
DA:2216,0
DA:2219,0
DA:2222,0
DA:2225,0
DA:2228,0
DA:2231,0
DA:2234,0
DA:2237,0
DA:2240,0
DA:2243,0
DA:2246,0
DA:2249,0
DA:2252,0
DA:2255,0
DA:2258,0
DA:2261,0
DA:2264,0
DA:2267,0
DA:2270,0
DA:2273,0
DA:2276,0
DA:2279,0
DA:2283,0
DA:2286,0
DA:2289,0
DA:2292,0
DA:2295,0
DA:2298,0
DA:2301,0
DA:2304,0
DA:2307,0
DA:2310,0
DA:2313,0
DA:2316,0
DA:2319,0
DA:2322,0
DA:2325,0
DA:2329,0
DA:2332,0
DA:2336,0
DA:2339,0
DA:2342,0
DA:2345,0
DA:2349,0
DA:2351,0
DA:2353,0
DA:2354,0
DA:2357,0
DA:2360,0
DA:2363,0
DA:2365,0
DA:2368,0
DA:2371,0
DA:2374,0
DA:2377,0
DA:2380,0
DA:2383,0
DA:2386,0
DA:2390,0
DA:2393,0
DA:2396,0
DA:2399,0
DA:2402,0
DA:2405,0
DA:2409,0
DA:2413,0
DA:2417,0
DA:2420,0
DA:2423,0
DA:2426,0
DA:2430,0
DA:2433,0
DA:2437,0
DA:2440,0
DA:2443,0
DA:2447,0
DA:2450,0
DA:2453,0
DA:2456,0
DA:2459,0
DA:2462,0
DA:2465,0
DA:2469,0
DA:2472,0
DA:2475,0
DA:2478,0
DA:2481,0
DA:2484,0
DA:2487,0
DA:2490,0
DA:2494,0
DA:2497,0
DA:2500,0
DA:2503,0
DA:2507,0
DA:2510,0
DA:2513,0
DA:2516,0
DA:2519,0
DA:2522,0
DA:2525,0
DA:2528,0
DA:2532,0
DA:2535,0
DA:2539,0
DA:2542,0
DA:2546,0
DA:2549,0
DA:2552,0
DA:2556,0
DA:2560,0
DA:2564,0
DA:2567,0
DA:2570,0
DA:2574,0
DA:2578,0
DA:2581,0
DA:2585,0
DA:2588,0
DA:2591,0
LF:857
LH:0
end_of_record
SF:lib\l10n\app_localizations_fr.dart
DA:9,0
DA:11,0
DA:14,0
DA:17,0
DA:20,0
DA:23,0
DA:26,0
DA:29,0
DA:32,0
DA:35,0
DA:38,0
DA:41,0
DA:44,0
DA:47,0
DA:50,0
DA:52,0
DA:55,0
DA:58,0
DA:61,0
DA:64,0
DA:67,0
DA:70,0
DA:73,0
DA:76,0
DA:79,0
DA:82,0
DA:85,0
DA:88,0
DA:91,0
DA:94,0
DA:97,0
DA:100,0
DA:103,0
DA:106,0
DA:109,0
DA:112,0
DA:115,0
DA:118,0
DA:121,0
DA:124,0
DA:127,0
DA:130,0
DA:133,0
DA:136,0
DA:139,0
DA:142,0
DA:144,0
DA:147,0
DA:150,0
DA:153,0
DA:156,0
DA:159,0
DA:162,0
DA:165,0
DA:168,0
DA:171,0
DA:174,0
DA:177,0
DA:180,0
DA:183,0
DA:186,0
DA:189,0
DA:192,0
DA:195,0
DA:198,0
DA:201,0
DA:204,0
DA:207,0
DA:210,0
DA:213,0
DA:216,0
DA:219,0
DA:222,0
DA:225,0
DA:228,0
DA:231,0
DA:233,0
DA:236,0
DA:239,0
DA:242,0
DA:245,0
DA:248,0
DA:251,0
DA:254,0
DA:257,0
DA:260,0
DA:263,0
DA:266,0
DA:270,0
DA:272,0
DA:275,0
DA:278,0
DA:281,0
DA:285,0
DA:288,0
DA:291,0
DA:294,0
DA:297,0
DA:300,0
DA:303,0
DA:306,0
DA:309,0
DA:312,0
DA:315,0
DA:318,0
DA:320,0
DA:323,0
DA:325,0
DA:328,0
DA:330,0
DA:333,0
DA:335,0
DA:338,0
DA:341,0
DA:344,0
DA:347,0
DA:350,0
DA:353,0
DA:356,0
DA:359,0
DA:361,0
DA:364,0
DA:366,0
DA:369,0
DA:372,0
DA:375,0
DA:378,0
DA:381,0
DA:384,0
DA:387,0
DA:390,0
DA:393,0
DA:396,0
DA:399,0
DA:402,0
DA:405,0
DA:408,0
DA:411,0
DA:414,0
DA:417,0
DA:420,0
DA:423,0
DA:426,0
DA:429,0
DA:432,0
DA:435,0
DA:438,0
DA:441,0
DA:444,0
DA:447,0
DA:450,0
DA:453,0
DA:456,0
DA:459,0
DA:462,0
DA:465,0
DA:468,0
DA:471,0
DA:474,0
DA:477,0
DA:480,0
DA:483,0
DA:486,0
DA:489,0
DA:492,0
DA:495,0
DA:498,0
DA:501,0
DA:504,0
DA:507,0
DA:510,0
DA:513,0
DA:516,0
DA:519,0
DA:522,0
DA:525,0
DA:528,0
DA:531,0
DA:534,0
DA:537,0
DA:539,0
DA:542,0
DA:545,0
DA:548,0
DA:551,0
DA:554,0
DA:557,0
DA:560,0
DA:563,0
DA:566,0
DA:569,0
DA:572,0
DA:575,0
DA:578,0
DA:581,0
DA:584,0
DA:587,0
DA:590,0
DA:593,0
DA:596,0
DA:599,0
DA:602,0
DA:605,0
DA:608,0
DA:611,0
DA:614,0
DA:617,0
DA:620,0
DA:623,0
DA:626,0
DA:629,0
DA:632,0
DA:635,0
DA:638,0
DA:641,0
DA:644,0
DA:647,0
DA:650,0
DA:653,0
DA:656,0
DA:659,0
DA:662,0
DA:665,0
DA:668,0
DA:671,0
DA:674,0
DA:677,0
DA:680,0
DA:683,0
DA:686,0
DA:689,0
DA:692,0
DA:695,0
DA:698,0
DA:701,0
DA:704,0
DA:707,0
DA:710,0
DA:713,0
DA:716,0
DA:719,0
DA:722,0
DA:726,0
DA:729,0
DA:733,0
DA:736,0
DA:739,0
DA:743,0
DA:746,0
DA:750,0
DA:753,0
DA:757,0
DA:760,0
DA:762,0
DA:765,0
DA:769,0
DA:772,0
DA:775,0
DA:778,0
DA:781,0
DA:784,0
DA:787,0
DA:790,0
DA:793,0
DA:796,0
DA:799,0
DA:801,0
DA:804,0
DA:807,0
DA:809,0
DA:812,0
DA:816,0
DA:819,0
DA:823,0
DA:825,0
DA:828,0
DA:831,0
DA:834,0
DA:837,0
DA:840,0
DA:843,0
DA:846,0
DA:849,0
DA:852,0
DA:855,0
DA:858,0
DA:861,0
DA:864,0
DA:867,0
DA:870,0
DA:873,0
DA:876,0
DA:879,0
DA:882,0
DA:886,0
DA:889,0
DA:892,0
DA:895,0
DA:898,0
DA:901,0
DA:904,0
DA:907,0
DA:911,0
DA:914,0
DA:917,0
DA:920,0
DA:923,0
DA:926,0
DA:929,0
DA:932,0
DA:936,0
DA:940,0
DA:944,0
DA:947,0
DA:950,0
DA:952,0
DA:955,0
DA:958,0
DA:962,0
DA:965,0
DA:967,0
DA:970,0
DA:973,0
DA:977,0
DA:980,0
DA:983,0
DA:986,0
DA:989,0
DA:992,0
DA:995,0
DA:998,0
DA:1001,0
DA:1004,0
DA:1007,0
DA:1010,0
DA:1014,0
DA:1017,0
DA:1020,0
DA:1024,0
DA:1027,0
DA:1031,0
DA:1034,0
DA:1037,0
DA:1040,0
DA:1043,0
DA:1047,0
DA:1050,0
DA:1053,0
DA:1057,0
DA:1060,0
DA:1063,0
DA:1066,0
DA:1069,0
DA:1072,0
DA:1076,0
DA:1079,0
DA:1082,0
DA:1085,0
DA:1088,0
DA:1091,0
DA:1094,0
DA:1097,0
DA:1100,0
DA:1103,0
DA:1105,0
DA:1108,0
DA:1111,0
DA:1114,0
DA:1117,0
DA:1120,0
DA:1123,0
DA:1127,0
DA:1130,0
DA:1132,0
DA:1135,0
DA:1138,0
DA:1141,0
DA:1143,0
DA:1146,0
DA:1149,0
DA:1152,0
DA:1155,0
DA:1158,0
DA:1161,0
DA:1164,0
DA:1167,0
DA:1171,0
DA:1174,0
DA:1177,0
DA:1180,0
DA:1183,0
DA:1186,0
DA:1189,0
DA:1193,0
DA:1197,0
DA:1200,0
DA:1202,0
DA:1205,0
DA:1207,0
DA:1210,0
DA:1213,0
DA:1216,0
DA:1219,0
DA:1222,0
DA:1225,0
DA:1228,0
DA:1231,0
DA:1234,0
DA:1238,0
DA:1241,0
DA:1244,0
DA:1246,0
DA:1249,0
DA:1253,0
DA:1256,0
DA:1259,0
DA:1263,0
DA:1266,0
DA:1269,0
DA:1273,0
DA:1276,0
DA:1280,0
DA:1283,0
DA:1287,0
DA:1290,0
DA:1293,0
DA:1296,0
DA:1299,0
DA:1302,0
DA:1305,0
DA:1308,0
DA:1311,0
DA:1314,0
DA:1317,0
DA:1320,0
DA:1324,0
DA:1327,0
DA:1331,0
DA:1334,0
DA:1337,0
DA:1341,0
DA:1344,0
DA:1347,0
DA:1351,0
DA:1354,0
DA:1358,0
DA:1361,0
DA:1364,0
DA:1367,0
DA:1370,0
DA:1373,0
DA:1376,0
DA:1379,0
DA:1382,0
DA:1384,0
DA:1387,0
DA:1390,0
DA:1393,0
DA:1396,0
DA:1398,0
DA:1401,0
DA:1403,0
DA:1406,0
DA:1409,0
DA:1411,0
DA:1414,0
DA:1417,0
DA:1419,0
DA:1422,0
DA:1426,0
DA:1429,0
DA:1432,0
DA:1435,0
DA:1438,0
DA:1441,0
DA:1444,0
DA:1447,0
DA:1450,0
DA:1453,0
DA:1456,0
DA:1458,0
DA:1460,0
DA:1464,0
DA:1467,0
DA:1470,0
DA:1472,0
DA:1475,0
DA:1478,0
DA:1482,0
DA:1486,0
DA:1489,0
DA:1492,0
DA:1494,0
DA:1497,0
DA:1500,0
DA:1504,0
DA:1507,0
DA:1510,0
DA:1513,0
DA:1516,0
DA:1519,0
DA:1522,0
DA:1525,0
DA:1528,0
DA:1532,0
DA:1535,0
DA:1538,0
DA:1541,0
DA:1544,0
DA:1547,0
DA:1550,0
DA:1552,0
DA:1555,0
DA:1558,0
DA:1562,0
DA:1565,0
DA:1568,0
DA:1571,0
DA:1574,0
DA:1577,0
DA:1580,0
DA:1582,0
DA:1585,0
DA:1588,0
DA:1591,0
DA:1594,0
DA:1597,0
DA:1601,0
DA:1604,0
DA:1607,0
DA:1611,0
DA:1614,0
DA:1618,0
DA:1621,0
DA:1623,0
DA:1626,0
DA:1629,0
DA:1632,0
DA:1635,0
DA:1637,0
DA:1640,0
DA:1642,0
DA:1644,0
DA:1648,0
DA:1651,0
DA:1654,0
DA:1657,0
DA:1660,0
DA:1663,0
DA:1666,0
DA:1669,0
DA:1671,0
DA:1674,0
DA:1677,0
DA:1680,0
DA:1684,0
DA:1688,0
DA:1691,0
DA:1695,0
DA:1699,0
DA:1702,0
DA:1705,0
DA:1709,0
DA:1711,0
DA:1714,0
DA:1718,0
DA:1721,0
DA:1723,0
DA:1726,0
DA:1730,0
DA:1734,0
DA:1738,0
DA:1741,0
DA:1744,0
DA:1747,0
DA:1750,0
DA:1753,0
DA:1756,0
DA:1759,0
DA:1762,0
DA:1764,0
DA:1767,0
DA:1769,0
DA:1772,0
DA:1774,0
DA:1777,0
DA:1779,0
DA:1782,0
DA:1785,0
DA:1789,0
DA:1791,0
DA:1794,0
DA:1797,0
DA:1800,0
DA:1803,0
DA:1806,0
DA:1809,0
DA:1812,0
DA:1815,0
DA:1818,0
DA:1821,0
DA:1824,0
DA:1826,0
DA:1829,0
DA:1832,0
DA:1835,0
DA:1838,0
DA:1842,0
DA:1845,0
DA:1848,0
DA:1850,0
DA:1853,0
DA:1856,0
DA:1859,0
DA:1862,0
DA:1866,0
DA:1869,0
DA:1872,0
DA:1875,0
DA:1879,0
DA:1882,0
DA:1886,0
DA:1890,0
DA:1893,0
DA:1897,0
DA:1900,0
DA:1903,0
DA:1907,0
DA:1910,0
DA:1913,0
DA:1917,0
DA:1920,0
DA:1923,0
DA:1926,0
DA:1929,0
DA:1932,0
DA:1935,0
DA:1938,0
DA:1941,0
DA:1944,0
DA:1948,0
DA:1951,0
DA:1955,0
DA:1958,0
DA:1961,0
DA:1963,0
DA:1966,0
DA:1968,0
DA:1971,0
DA:1973,0
DA:1976,0
DA:1979,0
DA:1982,0
DA:1985,0
DA:1988,0
DA:1991,0
DA:1994,0
DA:1997,0
DA:2000,0
DA:2003,0
DA:2006,0
DA:2009,0
DA:2012,0
DA:2016,0
DA:2019,0
DA:2022,0
DA:2025,0
DA:2028,0
DA:2032,0
DA:2035,0
DA:2038,0
DA:2040,0
DA:2043,0
DA:2046,0
DA:2049,0
DA:2052,0
DA:2055,0
DA:2058,0
DA:2061,0
DA:2064,0
DA:2067,0
DA:2070,0
DA:2073,0
DA:2076,0
DA:2079,0
DA:2083,0
DA:2086,0
DA:2089,0
DA:2092,0
DA:2095,0
DA:2097,0
DA:2100,0
DA:2103,0
DA:2106,0
DA:2109,0
DA:2112,0
DA:2115,0
DA:2117,0
DA:2120,0
DA:2123,0
DA:2125,0
DA:2128,0
DA:2131,0
DA:2134,0
DA:2137,0
DA:2140,0
DA:2143,0
DA:2146,0
DA:2149,0
DA:2152,0
DA:2155,0
DA:2158,0
DA:2161,0
DA:2164,0
DA:2167,0
DA:2170,0
DA:2174,0
DA:2177,0
DA:2180,0
DA:2182,0
DA:2185,0
DA:2188,0
DA:2190,0
DA:2192,0
DA:2193,0
DA:2196,0
DA:2199,0
DA:2202,0
DA:2206,0
DA:2208,0
DA:2210,0
DA:2211,0
DA:2214,0
DA:2217,0
DA:2219,0
DA:2221,0
DA:2222,0
DA:2225,0
DA:2228,0
DA:2231,0
DA:2234,0
DA:2237,0
DA:2240,0
DA:2243,0
DA:2246,0
DA:2249,0
DA:2252,0
DA:2255,0
DA:2258,0
DA:2261,0
DA:2265,0
DA:2268,0
DA:2271,0
DA:2274,0
DA:2277,0
DA:2280,0
DA:2283,0
DA:2286,0
DA:2289,0
DA:2293,0
DA:2296,0
DA:2299,0
DA:2302,0
DA:2305,0
DA:2308,0
DA:2311,0
DA:2314,0
DA:2317,0
DA:2320,0
DA:2323,0
DA:2326,0
DA:2329,0
DA:2332,0
DA:2335,0
DA:2339,0
DA:2342,0
DA:2346,0
DA:2349,0
DA:2352,0
DA:2355,0
DA:2359,0
DA:2361,0
DA:2363,0
DA:2364,0
DA:2367,0
DA:2370,0
DA:2374,0
DA:2376,0
DA:2379,0
DA:2382,0
DA:2385,0
DA:2388,0
DA:2391,0
DA:2394,0
DA:2397,0
DA:2401,0
DA:2404,0
DA:2408,0
DA:2411,0
DA:2414,0
DA:2417,0
DA:2421,0
DA:2425,0
DA:2429,0
DA:2432,0
DA:2435,0
DA:2438,0
DA:2441,0
DA:2445,0
DA:2449,0
DA:2453,0
DA:2456,0
DA:2460,0
DA:2463,0
DA:2466,0
DA:2469,0
DA:2472,0
DA:2476,0
DA:2479,0
DA:2483,0
DA:2486,0
DA:2489,0
DA:2492,0
DA:2495,0
DA:2498,0
DA:2501,0
DA:2504,0
DA:2508,0
DA:2511,0
DA:2514,0
DA:2517,0
DA:2521,0
DA:2524,0
DA:2527,0
DA:2530,0
DA:2533,0
DA:2536,0
DA:2539,0
DA:2542,0
DA:2546,0
DA:2549,0
DA:2553,0
DA:2556,0
DA:2560,0
DA:2563,0
DA:2566,0
DA:2570,0
DA:2574,0
DA:2578,0
DA:2581,0
DA:2584,0
DA:2588,0
DA:2592,0
DA:2595,0
DA:2599,0
DA:2602,0
DA:2605,0
LF:857
LH:0
end_of_record
SF:lib\l10n\app_localizations_pt.dart
DA:9,0
DA:11,0
DA:14,0
DA:17,0
DA:20,0
DA:23,0
DA:26,0
DA:29,0
DA:32,0
DA:35,0
DA:38,0
DA:41,0
DA:44,0
DA:47,0
DA:50,0
DA:52,0
DA:55,0
DA:58,0
DA:61,0
DA:64,0
DA:67,0
DA:70,0
DA:73,0
DA:76,0
DA:79,0
DA:82,0
DA:85,0
DA:88,0
DA:91,0
DA:94,0
DA:97,0
DA:100,0
DA:103,0
DA:106,0
DA:109,0
DA:112,0
DA:115,0
DA:118,0
DA:121,0
DA:124,0
DA:127,0
DA:130,0
DA:133,0
DA:136,0
DA:139,0
DA:142,0
DA:144,0
DA:147,0
DA:150,0
DA:153,0
DA:156,0
DA:159,0
DA:162,0
DA:165,0
DA:168,0
DA:171,0
DA:174,0
DA:177,0
DA:180,0
DA:183,0
DA:186,0
DA:189,0
DA:192,0
DA:195,0
DA:198,0
DA:201,0
DA:204,0
DA:207,0
DA:210,0
DA:213,0
DA:216,0
DA:219,0
DA:222,0
DA:225,0
DA:228,0
DA:231,0
DA:233,0
DA:236,0
DA:239,0
DA:242,0
DA:245,0
DA:248,0
DA:251,0
DA:254,0
DA:257,0
DA:261,0
DA:264,0
DA:267,0
DA:271,0
DA:273,0
DA:276,0
DA:279,0
DA:282,0
DA:286,0
DA:289,0
DA:292,0
DA:295,0
DA:298,0
DA:301,0
DA:304,0
DA:307,0
DA:310,0
DA:313,0
DA:316,0
DA:319,0
DA:321,0
DA:324,0
DA:326,0
DA:329,0
DA:331,0
DA:334,0
DA:336,0
DA:339,0
DA:342,0
DA:345,0
DA:348,0
DA:351,0
DA:354,0
DA:357,0
DA:360,0
DA:362,0
DA:365,0
DA:367,0
DA:370,0
DA:373,0
DA:376,0
DA:379,0
DA:382,0
DA:385,0
DA:388,0
DA:391,0
DA:394,0
DA:397,0
DA:400,0
DA:403,0
DA:406,0
DA:409,0
DA:412,0
DA:415,0
DA:418,0
DA:421,0
DA:424,0
DA:427,0
DA:430,0
DA:433,0
DA:436,0
DA:439,0
DA:442,0
DA:445,0
DA:448,0
DA:451,0
DA:454,0
DA:457,0
DA:460,0
DA:463,0
DA:466,0
DA:469,0
DA:472,0
DA:475,0
DA:478,0
DA:481,0
DA:484,0
DA:487,0
DA:490,0
DA:493,0
DA:496,0
DA:499,0
DA:502,0
DA:505,0
DA:508,0
DA:511,0
DA:514,0
DA:517,0
DA:520,0
DA:523,0
DA:526,0
DA:529,0
DA:532,0
DA:535,0
DA:538,0
DA:540,0
DA:543,0
DA:546,0
DA:549,0
DA:552,0
DA:555,0
DA:558,0
DA:561,0
DA:564,0
DA:567,0
DA:570,0
DA:573,0
DA:576,0
DA:579,0
DA:582,0
DA:585,0
DA:588,0
DA:591,0
DA:594,0
DA:597,0
DA:600,0
DA:603,0
DA:606,0
DA:609,0
DA:612,0
DA:615,0
DA:618,0
DA:621,0
DA:624,0
DA:627,0
DA:630,0
DA:633,0
DA:636,0
DA:639,0
DA:642,0
DA:645,0
DA:648,0
DA:651,0
DA:654,0
DA:657,0
DA:660,0
DA:663,0
DA:666,0
DA:669,0
DA:672,0
DA:675,0
DA:678,0
DA:681,0
DA:684,0
DA:687,0
DA:690,0
DA:693,0
DA:696,0
DA:699,0
DA:702,0
DA:705,0
DA:708,0
DA:711,0
DA:714,0
DA:717,0
DA:720,0
DA:723,0
DA:727,0
DA:730,0
DA:734,0
DA:737,0
DA:740,0
DA:744,0
DA:747,0
DA:751,0
DA:754,0
DA:757,0
DA:760,0
DA:762,0
DA:765,0
DA:769,0
DA:772,0
DA:775,0
DA:778,0
DA:781,0
DA:784,0
DA:787,0
DA:790,0
DA:793,0
DA:796,0
DA:799,0
DA:801,0
DA:804,0
DA:807,0
DA:809,0
DA:812,0
DA:816,0
DA:819,0
DA:822,0
DA:824,0
DA:827,0
DA:830,0
DA:833,0
DA:836,0
DA:839,0
DA:842,0
DA:845,0
DA:848,0
DA:851,0
DA:854,0
DA:857,0
DA:860,0
DA:863,0
DA:866,0
DA:869,0
DA:872,0
DA:875,0
DA:878,0
DA:881,0
DA:884,0
DA:887,0
DA:890,0
DA:893,0
DA:896,0
DA:899,0
DA:902,0
DA:905,0
DA:908,0
DA:911,0
DA:914,0
DA:917,0
DA:920,0
DA:923,0
DA:926,0
DA:929,0
DA:932,0
DA:936,0
DA:939,0
DA:942,0
DA:945,0
DA:947,0
DA:950,0
DA:953,0
DA:957,0
DA:960,0
DA:962,0
DA:965,0
DA:968,0
DA:972,0
DA:975,0
DA:978,0
DA:981,0
DA:984,0
DA:987,0
DA:990,0
DA:993,0
DA:996,0
DA:999,0
DA:1002,0
DA:1005,0
DA:1008,0
DA:1011,0
DA:1014,0
DA:1018,0
DA:1021,0
DA:1024,0
DA:1027,0
DA:1030,0
DA:1033,0
DA:1036,0
DA:1040,0
DA:1043,0
DA:1046,0
DA:1050,0
DA:1053,0
DA:1056,0
DA:1059,0
DA:1062,0
DA:1065,0
DA:1069,0
DA:1072,0
DA:1075,0
DA:1078,0
DA:1081,0
DA:1084,0
DA:1087,0
DA:1090,0
DA:1093,0
DA:1096,0
DA:1098,0
DA:1101,0
DA:1104,0
DA:1107,0
DA:1110,0
DA:1113,0
DA:1116,0
DA:1120,0
DA:1123,0
DA:1125,0
DA:1128,0
DA:1131,0
DA:1134,0
DA:1136,0
DA:1139,0
DA:1142,0
DA:1145,0
DA:1149,0
DA:1152,0
DA:1155,0
DA:1158,0
DA:1161,0
DA:1165,0
DA:1168,0
DA:1171,0
DA:1174,0
DA:1177,0
DA:1180,0
DA:1183,0
DA:1187,0
DA:1190,0
DA:1193,0
DA:1195,0
DA:1198,0
DA:1200,0
DA:1203,0
DA:1206,0
DA:1209,0
DA:1212,0
DA:1215,0
DA:1218,0
DA:1221,0
DA:1224,0
DA:1227,0
DA:1231,0
DA:1234,0
DA:1237,0
DA:1239,0
DA:1242,0
DA:1246,0
DA:1249,0
DA:1252,0
DA:1255,0
DA:1258,0
DA:1261,0
DA:1265,0
DA:1268,0
DA:1272,0
DA:1275,0
DA:1279,0
DA:1282,0
DA:1285,0
DA:1288,0
DA:1291,0
DA:1294,0
DA:1297,0
DA:1300,0
DA:1303,0
DA:1306,0
DA:1309,0
DA:1312,0
DA:1315,0
DA:1318,0
DA:1322,0
DA:1325,0
DA:1328,0
DA:1332,0
DA:1335,0
DA:1338,0
DA:1342,0
DA:1345,0
DA:1348,0
DA:1351,0
DA:1354,0
DA:1357,0
DA:1360,0
DA:1363,0
DA:1366,0
DA:1369,0
DA:1372,0
DA:1374,0
DA:1377,0
DA:1380,0
DA:1383,0
DA:1386,0
DA:1388,0
DA:1391,0
DA:1393,0
DA:1396,0
DA:1399,0
DA:1401,0
DA:1404,0
DA:1407,0
DA:1409,0
DA:1412,0
DA:1416,0
DA:1419,0
DA:1422,0
DA:1425,0
DA:1428,0
DA:1431,0
DA:1434,0
DA:1437,0
DA:1440,0
DA:1443,0
DA:1446,0
DA:1448,0
DA:1450,0
DA:1454,0
DA:1457,0
DA:1460,0
DA:1462,0
DA:1465,0
DA:1468,0
DA:1472,0
DA:1475,0
DA:1478,0
DA:1481,0
DA:1483,0
DA:1486,0
DA:1489,0
DA:1492,0
DA:1495,0
DA:1498,0
DA:1501,0
DA:1504,0
DA:1507,0
DA:1510,0
DA:1513,0
DA:1516,0
DA:1520,0
DA:1523,0
DA:1526,0
DA:1529,0
DA:1532,0
DA:1535,0
DA:1538,0
DA:1540,0
DA:1543,0
DA:1546,0
DA:1550,0
DA:1553,0
DA:1556,0
DA:1559,0
DA:1562,0
DA:1565,0
DA:1568,0
DA:1570,0
DA:1573,0
DA:1576,0
DA:1579,0
DA:1583,0
DA:1586,0
DA:1590,0
DA:1593,0
DA:1596,0
DA:1599,0
DA:1602,0
DA:1606,0
DA:1609,0
DA:1611,0
DA:1614,0
DA:1617,0
DA:1620,0
DA:1623,0
DA:1625,0
DA:1628,0
DA:1630,0
DA:1632,0
DA:1636,0
DA:1639,0
DA:1642,0
DA:1645,0
DA:1648,0
DA:1651,0
DA:1654,0
DA:1657,0
DA:1659,0
DA:1662,0
DA:1665,0
DA:1668,0
DA:1672,0
DA:1676,0
DA:1679,0
DA:1683,0
DA:1687,0
DA:1690,0
DA:1693,0
DA:1696,0
DA:1698,0
DA:1701,0
DA:1704,0
DA:1707,0
DA:1709,0
DA:1712,0
DA:1715,0
DA:1718,0
DA:1721,0
DA:1724,0
DA:1727,0
DA:1730,0
DA:1733,0
DA:1736,0
DA:1739,0
DA:1742,0
DA:1745,0
DA:1747,0
DA:1750,0
DA:1752,0
DA:1755,0
DA:1757,0
DA:1760,0
DA:1762,0
DA:1765,0
DA:1768,0
DA:1772,0
DA:1774,0
DA:1777,0
DA:1780,0
DA:1783,0
DA:1786,0
DA:1789,0
DA:1792,0
DA:1795,0
DA:1798,0
DA:1801,0
DA:1804,0
DA:1807,0
DA:1809,0
DA:1812,0
DA:1815,0
DA:1818,0
DA:1821,0
DA:1825,0
DA:1828,0
DA:1831,0
DA:1833,0
DA:1836,0
DA:1839,0
DA:1842,0
DA:1845,0
DA:1849,0
DA:1852,0
DA:1855,0
DA:1858,0
DA:1862,0
DA:1865,0
DA:1869,0
DA:1873,0
DA:1876,0
DA:1880,0
DA:1883,0
DA:1886,0
DA:1890,0
DA:1893,0
DA:1896,0
DA:1899,0
DA:1902,0
DA:1905,0
DA:1908,0
DA:1911,0
DA:1914,0
DA:1917,0
DA:1920,0
DA:1923,0
DA:1926,0
DA:1930,0
DA:1933,0
DA:1937,0
DA:1940,0
DA:1943,0
DA:1945,0
DA:1948,0
DA:1950,0
DA:1953,0
DA:1955,0
DA:1958,0
DA:1961,0
DA:1964,0
DA:1967,0
DA:1970,0
DA:1973,0
DA:1976,0
DA:1979,0
DA:1982,0
DA:1985,0
DA:1988,0
DA:1991,0
DA:1994,0
DA:1997,0
DA:2000,0
DA:2003,0
DA:2006,0
DA:2009,0
DA:2012,0
DA:2015,0
DA:2018,0
DA:2020,0
DA:2023,0
DA:2026,0
DA:2029,0
DA:2032,0
DA:2035,0
DA:2038,0
DA:2041,0
DA:2044,0
DA:2047,0
DA:2050,0
DA:2053,0
DA:2056,0
DA:2059,0
DA:2063,0
DA:2066,0
DA:2069,0
DA:2072,0
DA:2075,0
DA:2077,0
DA:2080,0
DA:2083,0
DA:2086,0
DA:2089,0
DA:2092,0
DA:2095,0
DA:2097,0
DA:2100,0
DA:2103,0
DA:2105,0
DA:2108,0
DA:2111,0
DA:2114,0
DA:2117,0
DA:2120,0
DA:2123,0
DA:2126,0
DA:2129,0
DA:2132,0
DA:2135,0
DA:2138,0
DA:2141,0
DA:2144,0
DA:2147,0
DA:2150,0
DA:2154,0
DA:2157,0
DA:2160,0
DA:2162,0
DA:2165,0
DA:2168,0
DA:2170,0
DA:2172,0
DA:2173,0
DA:2176,0
DA:2179,0
DA:2182,0
DA:2186,0
DA:2188,0
DA:2190,0
DA:2191,0
DA:2194,0
DA:2197,0
DA:2199,0
DA:2201,0
DA:2202,0
DA:2205,0
DA:2208,0
DA:2211,0
DA:2214,0
DA:2217,0
DA:2220,0
DA:2223,0
DA:2226,0
DA:2229,0
DA:2232,0
DA:2235,0
DA:2238,0
DA:2241,0
DA:2244,0
DA:2247,0
DA:2250,0
DA:2253,0
DA:2256,0
DA:2259,0
DA:2262,0
DA:2265,0
DA:2268,0
DA:2272,0
DA:2275,0
DA:2278,0
DA:2281,0
DA:2284,0
DA:2287,0
DA:2290,0
DA:2293,0
DA:2296,0
DA:2299,0
DA:2302,0
DA:2305,0
DA:2308,0
DA:2311,0
DA:2314,0
DA:2318,0
DA:2321,0
DA:2324,0
DA:2327,0
DA:2330,0
DA:2333,0
DA:2337,0
DA:2339,0
DA:2341,0
DA:2342,0
DA:2345,0
DA:2348,0
DA:2352,0
DA:2354,0
DA:2357,0
DA:2360,0
DA:2363,0
DA:2366,0
DA:2369,0
DA:2372,0
DA:2375,0
DA:2379,0
DA:2382,0
DA:2385,0
DA:2388,0
DA:2391,0
DA:2394,0
DA:2398,0
DA:2402,0
DA:2406,0
DA:2409,0
DA:2412,0
DA:2415,0
DA:2418,0
DA:2421,0
DA:2425,0
DA:2428,0
DA:2431,0
DA:2435,0
DA:2438,0
DA:2441,0
DA:2444,0
DA:2447,0
DA:2450,0
DA:2453,0
DA:2457,0
DA:2460,0
DA:2463,0
DA:2466,0
DA:2469,0
DA:2472,0
DA:2475,0
DA:2478,0
DA:2482,0
DA:2485,0
DA:2488,0
DA:2491,0
DA:2495,0
DA:2498,0
DA:2501,0
DA:2504,0
DA:2507,0
DA:2510,0
DA:2513,0
DA:2516,0
DA:2520,0
DA:2523,0
DA:2527,0
DA:2530,0
DA:2534,0
DA:2537,0
DA:2540,0
DA:2544,0
DA:2548,0
DA:2552,0
DA:2555,0
DA:2558,0
DA:2562,0
DA:2566,0
DA:2569,0
DA:2573,0
DA:2576,0
DA:2579,0
LF:857
LH:0
end_of_record
SF:lib\features\auth\domain\services\auth_service.dart
DA:16,0
DA:19,0
DA:22,0
DA:25,0
DA:26,0
DA:30,0
DA:32,0
DA:33,0
DA:35,0
DA:36,0
DA:41,0
DA:43,0
DA:45,0
DA:47,0
DA:48,0
DA:50,0
DA:51,0
DA:53,0
DA:59,0
DA:64,0
DA:70,0
DA:71,0
DA:73,0
DA:74,0
DA:81,0
DA:83,0
DA:84,0
DA:86,0
DA:88,0
DA:90,0
DA:91,0
DA:96,0
DA:101,0
DA:106,0
DA:108,0
DA:109,0
DA:110,0
DA:112,0
DA:114,0
DA:116,0
DA:117,0
DA:122,0
DA:125,0
DA:129,0
DA:131,0
DA:134,0
DA:136,0
DA:142,0
DA:144,0
DA:145,0
DA:146,0
DA:147,0
DA:148,0
DA:150,0
DA:151,0
DA:156,0
DA:157,0
DA:159,0
DA:162,0
DA:163,0
DA:168,0
DA:170,0
DA:175,0
DA:177,0
DA:182,0
DA:183,0
DA:184,0
DA:185,0
DA:186,0
DA:187,0
DA:188,0
DA:189,0
DA:191,0
DA:194,0
DA:199,0
DA:201,0
DA:205,0
DA:206,0
DA:207,0
DA:208,0
DA:209,0
DA:212,0
DA:218,0
DA:224,0
DA:231,0
DA:232,0
DA:237,0
DA:244,0
DA:246,0
DA:247,0
DA:248,0
DA:250,0
DA:251,0
DA:254,0
DA:256,0
DA:257,0
DA:262,0
DA:264,0
DA:266,0
DA:267,0
DA:269,0
DA:270,0
DA:275,0
DA:277,0
DA:280,0
DA:286,0
DA:287,0
DA:288,0
DA:289,0
DA:293,0
DA:294,0
DA:296,0
LF:112
LH:0
end_of_record
SF:lib\features\social\domain\services\social_service.dart
DA:21,0
DA:24,0
DA:25,0
DA:27,0
DA:28,0
DA:30,0
DA:31,0
DA:33,0
DA:34,0
DA:36,0
DA:37,0
DA:39,0
DA:40,0
DA:42,0
DA:43,0
DA:45,0
DA:46,0
DA:50,0
DA:51,0
DA:52,0
DA:54,0
DA:55,0
DA:56,0
DA:58,0
DA:60,0
DA:68,0
DA:69,0
DA:73,0
DA:74,0
DA:78,0
DA:79,0
DA:83,0
DA:84,0
DA:88,0
DA:89,0
DA:95,0
DA:96,0
DA:100,0
DA:101,0
DA:105,0
DA:106,0
DA:110,0
DA:111,0
DA:115,0
DA:116,0
DA:120,0
DA:121,0
DA:125,0
DA:126,0
DA:130,0
DA:131,0
DA:135,0
DA:136,0
DA:140,0
DA:141,0
DA:145,0
DA:146,0
DA:150,0
DA:151,0
DA:155,0
DA:156,0
DA:160,0
DA:161,0
DA:162,0
DA:163,0
DA:164,0
DA:165,0
LF:67
LH:0
end_of_record
SF:lib\core\services\analytics_service.dart
DA:120,1
DA:124,1
DA:125,1
DA:126,1
DA:128,1
DA:133,1
DA:142,0
DA:145,0
DA:148,0
DA:149,0
DA:153,0
DA:156,0
DA:159,0
DA:160,0
DA:164,0
DA:165,0
DA:170,0
DA:173,0
DA:175,0
DA:179,0
DA:181,0
DA:183,0
DA:187,0
DA:188,0
DA:191,0
DA:193,0
DA:200,0
DA:202,0
DA:203,0
DA:204,0
DA:206,0
DA:211,0
DA:213,0
DA:214,0
DA:216,0
DA:221,0
DA:223,0
DA:224,0
DA:226,0
DA:231,0
DA:232,0
DA:233,0
DA:240,0
DA:245,0
DA:251,0
DA:252,0
DA:257,0
DA:262,0
DA:266,0
DA:267,0
DA:270,0
DA:275,0
DA:282,0
DA:283,0
DA:289,0
DA:290,0
DA:296,0
DA:297,0
DA:298,0
DA:304,0
DA:310,0
DA:311,0
DA:312,0
DA:313,0
DA:314,0
DA:319,0
DA:324,0
DA:325,0
DA:326,0
DA:327,0
DA:332,0
DA:337,0
DA:339,0
DA:347,0
DA:353,0
DA:354,0
DA:355,0
DA:356,0
DA:357,0
DA:364,0
DA:371,0
DA:372,0
DA:373,0
DA:374,0
DA:375,0
DA:376,0
DA:381,0
DA:386,0
DA:387,0
DA:388,0
DA:389,0
DA:396,0
DA:397,0
DA:403,0
DA:407,0
DA:416,0
DA:420,0
DA:429,0
DA:435,0
DA:444,0
DA:451,0
DA:461,0
DA:466,0
DA:472,0
DA:478,0
[...]
DA:504,0
DA:505,0
DA:506,0
DA:507,0
DA:508,0
DA:509,0
DA:510,0
DA:511,0
DA:512,0
DA:513,0
DA:514,0
DA:515,0
DA:516,0
DA:517,0
DA:518,0
DA:519,0
DA:520,0
DA:521,0
DA:522,0
DA:523,0
DA:524,0
DA:525,0
DA:526,0
DA:527,0
DA:528,0
DA:532,0
DA:533,0
DA:534,0
DA:537,0
DA:538,0
DA:541,0
DA:542,0
DA:543,0
DA:544,0
DA:545,0
DA:546,0
DA:547,0
DA:548,0
DA:549,0
DA:550,0
DA:551,0
DA:552,0
DA:553,0
DA:554,0
DA:555,0
LF:169
LH:1
end_of_record
SF:lib\features\social\domain\services\activity_feed_service.dart
DA:22,0
DA:25,0
DA:26,0
DA:28,0
DA:29,0
DA:31,0
DA:32,0
DA:34,0
DA:35,0
DA:40,0
DA:43,0
DA:44,0
DA:48,0
DA:50,0
DA:51,0
DA:55,0
DA:57,0
DA:58,0
DA:66,0
DA:68,0
DA:70,0
DA:71,0
DA:74,0
DA:77,0
DA:79,0
DA:83,0
DA:90,0
DA:93,0
DA:94,0
DA:97,0
DA:100,0
DA:103,0
DA:104,0
DA:105,0
DA:106,0
DA:107,0
DA:108,0
DA:110,0
DA:111,0
DA:112,0
DA:113,0
DA:114,0
DA:115,0
DA:117,0
DA:118,0
DA:119,0
DA:120,0
DA:121,0
DA:127,0
DA:131,0
DA:133,0
DA:135,0
DA:136,0
DA:137,0
DA:138,0
DA:139,0
DA:140,0
DA:141,0
DA:143,0
DA:145,0
DA:147,0
DA:149,0
DA:150,0
DA:160,0
DA:161,0
DA:162,0
DA:167,0
DA:168,0
DA:171,0
DA:173,0
DA:177,0
DA:180,0
DA:181,0
DA:186,0
DA:191,0
DA:193,0
DA:195,0
DA:196,0
DA:197,0
DA:198,0
DA:199,0
DA:200,0
DA:202,0
DA:204,0
DA:206,0
DA:208,0
DA:209,0
DA:210,0
DA:218,0
DA:222,0
DA:225,0
DA:226,0
DA:227,0
DA:228,0
DA:229,0
DA:233,0
DA:238,0
DA:240,0
DA:242,0
DA:243,0
DA:247,0
DA:251,0
DA:254,0
DA:258,0
DA:259,0
DA:263,0
DA:266,0
DA:268,0
DA:272,0
DA:279,0
DA:281,0
DA:283,0
DA:286,0
DA:289,0
DA:290,0
DA:294,0
DA:297,0
DA:299,0
DA:303,0
DA:310,0
DA:312,0
DA:315,0
DA:320,0
DA:321,0
DA:330,0
DA:332,0
DA:334,0
DA:335,0
DA:341,0
DA:345,0
DA:351,0
DA:355,0
DA:356,0
DA:360,0
DA:363,0
DA:364,0
DA:366,0
DA:370,0
DA:377,0
DA:380,0
DA:381,0
DA:384,0
DA:386,0
DA:387,0
DA:388,0
DA:389,0
DA:390,0
DA:391,0
DA:393,0
DA:395,0
DA:396,0
DA:397,0
DA:398,0
DA:399,0
DA:400,0
DA:401,0
DA:402,0
DA:403,0
DA:404,0
DA:407,0
DA:408,0
DA:412,0
DA:414,0
DA:418,0
DA:420,0
DA:425,0
DA:426,0
DA:427,0
DA:428,0
DA:429,0
DA:430,0
DA:431,0
DA:432,0
DA:433,0
DA:434,0
DA:435,0
DA:436,0
DA:437,0
DA:438,0
DA:439,0
DA:440,0
DA:444,0
DA:446,0
DA:448,0
DA:449,0
DA:450,0
DA:451,0
DA:452,0
DA:453,0
DA:454,0
DA:455,0
DA:456,0
DA:457,0
DA:458,0
DA:459,0
DA:460,0
DA:461,0
DA:470,0
DA:471,0
DA:472,0
DA:473,0
DA:474,0
DA:475,0
DA:476,0
DA:481,0
DA:482,0
DA:483,0
DA:484,0
DA:485,0
DA:486,0
LF:210
LH:0
end_of_record
SF:lib\features\social\presentation\widgets\activity_feed_item_widget.dart
DA:12,0
DA:21,0
DA:22,0
DA:33,0
DA:35,0
DA:36,0
DA:40,0
DA:43,0
DA:44,0
DA:49,0
DA:51,0
DA:52,0
DA:53,0
DA:56,0
DA:57,0
DA:58,0
DA:61,0
DA:62,0
DA:63,0
DA:65,0
DA:68,0
DA:71,0
DA:72,0
DA:73,0
DA:77,0
DA:78,0
DA:79,0
DA:80,0
DA:81,0
DA:82,0
DA:86,0
DA:88,0
DA:90,0
DA:91,0
DA:93,0
DA:95,0
DA:97,0
DA:100,0
DA:103,0
DA:106,0
DA:112,0
DA:113,0
DA:115,0
DA:116,0
DA:118,0
DA:121,0
DA:122,0
DA:124,0
DA:125,0
DA:126,0
DA:127,0
DA:140,0
DA:141,0
DA:143,0
DA:144,0
DA:145,0
DA:146,0
DA:147,0
DA:156,0
DA:157,0
DA:168,0
DA:170,0
DA:171,0
DA:172,0
DA:174,0
DA:175,0
DA:176,0
DA:185,0
DA:186,0
DA:188,0
DA:190,0
DA:191,0
DA:192,0
DA:201,0
DA:202,0
DA:204,0
DA:207,0
DA:213,0
DA:214,0
DA:217,0
DA:218,0
DA:219,0
DA:222,0
DA:229,0
DA:230,0
DA:231,0
DA:233,0
DA:243,0
DA:244,0
DA:246,0
DA:247,0
DA:249,0
DA:250,0
DA:251,0
DA:252,0
DA:253,0
DA:254,0
DA:255,0
DA:256,0
DA:257,0
DA:258,0
DA:265,0
DA:266,0
DA:276,0
DA:277,0
DA:278,0
DA:280,0
DA:284,0
DA:285,0
DA:295,0
DA:296,0
DA:307,0
DA:308,0
DA:317,0
DA:318,0
DA:320,0
DA:321,0
DA:322,0
DA:323,0
DA:324,0
DA:326,0
DA:328,0
DA:329,0
DA:347,0
DA:352,0
DA:353,0
DA:365,0
DA:367,0
DA:369,0
DA:370,0
DA:383,0
DA:384,0
DA:385,0
DA:387,0
DA:389,0
DA:391,0
DA:393,0
DA:395,0
DA:397,0
DA:399,0
DA:401,0
DA:406,0
DA:407,0
DA:408,0
DA:410,0
DA:412,0
DA:414,0
DA:416,0
DA:418,0
DA:420,0
DA:422,0
DA:424,0
LF:152
LH:0
end_of_record
SF:lib\features\social\presentation\widgets\create_activity_bottom_sheet.dart
DA:8,0
DA:13,0
DA:14,0
DA:28,0
DA:30,0
DA:31,0
DA:34,0
DA:36,0
DA:37,0
DA:38,0
DA:39,0
DA:40,0
DA:43,0
DA:44,0
DA:47,0
DA:48,0
DA:49,0
DA:60,0
DA:61,0
DA:62,0
DA:63,0
DA:72,0
DA:73,0
DA:74,0
DA:75,0
DA:76,0
DA:77,0
DA:78,0
DA:83,0
DA:84,0
DA:85,0
DA:94,0
DA:95,0
DA:96,0
DA:97,0
DA:98,0
DA:99,0
DA:100,0
DA:102,0
DA:106,0
DA:107,0
DA:108,0
DA:117,0
DA:118,0
DA:119,0
DA:120,0
DA:121,0
DA:122,0
DA:130,0
DA:131,0
DA:132,0
DA:133,0
DA:134,0
DA:135,0
DA:137,0
DA:142,0
DA:143,0
DA:146,0
DA:148,0
DA:149,0
DA:157,0
DA:158,0
DA:160,0
DA:162,0
DA:163,0
DA:169,0
DA:170,0
DA:181,0
DA:182,0
DA:188,0
DA:189,0
DA:190,0
DA:201,0
DA:202,0
DA:206,0
DA:207,0
DA:209,0
DA:210,0
DA:212,0
DA:213,0
DA:215,0
DA:216,0
DA:218,0
DA:219,0
DA:245,0
DA:246,0
DA:247,0
DA:248,0
DA:249,0
DA:250,0
DA:251,0
DA:252,0
DA:261,0
DA:262,0
DA:264,0
DA:266,0
DA:277,0
DA:278,0
DA:279,0
DA:282,0
DA:283,0
DA:301,0
DA:302,0
DA:303,0
DA:306,0
DA:308,0
DA:309,0
DA:321,0
DA:322,0
DA:324,0
DA:326,0
DA:337,0
DA:338,0
DA:339,0
DA:342,0
DA:343,0
DA:351,0
DA:352,0
DA:353,0
DA:356,0
DA:357,0
DA:375,0
DA:376,0
DA:377,0
DA:380,0
DA:382,0
DA:383,0
DA:395,0
DA:396,0
DA:398,0
DA:400,0
DA:411,0
DA:412,0
DA:413,0
DA:416,0
DA:417,0
DA:435,0
DA:436,0
DA:437,0
DA:440,0
DA:442,0
DA:443,0
DA:455,0
DA:456,0
DA:458,0
DA:460,0
DA:461,0
DA:464,0
DA:465,0
DA:466,0
DA:467,0
DA:468,0
DA:472,0
DA:474,0
DA:475,0
DA:478,0
DA:481,0
DA:483,0
DA:485,0
DA:489,0
DA:491,0
DA:493,0
DA:512,0
DA:513,0
DA:514,0
DA:517,0
DA:519,0
DA:520,0
LF:168
LH:0
end_of_record
SF:lib\features\social\presentation\screens\edit_profile_screen.dart
DA:18,0
DA:23,0
DA:24,0
DA:56,0
DA:58,0
DA:59,0
DA:62,0
DA:63,0
DA:64,0
DA:65,0
DA:66,0
DA:67,0
DA:68,0
DA:69,0
DA:72,0
DA:74,0
DA:75,0
DA:76,0
DA:77,0
DA:80,0
DA:82,0
DA:83,0
DA:84,0
DA:85,0
DA:86,0
DA:87,0
DA:88,0
DA:89,0
DA:90,0
DA:99,0
DA:100,0
DA:102,0
DA:103,0
DA:104,0
DA:105,0
DA:107,0
DA:108,0
DA:112,0
DA:124,0
DA:125,0
DA:127,0
DA:129,0
DA:130,0
DA:131,0
DA:136,0
DA:137,0
DA:140,0
DA:164,0
DA:165,0
DA:167,0
DA:168,0
DA:169,0
DA:171,0
DA:173,0
DA:174,0
DA:175,0
DA:176,0
DA:181,0
DA:182,0
DA:183,0
DA:184,0
DA:189,0
DA:190,0
DA:191,0
DA:192,0
DA:193,0
DA:196,0
DA:201,0
DA:202,0
DA:203,0
DA:204,0
DA:205,0
DA:206,0
DA:209,0
DA:210,0
DA:211,0
DA:222,0
DA:224,0
DA:225,0
DA:230,0
DA:231,0
DA:235,0
DA:239,0
DA:240,0
DA:241,0
DA:244,0
DA:245,0
DA:246,0
DA:247,0
DA:248,0
DA:249,0
DA:250,0
DA:252,0
DA:256,0
DA:257,0
DA:263,0
DA:264,0
DA:266,0
DA:267,0
DA:272,0
DA:273,0
DA:274,0
DA:275,0
DA:277,0
DA:278,0
DA:280,0
DA:281,0
DA:282,0
DA:283,0
DA:284,0
DA:289,0
DA:291,0
DA:293,0
DA:294,0
DA:296,0
DA:300,0
DA:302,0
DA:303,0
DA:304,0
DA:310,0
DA:311,0
DA:312,0
DA:313,0
DA:314,0
DA:316,0
DA:317,0
DA:323,0
DA:324,0
DA:325,0
DA:326,0
DA:327,0
DA:329,0
DA:330,0
LF:133
LH:0
end_of_record
SF:lib\features\social\presentation\widgets\edit_profile_photo_section.dart
DA:11,0
DA:18,0
DA:20,0
DA:22,0
DA:23,0
DA:24,0
DA:25,0
DA:27,0
DA:28,0
DA:40,0
DA:41,0
DA:42,0
DA:45,0
DA:47,0
DA:48,0
DA:49,0
DA:50,0
DA:51,0
DA:57,0
DA:58,0
DA:59,0
DA:60,0
DA:63,0
DA:64,0
DA:65,0
DA:67,0
DA:68,0
DA:70,0
DA:78,0
DA:79,0
DA:91,0
DA:92,0
LF:32
LH:0
end_of_record
SF:lib\features\social\presentation\widgets\edit_profile_basic_info_section.dart
DA:9,0
DA:16,0
DA:18,0
DA:20,0
DA:21,0
DA:22,0
DA:23,0
DA:25,0
DA:27,0
DA:39,0
DA:40,0
DA:42,0
DA:45,0
DA:46,0
DA:56,0
DA:57,0
DA:60,0
DA:69,0
DA:70,0
DA:72,0
DA:82,0
DA:86,0
DA:88,0
DA:91,0
DA:94,0
DA:95,0
DA:96,0
DA:97,0
DA:99,0
DA:100,0
DA:101,0
DA:103,0
DA:104,0
LF:33
LH:0
end_of_record
SF:lib\features\social\presentation\widgets\edit_profile_favorite_teams_section.dart
DA:11,0
DA:18,0
DA:20,0
DA:22,0
DA:23,0
DA:24,0
DA:25,0
DA:27,0
DA:29,0
DA:30,0
DA:32,0
DA:41,0
DA:42,0
DA:53,0
DA:54,0
DA:56,0
DA:57,0
DA:58,0
DA:59,0
DA:73,0
DA:76,0
DA:77,0
DA:78,0
DA:85,0
DA:86,0
DA:88,0
DA:90,0
DA:91,0
DA:93,0
DA:95,0
DA:96,0
DA:101,0
DA:110,0
DA:111,0
LF:34
LH:0
end_of_record
SF:lib\features\social\presentation\widgets\edit_profile_privacy_section.dart
DA:10,0
DA:18,0
DA:20,0
DA:22,0
DA:23,0
DA:24,0
DA:25,0
DA:27,0
DA:29,0
DA:40,0
DA:49,0
DA:50,0
DA:57,0
DA:66,0
DA:67,0
LF:15
LH:0
end_of_record
SF:lib\features\social\presentation\widgets\team_selector_bottom_sheet.dart
DA:11,0
DA:19,0
DA:21,0
DA:22,0
DA:35,0
DA:36,0
DA:38,0
DA:42,0
DA:43,0
DA:44,0
DA:62,0
DA:63,0
DA:65,0
DA:66,0
DA:67,0
DA:68,0
DA:70,0
DA:72,0
DA:74,0
DA:75,0
DA:76,0
DA:77,0
DA:80,0
DA:83,0
DA:84,0
DA:88,0
DA:100,0
DA:101,0
DA:102,0
DA:104,0
DA:106,0
LF:31
LH:0
end_of_record
SF:lib\features\social\presentation\widgets\friend_item_widget.dart
DA:11,1
DA:20,1
DA:22,1
DA:24,1
DA:25,1
DA:27,1
DA:28,1
DA:29,1
DA:30,1
DA:32,1
DA:33,1
DA:35,1
DA:36,1
DA:37,1
DA:39,2
DA:40,0
DA:43,2
DA:44,1
DA:45,3
DA:46,4
DA:58,2
DA:59,1
DA:62,1
DA:65,1
DA:66,2
DA:68,2
DA:72,1
DA:82,1
DA:83,1
DA:85,1
DA:86,1
DA:87,2
DA:94,6
DA:96,1
DA:97,2
DA:98,1
DA:99,1
DA:108,3
DA:110,1
DA:111,2
DA:112,1
DA:113,2
DA:115,1
DA:117,2
DA:122,3
DA:124,1
DA:125,1
DA:126,1
DA:129,1
DA:132,1
DA:133,1
DA:134,2
DA:135,1
DA:136,1
DA:148,4
DA:150,1
DA:152,5
DA:153,1
DA:155,1
DA:156,1
DA:157,1
DA:159,1
DA:164,1
DA:172,1
DA:174,1
DA:176,1
DA:177,1
DA:184,1
DA:185,1
DA:187,1
DA:189,1
DA:191,1
DA:192,2
DA:194,1
DA:195,2
DA:199,2
LF:76
LH:75
end_of_record
SF:lib\features\social\presentation\widgets\friend_request_item_widget.dart
DA:12,1
DA:22,1
DA:24,1
DA:26,1
DA:27,1
DA:28,1
DA:29,1
DA:33,1
DA:35,1
DA:37,1
DA:39,1
DA:40,1
DA:42,1
DA:45,1
DA:46,4
DA:47,4
DA:59,1
DA:60,1
DA:62,1
DA:63,1
DA:64,1
DA:65,1
DA:66,2
DA:74,1
DA:75,1
DA:78,1
DA:79,1
DA:88,1
DA:90,1
DA:91,3
DA:92,1
DA:94,1
DA:95,1
DA:96,1
DA:97,3
DA:109,1
DA:110,2
DA:111,1
DA:112,1
DA:118,4
DA:120,1
DA:121,1
DA:122,1
DA:123,1
DA:124,1
DA:125,1
DA:126,1
DA:130,1
DA:131,1
DA:139,2
DA:140,0
DA:142,1
DA:143,1
DA:144,1
DA:145,1
DA:146,1
DA:147,1
DA:148,2
DA:149,1
DA:150,1
DA:162,3
DA:164,1
DA:166,1
DA:167,1
DA:168,1
DA:171,1
DA:172,1
LF:67
LH:66
end_of_record
SF:lib\features\social\presentation\widgets\friends_empty_states.dart
DA:8,0
DA:14,0
DA:16,0
DA:17,0
DA:19,0
DA:20,0
DA:23,0
DA:26,0
DA:27,0
DA:35,0
DA:36,0
DA:45,0
DA:47,0
DA:48,0
DA:49,0
DA:66,4
DA:68,0
DA:105,4
DA:107,0
LF:19
LH:2
end_of_record
SF:lib\features\social\presentation\widgets\friends_filter_bottom_sheet.dart
DA:18,0
DA:25,0
DA:30,0
DA:32,0
DA:39,0
DA:41,0
DA:43,0
DA:46,0
DA:55,0
DA:56,0
DA:58,0
DA:59,0
DA:60,0
DA:61,0
DA:65,0
DA:66,0
DA:73,0
DA:75,0
DA:77,0
DA:79,0
DA:81,0
DA:86,0
DA:88,0
DA:90,0
DA:92,0
DA:94,0
LF:26
LH:0
end_of_record
SF:lib\features\social\presentation\widgets\friend_action_dialogs.dart
DA:5,0
DA:9,0
DA:13,0
DA:15,0
DA:17,0
DA:18,0
DA:19,0
DA:20,0
DA:23,0
DA:24,0
DA:25,0
DA:35,0
DA:39,0
DA:41,0
DA:43,0
DA:44,0
DA:46,0
DA:47,0
DA:48,0
DA:51,0
DA:52,0
DA:53,0
LF:22
LH:0
end_of_record
SF:lib\features\social\presentation\widgets\friends_search_bar.dart
DA:8,0
DA:14,0
DA:16,0
DA:18,0
DA:19,0
DA:20,0
DA:21,0
DA:22,0
DA:26,0
DA:27,0
DA:29,0
DA:31,0
DA:32,0
DA:33,0
DA:34,0
DA:35,0
DA:36,0
DA:38,0
DA:41,0
DA:42,0
DA:45,0
LF:21
LH:0
end_of_record
SF:lib\features\social\presentation\screens\user_search_screen.dart
DA:9,4
DA:11,0
DA:12,0
DA:23,0
DA:25,0
DA:26,0
DA:29,0
DA:30,0
DA:31,0
DA:32,0
DA:33,0
DA:38,0
DA:39,0
DA:40,0
DA:44,0
DA:45,0
DA:46,0
DA:47,0
DA:50,0
DA:51,0
DA:52,0
DA:53,0
DA:56,0
DA:57,0
DA:58,0
DA:59,0
DA:66,0
DA:68,0
DA:69,0
DA:73,0
DA:75,0
DA:76,0
DA:77,0
DA:82,0
DA:83,0
DA:84,0
DA:90,0
DA:91,0
DA:92,0
DA:93,0
DA:94,0
DA:101,0
DA:103,0
DA:104,0
DA:105,0
DA:106,0
DA:110,0
DA:111,0
DA:113,0
DA:115,0
DA:116,0
DA:117,0
DA:118,0
DA:120,0
DA:121,0
DA:124,0
DA:125,0
DA:128,0
DA:129,0
DA:133,0
DA:135,0
DA:136,0
DA:137,0
DA:141,0
DA:146,0
DA:147,0
DA:154,0
DA:155,0
DA:156,0
DA:157,0
DA:158,0
DA:160,0
DA:167,0
DA:168,0
DA:180,0
DA:188,0
DA:189,0
DA:190,0
DA:191,0
DA:193,0
DA:200,0
DA:201,0
DA:209,0
DA:210,0
DA:222,0
DA:224,0
DA:225,0
DA:226,0
DA:227,0
DA:232,0
DA:233,0
DA:236,0
DA:237,0
DA:239,0
DA:241,0
DA:242,0
DA:244,0
DA:247,0
DA:248,0
DA:250,0
DA:251,0
DA:252,0
DA:253,0
DA:266,0
DA:267,0
DA:269,0
DA:270,0
DA:271,0
DA:277,0
DA:279,0
DA:280,0
DA:287,0
DA:289,0
DA:291,0
DA:292,0
DA:293,0
DA:297,0
DA:300,0
DA:308,0
DA:309,0
DA:311,0
DA:312,0
DA:315,0
DA:316,0
LF:124
LH:1
end_of_record
SF:lib\features\social\presentation\widgets\notification_item_widget.dart
DA:11,0
DA:20,0
DA:22,0
DA:23,0
DA:24,0
DA:25,0
DA:26,0
DA:33,0
DA:34,0
DA:35,0
DA:36,0
DA:38,0
DA:39,0
DA:40,0
DA:41,0
DA:43,0
DA:45,0
DA:47,0
DA:48,0
DA:50,0
DA:52,0
DA:53,0
DA:55,0
DA:56,0
DA:57,0
DA:58,0
DA:68,0
DA:69,0
DA:71,0
DA:72,0
DA:73,0
DA:74,0
DA:75,0
DA:83,0
DA:84,0
DA:96,0
DA:97,0
DA:98,0
DA:99,0
DA:108,0
DA:110,0
DA:116,0
DA:117,0
DA:118,0
DA:121,0
DA:140,0
DA:142,0
DA:143,0
DA:144,0
DA:145,0
DA:146,0
DA:147,0
DA:151,0
DA:152,0
DA:162,0
DA:163,0
DA:164,0
DA:165,0
DA:168,0
DA:169,0
DA:181,0
DA:182,0
DA:183,0
DA:197,0
DA:198,0
DA:199,0
DA:200,0
DA:203,0
DA:204,0
DA:205,0
DA:207,0
DA:209,0
DA:211,0
DA:213,0
DA:215,0
DA:217,0
DA:219,0
DA:221,0
DA:223,0
DA:225,0
DA:227,0
DA:229,0
DA:234,0
DA:235,0
DA:236,0
DA:238,0
DA:240,0
DA:242,0
DA:244,0
DA:246,0
DA:248,0
DA:250,0
DA:252,0
DA:254,0
DA:256,0
DA:258,0
DA:260,0
LF:97
LH:0
end_of_record
SF:lib\features\worldcup\presentation\screens\timezone_settings_screen.dart
DA:7,4
DA:9,0
DA:10,0
DA:17,0
DA:19,0
DA:20,0
DA:23,0
DA:24,0
DA:25,0
DA:26,0
DA:27,0
DA:28,0
DA:33,0
DA:34,0
DA:35,0
DA:36,0
DA:37,0
DA:38,0
DA:39,0
DA:47,0
DA:49,0
DA:51,0
DA:53,0
DA:58,0
DA:60,0
DA:62,0
DA:64,0
DA:69,0
DA:71,0
DA:73,0
DA:75,0
DA:80,0
DA:82,0
DA:83,0
DA:84,0
DA:85,0
DA:86,0
DA:87,0
DA:89,0
DA:91,0
DA:92,0
DA:93,0
DA:94,0
DA:116,0
DA:117,0
DA:123,0
DA:125,0
DA:127,0
DA:129,0
DA:131,0
DA:132,0
DA:133,0
DA:134,0
DA:135,0
DA:138,0
DA:139,0
DA:145,0
DA:146,0
DA:148,0
DA:149,0
DA:160,0
DA:162,0
DA:163,0
DA:169,0
DA:171,0
DA:172,0
DA:173,0
DA:175,0
DA:176,0
DA:183,0
DA:184,0
DA:196,0
DA:198,0
DA:199,0
DA:207,0
DA:208,0
DA:211,0
DA:214,0
DA:216,0
DA:217,0
DA:222,0
DA:223,0
DA:235,0
DA:236,0
DA:237,0
DA:239,0
DA:241,0
DA:242,0
DA:243,0
DA:244,0
DA:247,0
DA:251,0
DA:253,0
DA:254,0
DA:255,0
DA:256,0
DA:258,0
DA:259,0
DA:260,0
DA:263,0
DA:266,0
DA:267,0
DA:269,0
DA:270,0
DA:276,0
DA:277,0
DA:279,0
DA:280,0
DA:281,0
DA:282,0
DA:291,0
DA:292,0
DA:293,0
DA:294,0
DA:302,0
DA:314,0
DA:316,0
DA:319,0
DA:320,0
DA:321,0
DA:327,0
DA:328,0
DA:334,0
DA:335,0
DA:341,0
DA:346,0
DA:347,0
DA:352,0
DA:354,0
DA:355,0
DA:356,0
DA:357,0
DA:359,0
DA:361,0
DA:362,0
DA:363,0
DA:364,0
DA:366,0
DA:367,0
DA:368,0
DA:416,0
DA:417,0
DA:424,0
DA:425,0
LF:144
LH:1
end_of_record
SF:lib\features\schedule\domain\entities\game_prediction.dart
DA:38,1
DA:53,1
DA:66,1
DA:67,1
DA:68,1
DA:69,1
DA:70,1
DA:71,1
DA:72,1
DA:73,1
DA:74,1
DA:75,1
DA:76,1
DA:77,1
DA:82,1
DA:83,1
DA:84,1
DA:85,1
DA:86,1
DA:87,1
DA:88,1
DA:89,1
DA:90,1
DA:91,2
DA:92,1
DA:93,1
DA:94,1
DA:99,1
DA:100,1
DA:101,1
DA:102,1
DA:103,1
DA:104,1
DA:105,1
DA:106,1
DA:107,1
DA:108,2
DA:109,1
DA:110,1
DA:111,1
DA:115,1
DA:116,1
DA:117,1
DA:118,1
DA:119,1
DA:120,1
DA:121,1
DA:122,1
DA:123,1
DA:124,1
DA:125,1
DA:126,1
DA:127,1
DA:152,3
DA:153,4
DA:156,2
DA:166,1
DA:174,1
DA:175,1
DA:176,1
DA:177,1
DA:178,1
DA:179,1
DA:180,1
DA:185,1
DA:186,1
DA:187,1
DA:188,1
DA:189,1
DA:190,1
DA:191,1
DA:192,1
DA:197,1
DA:198,1
DA:199,1
DA:200,1
DA:201,1
DA:202,1
DA:203,1
DA:204,1
DA:208,1
DA:209,1
DA:210,1
DA:211,1
DA:212,1
DA:213,1
DA:214,1
DA:215,1
LF:88
LH:88
end_of_record
SF:lib\features\schedule\presentation\widgets\prediction_accuracy_helpers.dart
DA:5,0
DA:7,0
DA:8,0
DA:9,0
DA:12,0
DA:13,0
DA:14,0
DA:15,0
DA:17,0
DA:19,0
DA:20,0
DA:22,0
DA:26,0
DA:40,0
DA:41,0
DA:42,0
DA:43,0
DA:45,0
DA:49,0
DA:57,0
DA:69,0
DA:70,0
DA:72,0
DA:74,0
DA:75,0
DA:82,0
DA:84,0
DA:95,0
DA:96,0
DA:98,0
DA:100,0
DA:101,0
DA:104,0
DA:108,0
DA:109,0
DA:113,0
DA:115,0
DA:116,0
DA:117,0
DA:138,1
DA:139,1
DA:140,1
DA:144,1
DA:145,1
DA:146,1
DA:147,1
DA:148,1
DA:152,1
DA:153,1
DA:154,1
DA:155,1
DA:159,1
DA:160,1
DA:161,1
DA:162,1
LF:55
LH:16
end_of_record
SF:lib\features\social\presentation\widgets\social_stats_card.dart
DA:11,1
DA:19,1
DA:21,1
DA:24,1
DA:30,1
DA:31,1
DA:32,1
DA:33,1
DA:39,1
DA:41,1
DA:64,1
DA:65,1
DA:66,1
DA:67,1
DA:70,3
DA:71,1
DA:77,1
DA:78,1
DA:81,3
DA:82,1
DA:88,1
DA:89,1
DA:92,3
DA:93,1
DA:102,1
DA:103,1
DA:104,1
DA:105,1
DA:108,3
DA:114,1
DA:115,1
DA:118,3
DA:124,1
DA:125,1
DA:128,3
DA:134,1
DA:135,1
DA:138,3
DA:148,1
DA:154,1
DA:156,1
DA:158,1
DA:159,1
DA:160,1
DA:161,1
DA:162,1
DA:166,1
DA:167,1
DA:168,1
DA:176,1
DA:187,1
DA:189,1
DA:191,1
DA:202,1
DA:207,1
DA:209,1
DA:210,1
DA:211,1
DA:213,1
DA:214,1
DA:215,1
DA:223,1
DA:234,1
DA:236,1
DA:238,1
LF:65
LH:65
end_of_record
SF:lib\features\venues\widgets\modern_venue_card.dart
DA:12,1
DA:19,1
DA:21,1
DA:22,1
DA:23,1
DA:25,1
DA:27,1
DA:28,1
DA:29,1
DA:30,1
DA:36,3
DA:41,1
DA:42,1
DA:44,1
DA:46,1
DA:47,1
DA:48,1
DA:50,1
DA:52,1
DA:55,1
DA:56,2
DA:57,3
DA:61,1
DA:62,1
DA:63,2
DA:65,1
DA:71,1
DA:74,2
DA:77,1
DA:80,3
DA:86,1
DA:88,1
DA:90,1
DA:92,1
DA:93,2
DA:106,1
DA:107,1
DA:114,1
DA:115,1
DA:116,2
DA:131,1
DA:133,1
DA:134,1
DA:145,1
DA:146,1
DA:148,1
DA:149,1
DA:151,1
DA:154,1
DA:155,1
DA:158,1
DA:159,2
DA:160,3
DA:163,1
DA:165,1
DA:166,2
DA:175,1
DA:176,1
DA:178,1
DA:179,1
DA:180,2
DA:192,1
DA:193,1
DA:202,1
DA:203,1
DA:210,1
DA:211,3
DA:235,1
DA:236,1
DA:238,1
DA:239,1
DA:240,1
DA:241,1
DA:242,1
DA:243,1
DA:249,1
DA:250,1
DA:251,1
DA:254,1
DA:261,1
DA:262,1
DA:264,1
DA:266,1
DA:267,1
DA:268,1
DA:269,1
DA:275,1
DA:277,1
DA:284,1
DA:285,1
DA:297,1
DA:299,5
DA:300,2
DA:301,1
DA:302,1
DA:303,0
DA:304,0
DA:305,0
DA:306,0
DA:307,0
DA:312,1
DA:313,1
DA:314,1
DA:315,1
DA:317,1
DA:319,1
DA:321,1
DA:322,1
DA:324,1
DA:326,1
LF:110
LH:105
end_of_record
SF:lib\features\venues\widgets\venue_card_content_section.dart
DA:10,1
DA:16,1
DA:18,1
DA:20,1
DA:22,1
DA:24,1
DA:25,2
DA:39,1
DA:44,5
DA:47,2
DA:49,1
DA:53,1
DA:54,1
DA:60,1
DA:61,1
DA:62,1
DA:64,3
DA:65,1
DA:66,2
DA:67,2
DA:68,1
DA:69,2
DA:71,1
DA:80,1
DA:81,3
DA:88,3
DA:90,1
DA:91,3
DA:98,1
DA:102,6
DA:103,1
DA:104,1
DA:105,1
DA:106,3
DA:113,1
DA:114,4
DA:127,1
DA:128,1
DA:130,1
DA:137,1
DA:138,1
DA:139,2
DA:153,1
DA:154,1
DA:155,1
DA:162,1
DA:163,1
DA:174,1
DA:176,3
DA:177,3
DA:178,1
DA:179,1
DA:180,1
DA:183,1
DA:189,1
DA:191,1
DA:221,1
LF:57
LH:57
end_of_record
SF:lib\features\venues\widgets\venue_card_photo_section.dart
DA:14,1
DA:23,1
DA:25,1
DA:27,1
DA:28,1
DA:30,1
DA:33,1
DA:35,3
DA:37,1
DA:39,1
DA:40,1
DA:41,1
DA:46,2
DA:47,1
DA:48,1
DA:49,2
DA:54,3
DA:57,1
DA:62,1
DA:63,1
DA:64,1
DA:66,1
DA:69,1
DA:71,1
DA:79,1
DA:83,1
DA:85,1
DA:86,1
DA:87,2
DA:93,3
DA:94,1
DA:97,1
DA:104,1
DA:105,1
DA:108,1
DA:109,3
DA:114,1
DA:116,1
DA:117,1
DA:118,2
DA:120,3
DA:123,1
DA:124,2
DA:125,1
DA:128,3
DA:136,1
DA:137,1
DA:139,1
DA:140,3
DA:141,1
DA:142,1
DA:143,1
DA:144,1
DA:150,1
DA:152,1
DA:153,3
DA:155,1
DA:156,2
DA:168,1
DA:169,1
DA:171,1
DA:173,1
DA:174,1
DA:175,1
DA:176,1
DA:200,1
DA:201,1
DA:203,1
DA:204,1
DA:205,1
DA:207,1
DA:209,1
DA:216,1
DA:217,3
LF:74
LH:74
end_of_record
SF:lib\features\venues\widgets\venue_map_info_card.dart
DA:13,1
DA:22,1
DA:24,2
DA:25,2
DA:27,1
DA:29,1
DA:31,1
DA:32,1
DA:33,1
DA:34,1
DA:40,1
DA:42,1
DA:44,1
DA:46,1
DA:47,2
DA:50,1
DA:52,1
DA:54,1
DA:55,1
DA:57,1
DA:59,1
DA:60,2
DA:61,1
DA:62,3
DA:64,1
DA:66,1
DA:67,2
DA:69,1
DA:70,1
DA:71,1
DA:72,1
DA:81,1
DA:83,1
DA:85,1
DA:86,1
DA:87,1
DA:107,1
DA:110,1
DA:111,1
DA:112,1
DA:113,2
DA:115,1
DA:117,1
DA:118,1
DA:134,1
DA:135,2
DA:148,1
DA:149,1
DA:150,3
DA:151,1
DA:152,1
DA:153,1
DA:154,2
DA:155,2
DA:156,1
DA:157,2
DA:159,1
DA:168,1
DA:169,3
DA:176,3
DA:178,1
DA:179,3
DA:180,1
DA:182,1
DA:191,6
DA:192,1
DA:193,1
DA:194,1
DA:195,3
DA:202,1
DA:203,4
DA:204,1
DA:206,1
DA:216,5
DA:218,1
DA:219,1
DA:220,1
DA:223,1
DA:226,1
DA:227,1
DA:228,2
DA:229,1
DA:231,1
DA:245,1
DA:247,1
DA:248,1
DA:250,1
DA:251,1
DA:255,1
DA:262,1
DA:263,1
DA:267,1
DA:274,1
DA:275,1
DA:279,1
DA:290,1
DA:296,1
DA:297,1
DA:298,1
DA:299,1
DA:301,1
DA:303,1
DA:304,1
DA:305,1
DA:306,2
DA:308,1
DA:309,1
DA:310,1
DA:316,1
DA:318,1
DA:337,1
DA:344,1
DA:346,2
DA:348,1
DA:349,1
DA:350,1
DA:352,1
DA:354,1
DA:355,1
DA:356,1
DA:357,1
DA:363,1
DA:365,1
DA:367,1
DA:370,1
DA:371,2
DA:374,1
DA:375,1
DA:377,1
DA:384,1
DA:386,1
DA:387,2
DA:399,3
DA:407,1
DA:408,3
DA:418,2
DA:420,1
DA:421,1
LF:138
LH:138
end_of_record
