SF:lib\core\ai\entities\ai_recommendation.dart
DA:13,2
DA:24,4
DA:25,2
DA:26,2
DA:27,2
DA:28,4
DA:29,6
DA:30,6
DA:31,8
DA:32,2
DA:35,4
DA:36,2
DA:37,2
DA:38,2
DA:39,2
DA:40,2
DA:41,2
DA:42,4
DA:43,2
DA:46,2
DA:47,18
DA:49,2
LF:22
LH:22
end_of_record
SF:lib\core\ai\entities\learned_preference.dart
DA:13,1
DA:24,0
DA:25,0
DA:27,0
DA:28,0
DA:29,0
DA:30,0
DA:31,0
DA:32,0
DA:33,0
DA:34,0
DA:39,0
DA:40,0
DA:41,0
DA:42,0
DA:43,0
DA:44,0
DA:45,0
DA:46,0
DA:51,1
DA:60,1
DA:61,1
DA:62,1
DA:63,1
DA:64,1
DA:65,0
DA:66,1
DA:67,1
DA:71,1
DA:73,6
LF:30
LH:11
end_of_record
SF:lib\core\ai\entities\user_interaction.dart
DA:20,1
DA:29,0
DA:30,0
DA:32,0
DA:33,0
DA:34,0
DA:35,0
DA:36,0
DA:37,0
DA:39,0
DA:40,0
DA:45,0
DA:46,0
DA:47,0
DA:48,0
DA:49,0
DA:50,0
DA:55,1
DA:62,1
DA:63,1
DA:64,1
DA:65,0
DA:66,1
DA:67,1
DA:71,1
DA:73,5
LF:26
LH:9
end_of_record
SF:lib\core\entities\cached_venue_data.dart
DA:29,1
LF:1
LH:1
end_of_record
SF:lib\core\entities\cached_venue_data.g.dart
DA:13,0
DA:15,0
DA:16,0
DA:17,0
DA:19,0
DA:20,0
DA:21,0
DA:22,0
DA:23,0
DA:24,0
DA:25,0
DA:26,0
DA:30,0
DA:33,0
DA:34,0
DA:35,0
DA:36,0
DA:37,0
DA:38,0
DA:39,0
DA:40,0
DA:41,0
DA:42,0
DA:43,0
DA:44,0
DA:45,0
DA:46,0
DA:47,0
DA:50,0
DA:51,0
DA:53,0
DA:56,0
DA:57,0
DA:58,0
LF:34
LH:0
end_of_record
SF:lib\core\entities\cached_geocoding_data.g.dart
DA:13,0
DA:15,0
DA:16,0
DA:17,0
DA:19,0
DA:20,0
DA:21,0
DA:22,0
DA:23,0
DA:24,0
DA:28,0
DA:31,0
DA:32,0
DA:33,0
DA:34,0
DA:35,0
DA:36,0
DA:37,0
DA:38,0
DA:39,0
DA:40,0
DA:41,0
DA:44,0
DA:45,0
DA:47,0
DA:50,0
DA:51,0
DA:52,0
LF:28
LH:0
end_of_record
SF:lib\core\entities\cached_geocoding_data.dart
DA:23,1
LF:1
LH:1
end_of_record
SF:lib\core\entities\game_intelligence.g.dart
DA:13,0
DA:15,0
DA:16,0
DA:17,0
DA:19,0
DA:20,0
DA:21,0
DA:22,0
DA:23,0
DA:24,0
DA:25,0
DA:26,0
DA:27,0
DA:28,0
DA:29,0
DA:30,0
DA:31,0
DA:32,0
DA:33,0
DA:34,0
DA:38,0
DA:41,0
DA:42,0
DA:43,0
DA:44,0
DA:45,0
DA:46,0
DA:47,0
DA:48,0
DA:49,0
DA:50,0
DA:51,0
DA:52,0
DA:53,0
DA:54,0
DA:55,0
DA:56,0
DA:57,0
DA:58,0
DA:59,0
DA:60,0
DA:61,0
DA:62,0
DA:63,0
DA:64,0
DA:65,0
DA:66,0
DA:67,0
DA:68,0
DA:69,0
DA:70,0
DA:71,0
DA:74,0
DA:75,0
DA:77,0
DA:80,0
DA:81,0
DA:82,0
DA:89,0
DA:91,0
DA:92,0
DA:93,0
DA:95,0
DA:96,0
DA:97,0
DA:98,0
DA:99,0
DA:100,0
DA:101,0
DA:105,0
DA:108,0
DA:109,0
DA:110,0
DA:111,0
DA:112,0
DA:113,0
DA:114,0
DA:115,0
DA:116,0
DA:117,0
DA:118,0
DA:119,0
DA:120,0
DA:123,0
DA:124,0
DA:126,0
DA:129,0
DA:130,0
DA:131,0
LF:89
LH:0
end_of_record
SF:lib\core\entities\game_intelligence.dart
DA:53,1
DA:71,1
DA:72,1
DA:73,1
DA:74,1
DA:75,1
DA:76,1
DA:77,1
DA:78,1
DA:79,1
DA:80,1
DA:81,1
DA:82,1
DA:83,1
DA:84,1
DA:85,1
DA:86,1
DA:87,1
DA:90,1
DA:107,1
DA:108,1
DA:109,1
DA:110,1
DA:111,1
DA:112,1
DA:113,0
DA:114,1
DA:115,0
DA:116,1
DA:117,1
DA:118,1
DA:119,1
DA:120,1
DA:121,0
DA:122,1
DA:126,1
DA:127,1
DA:128,1
DA:129,1
DA:130,1
DA:131,1
DA:132,1
DA:133,1
DA:134,1
DA:135,1
DA:136,1
DA:137,1
DA:138,1
DA:139,1
DA:140,2
DA:141,1
DA:142,2
DA:146,1
DA:147,1
DA:148,1
DA:149,1
DA:150,1
DA:151,1
DA:152,1
DA:153,2
DA:154,1
DA:155,1
DA:156,1
DA:157,2
DA:158,2
DA:159,2
DA:160,2
DA:161,2
DA:162,2
DA:187,1
DA:196,1
DA:197,1
DA:198,1
DA:199,1
DA:200,1
DA:201,1
DA:202,1
DA:203,1
DA:206,1
DA:207,1
DA:208,1
DA:209,1
DA:210,1
DA:211,1
DA:212,1
DA:213,1
DA:217,1
DA:218,1
DA:219,2
DA:220,1
DA:221,2
DA:222,1
DA:223,1
DA:224,2
LF:94
LH:91
end_of_record
SF:lib\core\entities\team_statistics.dart
DA:12,1
DA:23,1
DA:24,1
DA:25,2
DA:26,1
DA:27,3
DA:28,3
DA:29,3
DA:30,1
DA:31,1
DA:36,1
DA:37,2
DA:38,2
DA:39,2
DA:41,5
DA:45,1
DA:46,2
DA:47,2
DA:48,2
DA:49,2
DA:50,1
DA:51,2
DA:57,5
DA:60,4
DA:74,2
DA:85,1
DA:86,1
DA:87,1
DA:88,1
DA:89,1
DA:90,1
DA:91,1
DA:92,1
DA:93,1
DA:94,1
DA:99,1
DA:100,3
DA:101,3
DA:105,1
DA:107,3
DA:108,3
DA:109,2
DA:110,2
DA:111,2
DA:113,4
DA:114,3
DA:116,2
DA:120,1
DA:121,1
DA:122,1
DA:123,1
DA:140,2
DA:152,1
DA:153,1
DA:154,1
DA:155,1
DA:156,1
DA:157,1
DA:158,1
DA:159,1
DA:160,1
DA:161,1
DA:162,1
DA:167,4
DA:170,1
DA:172,4
DA:173,4
DA:174,3
DA:175,3
DA:176,2
DA:178,4
DA:179,3
DA:181,2
DA:185,1
DA:186,4
DA:188,4
DA:204,2
DA:212,1
DA:213,1
DA:214,1
DA:215,1
DA:216,1
DA:217,1
DA:218,1
DA:223,1
DA:224,2
DA:225,3
DA:226,5
DA:227,2
DA:229,5
DA:231,2
DA:235,1
DA:236,2
DA:238,4
DA:240,2
LF:95
LH:95
end_of_record
SF:lib\core\entities\player.dart
DA:15,2
DA:29,1
DA:30,1
DA:31,2
DA:32,1
DA:33,1
DA:34,1
DA:35,1
DA:36,1
DA:37,1
DA:38,1
DA:39,1
DA:40,2
DA:42,1
DA:47,4
DA:50,4
DA:53,2
DA:56,1
DA:57,1
DA:59,2
DA:60,1
DA:61,7
DA:62,1
DA:63,7
DA:64,2
DA:65,7
DA:67,7
DA:72,1
DA:73,1
DA:74,1
DA:75,1
DA:76,1
DA:77,1
DA:78,1
DA:79,1
DA:80,1
DA:81,1
DA:82,1
DA:83,2
DA:84,1
DA:85,3
DA:86,3
DA:87,3
DA:88,3
DA:90,1
DA:91,3
DA:92,3
DA:93,3
DA:95,1
DA:96,3
DA:97,3
DA:98,3
DA:100,1
DA:101,3
DA:102,3
DA:116,2
DA:124,1
DA:125,1
DA:126,3
DA:127,3
DA:128,3
DA:129,3
DA:143,2
DA:152,1
DA:153,1
DA:154,2
DA:155,2
DA:156,2
DA:157,2
DA:158,2
DA:159,2
DA:163,1
DA:165,1
DA:166,2
DA:167,2
DA:171,1
DA:173,1
DA:174,1
DA:175,2
DA:180,1
DA:181,6
DA:184,1
DA:185,5
DA:188,1
DA:189,7
DA:200,2
DA:208,1
DA:209,1
DA:210,2
DA:211,2
DA:212,2
DA:213,2
DA:214,2
DA:219,1
DA:220,5
DA:231,2
DA:239,1
DA:240,1
DA:241,2
DA:242,2
DA:243,2
DA:244,2
DA:245,2
DA:250,1
DA:251,5
DA:262,2
DA:270,1
DA:271,1
DA:272,2
DA:273,2
DA:274,2
DA:275,2
DA:276,2
DA:281,1
DA:282,12
LF:115
LH:115
end_of_record
SF:lib\config\app_theme.dart
DA:104,0
DA:105,0
DA:167,0
DA:170,0
DA:171,0
DA:172,0
DA:178,0
DA:179,0
DA:183,0
DA:185,0
DA:186,0
DA:193,0
DA:194,0
DA:215,0
DA:218,0
DA:219,0
DA:220,0
DA:222,0
DA:223,0
DA:224,0
DA:226,0
DA:227,0
DA:230,0
DA:231,0
DA:310,0
DA:311,0
DA:336,0
DA:343,0
DA:344,0
DA:346,0
DA:347,0
DA:348,0
DA:349,0
DA:358,0
DA:359,0
DA:361,0
DA:362,0
DA:363,0
DA:364,0
DA:373,0
DA:382,0
DA:383,0
DA:386,0
DA:387,0
DA:388,0
DA:389,0
DA:390,0
DA:392,0
DA:393,0
DA:395,0
DA:396,0
DA:397,0
DA:399,0
DA:400,0
DA:407,0
DA:408,0
DA:409,0
DA:410,0
DA:412,0
DA:414,0
DA:416,0
DA:417,0
DA:419,0
DA:421,0
DA:428,0
DA:429,0
DA:430,0
DA:432,0
DA:434,0
DA:436,0
DA:438,0
DA:440,0
DA:442,0
LF:73
LH:0
end_of_record
SF:lib\features\social\presentation\widgets\social_stats_card.dart
DA:11,1
DA:19,1
DA:21,1
DA:24,1
DA:30,1
DA:31,1
DA:32,1
DA:33,1
DA:39,1
DA:41,1
DA:64,1
DA:65,1
DA:66,1
DA:67,1
DA:70,3
DA:71,1
DA:77,1
DA:78,1
DA:81,3
DA:82,1
DA:88,1
DA:89,1
DA:92,3
DA:93,1
DA:102,1
DA:103,1
DA:104,1
DA:105,1
DA:108,3
DA:114,1
DA:115,1
DA:118,3
DA:124,1
DA:125,1
DA:128,3
DA:134,1
DA:135,1
DA:138,3
DA:148,1
DA:154,1
DA:156,1
DA:158,1
DA:159,1
DA:160,1
DA:161,1
DA:162,1
DA:166,1
DA:167,1
DA:168,1
DA:176,1
DA:187,1
DA:189,1
DA:191,1
DA:202,1
DA:207,1
DA:209,1
DA:210,1
DA:211,1
DA:213,1
DA:214,1
DA:215,1
DA:223,1
DA:234,1
DA:236,1
DA:238,1
LF:65
LH:65
end_of_record
SF:lib\features\social\domain\entities\user_profile.dart
DA:60,2
DA:80,1
DA:86,1
DA:87,1
DA:91,1
DA:92,1
DA:93,1
DA:96,1
DA:100,1
DA:117,1
DA:118,1
DA:119,1
DA:120,1
DA:121,1
DA:122,1
DA:123,1
DA:124,1
DA:125,1
DA:126,1
DA:127,1
DA:128,1
DA:129,1
DA:130,1
DA:131,1
DA:132,1
DA:133,1
DA:134,1
DA:139,3
DA:140,3
DA:141,1
DA:142,1
DA:143,1
DA:144,2
DA:145,1
DA:147,1
DA:148,2
DA:149,2
DA:150,2
DA:151,2
DA:152,2
DA:157,6
DA:159,2
DA:160,2
DA:161,2
DA:162,4
DA:163,4
DA:166,2
DA:167,2
DA:168,2
DA:170,2
DA:171,4
DA:173,4
DA:174,6
DA:175,8
DA:176,4
DA:177,2
DA:181,1
DA:182,1
DA:183,1
DA:184,1
DA:185,1
DA:186,1
DA:187,1
DA:188,2
DA:189,1
DA:190,2
DA:191,2
DA:192,2
DA:193,1
DA:194,2
DA:195,0
DA:196,2
DA:197,2
DA:198,1
DA:199,1
DA:200,1
DA:201,1
DA:202,0
DA:207,1
DA:208,1
DA:209,1
DA:210,1
DA:211,1
DA:212,1
DA:213,1
DA:214,1
DA:215,1
DA:216,2
DA:217,2
DA:218,1
DA:219,1
DA:220,1
DA:221,1
DA:222,2
DA:223,2
DA:224,2
DA:225,2
DA:230,0
DA:231,0
DA:233,0
DA:234,0
DA:235,0
DA:236,0
DA:237,0
DA:238,0
DA:239,0
DA:240,0
DA:241,0
DA:242,0
DA:243,0
DA:244,0
DA:245,0
DA:246,0
DA:247,0
DA:248,0
DA:249,0
DA:250,0
DA:251,0
DA:252,0
DA:253,0
DA:254,0
DA:255,0
DA:256,0
DA:257,0
DA:258,0
DA:259,0
DA:265,0
DA:266,0
DA:267,0
DA:268,0
DA:269,0
DA:270,0
DA:271,0
DA:272,0
DA:273,0
DA:274,0
DA:275,0
DA:276,0
DA:277,0
DA:278,0
DA:279,0
DA:280,0
DA:281,0
DA:282,0
DA:286,0
DA:287,0
DA:288,0
DA:289,0
DA:290,0
DA:291,0
DA:292,0
DA:293,0
DA:294,0
DA:295,0
DA:296,0
DA:297,0
DA:298,0
DA:299,0
DA:300,0
DA:301,0
DA:302,0
DA:303,0
DA:304,0
DA:340,19
DA:353,1
DA:359,1
DA:371,1
DA:372,1
DA:373,1
DA:374,1
DA:375,1
DA:376,1
DA:377,0
DA:378,1
DA:379,1
DA:380,0
DA:381,1
DA:386,1
DA:387,1
DA:388,1
DA:389,1
DA:390,1
DA:391,1
DA:392,3
DA:393,1
DA:394,3
DA:395,1
DA:396,1
DA:397,1
DA:401,1
DA:402,1
DA:403,1
DA:404,1
DA:405,1
DA:406,1
DA:407,1
DA:408,1
DA:409,1
DA:410,1
DA:411,1
DA:412,1
DA:416,0
DA:417,0
DA:418,0
DA:419,0
DA:420,0
DA:421,0
DA:422,0
DA:423,0
DA:424,0
DA:425,0
DA:426,0
DA:427,0
DA:460,20
DA:472,1
DA:474,1
DA:485,1
DA:486,0
DA:487,0
DA:488,1
DA:489,1
DA:490,1
DA:491,1
DA:492,1
DA:493,1
DA:494,1
DA:498,1
DA:499,7
DA:502,1
DA:503,1
DA:504,1
DA:505,1
DA:506,1
DA:507,1
DA:508,1
DA:509,1
DA:510,1
DA:511,1
DA:512,1
DA:513,2
DA:518,1
DA:519,1
DA:520,1
DA:521,1
DA:522,1
DA:523,1
DA:524,1
DA:525,1
DA:526,1
DA:527,1
DA:528,1
DA:532,0
DA:533,0
DA:534,0
DA:535,0
DA:536,0
DA:537,0
DA:538,0
DA:539,0
DA:540,0
DA:541,0
DA:542,0
DA:572,19
DA:583,1
DA:587,1
DA:597,1
DA:598,0
DA:599,1
DA:600,1
DA:601,1
DA:602,1
DA:603,1
DA:604,0
DA:605,1
DA:610,1
DA:611,1
DA:612,1
DA:613,1
DA:614,1
DA:615,1
DA:616,1
DA:617,1
DA:618,1
DA:619,1
DA:623,1
DA:624,1
DA:625,1
DA:626,1
DA:627,1
DA:628,1
DA:629,1
DA:630,1
DA:631,1
DA:632,1
DA:636,0
DA:637,0
DA:638,0
DA:639,0
DA:640,0
DA:641,0
DA:642,0
DA:643,0
DA:644,0
DA:645,0
LF:304
LH:197
end_of_record
SF:lib\features\social\domain\entities\user_profile.g.dart
DA:13,0
DA:15,0
DA:16,0
DA:17,0
DA:19,0
DA:20,0
DA:21,0
DA:22,0
DA:23,0
DA:24,0
DA:25,0
DA:26,0
DA:27,0
DA:28,0
DA:29,0
DA:30,0
DA:31,0
DA:32,0
DA:33,0
DA:34,0
DA:35,0
DA:36,0
DA:40,0
DA:43,0
DA:44,0
DA:45,0
DA:46,0
DA:47,0
DA:48,0
DA:49,0
DA:50,0
DA:51,0
DA:52,0
DA:53,0
DA:54,0
DA:55,0
DA:56,0
DA:57,0
DA:58,0
DA:59,0
DA:60,0
DA:61,0
DA:62,0
DA:63,0
DA:64,0
DA:65,0
DA:66,0
DA:67,0
DA:68,0
DA:69,0
DA:70,0
DA:71,0
DA:72,0
DA:73,0
DA:74,0
DA:75,0
DA:76,0
DA:77,0
DA:80,0
DA:81,0
DA:83,0
DA:86,0
DA:87,0
DA:88,0
DA:95,0
DA:97,0
DA:98,0
DA:99,0
DA:101,0
DA:102,0
DA:103,0
DA:104,0
DA:105,0
DA:106,0
DA:107,0
DA:108,0
DA:109,0
DA:110,0
DA:111,0
DA:115,0
DA:118,0
DA:119,0
DA:120,0
DA:121,0
DA:122,0
DA:123,0
DA:124,0
DA:125,0
DA:126,0
DA:127,0
DA:128,0
DA:129,0
DA:130,0
DA:131,0
DA:132,0
DA:133,0
DA:134,0
DA:135,0
DA:136,0
DA:137,0
DA:138,0
DA:141,0
DA:142,0
DA:144,0
DA:147,0
DA:148,0
DA:149,0
DA:156,0
DA:158,0
DA:159,0
DA:160,0
DA:162,0
DA:163,0
DA:164,0
DA:165,0
DA:166,0
DA:167,0
DA:168,0
DA:169,0
DA:170,0
DA:171,0
DA:175,0
DA:178,0
DA:179,0
DA:180,0
DA:181,0
DA:182,0
DA:183,0
DA:184,0
DA:185,0
DA:186,0
DA:187,0
DA:188,0
DA:189,0
DA:190,0
DA:191,0
DA:192,0
DA:193,0
DA:194,0
DA:195,0
DA:196,0
DA:199,0
DA:200,0
DA:202,0
DA:205,0
DA:206,0
DA:207,0
DA:214,0
DA:216,0
DA:217,0
DA:218,0
DA:220,0
DA:221,0
DA:222,0
DA:223,0
DA:224,0
DA:225,0
DA:226,0
DA:227,0
DA:228,0
DA:232,0
DA:235,0
DA:236,0
DA:237,0
DA:238,0
DA:239,0
DA:240,0
DA:241,0
DA:242,0
DA:243,0
DA:244,0
DA:245,0
DA:246,0
DA:247,0
DA:248,0
DA:249,0
DA:250,0
DA:251,0
DA:254,0
DA:255,0
DA:257,0
DA:260,0
DA:261,0
DA:262,0
LF:184
LH:0
end_of_record
SF:lib\features\watch_party\presentation\widgets\watch_party_card.dart
DA:16,1
DA:23,1
DA:25,1
DA:27,1
DA:28,1
DA:29,1
DA:31,1
DA:33,1
DA:34,1
DA:35,1
DA:36,2
DA:37,1
DA:39,1
DA:41,1
DA:42,1
DA:43,1
DA:44,1
DA:45,2
DA:46,3
DA:54,3
DA:61,1
DA:62,1
DA:63,1
DA:66,2
DA:69,1
DA:70,1
DA:71,2
DA:72,2
DA:83,1
DA:84,1
DA:85,1
DA:88,1
DA:91,1
DA:92,7
DA:93,3
DA:94,1
DA:100,2
DA:102,1
DA:103,1
DA:104,1
DA:107,1
DA:110,1
DA:111,1
DA:112,2
DA:113,3
DA:114,1
DA:124,1
DA:127,1
DA:128,1
DA:130,1
DA:135,1
DA:136,4
DA:137,1
DA:139,1
DA:141,1
DA:142,1
DA:145,3
DA:148,1
DA:149,2
DA:150,1
DA:152,3
DA:163,1
DA:168,2
DA:169,1
DA:170,2
DA:171,3
DA:172,2
DA:180,3
DA:182,1
DA:183,1
DA:184,1
DA:190,1
DA:191,3
DA:192,3
DA:196,4
DA:198,1
DA:199,3
DA:200,3
DA:201,1
DA:215,1
DA:216,2
DA:217,1
DA:218,1
DA:220,1
DA:222,1
DA:223,1
DA:224,1
DA:225,2
DA:227,1
DA:229,1
DA:238,1
DA:240,1
DA:242,1
DA:244,1
DA:246,1
DA:251,1
DA:253,1
DA:255,1
DA:257,1
DA:259,1
LF:100
LH:100
end_of_record
SF:lib\features\watch_party\domain\entities\watch_party.g.dart
DA:13,0
DA:15,0
DA:16,0
DA:17,0
DA:19,0
DA:20,0
DA:21,0
DA:22,0
DA:23,0
DA:24,0
DA:25,0
DA:26,0
DA:27,0
DA:28,0
DA:29,0
DA:30,0
DA:31,0
DA:32,0
DA:33,0
DA:34,0
DA:35,0
DA:36,0
DA:37,0
DA:38,0
DA:39,0
DA:40,0
DA:41,0
DA:42,0
DA:43,0
DA:44,0
DA:45,0
DA:49,0
DA:52,0
DA:53,0
DA:54,0
DA:55,0
DA:56,0
DA:57,0
DA:58,0
DA:59,0
DA:60,0
DA:61,0
DA:62,0
DA:63,0
DA:64,0
DA:65,0
DA:66,0
DA:67,0
DA:68,0
DA:69,0
DA:70,0
DA:71,0
DA:72,0
DA:73,0
DA:74,0
DA:75,0
DA:76,0
DA:77,0
DA:78,0
DA:79,0
DA:80,0
DA:81,0
DA:82,0
DA:83,0
DA:84,0
DA:85,0
DA:86,0
DA:87,0
DA:88,0
DA:89,0
DA:90,0
DA:91,0
DA:92,0
DA:93,0
DA:94,0
DA:95,0
DA:96,0
DA:97,0
DA:98,0
DA:99,0
DA:100,0
DA:101,0
DA:102,0
DA:103,0
DA:104,0
DA:107,0
DA:108,0
DA:110,0
DA:113,0
DA:114,0
DA:115,0
DA:122,0
DA:124,0
DA:125,0
DA:127,0
DA:134,0
DA:137,0
DA:138,0
DA:140,0
DA:141,0
DA:146,0
DA:147,0
DA:149,0
DA:152,0
DA:153,0
DA:154,0
DA:161,0
DA:163,0
DA:164,0
DA:166,0
DA:168,0
DA:170,0
DA:177,0
DA:180,0
DA:181,0
DA:183,0
DA:184,0
DA:186,0
DA:187,0
DA:189,0
DA:190,0
DA:195,0
DA:196,0
DA:198,0
DA:201,0
DA:202,0
DA:203,0
LF:127
LH:0
end_of_record
SF:lib\features\watch_party\domain\entities\watch_party.dart
DA:110,2
DA:140,1
DA:161,1
DA:162,1
DA:163,2
DA:188,1
DA:193,1
DA:217,1
DA:218,1
DA:219,0
DA:220,1
DA:221,1
DA:222,1
DA:223,1
DA:224,1
DA:225,1
DA:226,1
DA:227,1
DA:228,1
DA:229,1
DA:230,1
DA:231,1
DA:232,1
DA:233,1
DA:234,1
DA:235,1
DA:236,1
DA:237,1
DA:238,1
DA:239,1
DA:240,1
DA:241,1
DA:242,1
DA:243,1
DA:248,8
DA:249,4
DA:250,4
DA:251,3
DA:252,3
DA:253,6
DA:254,3
DA:255,6
DA:256,3
DA:257,3
DA:258,4
DA:260,2
DA:261,2
DA:262,8
DA:265,2
DA:266,2
DA:267,2
DA:269,2
DA:270,4
DA:272,6
DA:273,8
DA:274,4
DA:278,2
DA:279,8
DA:280,6
DA:283,2
DA:284,2
DA:285,4
DA:286,6
DA:290,1
DA:291,1
DA:292,1
DA:293,1
DA:294,1
DA:295,1
DA:296,1
DA:297,1
DA:298,1
DA:299,4
DA:300,0
DA:302,1
DA:303,1
DA:304,2
DA:305,1
DA:306,1
DA:307,1
DA:308,1
DA:309,1
DA:310,1
DA:311,1
DA:312,1
DA:313,1
DA:314,2
DA:315,1
DA:316,4
DA:317,0
DA:319,2
DA:320,1
DA:321,2
DA:322,2
DA:323,1
DA:324,2
DA:325,2
DA:329,1
DA:330,1
DA:331,1
DA:332,1
DA:333,1
DA:334,1
DA:335,1
DA:336,1
DA:337,2
DA:338,1
DA:339,1
DA:340,2
DA:341,1
DA:342,1
DA:343,1
DA:344,1
DA:345,1
DA:346,1
DA:347,1
DA:348,1
DA:349,1
DA:350,1
DA:351,2
DA:352,2
DA:353,2
DA:354,1
DA:355,1
DA:356,1
DA:361,0
DA:362,0
DA:364,0
DA:365,0
DA:366,0
DA:367,0
DA:368,0
DA:369,0
DA:370,0
DA:371,0
DA:373,0
DA:374,0
DA:375,0
DA:376,0
DA:377,0
DA:378,0
DA:379,0
DA:380,0
DA:381,0
DA:382,0
DA:383,0
DA:384,0
DA:385,0
DA:386,0
DA:387,0
DA:388,0
DA:389,0
DA:390,0
DA:391,0
DA:392,0
DA:394,0
DA:395,0
DA:396,0
DA:397,0
DA:398,0
DA:399,0
DA:400,0
DA:401,0
DA:402,0
DA:403,0
DA:404,0
DA:405,0
DA:406,0
DA:411,0
DA:412,0
DA:413,0
DA:414,0
DA:415,0
DA:416,0
DA:417,0
DA:418,0
DA:419,0
DA:420,0
DA:421,0
DA:422,0
DA:423,0
DA:424,0
DA:425,0
DA:426,0
DA:427,0
DA:428,0
DA:429,0
DA:430,0
DA:431,0
DA:432,0
DA:433,0
DA:434,0
DA:435,0
DA:436,0
DA:437,0
DA:441,1
DA:442,1
DA:443,1
DA:444,1
DA:445,1
DA:446,1
DA:447,1
DA:448,1
DA:449,1
DA:450,1
DA:451,1
DA:452,1
DA:453,1
DA:454,1
DA:455,1
DA:456,1
DA:457,1
DA:458,1
DA:459,1
DA:460,1
DA:461,1
DA:462,1
DA:463,1
DA:464,1
DA:465,1
DA:466,1
DA:467,1
DA:468,1
LF:223
LH:150
end_of_record
SF:lib\features\watch_party\presentation\widgets\visibility_badge.dart
DA:10,2
DA:14,1
DA:16,2
DA:18,4
DA:20,2
DA:21,2
DA:22,2
DA:23,2
DA:25,2
DA:27,2
DA:28,2
DA:29,2
DA:30,2
DA:32,2
DA:33,2
DA:36,2
DA:38,2
DA:39,2
DA:41,2
DA:45,2
DA:47,2
DA:48,2
DA:65,1
DA:69,1
DA:71,1
DA:73,1
DA:86,1
DA:87,1
DA:88,1
DA:89,3
LF:30
LH:30
end_of_record
SF:lib\features\watch_party\presentation\widgets\member_avatar_row.dart
DA:13,2
DA:20,1
DA:22,1
DA:24,4
DA:25,4
DA:27,1
DA:28,1
DA:29,1
DA:30,1
DA:31,1
DA:32,1
DA:33,3
DA:34,1
DA:35,4
DA:36,1
DA:37,1
DA:38,1
DA:41,1
DA:42,1
DA:43,5
DA:44,1
DA:46,1
DA:60,1
DA:65,1
DA:67,1
DA:68,1
DA:69,1
DA:70,1
DA:72,1
DA:76,1
DA:77,1
DA:78,1
DA:83,1
DA:84,2
DA:85,0
DA:86,0
DA:88,0
DA:90,1
DA:95,1
DA:96,1
DA:97,1
DA:98,1
DA:99,1
DA:100,3
DA:101,4
DA:103,1
DA:106,2
DA:113,1
DA:114,2
DA:115,1
DA:117,1
DA:119,1
DA:129,1
DA:134,1
DA:136,1
DA:137,1
DA:138,1
DA:139,1
DA:141,1
DA:142,1
DA:147,1
DA:148,1
DA:149,2
DA:150,1
DA:151,1
DA:153,2
DA:169,1
DA:176,1
DA:178,1
DA:180,1
DA:181,1
DA:182,1
DA:183,1
DA:184,1
DA:185,1
DA:187,1
DA:188,1
DA:192,1
DA:193,2
DA:194,0
DA:195,0
DA:197,0
DA:199,1
DA:202,5
DA:203,1
DA:206,1
DA:208,1
DA:209,2
DA:211,1
DA:213,1
DA:214,2
DA:215,2
DA:220,1
DA:221,1
DA:224,1
DA:225,2
DA:226,2
DA:227,1
DA:228,1
DA:230,1
DA:238,1
DA:239,1
DA:240,1
DA:241,1
DA:242,1
DA:243,3
DA:244,4
DA:246,1
DA:249,2
DA:256,1
DA:257,2
DA:258,1
DA:260,1
DA:262,1
DA:267,1
DA:268,2
LF:116
LH:110
end_of_record
SF:lib\features\watch_party\domain\entities\watch_party_member.g.dart
DA:13,0
DA:15,0
DA:16,0
DA:17,0
DA:19,0
DA:20,0
DA:21,0
DA:22,0
DA:23,0
DA:24,0
DA:25,0
DA:26,0
DA:27,0
DA:28,0
DA:29,0
DA:30,0
DA:31,0
DA:32,0
DA:36,0
DA:39,0
DA:40,0
DA:41,0
DA:42,0
DA:43,0
DA:44,0
DA:45,0
DA:46,0
DA:47,0
DA:48,0
DA:49,0
DA:50,0
DA:51,0
DA:52,0
DA:53,0
DA:54,0
DA:55,0
DA:56,0
DA:57,0
DA:58,0
DA:59,0
DA:60,0
DA:61,0
DA:62,0
DA:63,0
DA:64,0
DA:65,0
DA:68,0
DA:69,0
DA:71,0
DA:74,0
DA:75,0
DA:76,0
DA:83,0
DA:85,0
DA:86,0
DA:88,0
DA:90,0
DA:97,0
DA:100,0
DA:101,0
DA:103,0
DA:104,0
DA:106,0
DA:107,0
DA:112,0
DA:113,0
DA:115,0
DA:118,0
DA:119,0
DA:120,0
DA:128,0
DA:130,0
DA:131,0
DA:133,0
DA:140,0
DA:143,0
DA:144,0
DA:146,0
DA:147,0
DA:152,0
DA:153,0
DA:155,0
DA:158,0
DA:159,0
DA:160,0
DA:167,0
DA:169,0
DA:170,0
DA:172,0
DA:174,0
DA:181,0
DA:184,0
DA:185,0
DA:187,0
DA:188,0
DA:190,0
DA:191,0
DA:196,0
DA:197,0
DA:199,0
DA:202,0
DA:203,0
DA:204,0
LF:103
LH:0
end_of_record
SF:lib\features\watch_party\domain\entities\watch_party_member.dart
DA:80,2
DA:97,1
DA:106,1
DA:107,1
DA:115,1
DA:116,1
DA:121,1
DA:132,1
DA:133,1
DA:134,1
DA:135,1
DA:136,1
DA:137,1
DA:138,1
DA:139,1
DA:140,1
DA:141,1
DA:142,1
DA:143,1
DA:144,1
DA:145,1
DA:150,6
DA:151,6
DA:152,3
DA:153,6
DA:154,3
DA:155,3
DA:156,3
DA:157,3
DA:158,2
DA:161,1
DA:162,1
DA:163,2
DA:168,3
DA:170,1
DA:171,1
DA:172,1
DA:174,1
DA:176,1
DA:181,1
DA:182,1
DA:183,1
DA:185,1
DA:190,0
DA:191,0
DA:192,0
DA:194,0
DA:195,0
DA:196,0
DA:201,1
DA:202,2
DA:205,1
DA:206,1
DA:209,1
DA:210,1
DA:213,1
DA:214,1
DA:220,1
DA:221,1
DA:224,1
DA:225,1
DA:229,1
DA:230,1
DA:231,1
DA:232,1
DA:233,1
DA:234,1
DA:235,1
DA:236,1
DA:237,4
DA:238,0
DA:240,1
DA:241,4
DA:242,0
DA:244,1
DA:245,4
DA:246,0
DA:248,2
DA:249,1
DA:250,1
DA:251,1
DA:252,0
DA:254,1
DA:258,1
DA:259,1
DA:260,1
DA:261,1
DA:262,1
DA:263,1
DA:264,1
DA:265,2
DA:266,2
DA:267,2
DA:268,2
DA:269,1
DA:270,1
DA:271,1
DA:272,1
DA:277,0
DA:278,0
DA:280,0
DA:281,0
DA:282,0
DA:283,0
DA:284,0
DA:285,0
DA:286,0
DA:288,0
DA:289,0
DA:290,0
DA:292,0
DA:293,0
DA:294,0
DA:296,0
DA:297,0
DA:298,0
DA:299,0
DA:300,0
DA:301,0
DA:302,0
DA:303,0
DA:304,0
DA:305,0
DA:306,0
DA:308,0
DA:313,0
DA:314,0
DA:315,0
DA:316,0
DA:317,0
DA:318,0
DA:319,0
DA:320,0
DA:321,0
DA:322,0
DA:323,0
DA:324,0
DA:325,0
DA:326,0
DA:330,1
DA:331,1
DA:332,1
DA:333,1
DA:334,1
DA:335,1
DA:336,1
DA:337,1
DA:338,1
DA:339,1
DA:340,1
DA:341,1
DA:342,1
DA:343,1
DA:344,1
LF:154
LH:103
end_of_record
SF:lib\features\worldcup\domain\entities\ai_match_prediction.dart
DA:12,0
DA:14,0
DA:16,0
DA:18,0
DA:71,0
DA:88,0
DA:89,0
DA:90,0
DA:91,0
DA:92,0
DA:93,0
DA:94,0
DA:95,0
DA:99,0
DA:100,0
DA:101,0
DA:102,0
DA:106,0
DA:109,0
DA:110,0
DA:111,0
DA:112,0
DA:113,0
DA:118,0
DA:119,0
DA:120,0
DA:123,0
DA:125,0
DA:131,0
DA:136,0
DA:137,0
DA:138,0
DA:139,0
DA:140,0
DA:141,0
DA:142,0
DA:143,0
DA:144,0
DA:145,0
DA:146,0
DA:147,0
DA:148,0
DA:149,0
DA:150,0
DA:155,0
DA:156,0
DA:157,0
DA:158,0
DA:159,0
DA:160,0
DA:161,0
DA:162,0
DA:163,0
DA:164,0
DA:165,0
DA:166,0
DA:167,0
DA:168,0
DA:169,0
DA:170,0
DA:175,0
DA:191,0
DA:192,0
DA:193,0
DA:194,0
DA:195,0
DA:196,0
DA:197,0
DA:198,0
DA:199,0
DA:200,0
DA:201,0
DA:202,0
DA:203,0
DA:204,0
DA:205,0
DA:210,0
DA:224,0
DA:226,0
DA:227,0
DA:228,0
DA:229,0
DA:230,0
DA:231,0
DA:232,0
DA:234,0
DA:235,0
DA:236,0
DA:237,0
DA:238,0
DA:239,0
DA:250,0
DA:252,0
DA:258,0
DA:267,0
DA:275,0
DA:279,0
DA:281,0
LF:98
LH:0
end_of_record
SF:lib\features\worldcup\domain\entities\bracket.dart
DA:45,4
DA:48,2
DA:50,3
DA:65,2
DA:66,10
DA:69,1
DA:70,1
DA:71,1
DA:72,2
DA:73,1
DA:74,1
DA:75,1
DA:76,1
DA:77,1
DA:78,1
DA:79,1
DA:80,1
DA:81,1
DA:82,1
DA:87,1
DA:88,1
DA:89,1
DA:90,2
DA:91,1
DA:92,1
DA:93,1
DA:94,1
DA:95,1
DA:96,1
DA:97,1
DA:98,1
DA:99,1
DA:100,1
DA:105,1
DA:119,1
DA:120,1
DA:121,1
DA:122,1
DA:123,0
DA:124,1
DA:125,1
DA:126,1
DA:127,1
DA:128,0
DA:129,1
DA:130,0
DA:131,1
DA:135,1
DA:137,1
DA:138,1
DA:140,1
DA:142,1
DA:144,1
DA:146,1
DA:148,1
DA:191,3
DA:205,2
DA:206,12
DA:209,5
DA:212,9
DA:215,4
DA:218,2
DA:219,4
DA:220,4
DA:221,4
DA:222,4
DA:226,4
DA:229,4
DA:232,3
DA:235,3
DA:238,1
DA:239,1
DA:240,1
DA:241,1
DA:242,2
DA:243,1
DA:244,2
DA:245,2
DA:246,1
DA:247,2
DA:248,1
DA:249,1
DA:250,0
DA:252,1
DA:257,1
DA:258,1
DA:259,1
DA:260,1
DA:261,2
DA:262,1
DA:263,2
DA:264,2
DA:265,1
DA:266,2
DA:267,1
DA:268,2
DA:269,1
DA:273,1
DA:275,1
DA:276,1
DA:278,1
DA:280,0
DA:282,0
DA:284,0
DA:286,0
DA:293,1
DA:295,1
DA:296,1
DA:298,1
DA:300,1
DA:302,1
DA:304,1
DA:353,14
DA:369,0
DA:370,0
DA:371,0
DA:372,0
DA:373,0
DA:374,0
DA:375,0
DA:376,0
DA:377,0
DA:381,1
DA:382,1
DA:383,1
DA:384,1
DA:385,1
DA:386,1
DA:387,3
DA:388,3
DA:393,1
DA:395,1
DA:396,1
DA:397,1
DA:398,1
DA:399,1
DA:400,1
DA:401,1
DA:402,1
DA:403,1
DA:404,3
DA:405,1
DA:406,3
DA:408,1
DA:413,1
DA:415,5
DA:422,1
DA:423,1
DA:424,5
DA:425,1
DA:426,1
DA:427,1
DA:428,1
DA:432,1
DA:433,3
DA:434,2
DA:435,2
DA:436,2
DA:437,2
DA:438,1
DA:442,0
DA:443,0
DA:444,0
DA:445,0
DA:446,0
DA:447,0
DA:448,0
DA:449,0
DA:450,0
DA:451,0
DA:452,0
DA:453,0
DA:454,0
DA:455,0
DA:456,0
DA:457,0
DA:459,0
DA:460,0
DA:462,0
DA:463,0
DA:464,0
DA:465,0
DA:466,0
DA:467,0
DA:468,0
DA:469,0
DA:475,0
DA:476,0
DA:477,0
DA:478,0
DA:479,0
DA:480,0
DA:481,0
DA:482,0
DA:483,0
DA:484,0
DA:485,0
DA:486,0
DA:487,0
DA:488,0
DA:489,0
DA:494,1
DA:495,1
DA:496,5
DA:497,5
DA:498,3
DA:499,3
DA:500,1
DA:501,1
DA:502,1
DA:503,1
DA:504,1
DA:505,1
DA:506,1
DA:507,1
DA:508,1
DA:513,1
DA:514,1
DA:515,1
DA:516,3
DA:517,1
DA:518,1
DA:519,1
DA:520,1
DA:521,1
DA:522,1
DA:523,1
DA:524,1
DA:525,1
DA:526,1
DA:527,1
DA:528,0
DA:530,1
DA:531,0
DA:533,1
DA:534,1
DA:535,1
DA:536,1
DA:537,1
DA:538,1
DA:539,1
DA:540,0
DA:546,1
DA:561,1
DA:562,1
DA:563,1
DA:564,1
DA:565,1
DA:566,1
DA:567,1
DA:568,0
DA:569,0
DA:570,1
DA:571,1
DA:572,1
DA:573,0
DA:574,1
DA:578,2
DA:580,18
LF:259
LH:195
end_of_record
SF:lib\features\worldcup\domain\entities\world_cup_match.dart
DA:18,3
DA:20,3
DA:22,2
DA:24,2
DA:26,2
DA:28,2
DA:30,2
DA:32,2
DA:37,1
DA:39,1
DA:41,1
DA:43,1
DA:45,1
DA:47,1
DA:49,1
DA:51,1
DA:56,2
DA:73,1
DA:75,1
DA:77,1
DA:79,1
DA:81,1
DA:83,1
DA:85,1
DA:87,1
DA:89,1
DA:94,4
DA:95,2
DA:96,2
DA:97,2
DA:249,4
DA:296,1
DA:297,1
DA:298,1
DA:299,1
DA:300,1
DA:301,1
DA:302,1
DA:303,1
DA:304,1
DA:305,1
DA:309,6
DA:312,3
DA:316,4
DA:319,4
DA:322,6
DA:325,2
DA:328,0
DA:331,6
DA:334,6
DA:337,1
DA:338,1
DA:339,3
DA:343,1
DA:344,1
DA:345,3
DA:349,1
DA:350,2
DA:352,3
DA:354,1
DA:355,1
DA:356,1
DA:357,1
DA:359,3
DA:360,1
DA:364,1
DA:365,4
DA:372,1
DA:373,1
DA:374,1
DA:375,1
DA:376,8
DA:377,1
DA:378,1
DA:380,1
DA:382,1
DA:383,1
DA:384,0
DA:385,0
DA:388,1
DA:391,1
DA:392,6
DA:399,2
DA:400,2
DA:402,2
DA:403,4
DA:404,2
DA:405,2
DA:406,2
DA:407,2
DA:408,2
DA:409,2
DA:410,2
DA:411,2
DA:412,2
DA:413,2
DA:414,4
DA:415,4
DA:416,2
DA:417,2
DA:418,0
DA:419,2
DA:420,0
DA:422,0
DA:423,0
DA:436,2
DA:437,2
DA:438,3
DA:439,4
DA:440,2
DA:441,2
DA:442,2
DA:443,2
DA:444,2
DA:445,2
DA:446,2
DA:447,2
DA:448,2
DA:449,2
DA:450,2
DA:451,2
DA:452,0
DA:453,2
DA:454,2
DA:455,0
DA:456,2
DA:457,2
DA:458,2
DA:459,2
DA:460,2
DA:461,2
DA:462,2
DA:463,0
DA:464,2
DA:465,2
DA:466,2
DA:467,2
DA:468,2
DA:469,4
DA:470,4
DA:475,1
DA:476,1
DA:477,1
DA:478,2
DA:479,1
DA:480,1
DA:481,1
DA:482,1
DA:483,1
DA:484,1
DA:485,1
DA:486,1
DA:487,1
DA:488,1
DA:489,3
DA:490,1
DA:491,1
DA:492,1
DA:493,1
DA:494,2
DA:495,1
DA:496,1
DA:497,1
DA:498,1
DA:499,1
DA:500,1
DA:501,1
DA:502,1
DA:503,1
DA:504,1
DA:505,1
DA:506,1
DA:507,1
DA:508,1
DA:509,1
DA:510,1
DA:511,1
DA:512,1
DA:513,1
DA:514,1
DA:515,1
DA:516,1
DA:517,1
DA:518,1
DA:519,2
DA:524,1
DA:525,1
DA:526,1
DA:527,1
DA:528,2
DA:529,1
DA:530,1
DA:531,1
DA:532,1
DA:533,1
DA:534,1
DA:535,1
DA:536,1
DA:537,1
DA:538,1
DA:539,2
DA:540,1
DA:541,1
DA:542,1
DA:543,1
DA:544,2
DA:545,1
DA:546,1
DA:547,1
DA:548,1
DA:549,1
DA:550,1
DA:551,1
DA:552,1
DA:553,1
DA:554,1
DA:555,1
DA:556,1
DA:557,1
DA:558,1
DA:559,1
DA:560,1
DA:561,1
DA:562,1
DA:563,1
DA:564,1
DA:565,1
DA:566,1
DA:567,1
DA:568,1
DA:569,1
DA:574,1
DA:575,1
DA:576,1
DA:577,1
DA:578,2
DA:579,1
DA:580,1
DA:581,1
DA:582,1
DA:583,1
DA:584,1
DA:585,1
DA:586,1
DA:587,1
DA:588,1
DA:589,1
DA:590,2
DA:592,1
DA:593,0
DA:595,1
DA:596,1
DA:597,0
DA:599,1
DA:600,2
DA:601,2
DA:602,2
DA:603,1
DA:604,1
DA:605,1
DA:606,1
DA:607,1
DA:608,1
DA:609,1
DA:610,1
DA:611,1
DA:612,1
DA:613,1
DA:614,1
DA:615,2
DA:616,2
DA:617,1
DA:618,1
DA:619,2
DA:620,1
DA:621,1
DA:622,1
DA:623,1
DA:624,1
DA:625,1
DA:626,1
DA:627,2
DA:628,1
DA:629,1
DA:630,1
DA:631,1
DA:632,1
DA:633,0
DA:635,1
DA:636,0
DA:642,1
DA:688,1
DA:689,1
DA:690,1
DA:691,1
DA:692,1
DA:693,1
DA:694,1
DA:695,1
DA:696,1
DA:697,1
DA:698,1
DA:699,1
DA:700,1
DA:701,1
DA:702,1
DA:703,1
DA:704,1
DA:705,1
DA:706,1
DA:707,1
DA:708,1
DA:709,1
DA:710,1
DA:711,1
DA:712,1
DA:713,1
DA:714,1
DA:715,1
DA:716,1
DA:717,1
DA:718,1
DA:719,1
DA:720,1
DA:721,1
DA:722,1
DA:723,1
DA:724,1
DA:725,1
DA:726,1
DA:727,1
DA:728,1
DA:729,1
DA:730,1
DA:731,1
DA:732,1
DA:738,2
DA:741,2
DA:742,2
DA:743,2
DA:744,2
DA:746,2
DA:747,2
DA:748,2
DA:750,2
DA:751,2
DA:752,2
DA:754,2
DA:755,2
DA:756,2
DA:758,2
DA:759,2
DA:760,2
DA:762,2
DA:763,2
DA:764,2
DA:766,2
DA:767,1
DA:774,2
DA:777,2
DA:778,2
DA:780,1
DA:781,1
DA:782,1
DA:784,1
DA:785,1
DA:786,1
DA:788,1
DA:789,1
DA:790,1
DA:792,1
DA:793,1
DA:795,1
DA:796,1
DA:797,1
DA:799,1
DA:801,1
DA:802,1
DA:809,2
DA:811,3
DA:812,2
DA:813,0
DA:817,2
DA:818,8
LF:384
LH:369
end_of_record
SF:lib\features\worldcup\domain\entities\national_team.dart
DA:16,1
DA:18,1
DA:20,1
DA:22,1
DA:24,1
DA:26,1
DA:28,1
DA:33,1
DA:35,1
DA:37,1
DA:39,1
DA:41,1
DA:43,1
DA:45,1
DA:120,5
DA:145,1
DA:146,1
DA:147,1
DA:148,1
DA:149,1
DA:150,1
DA:151,1
DA:152,1
DA:153,1
DA:154,1
DA:158,2
DA:159,2
DA:160,2
DA:161,2
DA:162,2
DA:163,2
DA:164,2
DA:165,4
DA:166,2
DA:167,2
DA:168,2
DA:169,2
DA:170,2
DA:171,2
DA:172,2
DA:173,2
DA:174,2
DA:175,2
DA:176,2
DA:177,2
DA:178,2
DA:179,4
DA:180,4
DA:181,2
DA:182,2
DA:183,4
DA:184,0
DA:190,1
DA:191,1
DA:192,3
DA:193,2
DA:194,2
DA:195,1
DA:196,1
DA:197,2
DA:198,1
DA:199,2
DA:201,1
DA:206,1
DA:207,1
DA:208,1
DA:209,1
DA:210,1
DA:211,1
DA:212,1
DA:213,2
DA:214,1
DA:215,1
DA:216,1
DA:217,1
DA:218,1
DA:219,1
DA:220,1
DA:221,1
DA:222,1
DA:223,1
DA:224,1
DA:225,1
DA:226,1
DA:227,1
DA:228,1
DA:229,1
DA:234,1
DA:235,1
DA:236,1
DA:237,1
DA:238,1
DA:239,1
DA:240,1
DA:241,2
DA:242,1
DA:243,1
DA:244,1
DA:245,1
DA:246,1
DA:247,1
DA:248,1
DA:249,1
DA:250,1
DA:251,1
DA:252,1
DA:253,1
DA:254,1
DA:255,1
DA:256,1
DA:257,1
DA:262,1
DA:263,1
DA:264,1
DA:265,1
DA:266,1
DA:267,1
DA:268,1
DA:269,2
DA:270,1
DA:271,1
DA:272,1
DA:273,1
DA:274,1
DA:275,1
DA:276,1
DA:277,1
DA:278,1
DA:279,1
DA:280,1
DA:281,1
DA:282,1
DA:283,2
DA:284,2
DA:285,1
DA:286,1
DA:287,1
DA:288,0
DA:294,1
DA:318,1
DA:319,1
DA:320,1
DA:321,1
DA:322,1
DA:323,1
DA:324,1
DA:325,0
DA:326,1
DA:327,1
DA:328,1
DA:329,1
DA:330,1
DA:331,1
DA:332,1
DA:333,1
DA:334,1
DA:335,1
DA:336,1
DA:337,1
DA:338,1
DA:339,1
DA:340,1
DA:345,2
DA:348,2
DA:349,4
DA:351,4
DA:353,3
DA:354,1
DA:356,2
DA:358,2
DA:360,2
DA:368,1
DA:371,6
DA:374,1
DA:405,2
DA:408,4
DA:409,4
DA:411,1
DA:414,2
DA:415,6
LF:180
LH:177
end_of_record
SF:lib\features\worldcup\domain\entities\world_cup_venue.dart
DA:13,1
DA:15,1
DA:17,1
DA:19,1
DA:24,1
DA:26,1
DA:28,1
DA:30,1
DA:35,1
DA:37,1
DA:39,1
DA:41,1
DA:136,36
DA:168,1
DA:169,5
DA:172,3
DA:175,1
DA:176,1
DA:177,5
DA:179,4
DA:183,3
DA:186,3
DA:189,2
DA:190,2
DA:192,2
DA:193,2
DA:194,2
DA:195,2
DA:196,4
DA:197,2
DA:198,2
DA:199,2
DA:200,3
DA:201,3
DA:202,2
DA:203,2
DA:204,2
DA:205,2
DA:206,2
DA:207,2
DA:208,2
DA:209,2
DA:210,2
DA:211,2
DA:212,2
DA:213,2
DA:214,2
DA:215,2
DA:216,2
DA:217,0
DA:218,2
DA:219,2
DA:220,2
DA:221,2
DA:222,0
DA:223,2
DA:224,2
DA:225,2
DA:226,2
DA:227,4
DA:228,0
DA:234,1
DA:235,1
DA:236,1
DA:237,1
DA:238,1
DA:239,1
DA:240,2
DA:241,1
DA:242,1
DA:243,1
DA:244,1
DA:245,1
DA:246,1
DA:247,1
DA:248,1
DA:249,1
DA:250,1
DA:251,1
DA:252,1
DA:253,1
DA:254,1
DA:255,1
DA:256,1
DA:257,1
DA:258,1
DA:259,1
DA:260,1
DA:261,1
DA:262,1
DA:263,1
DA:268,1
DA:269,1
DA:270,1
DA:271,1
DA:272,1
DA:273,1
DA:274,1
DA:275,2
DA:276,1
DA:277,1
DA:278,1
DA:279,1
DA:280,1
DA:281,1
DA:282,1
DA:283,1
DA:284,1
DA:285,1
DA:286,1
DA:287,1
DA:288,1
DA:289,1
DA:290,1
DA:291,1
DA:292,1
DA:293,1
DA:294,1
DA:295,1
DA:296,1
DA:297,1
DA:298,1
DA:303,1
DA:304,1
DA:305,1
DA:306,1
DA:307,1
DA:308,1
DA:309,1
DA:310,2
DA:311,1
DA:312,1
DA:313,1
DA:314,2
DA:315,2
DA:316,1
DA:317,1
DA:318,1
DA:319,1
DA:320,1
DA:321,1
DA:322,2
DA:323,2
DA:324,1
DA:325,2
DA:326,2
DA:327,1
DA:328,1
DA:329,1
DA:330,1
DA:331,2
DA:332,2
DA:333,1
DA:334,1
DA:335,1
DA:336,1
DA:337,2
DA:338,1
DA:339,1
DA:340,1
DA:341,1
DA:342,0
DA:348,1
DA:379,1
DA:380,1
DA:381,1
DA:382,1
DA:383,1
DA:384,1
DA:385,1
DA:386,0
DA:387,1
DA:388,1
DA:389,1
DA:390,1
DA:391,1
DA:392,1
DA:393,1
DA:394,1
DA:395,1
DA:396,1
DA:397,1
DA:398,1
DA:399,1
DA:400,1
DA:401,1
DA:402,1
DA:403,1
DA:404,1
DA:405,1
DA:406,1
DA:407,1
DA:408,1
DA:413,2
DA:416,2
DA:417,3
DA:418,1
DA:420,2
DA:422,2
DA:429,1
DA:430,3
DA:728,1
DA:730,4
DA:737,1
DA:738,5
DA:742,1
DA:743,4
LF:207
LH:202
end_of_record
SF:lib\features\worldcup\domain\entities\group.dart
DA:37,8
DA:51,4
DA:68,1
DA:69,1
DA:70,1
DA:71,1
DA:72,1
DA:73,1
DA:74,1
DA:75,1
DA:76,1
DA:77,1
DA:78,1
DA:82,1
DA:83,1
DA:84,1
DA:85,1
DA:86,1
DA:87,1
DA:88,1
DA:89,1
DA:90,1
DA:91,1
DA:92,1
DA:93,1
DA:94,1
DA:95,1
DA:96,2
DA:97,2
DA:98,1
DA:99,1
DA:104,1
DA:105,1
DA:106,1
DA:107,1
DA:108,1
DA:109,1
DA:110,1
DA:111,1
DA:112,1
DA:113,1
DA:114,1
DA:115,1
DA:116,1
DA:117,1
DA:118,1
DA:119,1
DA:124,1
DA:140,1
DA:141,1
DA:142,1
DA:143,1
DA:144,1
DA:145,1
DA:146,1
DA:147,1
DA:148,1
DA:149,1
DA:150,1
DA:151,1
DA:152,1
DA:153,1
DA:154,1
DA:158,1
DA:160,9
DA:196,3
DA:209,1
DA:210,4
DA:213,1
DA:215,5
DA:222,1
DA:223,2
DA:224,5
DA:229,1
DA:230,6
DA:234,1
DA:235,1
DA:237,1
DA:238,3
DA:239,1
DA:240,1
DA:241,2
DA:242,1
DA:243,1
DA:244,1
DA:245,1
DA:246,1
DA:247,1
DA:248,1
DA:249,2
DA:250,0
DA:256,1
DA:257,1
DA:258,5
DA:259,1
DA:260,1
DA:261,1
DA:262,1
DA:263,1
DA:264,1
DA:265,1
DA:266,1
DA:271,1
DA:272,1
DA:273,1
DA:274,5
DA:275,1
DA:276,1
DA:277,1
DA:278,1
DA:279,1
DA:280,1
DA:281,1
DA:282,1
DA:287,1
DA:288,1
DA:289,1
DA:290,1
DA:291,3
DA:292,1
DA:293,1
DA:294,2
DA:295,1
DA:296,1
DA:297,1
DA:298,1
DA:299,1
DA:300,1
DA:301,1
DA:302,1
DA:303,0
DA:309,1
DA:321,1
DA:322,1
DA:323,1
DA:324,1
DA:325,0
DA:326,0
DA:327,0
DA:328,1
DA:329,1
DA:330,1
DA:331,1
DA:344,1
DA:347,1
DA:348,2
DA:349,5
DA:353,1
DA:354,5
DA:356,2
DA:357,1
DA:358,2
DA:359,2
DA:362,2
DA:364,3
DA:365,1
DA:368,3
DA:369,1
DA:374,1
DA:379,4
DA:380,4
DA:381,1
DA:384,2
DA:385,4
DA:408,1
DA:409,2
DA:413,1
DA:414,2
DA:418,1
DA:419,3
DA:420,2
DA:422,1
LF:172
LH:167
end_of_record
SF:lib\features\worldcup\domain\entities\user_preferences.dart
DA:27,35
DA:37,0
DA:38,0
DA:39,0
DA:40,0
DA:41,0
DA:42,0
DA:43,0
DA:44,0
DA:48,1
DA:49,3
DA:52,3
DA:55,1
DA:58,1
DA:59,1
DA:60,1
DA:61,2
DA:62,1
DA:63,0
DA:64,1
DA:65,2
DA:66,1
DA:67,0
DA:69,1
DA:70,1
DA:71,1
DA:72,1
DA:73,1
DA:74,0
DA:80,1
DA:81,1
DA:82,1
DA:83,1
DA:84,1
DA:85,1
DA:86,1
DA:87,1
DA:88,1
DA:93,1
DA:102,1
DA:103,1
DA:104,1
DA:106,1
DA:107,1
DA:108,1
DA:109,1
DA:110,1
DA:115,1
DA:116,1
DA:117,1
DA:118,3
DA:119,1
DA:124,1
DA:125,1
DA:126,1
DA:127,5
DA:128,1
DA:129,1
DA:134,1
DA:135,1
DA:136,1
DA:138,1
DA:142,1
DA:143,1
DA:144,1
DA:145,3
DA:146,1
DA:151,1
DA:152,1
DA:154,5
DA:155,1
DA:160,1
DA:161,1
DA:162,1
DA:164,1
LF:75
LH:64
end_of_record
SF:lib\features\worldcup\domain\entities\match_prediction.dart
DA:15,0
DA:17,0
DA:19,0
DA:21,0
DA:23,0
DA:25,0
DA:27,0
DA:32,0
DA:33,0
DA:98,1
DA:121,0
DA:122,0
DA:123,0
DA:124,0
DA:125,0
DA:126,0
DA:127,0
DA:128,0
DA:129,0
DA:133,1
DA:134,3
DA:136,3
DA:143,4
DA:146,1
DA:147,3
DA:150,0
DA:153,1
DA:154,1
DA:155,1
DA:156,1
DA:157,1
DA:158,1
DA:159,1
DA:160,1
DA:162,2
DA:163,1
DA:164,0
DA:166,1
DA:167,1
DA:168,1
DA:169,1
DA:170,1
DA:171,1
DA:172,2
DA:174,1
DA:175,1
DA:176,1
DA:177,1
DA:178,1
DA:179,2
DA:180,0
DA:181,1
DA:182,0
DA:188,1
DA:189,1
DA:190,1
DA:191,1
DA:192,1
DA:193,1
DA:194,1
DA:195,1
DA:196,2
DA:197,1
DA:198,1
DA:199,1
DA:200,1
DA:201,1
DA:202,1
DA:203,2
DA:204,1
DA:205,1
DA:206,1
DA:207,1
DA:208,2
DA:209,1
DA:214,1
DA:236,1
DA:237,1
DA:238,1
DA:239,1
DA:240,1
DA:241,1
DA:242,1
DA:243,1
DA:244,0
DA:245,0
DA:246,0
DA:247,0
DA:248,1
DA:249,1
DA:250,1
DA:251,1
DA:252,1
DA:253,1
DA:254,1
DA:255,1
DA:256,0
DA:261,1
DA:266,1
DA:268,1
DA:272,2
DA:273,2
DA:274,2
DA:284,1
DA:290,1
DA:294,1
DA:297,1
DA:298,1
DA:299,1
DA:300,1
DA:302,1
DA:304,1
DA:305,1
DA:306,1
DA:308,1
DA:310,1
DA:326,37
DA:334,0
DA:335,0
DA:336,0
DA:337,0
DA:338,0
DA:339,0
DA:340,0
DA:344,1
DA:345,3
DA:346,1
DA:347,3
DA:351,0
DA:352,0
DA:353,0
DA:354,0
DA:358,1
DA:359,3
DA:360,1
DA:361,2
DA:364,0
DA:365,0
DA:366,0
DA:367,0
DA:368,0
DA:369,0
DA:370,0
DA:374,0
DA:375,0
DA:376,0
DA:377,0
DA:378,0
DA:379,0
DA:380,0
DA:385,1
DA:391,2
DA:392,1
DA:393,1
DA:395,2
DA:396,2
DA:397,2
DA:401,1
DA:402,1
LF:159
LH:107
end_of_record
SF:lib\features\worldcup\domain\entities\head_to_head.dart
DA:29,13
DA:40,1
DA:41,5
DA:44,4
DA:47,4
DA:49,1
DA:50,1
DA:51,1
DA:52,1
DA:53,1
DA:54,1
DA:55,1
DA:56,1
DA:57,1
DA:58,1
DA:62,1
DA:63,1
DA:64,1
DA:65,1
DA:66,1
DA:67,1
DA:68,1
DA:69,1
DA:70,1
DA:71,1
DA:123,2
DA:141,1
DA:142,6
DA:145,1
DA:147,4
DA:148,3
DA:152,1
DA:153,4
DA:154,4
DA:159,1
DA:160,6
DA:163,1
DA:164,6
DA:167,1
DA:168,6
DA:171,1
DA:172,3
DA:173,4
DA:174,3
DA:175,4
DA:177,4
DA:182,1
DA:183,2
DA:184,3
DA:185,4
DA:186,3
DA:187,4
DA:189,4
DA:193,1
DA:194,1
DA:195,1
DA:196,1
DA:197,1
DA:198,1
DA:199,1
DA:200,1
DA:201,1
DA:202,1
DA:203,1
DA:204,1
DA:205,1
DA:206,1
DA:207,5
DA:208,2
DA:209,2
DA:213,1
DA:214,1
DA:215,1
DA:216,1
DA:217,1
DA:218,1
DA:219,1
DA:220,1
DA:221,1
DA:222,1
DA:223,1
DA:224,1
DA:225,1
DA:226,1
DA:227,1
DA:228,3
DA:229,1
DA:231,1
DA:232,2
DA:234,1
DA:235,2
LF:91
LH:91
end_of_record
SF:lib\features\worldcup\domain\entities\world_cup_history.dart
DA:34,0
DA:65,0
DA:66,0
DA:69,0
DA:72,0
DA:75,0
DA:77,0
DA:78,0
DA:79,0
DA:80,0
DA:81,0
DA:82,0
DA:83,0
DA:84,0
DA:85,0
DA:86,0
DA:87,0
DA:88,0
DA:89,0
DA:90,0
DA:91,0
DA:92,0
DA:93,0
DA:94,0
DA:95,0
DA:96,0
DA:97,0
DA:98,0
DA:99,0
DA:100,0
DA:101,0
DA:102,0
DA:103,0
DA:104,0
DA:105,0
DA:106,0
DA:110,0
DA:111,0
DA:112,0
DA:113,0
DA:114,0
DA:115,0
DA:116,0
DA:117,0
DA:118,0
DA:119,0
DA:120,0
DA:121,0
DA:122,0
DA:123,0
DA:124,0
DA:125,0
DA:126,0
DA:127,0
DA:128,0
DA:129,0
DA:130,0
DA:131,0
DA:132,0
DA:133,0
DA:134,0
DA:135,0
DA:136,0
DA:137,0
DA:138,0
DA:139,0
DA:154,0
DA:164,0
DA:165,0
DA:168,0
DA:169,0
DA:170,0
DA:171,0
DA:174,0
DA:175,0
DA:177,0
DA:178,0
DA:179,0
DA:180,0
DA:181,0
DA:182,0
DA:186,0
DA:187,0
DA:188,0
DA:189,0
DA:190,0
DA:191,0
DA:192,0
DA:193,0
DA:215,0
DA:232,0
DA:233,0
DA:236,0
DA:239,0
DA:242,0
DA:244,0
DA:245,0
DA:247,0
DA:248,0
DA:249,0
DA:250,0
DA:251,0
DA:252,0
DA:253,0
DA:254,0
DA:255,0
DA:256,0
DA:257,0
DA:258,0
DA:259,0
DA:263,0
DA:264,0
DA:265,0
DA:266,0
DA:267,0
DA:268,0
DA:269,0
DA:270,0
DA:271,0
DA:272,0
DA:273,0
DA:274,0
DA:275,0
DA:276,0
DA:277,0
LF:125
LH:0
end_of_record
SF:lib\features\worldcup\domain\entities\match_summary.dart
DA:47,1
DA:64,1
DA:65,4
DA:67,1
DA:68,1
DA:70,1
DA:71,1
DA:72,1
DA:73,1
DA:74,1
DA:75,3
DA:76,1
DA:77,3
DA:78,1
DA:79,1
DA:80,1
DA:81,1
DA:82,1
DA:83,1
DA:84,3
DA:85,1
DA:86,1
DA:87,2
DA:92,1
DA:93,1
DA:94,1
DA:95,1
DA:96,1
DA:97,1
DA:98,1
DA:99,1
DA:100,5
DA:101,1
DA:102,2
DA:103,1
DA:104,1
DA:105,1
DA:106,2
DA:118,2
DA:125,1
DA:126,1
DA:127,1
DA:128,1
DA:129,1
DA:130,1
DA:134,1
DA:135,1
DA:136,1
DA:137,1
DA:138,1
DA:139,1
DA:161,2
DA:169,1
DA:170,1
DA:171,1
DA:172,1
DA:173,1
DA:174,1
DA:175,1
DA:179,1
DA:180,1
DA:181,1
DA:182,1
DA:183,1
DA:184,1
DA:185,1
DA:190,1
DA:191,2
DA:192,2
DA:193,2
LF:70
LH:70
end_of_record
SF:lib\features\worldcup\domain\entities\match_reminder.dart
DA:17,1
DA:18,1
DA:19,3
DA:20,1
DA:72,1
DA:90,1
DA:91,1
DA:92,1
DA:93,1
DA:94,1
DA:95,1
DA:96,1
DA:97,1
DA:98,1
DA:102,1
DA:114,1
DA:115,2
DA:118,1
DA:119,3
DA:126,1
DA:136,1
DA:137,1
DA:139,1
DA:140,1
DA:141,1
DA:142,3
DA:143,3
DA:144,2
DA:145,1
DA:146,1
DA:147,3
DA:148,1
DA:149,1
DA:150,1
DA:151,1
DA:152,1
DA:157,1
DA:158,1
DA:159,1
DA:160,1
DA:161,1
DA:162,2
DA:163,2
DA:164,2
DA:165,1
DA:166,1
DA:167,2
DA:168,1
DA:169,1
DA:170,1
DA:171,1
DA:172,1
DA:177,1
DA:195,1
DA:196,1
DA:198,3
DA:199,1
DA:201,1
DA:202,1
DA:203,1
DA:204,1
DA:205,1
DA:209,1
DA:210,1
DA:211,1
DA:212,1
DA:213,1
DA:214,1
DA:215,1
DA:216,1
DA:221,1
DA:222,2
DA:223,0
DA:224,0
DA:228,1
DA:229,4
DA:233,1
DA:234,4
DA:238,1
DA:239,4
DA:242,1
DA:244,1
DA:245,2
DA:246,0
DA:250,1
DA:251,4
LF:86
LH:83
end_of_record
SF:lib\features\watch_party\domain\entities\watch_party_invite.g.dart
DA:13,0
DA:15,0
DA:16,0
DA:17,0
DA:19,0
DA:20,0
DA:21,0
DA:22,0
DA:23,0
DA:24,0
DA:25,0
DA:26,0
DA:27,0
DA:28,0
DA:29,0
DA:30,0
DA:31,0
DA:32,0
DA:33,0
DA:37,0
DA:40,0
DA:41,0
DA:42,0
DA:43,0
DA:44,0
DA:45,0
DA:46,0
DA:47,0
DA:48,0
DA:49,0
DA:50,0
DA:51,0
DA:52,0
DA:53,0
DA:54,0
DA:55,0
DA:56,0
DA:57,0
DA:58,0
DA:59,0
DA:60,0
DA:61,0
DA:62,0
DA:63,0
DA:64,0
DA:65,0
DA:66,0
DA:67,0
DA:68,0
DA:71,0
DA:72,0
DA:74,0
DA:77,0
DA:78,0
DA:79,0
DA:87,0
DA:89,0
DA:90,0
DA:92,0
DA:94,0
DA:96,0
DA:103,0
DA:106,0
DA:107,0
DA:109,0
DA:110,0
DA:112,0
DA:113,0
DA:115,0
DA:116,0
DA:121,0
DA:122,0
DA:124,0
DA:127,0
DA:128,0
DA:129,0
LF:76
LH:0
end_of_record
SF:lib\features\watch_party\domain\entities\watch_party_invite.dart
DA:65,1
DA:83,1
DA:96,1
DA:97,1
DA:98,2
DA:116,1
DA:120,1
DA:121,1
DA:122,1
DA:123,1
DA:124,1
DA:125,1
DA:126,1
DA:127,1
DA:128,1
DA:129,1
DA:130,1
DA:131,1
DA:132,1
DA:133,1
DA:134,1
DA:139,3
DA:140,3
DA:141,3
DA:142,3
DA:144,1
DA:145,3
DA:148,1
DA:149,2
DA:152,1
DA:153,2
DA:156,1
DA:157,1
DA:158,1
DA:160,1
DA:162,1
DA:164,1
DA:169,1
DA:170,1
DA:171,2
DA:173,4
DA:174,4
DA:175,4
DA:179,1
DA:180,1
DA:182,1
DA:183,2
DA:185,4
DA:186,4
DA:187,4
DA:192,1
DA:193,1
DA:196,1
DA:197,1
DA:200,1
DA:201,1
DA:205,1
DA:206,1
DA:207,1
DA:208,1
DA:209,1
DA:210,1
DA:211,1
DA:212,1
DA:213,1
DA:214,1
DA:215,4
DA:216,1
DA:218,2
DA:219,2
DA:220,1
DA:221,1
DA:222,1
DA:223,2
DA:225,1
DA:229,1
DA:230,1
DA:231,1
DA:232,1
DA:233,1
DA:234,1
DA:235,1
DA:236,1
DA:237,1
DA:238,2
DA:239,2
DA:240,2
DA:241,1
DA:242,1
DA:243,2
DA:244,1
DA:249,1
DA:250,1
DA:252,1
DA:253,1
DA:254,1
DA:255,1
DA:256,1
DA:257,1
DA:258,1
DA:259,4
DA:260,0
DA:262,1
DA:263,2
DA:264,2
DA:265,0
DA:266,1
DA:267,1
DA:268,2
DA:269,2
DA:270,0
DA:271,2
DA:272,1
DA:273,1
DA:274,1
DA:275,0
DA:276,0
DA:277,0
DA:279,1
DA:284,0
DA:285,0
DA:286,0
DA:287,0
DA:288,0
DA:289,0
DA:290,0
DA:291,0
DA:292,0
DA:293,0
DA:294,0
DA:295,0
DA:296,0
DA:297,0
DA:298,0
DA:302,1
DA:303,1
DA:304,1
DA:305,1
DA:306,1
DA:307,1
DA:308,1
DA:309,1
DA:310,1
DA:311,1
DA:312,1
DA:313,1
DA:314,1
DA:315,1
DA:316,1
DA:317,1
LF:150
LH:129
end_of_record
SF:lib\features\watch_party\domain\entities\watch_party_message.dart
DA:39,1
DA:46,1
DA:47,1
DA:48,1
DA:49,1
DA:50,1
DA:51,1
DA:52,2
DA:53,0
DA:57,1
DA:58,1
DA:59,1
DA:60,1
DA:61,1
DA:62,2
DA:66,1
DA:67,5
DA:112,1
DA:129,1
DA:138,1
DA:139,1
DA:140,2
DA:154,1
DA:158,1
DA:159,1
DA:160,2
DA:172,1
DA:181,1
DA:182,1
DA:183,2
DA:192,1
DA:197,1
DA:205,1
DA:206,1
DA:207,2
DA:216,1
DA:221,1
DA:227,1
DA:228,1
DA:229,1
DA:230,1
DA:231,1
DA:232,1
DA:233,1
DA:234,1
DA:235,1
DA:236,1
DA:237,1
DA:238,1
DA:239,1
DA:240,1
DA:245,3
DA:246,3
DA:247,3
DA:248,3
DA:249,3
DA:250,2
DA:251,3
DA:252,3
DA:253,3
DA:255,3
DA:256,3
DA:258,1
DA:259,1
DA:260,2
DA:262,4
DA:263,4
DA:264,4
DA:268,1
DA:269,2
DA:270,4
DA:271,1
DA:272,3
DA:273,1
DA:277,1
DA:278,6
DA:282,1
DA:283,7
DA:287,1
DA:288,6
DA:292,1
DA:293,1
DA:296,1
DA:297,3
DA:298,1
DA:301,1
DA:302,1
DA:303,6
DA:304,1
DA:305,1
DA:309,1
DA:310,1
DA:311,1
DA:312,1
DA:313,1
DA:314,1
DA:315,1
DA:316,1
DA:317,4
DA:318,1
DA:320,1
DA:321,1
DA:322,4
DA:323,1
DA:325,2
DA:326,1
DA:327,1
DA:328,3
DA:329,1
DA:330,1
DA:331,1
DA:332,3
DA:336,1
DA:337,1
DA:338,1
DA:339,1
DA:340,1
DA:341,1
DA:342,1
DA:343,2
DA:344,1
DA:345,2
DA:346,2
DA:347,1
DA:348,5
DA:349,1
DA:350,1
DA:355,1
DA:356,1
DA:358,1
DA:359,1
DA:360,1
DA:361,1
DA:362,1
DA:363,4
DA:364,1
DA:366,1
DA:367,1
DA:368,4
DA:369,1
DA:371,1
DA:372,2
DA:373,2
DA:374,0
DA:375,1
DA:376,1
DA:377,1
DA:378,1
DA:379,1
DA:380,1
DA:381,1
DA:382,3
DA:387,0
DA:388,0
DA:389,0
DA:390,0
DA:391,0
DA:392,0
DA:393,0
DA:394,0
DA:395,0
DA:396,0
DA:397,0
DA:398,0
DA:399,0
DA:400,0
DA:404,1
DA:405,1
DA:406,1
DA:407,1
DA:408,1
DA:409,1
DA:410,1
DA:411,1
DA:412,1
DA:413,1
DA:414,1
DA:415,1
DA:416,1
DA:417,1
DA:418,1
LF:181
LH:165
end_of_record
SF:lib\features\watch_party\domain\entities\watch_party_message.g.dart
DA:13,0
DA:15,0
DA:16,0
DA:17,0
DA:19,0
DA:20,0
DA:21,0
DA:22,0
DA:23,0
DA:27,0
DA:30,0
DA:31,0
DA:32,0
DA:33,0
DA:34,0
DA:35,0
DA:36,0
DA:37,0
DA:38,0
DA:41,0
DA:42,0
DA:44,0
DA:47,0
DA:48,0
DA:49,0
DA:56,0
DA:58,0
DA:59,0
DA:60,0
DA:62,0
DA:63,0
DA:64,0
DA:65,0
DA:66,0
DA:67,0
DA:68,0
DA:69,0
DA:70,0
DA:71,0
DA:72,0
DA:73,0
DA:74,0
DA:75,0
DA:79,0
DA:82,0
DA:83,0
DA:84,0
DA:85,0
DA:86,0
DA:87,0
DA:88,0
DA:89,0
DA:90,0
DA:91,0
DA:92,0
DA:93,0
DA:94,0
DA:95,0
DA:96,0
DA:97,0
DA:98,0
DA:99,0
DA:100,0
DA:101,0
DA:102,0
DA:103,0
DA:104,0
DA:105,0
DA:106,0
DA:107,0
DA:108,0
DA:111,0
DA:112,0
DA:114,0
DA:117,0
DA:118,0
DA:119,0
DA:126,0
DA:128,0
DA:129,0
DA:131,0
DA:133,0
DA:135,0
DA:137,0
DA:144,0
DA:147,0
DA:148,0
DA:150,0
DA:151,0
DA:153,0
DA:154,0
DA:156,0
DA:157,0
DA:159,0
DA:160,0
DA:165,0
DA:166,0
DA:168,0
DA:171,0
DA:172,0
DA:173,0
LF:101
LH:0
end_of_record
SF:lib\features\social\domain\entities\social_connection.g.dart
DA:13,0
DA:15,0
DA:16,0
DA:17,0
DA:19,0
DA:20,0
DA:21,0
DA:22,0
DA:23,0
DA:24,0
DA:25,0
DA:26,0
DA:27,0
DA:28,0
DA:32,0
DA:35,0
DA:36,0
DA:37,0
DA:38,0
DA:39,0
DA:40,0
DA:41,0
DA:42,0
DA:43,0
DA:44,0
DA:45,0
DA:46,0
DA:47,0
DA:48,0
DA:49,0
DA:50,0
DA:51,0
DA:52,0
DA:53,0
DA:56,0
DA:57,0
DA:59,0
DA:62,0
DA:63,0
DA:64,0
DA:71,0
DA:73,0
DA:74,0
DA:75,0
DA:77,0
DA:78,0
DA:79,0
DA:80,0
DA:81,0
DA:82,0
DA:83,0
DA:84,0
DA:85,0
DA:89,0
DA:92,0
DA:93,0
DA:94,0
DA:95,0
DA:96,0
DA:97,0
DA:98,0
DA:99,0
DA:100,0
DA:101,0
DA:102,0
DA:103,0
DA:104,0
DA:105,0
DA:106,0
DA:107,0
DA:108,0
DA:111,0
DA:112,0
DA:114,0
DA:117,0
DA:118,0
DA:119,0
DA:126,0
DA:128,0
DA:129,0
DA:131,0
DA:133,0
DA:140,0
DA:143,0
DA:144,0
DA:146,0
DA:147,0
DA:149,0
DA:150,0
DA:155,0
DA:156,0
DA:158,0
DA:161,0
DA:162,0
DA:163,0
DA:170,0
DA:172,0
DA:173,0
DA:175,0
DA:177,0
DA:179,0
DA:186,0
DA:189,0
DA:190,0
DA:192,0
DA:193,0
DA:195,0
DA:196,0
DA:198,0
DA:199,0
DA:204,0
DA:205,0
DA:207,0
DA:210,0
DA:211,0
DA:212,0
LF:116
LH:0
end_of_record
SF:lib\features\social\domain\entities\social_connection.dart
DA:35,2
DA:47,1
DA:52,1
DA:53,3
DA:58,1
DA:63,1
DA:68,1
DA:69,3
DA:74,1
DA:75,1
DA:80,1
DA:85,1
DA:86,1
DA:87,1
DA:88,1
DA:89,1
DA:90,0
DA:91,1
DA:92,1
DA:93,1
DA:94,1
DA:98,1
DA:99,1
DA:101,1
DA:105,1
DA:106,1
DA:110,3
DA:111,3
DA:112,3
DA:113,4
DA:114,4
DA:117,6
DA:120,2
DA:121,2
DA:122,4
DA:124,4
DA:125,4
DA:126,4
DA:127,4
DA:128,4
DA:129,2
DA:135,1
DA:136,1
DA:137,1
DA:138,1
DA:139,1
DA:140,1
DA:141,1
DA:142,1
DA:143,1
DA:144,1
DA:145,1
DA:203,1
DA:214,1
DA:215,2
DA:216,2
DA:217,2
DA:219,2
DA:220,3
DA:222,1
DA:225,1
DA:226,1
DA:227,1
DA:228,1
DA:229,1
DA:230,1
DA:231,1
DA:232,1
DA:233,1
DA:234,1
DA:249,1
DA:260,1
DA:261,2
DA:262,6
DA:265,5
DA:266,3
DA:267,5
LF:77
LH:76
end_of_record
SF:lib\features\social\domain\entities\game_comment.dart
DA:18,1
DA:34,0
DA:35,0
DA:37,0
DA:38,0
DA:39,0
DA:40,0
DA:41,0
DA:42,0
DA:43,0
DA:44,0
DA:45,0
DA:46,0
DA:47,0
DA:52,1
DA:53,1
DA:54,1
DA:55,1
DA:56,1
DA:57,1
DA:58,1
DA:59,2
DA:60,3
DA:61,1
DA:62,1
DA:63,1
DA:64,1
DA:69,1
DA:78,1
DA:79,1
DA:80,1
DA:81,1
DA:82,1
DA:83,1
DA:84,1
DA:85,1
DA:86,1
DA:87,1
DA:88,1
DA:89,1
DA:90,1
LF:41
LH:28
end_of_record
SF:lib\features\social\domain\entities\game_prediction.dart
DA:20,1
DA:38,0
DA:39,0
DA:41,0
DA:42,0
DA:43,0
DA:44,0
DA:45,0
DA:46,0
DA:47,0
DA:48,0
DA:49,0
DA:50,0
DA:51,0
DA:52,0
DA:53,0
DA:58,1
DA:59,1
DA:60,1
DA:61,1
DA:62,1
DA:63,1
DA:64,1
DA:65,1
DA:66,1
DA:67,1
DA:68,1
DA:69,2
DA:70,1
DA:71,1
DA:72,1
DA:77,1
DA:89,1
DA:90,1
DA:91,1
DA:92,1
DA:93,1
DA:94,1
DA:95,1
DA:96,1
DA:97,1
DA:98,1
DA:99,1
DA:100,1
DA:101,1
DA:102,0
DA:103,1
LF:47
LH:31
end_of_record
SF:lib\core\utils\team_matching_helper.dart
DA:46,1
DA:47,1
DA:48,1
DA:51,1
DA:54,2
DA:55,1
DA:56,1
DA:57,3
DA:66,2
DA:67,1
DA:73,1
DA:74,1
DA:77,1
DA:82,2
DA:85,1
DA:86,1
DA:98,1
DA:100,1
DA:105,2
DA:106,1
DA:115,1
DA:117,1
DA:118,1
DA:119,1
DA:120,1
DA:124,1
DA:125,1
DA:126,1
DA:127,1
DA:128,1
DA:132,1
DA:133,0
DA:137,2
DA:138,1
DA:139,1
DA:146,1
DA:147,1
DA:149,2
DA:150,1
DA:151,1
DA:153,1
LF:41
LH:40
end_of_record
SF:lib\features\recommendations\domain\entities\venue_filter.dart
DA:11,15
DA:21,1
DA:29,1
DA:30,1
DA:31,1
DA:32,1
DA:33,1
DA:34,0
DA:35,1
DA:40,1
DA:51,1
DA:57,1
DA:63,1
DA:64,5
DA:67,1
DA:68,1
DA:69,1
DA:70,1
DA:71,1
DA:72,1
DA:73,1
DA:74,1
LF:22
LH:21
end_of_record
SF:lib\domain\models\player.dart
DA:45,3
DA:87,2
DA:88,2
DA:90,2
DA:91,2
DA:92,2
DA:93,2
DA:94,2
DA:95,2
DA:96,2
DA:97,2
DA:98,2
DA:99,4
DA:100,2
DA:101,2
DA:102,2
DA:103,2
DA:104,2
DA:105,2
DA:106,2
DA:107,2
DA:108,2
DA:109,2
DA:110,2
DA:111,2
DA:112,2
DA:113,2
DA:114,4
DA:115,2
DA:116,0
DA:117,0
DA:118,6
DA:119,6
DA:120,2
DA:121,4
DA:122,4
DA:123,4
DA:124,4
DA:125,2
DA:126,2
DA:127,2
DA:128,2
DA:129,4
DA:130,4
DA:135,1
DA:136,1
DA:137,1
DA:138,1
DA:139,1
DA:140,1
DA:141,1
DA:142,1
DA:143,1
DA:144,1
DA:145,2
DA:146,1
DA:147,1
DA:148,1
DA:149,1
DA:150,1
DA:151,1
DA:152,1
DA:153,1
DA:154,1
DA:155,1
DA:156,1
DA:157,1
DA:158,1
DA:159,1
DA:160,1
DA:161,5
DA:162,1
DA:163,1
DA:164,1
DA:165,2
DA:166,1
DA:167,1
DA:168,1
DA:169,1
DA:170,1
DA:171,1
DA:172,1
DA:173,2
DA:174,1
DA:179,1
DA:180,2
DA:181,4
DA:182,2
DA:183,4
DA:185,2
DA:189,1
DA:207,3
DA:211,1
DA:212,2
DA:213,3
DA:214,3
DA:215,3
DA:220,1
DA:221,2
DA:222,3
DA:226,1
DA:227,2
DA:228,3
DA:237,3
DA:242,3
DA:243,3
DA:244,7
DA:245,7
DA:249,1
DA:250,1
DA:251,2
DA:252,2
DA:265,3
DA:273,3
DA:274,3
DA:275,3
DA:276,3
DA:277,3
DA:278,3
DA:279,3
DA:283,1
DA:284,1
DA:285,1
DA:286,1
DA:287,1
DA:288,1
DA:289,1
DA:301,3
DA:308,3
DA:309,3
DA:310,3
DA:311,3
DA:312,3
DA:313,3
DA:317,1
DA:318,1
DA:319,1
DA:320,1
DA:321,1
DA:322,1
DA:333,3
DA:339,3
DA:340,3
DA:341,3
DA:342,3
DA:343,3
DA:347,1
DA:348,1
DA:349,1
DA:350,1
DA:351,1
DA:356,1
DA:357,2
DA:358,4
DA:359,2
DA:360,4
DA:362,2
DA:378,1
DA:390,1
DA:391,1
DA:392,1
DA:393,1
DA:394,1
DA:395,1
DA:396,1
DA:397,1
DA:398,1
DA:399,1
DA:400,1
DA:404,1
DA:405,1
DA:406,1
DA:407,1
DA:408,1
DA:409,1
DA:410,1
DA:411,1
DA:412,1
DA:413,1
DA:414,1
LF:180
LH:178
end_of_record
SF:lib\domain\models\manager.dart
DA:35,3
DA:67,2
DA:68,2
DA:70,2
DA:71,2
DA:72,2
DA:73,2
DA:74,2
DA:75,2
DA:76,2
DA:77,4
DA:78,2
DA:79,2
DA:80,2
DA:81,2
DA:82,4
DA:83,4
DA:84,2
DA:85,2
DA:86,4
DA:87,4
DA:88,2
DA:89,2
DA:90,4
DA:91,4
DA:92,2
DA:93,2
DA:94,2
DA:95,2
DA:96,4
DA:97,4
DA:98,4
DA:103,1
DA:104,1
DA:105,1
DA:106,1
DA:107,1
DA:108,1
DA:109,1
DA:110,1
DA:111,2
DA:112,1
DA:113,1
DA:114,1
DA:115,1
DA:116,2
DA:117,1
DA:118,1
DA:119,1
DA:120,2
DA:121,1
DA:122,1
DA:123,1
DA:124,1
DA:125,1
DA:126,1
DA:127,1
DA:128,1
DA:129,1
DA:130,1
DA:131,2
DA:132,1
DA:137,1
DA:138,1
DA:139,4
DA:143,1
DA:144,2
DA:148,1
DA:149,2
DA:150,2
DA:151,2
DA:156,1
DA:157,2
DA:158,2
DA:159,2
DA:173,3
DA:182,3
DA:183,3
DA:184,3
DA:185,3
DA:186,3
DA:187,3
DA:188,6
DA:189,3
DA:193,1
DA:194,1
DA:195,1
DA:196,1
DA:197,1
DA:198,1
DA:199,1
DA:200,1
DA:205,1
DA:206,3
DA:210,1
DA:211,4
DA:221,3
DA:227,3
DA:228,3
DA:229,3
DA:230,3
DA:231,3
DA:235,1
DA:236,1
DA:237,1
DA:238,1
DA:239,1
DA:244,1
DA:245,2
DA:246,4
DA:247,2
DA:248,4
DA:250,2
DA:254,1
DA:255,4
LF:115
LH:115
end_of_record
SF:lib\features\recommendations\domain\entities\place.dart
DA:18,2
DA:33,1
DA:34,1
DA:35,1
DA:36,1
DA:37,1
DA:38,1
DA:39,1
DA:40,1
DA:41,1
DA:42,1
DA:43,1
DA:44,1
DA:45,1
DA:46,1
DA:51,1
DA:52,1
DA:54,2
DA:55,1
DA:56,1
DA:57,2
DA:59,2
DA:60,2
DA:62,2
DA:63,4
DA:64,2
DA:65,4
DA:67,2
DA:68,1
DA:69,2
DA:71,1
DA:72,2
DA:74,2
DA:79,1
DA:80,1
DA:81,1
DA:82,1
DA:83,1
DA:84,1
DA:85,1
DA:86,1
DA:87,1
DA:88,2
DA:89,2
DA:90,1
DA:98,1
DA:100,1
DA:101,1
DA:102,1
DA:106,1
DA:107,1
DA:108,1
DA:116,1
DA:118,1
DA:119,1
DA:120,1
DA:121,2
DA:126,1
DA:127,1
DA:128,2
DA:137,1
DA:139,1
DA:140,1
DA:141,2
DA:142,2
DA:146,1
DA:147,1
DA:148,1
DA:149,1
LF:69
LH:69
end_of_record
SF:lib\features\venue_portal\domain\entities\atmosphere_settings.dart
DA:9,1
DA:11,1
DA:13,1
DA:15,1
DA:17,1
DA:22,1
DA:23,1
DA:24,1
DA:26,1
DA:28,1
DA:30,1
DA:31,1
DA:38,1
DA:40,1
DA:42,1
DA:44,1
DA:46,1
DA:58,1
DA:60,1
DA:62,1
DA:64,1
DA:66,1
DA:71,1
DA:72,1
DA:73,1
DA:75,1
DA:77,1
DA:79,1
DA:86,2
DA:95,18
DA:102,1
DA:104,1
DA:110,1
DA:111,1
DA:112,1
DA:113,0
DA:114,0
DA:118,4
DA:119,1
DA:120,5
DA:135,1
DA:136,1
DA:137,2
DA:138,2
DA:139,2
DA:140,2
DA:144,1
DA:145,1
DA:146,1
DA:147,1
DA:148,2
DA:149,2
DA:153,1
DA:154,5
LF:54
LH:52
end_of_record
SF:lib\features\venue_portal\domain\entities\broadcasting_schedule.dart
DA:9,1
DA:15,2
DA:16,1
DA:17,1
DA:18,1
DA:21,1
DA:26,1
DA:27,0
DA:28,1
DA:29,0
DA:33,3
DA:35,1
DA:36,1
DA:37,3
DA:38,1
DA:39,2
DA:40,0
DA:41,2
DA:42,1
DA:43,3
DA:47,0
DA:48,0
DA:49,0
DA:50,0
DA:51,0
DA:55,1
DA:56,4
LF:27
LH:19
end_of_record
SF:lib\features\venue_portal\domain\entities\game_day_special.dart
DA:8,1
DA:10,1
DA:12,1
DA:17,1
DA:18,1
DA:19,1
DA:20,1
DA:27,1
DA:29,1
DA:31,1
DA:52,2
DA:68,1
DA:74,1
DA:75,3
DA:80,1
DA:84,1
DA:97,1
DA:98,1
DA:99,0
DA:100,1
DA:101,0
DA:102,1
DA:103,1
DA:104,1
DA:105,1
DA:106,1
DA:107,1
DA:108,0
DA:109,1
DA:110,1
DA:114,7
DA:115,6
DA:117,2
DA:118,2
DA:119,6
DA:121,1
DA:122,2
DA:127,0
DA:128,0
DA:129,0
DA:130,0
DA:131,0
DA:132,0
DA:133,0
DA:134,0
DA:135,0
DA:136,0
DA:137,0
DA:138,0
DA:139,0
DA:140,0
DA:141,0
DA:142,0
DA:143,0
DA:145,0
DA:146,0
DA:147,0
DA:148,0
DA:149,0
DA:153,0
DA:154,0
DA:155,0
DA:156,0
DA:157,0
DA:158,0
DA:159,0
DA:160,0
DA:161,0
DA:162,0
DA:163,0
DA:164,0
DA:165,0
DA:166,0
DA:167,0
DA:171,1
DA:172,1
DA:173,1
DA:174,1
DA:175,1
DA:176,1
DA:177,1
DA:178,1
DA:179,1
DA:180,1
DA:181,1
DA:182,1
DA:183,1
DA:184,1
DA:185,1
LF:89
LH:49
end_of_record
SF:lib\features\venue_portal\domain\entities\live_capacity.dart
DA:11,2
DA:19,2
DA:21,1
DA:24,1
DA:31,1
DA:32,0
DA:33,1
DA:34,1
DA:35,1
DA:36,0
DA:40,2
DA:41,14
DA:43,8
DA:45,2
DA:46,4
DA:47,4
DA:48,4
DA:49,4
DA:53,2
DA:54,6
DA:55,6
DA:56,4
DA:57,2
DA:61,1
DA:62,3
DA:63,2
DA:66,1
DA:67,1
DA:68,1
DA:69,1
DA:70,1
DA:71,2
DA:72,0
DA:73,2
DA:74,0
DA:75,1
DA:76,1
DA:80,0
DA:81,0
DA:82,0
DA:83,0
DA:84,0
DA:85,0
DA:86,0
DA:90,1
DA:91,1
DA:92,1
DA:93,1
DA:94,1
DA:95,1
DA:96,1
LF:51
LH:40
end_of_record
SF:lib\features\venue_portal\domain\entities\subscription_tier.dart
DA:5,1
DA:7,1
DA:9,1
DA:14,1
DA:15,1
DA:16,1
DA:23,2
LF:7
LH:7
end_of_record
SF:lib\features\venue_portal\domain\entities\tv_setup.dart
DA:8,1
DA:10,1
DA:12,1
DA:14,1
DA:19,1
DA:20,1
DA:21,1
DA:23,1
DA:25,1
DA:26,1
DA:33,1
DA:35,1
DA:37,1
DA:39,1
DA:52,3
DA:60,1
DA:66,1
DA:67,1
DA:68,0
DA:69,1
DA:70,0
DA:71,1
DA:75,1
DA:76,1
DA:77,4
DA:78,1
DA:79,1
DA:80,1
DA:81,1
DA:85,1
DA:86,1
DA:87,1
DA:88,1
DA:89,1
DA:90,1
DA:91,1
DA:95,1
DA:96,6
DA:104,18
DA:110,1
DA:112,1
DA:117,1
DA:118,0
DA:119,1
DA:120,0
DA:124,6
DA:126,1
DA:127,4
DA:128,2
DA:129,3
DA:132,1
DA:133,1
DA:134,1
DA:135,1
DA:136,3
DA:137,1
DA:138,0
DA:139,2
DA:143,1
DA:144,1
DA:145,1
DA:146,5
DA:147,2
DA:151,0
DA:152,0
LF:65
LH:58
end_of_record
SF:lib\features\venue_portal\domain\entities\venue_enhancement.dart
DA:32,2
DA:48,1
DA:53,1
DA:54,1
DA:63,1
DA:75,1
DA:76,1
DA:77,1
DA:78,1
DA:79,0
DA:80,1
DA:81,1
DA:82,1
DA:83,1
DA:84,1
DA:85,1
DA:86,1
DA:87,0
DA:88,1
DA:93,6
DA:94,3
DA:96,8
DA:97,6
DA:99,1
DA:100,4
DA:101,1
DA:102,5
DA:104,2
DA:105,2
DA:107,0
DA:108,0
DA:113,1
DA:114,2
DA:115,0
DA:117,1
DA:121,0
DA:122,0
DA:123,0
DA:124,0
DA:125,0
DA:126,0
DA:130,0
DA:134,0
DA:136,0
DA:137,0
DA:138,0
DA:139,0
DA:140,0
DA:141,0
DA:143,0
DA:144,0
DA:146,0
DA:147,0
DA:148,0
DA:149,0
DA:150,0
DA:151,0
DA:153,0
DA:154,0
DA:156,0
DA:157,0
DA:158,0
DA:159,0
DA:160,0
DA:161,0
DA:162,0
DA:163,0
DA:164,0
DA:165,0
DA:166,0
DA:167,0
DA:168,0
DA:169,0
DA:170,0
DA:175,0
DA:176,0
DA:177,0
DA:178,0
DA:179,0
DA:180,0
DA:181,0
DA:182,0
DA:183,0
DA:184,0
DA:185,0
DA:186,0
DA:187,0
DA:188,0
DA:192,0
DA:193,0
DA:194,0
DA:195,0
DA:196,0
DA:197,0
DA:198,0
DA:199,0
DA:200,0
DA:201,0
DA:202,0
DA:203,0
DA:204,0
DA:205,0
DA:206,0
LF:103
LH:30
end_of_record
SF:lib\features\venue_portal\domain\entities\venue_filter_criteria.dart
DA:11,29
DA:20,0
DA:22,1
DA:30,1
DA:31,1
DA:32,1
DA:33,1
DA:34,1
DA:35,1
DA:36,1
DA:40,0
DA:41,0
DA:43,0
DA:44,0
DA:45,0
DA:46,0
DA:47,0
DA:51,0
DA:52,0
DA:53,0
DA:55,0
DA:56,0
DA:57,0
DA:58,0
DA:62,0
DA:63,0
DA:64,0
DA:65,0
DA:67,0
DA:68,0
DA:69,0
DA:73,1
DA:74,1
DA:75,2
DA:76,2
DA:77,2
DA:78,2
DA:79,1
DA:81,0
DA:83,0
DA:84,0
DA:85,0
DA:86,0
DA:87,0
DA:88,0
DA:92,0
DA:93,0
DA:94,0
DA:95,0
DA:96,0
DA:97,0
DA:98,0
DA:99,0
DA:103,0
DA:104,0
DA:105,0
DA:106,0
DA:107,0
DA:108,0
DA:109,0
DA:110,0
DA:114,1
DA:115,1
DA:116,1
DA:117,1
DA:118,1
DA:119,1
DA:120,1
DA:121,1
LF:69
LH:24
end_of_record
SF:lib\features\venue_portal\presentation\widgets\enhanced_venue_card.dart
DA:21,2
DA:38,1
DA:40,1
DA:41,1
DA:43,1
DA:45,1
DA:46,1
DA:47,1
DA:49,1
DA:51,1
DA:52,1
DA:54,1
DA:57,1
DA:58,1
DA:59,0
DA:60,0
DA:62,0
DA:64,1
DA:68,1
DA:72,1
DA:73,1
DA:74,1
DA:75,1
DA:81,3
DA:82,1
DA:83,1
DA:86,3
DA:87,1
DA:90,3
DA:92,1
DA:104,2
DA:105,1
DA:108,1
DA:114,1
DA:116,1
DA:118,1
DA:120,1
DA:121,1
DA:122,3
DA:132,1
DA:133,1
DA:134,2
DA:135,1
DA:141,1
DA:142,2
DA:143,3
DA:147,2
DA:148,1
DA:149,3
DA:150,3
DA:151,1
DA:156,2
DA:158,1
DA:159,1
DA:160,3
DA:161,1
DA:165,2
DA:167,1
DA:168,1
DA:169,3
DA:170,1
DA:178,3
DA:180,1
DA:183,5
DA:184,3
DA:185,1
DA:190,3
DA:192,1
DA:196,3
DA:198,1
DA:209,1
DA:210,2
DA:211,3
DA:214,1
DA:215,1
DA:216,1
DA:223,1
DA:229,1
DA:231,1
DA:233,1
DA:235,1
DA:237,1
DA:238,1
DA:240,1
DA:253,1
DA:254,2
DA:255,1
DA:258,1
DA:260,1
DA:262,1
DA:263,1
DA:268,1
DA:270,1
DA:271,1
DA:272,1
DA:274,1
DA:276,1
DA:277,1
DA:280,1
DA:286,1
DA:287,1
DA:299,1
DA:300,2
DA:302,1
DA:303,6
DA:304,1
DA:306,1
DA:308,1
DA:309,1
DA:310,1
DA:312,1
DA:314,1
DA:316,1
DA:322,1
DA:323,3
DA:324,2
DA:326,1
DA:328,1
DA:329,1
DA:330,1
DA:331,2
DA:333,1
DA:334,1
DA:337,1
DA:338,1
DA:339,3
DA:340,4
DA:352,1
DA:353,2
DA:354,2
DA:356,1
DA:357,1
DA:358,2
DA:360,1
DA:361,1
DA:362,3
DA:364,4
DA:366,1
DA:367,1
DA:368,4
DA:369,1
DA:377,1
DA:378,1
DA:379,3
DA:381,1
DA:397,2
DA:410,1
DA:412,1
DA:413,1
DA:415,1
DA:416,1
DA:417,1
DA:418,1
DA:419,1
DA:420,1
DA:423,1
DA:424,1
DA:425,0
DA:429,1
DA:430,1
DA:434,1
DA:435,1
DA:436,2
DA:437,1
DA:439,3
DA:441,2
DA:442,1
DA:443,2
DA:447,1
DA:452,1
DA:453,1
DA:455,2
DA:456,5
DA:459,2
DA:460,2
DA:463,1
DA:467,1
DA:470,1
DA:471,1
DA:474,1
DA:475,1
DA:476,1
DA:478,1
DA:480,1
DA:481,1
DA:482,2
DA:484,1
DA:486,1
LF:188
LH:184
end_of_record
SF:lib\core\services\logging_service.dart
DA:8,0
DA:9,0
DA:17,0
DA:18,0
DA:26,0
DA:27,0
DA:37,0
DA:38,0
DA:46,0
DA:47,0
DA:48,0
DA:55,0
DA:56,0
DA:57,0
DA:64,0
DA:65,0
DA:66,0
DA:73,0
DA:74,0
DA:75,0
DA:82,0
DA:83,0
DA:84,0
DA:91,0
DA:92,0
DA:93,0
LF:26
LH:0
end_of_record
SF:lib\features\venue_portal\domain\services\venue_enhancement_service.dart
DA:17,0
DA:20,0
DA:21,0
DA:24,0
DA:26,0
DA:30,0
DA:31,0
DA:34,0
DA:40,0
DA:42,0
DA:44,0
DA:45,0
DA:46,0
DA:47,0
DA:49,0
DA:51,0
DA:52,0
DA:57,0
DA:63,0
DA:67,0
DA:71,0
DA:73,0
DA:77,0
DA:80,0
DA:86,0
DA:88,0
DA:91,0
DA:92,0
DA:94,0
DA:100,0
DA:105,0
DA:106,0
DA:107,0
DA:114,0
DA:116,0
DA:118,0
DA:121,0
DA:122,0
DA:124,0
DA:130,0
DA:132,0
DA:133,0
DA:137,0
DA:138,0
DA:140,0
DA:146,0
DA:148,0
DA:149,0
DA:153,0
DA:154,0
DA:155,0
DA:157,0
DA:163,0
DA:165,0
DA:166,0
DA:170,0
DA:171,0
DA:172,0
DA:173,0
DA:174,0
DA:176,0
DA:182,0
DA:184,0
DA:185,0
DA:190,0
DA:191,0
DA:192,0
DA:194,0
DA:200,0
DA:205,0
DA:206,0
DA:210,0
DA:211,0
DA:213,0
DA:219,0
DA:226,0
DA:227,0
DA:231,0
DA:232,0
DA:236,0
DA:239,0
DA:240,0
DA:242,0
DA:248,0
DA:250,0
DA:251,0
DA:255,0
DA:256,0
DA:258,0
DA:259,0
DA:261,0
DA:271,0
DA:274,0
DA:275,0
DA:276,0
DA:277,0
DA:280,0
DA:281,0
DA:282,0
DA:283,0
DA:284,0
DA:287,0
DA:288,0
DA:290,0
DA:291,0
DA:294,0
DA:296,0
DA:297,0
DA:302,0
DA:307,0
DA:311,0
DA:313,0
DA:314,0
DA:315,0
DA:318,0
DA:319,0
DA:323,0
DA:324,0
DA:329,0
DA:330,0
DA:335,0
DA:339,0
DA:341,0
DA:342,0
DA:346,0
DA:347,0
DA:351,0
DA:352,0
DA:356,0
DA:357,0
DA:358,0
DA:359,0
DA:364,0
DA:365,0
DA:369,0
DA:370,0
DA:371,0
DA:377,0
DA:381,0
DA:384,0
DA:386,0
DA:387,0
DA:392,0
DA:395,0
DA:396,0
DA:397,0
DA:398,0
DA:400,0
DA:404,0
DA:405,0
DA:410,0
DA:411,0
DA:412,0
DA:413,0
DA:414,0
DA:415,0
DA:417,0
DA:418,0
DA:422,0
DA:424,0
DA:425,0
DA:426,0
DA:430,0
DA:431,0
DA:436,0
DA:437,0
DA:446,0
DA:447,0
DA:448,0
DA:449,0
DA:450,0
DA:451,0
DA:452,0
DA:454,0
DA:455,0
DA:461,0
DA:462,0
DA:463,0
DA:464,0
DA:465,0
DA:466,0
DA:474,0
DA:479,0
DA:483,0
DA:490,0
DA:491,0
DA:493,0
DA:499,0
DA:500,0
DA:501,0
DA:509,0
DA:510,0
DA:514,0
DA:515,0
DA:519,0
DA:520,0
DA:521,0
LF:197
LH:0
end_of_record
SF:lib\features\venue_portal\presentation\bloc\venue_filter_cubit.dart
DA:13,15
DA:20,1
DA:21,5
DA:23,1
DA:30,1
DA:31,0
DA:32,1
DA:33,1
DA:34,1
DA:38,3
DA:39,0
DA:42,0
DA:45,0
DA:46,0
DA:48,0
DA:51,0
DA:55,0
DA:56,0
DA:62,0
DA:63,0
DA:67,0
DA:68,0
DA:72,0
DA:73,0
DA:74,0
DA:75,0
DA:80,0
DA:81,0
DA:85,0
DA:86,0
DA:87,0
DA:100,0
DA:102,0
DA:105,0
DA:106,0
DA:108,0
DA:111,0
DA:113,0
DA:114,0
DA:118,0
DA:120,0
DA:126,0
DA:128,0
DA:129,0
DA:130,0
DA:134,0
DA:136,0
DA:137,0
DA:138,0
DA:142,0
DA:143,0
DA:144,0
DA:148,0
DA:150,0
DA:151,0
DA:152,0
DA:156,0
DA:157,0
DA:158,0
DA:162,0
DA:163,0
DA:164,0
DA:168,0
DA:169,0
DA:170,0
DA:171,0
DA:176,0
DA:177,0
DA:178,0
DA:182,0
DA:183,0
DA:184,0
DA:188,0
DA:189,0
DA:190,0
DA:194,0
DA:195,0
DA:199,0
DA:200,0
DA:204,0
DA:205,0
DA:206,0
LF:82
LH:9
end_of_record
SF:lib\features\venue_portal\presentation\widgets\venue_filter_bar.dart
DA:11,1
DA:17,1
DA:19,1
DA:20,1
DA:21,1
DA:24,1
DA:25,1
DA:27,1
DA:28,1
DA:32,4
DA:33,1
DA:34,1
DA:35,4
DA:36,0
DA:38,2
DA:44,1
DA:48,3
DA:49,1
DA:50,2
DA:55,1
DA:59,3
DA:60,1
DA:61,2
DA:66,1
DA:67,1
DA:69,1
DA:72,1
DA:73,2
DA:84,1
DA:91,2
DA:93,1
DA:95,1
DA:96,1
DA:99,1
DA:101,1
DA:103,2
DA:113,0
DA:115,0
DA:117,0
DA:119,0
DA:120,0
DA:121,0
DA:125,0
DA:126,0
DA:127,0
DA:128,0
DA:132,0
DA:133,0
DA:135,0
DA:139,0
DA:140,0
DA:141,0
DA:146,0
DA:148,0
DA:150,0
DA:151,0
DA:153,0
DA:157,0
DA:158,0
DA:159,0
DA:160,0
DA:171,0
DA:172,0
DA:175,0
DA:177,0
DA:178,0
DA:179,0
DA:180,0
DA:181,0
DA:182,0
DA:183,0
DA:194,0
DA:195,0
DA:196,0
DA:197,0
DA:199,0
DA:200,0
DA:208,0
DA:211,0
DA:212,0
DA:213,0
DA:214,0
DA:216,0
DA:217,0
DA:224,0
DA:227,0
DA:228,0
DA:229,0
DA:230,0
DA:232,0
DA:233,0
DA:241,0
DA:244,0
DA:245,0
DA:246,0
DA:249,0
DA:257,0
DA:259,0
DA:260,0
DA:261,0
DA:263,0
DA:264,0
DA:266,0
DA:268,0
DA:272,0
DA:279,0
DA:281,0
DA:283,0
DA:284,0
DA:285,0
DA:286,0
DA:287,0
DA:288,0
DA:302,0
DA:303,0
DA:305,0
DA:307,0
DA:314,0
DA:316,0
DA:317,0
DA:318,0
DA:323,0
DA:324,0
DA:328,0
LF:124
LH:35
end_of_record
SF:lib\features\schedule\domain\entities\game_schedule.dart
DA:43,2
DA:80,1
DA:82,1
DA:83,2
DA:87,1
DA:89,1
DA:92,1
DA:93,1
DA:94,1
DA:95,1
DA:96,1
DA:97,1
DA:98,1
DA:99,2
DA:100,0
DA:101,2
DA:102,2
DA:103,0
DA:104,2
DA:105,2
DA:106,0
DA:107,2
DA:108,1
DA:109,1
DA:110,1
DA:111,1
DA:112,1
DA:113,1
DA:114,1
DA:116,1
DA:117,1
DA:118,2
DA:119,0
DA:120,2
DA:121,2
DA:122,0
DA:123,2
DA:124,1
DA:125,1
DA:126,1
DA:127,1
DA:128,1
DA:129,1
DA:130,1
DA:131,2
DA:132,0
DA:133,2
DA:134,1
DA:135,1
DA:136,1
DA:137,1
DA:142,0
DA:145,0
DA:147,0
DA:148,0
DA:149,0
DA:150,0
DA:151,0
DA:152,0
DA:153,0
DA:154,0
DA:155,0
DA:156,0
DA:157,0
DA:158,0
DA:159,0
DA:160,0
DA:161,0
DA:162,0
DA:163,0
DA:165,0
DA:166,0
DA:167,0
DA:168,0
DA:169,0
DA:170,0
DA:171,0
DA:172,0
DA:173,0
DA:174,0
DA:175,0
DA:176,0
DA:177,0
DA:178,0
DA:185,1
DA:186,1
DA:187,1
DA:188,1
DA:189,1
DA:190,1
DA:191,1
DA:192,1
DA:193,1
DA:194,1
DA:195,1
DA:196,1
DA:197,1
DA:198,1
DA:199,1
DA:200,1
DA:201,1
DA:202,1
DA:203,1
DA:204,1
DA:205,1
DA:206,1
DA:207,1
DA:208,1
DA:209,1
DA:210,1
DA:211,1
DA:212,1
DA:213,1
DA:214,1
DA:215,1
DA:216,1
DA:217,1
DA:218,1
DA:223,1
DA:225,1
DA:227,1
DA:228,0
DA:229,0
DA:235,0
DA:237,0
DA:238,0
DA:239,0
DA:240,0
DA:246,1
DA:249,2
DA:250,2
DA:252,1
DA:253,2
DA:254,3
DA:255,3
DA:256,2
DA:257,2
DA:258,1
DA:259,4
DA:261,1
DA:262,2
DA:264,1
DA:265,2
DA:267,2
DA:268,1
DA:269,1
DA:271,1
DA:276,2
DA:279,4
DA:280,1
DA:281,1
DA:282,1
DA:293,1
DA:295,1
DA:297,1
DA:298,0
DA:299,0
DA:305,1
DA:306,1
DA:308,1
DA:310,0
DA:317,1
DA:318,1
DA:319,1
DA:320,2
DA:321,1
DA:322,1
DA:323,1
DA:324,2
DA:325,2
DA:329,1
DA:330,2
DA:331,2
DA:332,2
DA:333,2
DA:334,2
DA:335,1
DA:336,2
DA:337,2
DA:338,4
DA:339,2
DA:340,2
DA:341,1
DA:342,1
DA:343,2
DA:344,2
DA:345,2
DA:347,1
DA:348,1
DA:349,2
DA:350,1
DA:353,2
DA:354,2
DA:357,2
DA:358,1
DA:359,2
DA:360,1
DA:371,1
DA:372,1
DA:373,1
DA:374,1
DA:375,1
DA:376,1
DA:377,1
DA:378,1
DA:379,2
DA:380,2
DA:381,1
DA:382,1
DA:383,1
DA:384,1
DA:385,1
DA:386,1
DA:387,1
DA:388,1
DA:389,1
DA:390,1
DA:391,1
DA:392,1
DA:393,1
DA:394,1
DA:395,1
DA:396,1
DA:397,1
DA:398,1
DA:399,1
DA:400,1
DA:401,1
DA:402,1
DA:403,1
DA:404,1
DA:405,1
DA:410,0
DA:412,0
DA:413,0
DA:415,0
DA:420,0
DA:422,0
DA:440,1
DA:453,1
DA:454,1
DA:455,2
DA:456,2
DA:457,2
DA:458,2
DA:459,2
DA:460,2
DA:462,4
DA:463,4
DA:464,2
DA:470,1
DA:471,1
DA:472,1
DA:473,1
DA:474,1
DA:475,1
DA:476,1
DA:477,1
DA:478,1
DA:479,1
DA:480,1
DA:487,1
DA:488,1
DA:489,1
DA:490,1
DA:491,1
DA:492,1
DA:493,1
DA:494,1
DA:495,2
DA:496,2
DA:497,1
LF:272
LH:217
end_of_record
SF:lib\config\api_keys.dart
DA:43,0
DA:44,0
DA:46,0
DA:47,0
DA:50,0
DA:51,0
DA:52,0
DA:54,0
DA:57,0
DA:58,0
DA:59,0
DA:61,0
DA:64,0
DA:65,0
DA:66,0
DA:68,0
DA:71,0
DA:72,0
DA:73,0
DA:75,0
DA:78,0
DA:79,0
DA:80,0
DA:82,0
DA:85,0
DA:86,0
DA:87,0
DA:91,0
DA:96,0
DA:97,0
LF:30
LH:0
end_of_record
SF:lib\core\ai\services\ai_game_analysis_service.dart
DA:16,0
DA:18,0
DA:25,0
DA:27,0
DA:28,0
DA:31,0
DA:32,0
DA:34,0
DA:35,0
DA:38,0
DA:41,0
DA:44,0
DA:45,0
DA:46,0
DA:47,0
DA:48,0
DA:51,0
DA:52,0
DA:58,0
DA:59,0
DA:60,0
DA:61,0
DA:65,0
DA:68,0
DA:69,0
DA:73,0
DA:74,0
DA:80,0
DA:82,0
DA:86,0
DA:87,0
DA:91,0
DA:93,0
DA:97,0
DA:99,0
DA:102,0
DA:104,0
DA:108,0
DA:113,0
DA:114,0
DA:119,0
DA:120,0
DA:121,0
DA:122,0
DA:123,0
DA:126,0
DA:127,0
DA:128,0
DA:129,0
DA:132,0
DA:133,0
DA:134,0
DA:135,0
DA:136,0
DA:137,0
DA:141,0
DA:142,0
DA:143,0
DA:144,0
DA:145,0
DA:146,0
DA:152,0
DA:153,0
DA:154,0
DA:155,0
DA:162,0
DA:165,0
DA:166,0
DA:167,0
DA:168,0
DA:169,0
DA:170,0
DA:175,0
DA:176,0
DA:177,0
DA:178,0
DA:180,0
DA:181,0
DA:185,0
DA:189,0
DA:190,0
DA:193,0
DA:194,0
DA:195,0
DA:196,0
DA:199,0
DA:203,0
DA:211,0
DA:212,0
DA:214,0
DA:215,0
DA:216,0
DA:217,0
DA:218,0
DA:219,0
DA:222,0
DA:223,0
DA:224,0
DA:225,0
DA:226,0
DA:227,0
DA:231,0
DA:232,0
DA:233,0
DA:234,0
DA:235,0
DA:236,0
DA:237,0
DA:238,0
DA:241,0
DA:244,0
DA:245,0
DA:246,0
DA:247,0
DA:248,0
DA:249,0
DA:250,0
DA:252,0
DA:256,0
DA:257,0
DA:258,0
DA:259,0
DA:261,0
DA:262,0
DA:263,0
DA:264,0
DA:265,0
DA:266,0
DA:270,0
DA:275,0
DA:276,0
DA:280,0
DA:281,0
DA:282,0
DA:285,0
DA:286,0
DA:292,0
DA:296,0
DA:297,0
DA:298,0
DA:307,0
DA:308,0
DA:309,0
DA:310,0
DA:311,0
DA:312,0
DA:313,0
DA:314,0
DA:315,0
DA:316,0
DA:320,0
DA:327,0
DA:329,0
DA:332,0
DA:333,0
DA:338,0
DA:339,0
DA:340,0
DA:341,0
DA:344,0
DA:345,0
DA:348,0
DA:350,0
DA:351,0
DA:352,0
DA:354,0
DA:355,0
DA:359,0
DA:360,0
DA:361,0
DA:364,0
DA:371,0
DA:372,0
DA:375,0
DA:376,0
DA:383,0
DA:384,0
DA:388,0
DA:391,0
DA:392,0
DA:393,0
DA:394,0
DA:396,0
DA:397,0
DA:402,0
DA:403,0
DA:404,0
DA:405,0
DA:406,0
DA:407,0
DA:408,0
DA:409,0
DA:410,0
DA:411,0
DA:418,0
DA:419,0
DA:423,0
DA:430,0
DA:434,0
DA:435,0
DA:438,0
DA:439,0
DA:442,0
DA:443,0
DA:446,0
DA:450,0
DA:452,0
DA:455,0
DA:456,0
DA:457,0
DA:458,0
DA:460,0
DA:466,0
LF:213
LH:0
end_of_record
SF:lib\core\services\team_mapping_service.dart
DA:3,0
DA:159,0
DA:161,0
DA:162,0
DA:166,0
DA:167,0
DA:168,0
DA:169,0
DA:175,0
DA:176,0
DA:178,0
DA:179,0
DA:180,0
DA:185,0
DA:186,0
DA:190,0
DA:193,0
DA:194,0
DA:195,0
DA:199,0
DA:200,0
DA:201,0
DA:202,0
LF:23
LH:0
end_of_record
SF:lib\injection_container.dart
DA:96,0
DA:101,0
DA:103,0
DA:108,0
DA:109,0
DA:110,0
DA:111,0
DA:114,0
DA:115,0
DA:116,0
DA:119,0
DA:120,0
DA:121,0
DA:122,0
DA:123,0
DA:124,0
DA:127,0
DA:129,0
DA:130,0
DA:131,0
DA:133,0
DA:135,0
DA:140,0
DA:142,0
DA:143,0
DA:144,0
DA:145,0
DA:146,0
DA:147,0
DA:150,0
DA:151,0
DA:154,0
DA:155,0
DA:156,0
DA:157,0
DA:160,0
DA:163,0
DA:165,0
DA:167,0
DA:169,0
DA:174,0
DA:177,0
DA:178,0
DA:179,0
DA:181,0
DA:183,0
DA:185,0
DA:186,0
DA:189,0
DA:193,0
DA:195,0
DA:196,0
DA:198,0
DA:200,0
DA:205,0
DA:207,0
DA:208,0
DA:210,0
DA:212,0
DA:217,0
DA:219,0
DA:220,0
DA:222,0
DA:224,0
DA:229,0
DA:231,0
DA:232,0
DA:234,0
DA:236,0
DA:241,0
DA:243,0
DA:244,0
DA:246,0
DA:248,0
DA:253,0
DA:254,0
DA:258,0
DA:260,0
DA:267,0
DA:269,0
DA:270,0
DA:271,0
DA:272,0
DA:273,0
DA:276,0
DA:277,0
DA:278,0
DA:282,0
DA:289,0
DA:292,0
DA:295,0
DA:296,0
DA:297,0
DA:301,0
DA:305,0
DA:311,0
DA:313,0
DA:314,0
DA:315,0
DA:316,0
DA:320,0
DA:321,0
DA:324,0
DA:325,0
DA:329,0
DA:330,0
DA:331,0
DA:332,0
DA:338,0
DA:340,0
DA:341,0
DA:342,0
DA:345,0
DA:346,0
DA:350,0
DA:351,0
DA:358,0
DA:360,0
DA:361,0
DA:362,0
DA:363,0
DA:364,0
DA:369,0
DA:372,0
DA:375,0
DA:376,0
DA:377,0
DA:384,0
DA:386,0
DA:387,0
DA:388,0
DA:393,0
DA:394,0
DA:395,0
DA:399,0
DA:400,0
DA:404,0
DA:405,0
DA:406,0
DA:407,0
DA:408,0
DA:412,0
DA:413,0
DA:414,0
DA:415,0
DA:416,0
DA:420,0
DA:421,0
DA:422,0
DA:423,0
DA:424,0
DA:428,0
DA:429,0
DA:430,0
DA:431,0
DA:436,0
DA:437,0
DA:438,0
DA:443,0
DA:444,0
DA:445,0
DA:450,0
DA:451,0
DA:454,0
DA:455,0
DA:458,0
DA:459,0
DA:462,0
DA:463,0
DA:466,0
DA:467,0
DA:468,0
DA:469,0
DA:472,0
DA:473,0
DA:474,0
DA:478,0
DA:479,0
DA:482,0
DA:483,0
DA:487,0
DA:488,0
DA:491,0
DA:492,0
DA:496,0
DA:499,0
DA:501,0
DA:502,0
DA:505,0
DA:506,0
DA:510,0
DA:527,0
DA:529,0
DA:530,0
DA:533,0
DA:534,0
DA:535,0
LF:197
LH:0
end_of_record
SF:lib\core\ai\services\ai_historical_knowledge_service.dart
DA:20,0
DA:22,0
DA:41,0
DA:43,0
DA:44,0
DA:45,0
DA:46,0
DA:49,0
DA:50,0
DA:52,0
DA:53,0
DA:54,0
DA:58,0
DA:61,0
DA:62,0
DA:65,0
DA:67,0
DA:68,0
DA:71,0
DA:72,0
DA:77,0
DA:79,0
DA:84,0
DA:86,0
DA:88,0
DA:89,0
DA:91,0
DA:93,0
DA:94,0
DA:98,0
DA:99,0
DA:100,0
DA:102,0
DA:105,0
DA:106,0
DA:107,0
DA:108,0
DA:111,0
DA:114,0
DA:118,0
DA:119,0
DA:124,0
DA:126,0
DA:127,0
DA:128,0
DA:132,0
DA:133,0
DA:134,0
DA:135,0
DA:137,0
DA:138,0
DA:140,0
DA:142,0
DA:143,0
DA:149,0
DA:150,0
DA:151,0
DA:153,0
DA:154,0
DA:155,0
DA:157,0
DA:158,0
DA:160,0
DA:165,0
DA:169,0
DA:170,0
DA:174,0
DA:175,0
DA:180,0
DA:182,0
DA:184,0
DA:185,0
DA:186,0
DA:187,0
DA:188,0
DA:189,0
DA:190,0
DA:191,0
DA:195,0
DA:196,0
DA:197,0
DA:198,0
DA:203,0
DA:204,0
DA:206,0
DA:209,0
DA:214,0
DA:216,0
DA:217,0
DA:218,0
DA:219,0
DA:220,0
DA:222,0
DA:226,0
DA:227,0
DA:228,0
DA:229,0
DA:230,0
DA:232,0
DA:237,0
DA:238,0
DA:240,0
DA:251,0
DA:252,0
DA:254,0
DA:255,0
DA:257,0
DA:261,0
DA:262,0
DA:263,0
DA:267,0
DA:268,0
DA:269,0
DA:273,0
DA:275,0
DA:277,0
DA:280,0
DA:282,0
DA:286,0
DA:288,0
DA:290,0
DA:295,0
DA:297,0
DA:298,0
DA:301,0
DA:305,0
DA:306,0
DA:309,0
DA:311,0
DA:315,0
DA:318,0
DA:322,0
DA:324,0
DA:325,0
DA:327,0
DA:333,0
DA:335,0
DA:336,0
DA:339,0
DA:340,0
DA:341,0
DA:345,0
DA:346,0
DA:347,0
DA:348,0
DA:349,0
DA:350,0
DA:351,0
DA:354,0
DA:355,0
DA:356,0
DA:361,0
DA:364,0
DA:370,0
DA:372,0
DA:374,0
DA:376,0
DA:381,0
DA:382,0
DA:383,0
DA:384,0
DA:385,0
DA:386,0
DA:391,0
DA:394,0
DA:400,0
DA:401,0
DA:402,0
DA:406,0
DA:407,0
DA:408,0
DA:410,0
DA:411,0
DA:412,0
DA:414,0
LF:175
LH:0
end_of_record
SF:lib\core\ai\services\ai_service.dart
DA:22,0
DA:23,0
DA:24,0
DA:27,0
DA:28,0
DA:31,0
DA:34,0
DA:35,0
DA:36,0
DA:41,0
DA:42,0
DA:43,0
DA:45,0
DA:47,0
DA:52,0
DA:60,0
DA:63,0
DA:64,0
DA:65,0
DA:69,0
DA:70,0
DA:74,0
DA:77,0
DA:83,0
DA:88,0
DA:90,0
DA:91,0
DA:92,0
DA:93,0
DA:94,0
DA:95,0
DA:99,0
DA:101,0
DA:102,0
DA:104,0
DA:106,0
DA:107,0
DA:112,0
DA:113,0
DA:116,0
DA:117,0
DA:118,0
DA:122,0
DA:123,0
DA:125,0
DA:127,0
DA:133,0
DA:135,0
DA:136,0
DA:140,0
DA:141,0
DA:146,0
DA:162,0
DA:165,0
DA:167,0
DA:176,0
DA:190,0
DA:193,0
DA:195,0
DA:204,0
DA:205,0
DA:206,0
DA:214,0
DA:215,0
DA:216,0
DA:217,0
DA:220,0
DA:222,0
DA:226,0
DA:228,0
DA:232,0
DA:234,0
DA:239,0
DA:244,0
DA:245,0
DA:250,0
DA:257,0
DA:258,0
DA:259,0
DA:262,0
DA:265,0
DA:266,0
DA:267,0
DA:268,0
DA:271,0
DA:272,0
DA:273,0
DA:276,0
DA:277,0
DA:278,0
DA:279,0
DA:280,0
DA:281,0
DA:283,0
DA:284,0
DA:285,0
DA:290,0
DA:291,0
DA:294,0
DA:296,0
DA:300,0
DA:301,0
DA:305,0
DA:306,0
DA:308,0
DA:310,0
DA:318,0
DA:319,0
DA:320,0
DA:324,0
DA:327,0
DA:337,0
DA:338,0
DA:339,0
DA:341,0
DA:351,0
DA:354,0
DA:362,0
DA:363,0
DA:365,0
DA:366,0
DA:367,0
DA:370,0
DA:374,0
DA:378,0
DA:390,0
DA:392,0
DA:393,0
DA:407,0
DA:410,0
DA:418,0
DA:419,0
DA:421,0
DA:422,0
DA:423,0
DA:424,0
DA:427,0
DA:431,0
DA:435,0
DA:450,0
DA:451,0
DA:461,0
DA:464,0
DA:472,0
DA:473,0
DA:475,0
DA:476,0
DA:477,0
DA:480,0
DA:484,0
DA:488,0
DA:489,0
DA:490,0
DA:491,0
DA:493,0
DA:495,0
DA:496,0
DA:497,0
DA:498,0
DA:501,0
DA:502,0
DA:503,0
DA:506,0
DA:510,0
DA:511,0
DA:512,0
DA:514,0
DA:518,0
DA:519,0
DA:520,0
DA:521,0
DA:525,0
DA:526,0
DA:527,0
DA:530,0
DA:531,0
DA:532,0
DA:533,0
DA:534,0
DA:535,0
DA:538,0
DA:539,0
DA:540,0
DA:541,0
DA:544,0
DA:546,0
DA:547,0
DA:548,0
DA:550,0
DA:551,0
DA:552,0
DA:557,0
DA:562,0
DA:565,0
DA:566,0
DA:567,0
DA:569,0
DA:570,0
DA:571,0
DA:573,0
DA:574,0
DA:578,0
DA:579,0
DA:582,0
DA:585,0
DA:586,0
DA:590,0
DA:592,0
DA:593,0
DA:596,0
DA:597,0
DA:600,0
DA:603,0
DA:604,0
DA:607,0
DA:609,0
DA:612,0
DA:616,0
DA:618,0
DA:619,0
DA:625,0
DA:626,0
DA:627,0
DA:629,0
DA:635,0
DA:639,0
DA:640,0
DA:648,0
DA:649,0
DA:652,0
DA:653,0
DA:657,0
DA:659,0
DA:666,0
DA:667,0
DA:668,0
DA:670,0
DA:673,0
DA:675,0
DA:678,0
DA:680,0
DA:687,0
DA:688,0
DA:697,0
DA:699,0
DA:703,0
DA:713,0
DA:714,0
DA:715,0
DA:716,0
DA:717,0
DA:720,0
DA:722,0
DA:723,0
DA:730,0
DA:731,0
DA:732,0
DA:733,0
DA:755,0
DA:758,0
DA:768,0
DA:769,0
DA:774,0
DA:775,0
DA:778,0
DA:780,0
DA:781,0
DA:782,0
DA:783,0
DA:784,0
DA:785,0
DA:786,0
DA:791,0
DA:793,0
DA:794,0
DA:798,0
DA:800,0
DA:801,0
DA:804,0
DA:808,0
DA:809,0
DA:810,0
DA:811,0
DA:812,0
DA:815,0
DA:818,0
DA:819,0
DA:822,0
DA:823,0
DA:824,0
DA:825,0
DA:826,0
DA:827,0
DA:828,0
DA:829,0
DA:830,0
DA:835,0
DA:836,0
DA:837,0
DA:838,0
DA:839,0
DA:840,0
DA:842,0
DA:843,0
DA:844,0
DA:845,0
DA:847,0
DA:848,0
DA:849,0
DA:850,0
DA:851,0
DA:853,0
DA:854,0
DA:855,0
DA:856,0
DA:860,0
DA:861,0
DA:862,0
DA:863,0
DA:865,0
DA:866,0
DA:867,0
DA:868,0
DA:873,0
DA:874,0
DA:875,0
DA:876,0
DA:877,0
DA:878,0
DA:879,0
DA:880,0
DA:881,0
DA:882,0
DA:888,0
DA:891,0
DA:892,0
DA:893,0
DA:894,0
DA:895,0
DA:896,0
DA:897,0
DA:904,0
DA:906,0
DA:907,0
DA:908,0
DA:909,0
DA:910,0
DA:911,0
DA:919,0
DA:920,0
DA:921,0
DA:922,0
DA:923,0
DA:924,0
DA:925,0
DA:926,0
DA:931,0
DA:933,0
DA:934,0
DA:935,0
DA:937,0
DA:939,0
DA:940,0
DA:947,0
DA:949,0
DA:950,0
DA:952,0
DA:957,0
DA:958,0
DA:959,0
DA:960,0
DA:962,0
DA:964,0
DA:965,0
DA:966,0
DA:967,0
DA:969,0
DA:972,0
DA:973,0
DA:976,0
DA:977,0
DA:980,0
DA:981,0
DA:984,0
DA:988,0
DA:989,0
DA:991,0
DA:993,0
DA:994,0
DA:995,0
DA:997,0
DA:999,0
DA:1003,0
DA:1007,0
DA:1008,0
DA:1010,0
DA:1011,0
DA:1012,0
DA:1013,0
DA:1014,0
DA:1015,0
DA:1016,0
DA:1017,0
DA:1018,0
DA:1019,0
DA:1020,0
DA:1021,0
DA:1025,0
DA:1031,0
DA:1034,0
DA:1035,0
DA:1036,0
DA:1037,0
LF:413
LH:0
end_of_record
SF:lib\core\ai\services\multi_provider_ai_service.dart
DA:15,0
DA:17,0
DA:26,0
DA:27,0
DA:29,0
DA:33,0
DA:34,0
DA:35,0
DA:37,0
DA:38,0
DA:43,0
DA:44,0
DA:45,0
DA:47,0
DA:48,0
DA:51,0
DA:53,0
DA:54,0
DA:58,0
DA:62,0
DA:69,0
DA:70,0
DA:72,0
DA:79,0
DA:80,0
DA:82,0
DA:83,0
DA:86,0
DA:89,0
DA:90,0
DA:92,0
DA:98,0
DA:101,0
DA:108,0
DA:111,0
DA:112,0
DA:117,0
DA:123,0
DA:124,0
DA:125,0
DA:130,0
DA:131,0
DA:132,0
DA:133,0
DA:139,0
DA:142,0
DA:148,0
DA:154,0
DA:157,0
DA:163,0
DA:166,0
DA:169,0
DA:170,0
DA:175,0
DA:181,0
DA:182,0
DA:183,0
DA:188,0
DA:189,0
DA:190,0
DA:191,0
DA:197,0
DA:200,0
DA:206,0
DA:207,0
DA:208,0
DA:212,0
DA:215,0
DA:220,0
DA:223,0
DA:224,0
DA:229,0
DA:234,0
DA:235,0
DA:241,0
DA:242,0
DA:253,0
DA:259,0
DA:260,0
DA:261,0
DA:262,0
DA:263,0
DA:266,0
DA:267,0
DA:268,0
DA:269,0
DA:271,0
DA:272,0
DA:273,0
DA:274,0
DA:275,0
DA:276,0
DA:282,0
DA:283,0
DA:284,0
DA:286,0
DA:297,0
DA:300,0
DA:301,0
DA:302,0
DA:303,0
DA:304,0
DA:305,0
DA:306,0
DA:307,0
DA:308,0
DA:309,0
DA:310,0
DA:311,0
DA:312,0
DA:314,0
LF:111
LH:0
end_of_record
SF:lib\features\schedule\data\datasources\ncaa_schedule_datasource.dart
DA:29,0
DA:33,0
DA:36,0
DA:39,0
DA:43,0
DA:45,0
DA:46,0
DA:49,0
DA:52,0
DA:54,0
DA:56,0
DA:61,0
DA:62,0
DA:64,0
DA:66,0
DA:67,0
DA:71,0
DA:73,0
DA:74,0
DA:76,0
DA:79,0
DA:83,0
DA:86,0
DA:88,0
DA:91,0
DA:92,0
DA:95,0
DA:96,0
DA:98,0
DA:99,0
DA:101,0
DA:108,0
DA:111,0
DA:115,0
DA:117,0
DA:119,0
DA:120,0
DA:121,0
DA:123,0
DA:125,0
DA:130,0
DA:134,0
DA:135,0
DA:136,0
DA:140,0
DA:141,0
DA:144,0
DA:147,0
DA:148,0
DA:151,0
DA:152,0
DA:154,0
DA:157,0
DA:158,0
DA:161,0
DA:162,0
DA:166,0
DA:171,0
DA:172,0
DA:173,0
DA:177,0
DA:178,0
DA:179,0
DA:180,0
DA:182,0
DA:184,0
DA:189,0
DA:190,0
DA:191,0
DA:192,0
DA:193,0
DA:196,0
DA:197,0
DA:198,0
DA:199,0
DA:200,0
DA:201,0
DA:203,0
DA:204,0
DA:206,0
DA:207,0
DA:208,0
DA:210,0
DA:214,0
DA:216,0
DA:218,0
DA:219,0
DA:221,0
DA:223,0
DA:224,0
DA:227,0
DA:228,0
DA:231,0
DA:233,0
DA:234,0
DA:235,0
DA:237,0
DA:238,0
DA:239,0
DA:240,0
DA:241,0
DA:242,0
DA:244,0
DA:245,0
DA:247,0
DA:249,0
DA:250,0
DA:252,0
DA:254,0
DA:259,0
DA:266,0
DA:272,0
DA:273,0
DA:274,0
DA:277,0
DA:278,0
DA:279,0
DA:282,0
DA:283,0
DA:285,0
DA:288,0
DA:289,0
DA:292,0
DA:293,0
DA:297,0
DA:301,0
DA:302,0
DA:303,0
DA:304,0
DA:305,0
DA:309,0
DA:311,0
DA:312,0
DA:314,0
DA:317,0
DA:321,0
DA:324,0
DA:327,0
DA:328,0
DA:330,0
DA:333,0
DA:334,0
DA:337,0
DA:338,0
DA:343,0
DA:346,0
DA:347,0
DA:349,0
DA:356,0
DA:357,0
DA:360,0
DA:361,0
DA:363,0
DA:364,0
DA:365,0
DA:366,0
DA:367,0
DA:368,0
DA:370,0
DA:373,0
DA:375,0
DA:378,0
DA:379,0
DA:381,0
DA:384,0
DA:385,0
DA:391,0
DA:392,0
DA:393,0
DA:396,0
DA:401,0
DA:402,0
DA:403,0
DA:404,0
DA:407,0
DA:408,0
DA:409,0
DA:410,0
DA:411,0
DA:412,0
DA:416,0
DA:418,0
DA:420,0
DA:421,0
DA:424,0
DA:425,0
DA:427,0
DA:428,0
DA:429,0
DA:431,0
DA:436,0
DA:437,0
DA:438,0
DA:440,0
DA:441,0
DA:442,0
DA:443,0
DA:446,0
DA:448,0
DA:451,0
DA:452,0
DA:453,0
DA:454,0
DA:455,0
DA:461,0
DA:462,0
DA:465,0
DA:467,0
DA:468,0
DA:470,0
DA:474,0
DA:481,0
DA:482,0
DA:483,0
DA:486,0
DA:487,0
DA:488,0
DA:489,0
DA:490,0
DA:491,0
DA:492,0
DA:493,0
DA:496,0
DA:499,0
DA:500,0
DA:503,0
DA:504,0
DA:509,0
DA:510,0
DA:511,0
DA:512,0
DA:513,0
DA:514,0
DA:515,0
DA:516,0
DA:517,0
DA:523,0
DA:524,0
DA:527,0
DA:528,0
DA:529,0
DA:534,0
DA:535,0
DA:536,0
DA:537,0
DA:538,0
DA:539,0
DA:541,0
DA:545,0
DA:546,0
DA:551,0
DA:553,0
DA:554,0
DA:559,0
DA:561,0
DA:564,0
DA:568,0
DA:569,0
DA:572,0
DA:576,0
DA:577,0
DA:578,0
DA:580,0
DA:584,0
DA:594,0
DA:600,0
DA:603,0
DA:607,0
DA:613,0
DA:619,0
DA:622,0
DA:626,0
DA:632,0
DA:638,0
DA:643,0
DA:647,0
DA:653,0
DA:659,0
DA:662,0
DA:666,0
DA:672,0
DA:678,0
DA:681,0
DA:685,0
DA:691,0
DA:697,0
DA:702,0
DA:706,0
DA:713,0
DA:717,0
DA:726,0
DA:730,0
DA:737,0
DA:741,0
DA:750,0
DA:754,0
DA:761,0
DA:765,0
DA:774,0
DA:778,0
DA:785,0
DA:789,0
DA:796,0
DA:800,0
DA:809,0
DA:813,0
DA:820,0
DA:824,0
DA:833,0
DA:837,0
DA:844,0
DA:848,0
DA:857,0
DA:861,0
DA:871,0
DA:873,0
LF:316
LH:0
end_of_record
SF:lib\core\services\cache_service.dart
DA:23,0
DA:25,0
DA:27,0
DA:28,0
DA:31,0
DA:32,0
DA:34,0
DA:35,0
DA:39,0
DA:40,0
DA:41,0
DA:44,0
DA:47,0
DA:48,0
DA:51,0
DA:52,0
DA:53,0
DA:54,0
DA:55,0
DA:58,0
DA:59,0
DA:63,0
DA:64,0
DA:65,0
DA:66,0
DA:67,0
DA:70,0
DA:71,0
DA:75,0
DA:76,0
DA:77,0
DA:78,0
DA:80,0
DA:81,0
DA:82,0
DA:83,0
DA:87,0
DA:91,0
DA:92,0
DA:97,0
DA:99,0
DA:100,0
DA:101,0
DA:102,0
DA:104,0
DA:109,0
DA:110,0
DA:112,0
DA:113,0
DA:114,0
DA:115,0
DA:118,0
DA:126,0
DA:130,0
DA:137,0
DA:138,0
DA:140,0
DA:142,0
DA:146,0
DA:150,0
DA:153,0
DA:154,0
DA:155,0
DA:158,0
DA:159,0
DA:160,0
DA:161,0
DA:162,0
DA:165,0
DA:166,0
DA:169,0
DA:170,0
DA:173,0
DA:174,0
DA:175,0
DA:178,0
DA:183,0
DA:184,0
DA:186,0
DA:193,0
DA:194,0
DA:195,0
DA:198,0
DA:206,0
DA:207,0
DA:210,0
DA:211,0
DA:214,0
DA:215,0
DA:216,0
DA:219,0
DA:224,0
DA:225,0
DA:227,0
DA:234,0
DA:235,0
DA:236,0
DA:241,0
DA:245,0
DA:246,0
DA:249,0
DA:250,0
DA:251,0
DA:252,0
DA:253,0
DA:254,0
DA:255,0
DA:258,0
DA:259,0
DA:268,0
LF:110
LH:0
end_of_record
SF:lib\core\services\performance_monitor.dart
DA:9,0
DA:10,0
DA:13,0
DA:14,0
DA:15,0
DA:16,0
DA:21,0
DA:22,0
DA:23,0
DA:24,0
DA:30,0
DA:31,0
DA:32,0
DA:33,0
DA:38,0
DA:39,0
DA:41,0
DA:42,0
DA:43,0
DA:45,0
DA:46,0
DA:53,0
DA:54,0
DA:55,0
DA:58,0
DA:59,0
DA:60,0
DA:63,0
DA:66,0
DA:68,0
DA:69,0
DA:74,0
DA:75,0
DA:76,0
DA:81,0
DA:82,0
DA:83,0
DA:86,0
DA:87,0
DA:88,0
DA:91,0
DA:92,0
DA:94,0
DA:100,0
DA:104,0
DA:105,0
DA:106,0
LF:47
LH:0
end_of_record
SF:lib\core\ai\services\ai_team_season_summary_service.dart
DA:23,0
DA:25,0
DA:47,0
DA:49,0
DA:52,0
DA:60,0
DA:61,0
DA:62,0
DA:66,0
DA:67,0
DA:68,0
DA:70,0
DA:71,0
DA:74,0
DA:77,0
DA:78,0
DA:79,0
DA:82,0
DA:85,0
DA:86,0
DA:87,0
DA:88,0
DA:89,0
DA:90,0
DA:92,0
DA:95,0
DA:96,0
DA:97,0
DA:98,0
DA:99,0
DA:100,0
DA:101,0
DA:102,0
DA:103,0
DA:108,0
DA:117,0
DA:119,0
DA:123,0
DA:124,0
DA:127,0
DA:132,0
DA:141,0
DA:144,0
DA:147,0
DA:150,0
DA:153,0
DA:156,0
DA:159,0
DA:162,0
DA:164,0
DA:167,0
DA:182,0
DA:183,0
DA:184,0
DA:189,0
DA:191,0
DA:192,0
DA:193,0
DA:196,0
DA:197,0
DA:198,0
DA:200,0
DA:201,0
DA:204,0
DA:205,0
DA:206,0
DA:207,0
DA:208,0
DA:209,0
DA:218,0
DA:219,0
DA:221,0
DA:222,0
DA:223,0
DA:224,0
DA:225,0
DA:226,0
DA:228,0
DA:229,0
DA:232,0
DA:233,0
DA:234,0
DA:237,0
DA:238,0
DA:240,0
DA:242,0
DA:243,0
DA:247,0
DA:248,0
DA:249,0
DA:252,0
DA:253,0
DA:255,0
DA:257,0
DA:258,0
DA:264,0
DA:265,0
DA:266,0
DA:267,0
DA:268,0
DA:269,0
DA:272,0
DA:273,0
DA:277,0
DA:284,0
DA:285,0
DA:286,0
DA:287,0
DA:288,0
DA:289,0
DA:290,0
DA:293,0
DA:294,0
DA:295,0
DA:296,0
DA:297,0
DA:298,0
DA:299,0
DA:300,0
DA:302,0
DA:306,0
DA:307,0
DA:308,0
DA:309,0
DA:310,0
DA:311,0
DA:312,0
DA:313,0
DA:314,0
DA:315,0
DA:319,0
DA:320,0
DA:321,0
DA:322,0
DA:323,0
DA:327,0
DA:328,0
DA:329,0
DA:330,0
DA:331,0
DA:332,0
DA:336,0
DA:337,0
DA:338,0
DA:343,0
DA:350,0
DA:351,0
DA:352,0
DA:353,0
DA:354,0
DA:356,0
DA:357,0
DA:359,0
DA:360,0
DA:361,0
DA:362,0
DA:363,0
DA:364,0
DA:366,0
DA:368,0
DA:372,0
DA:376,0
DA:377,0
DA:378,0
DA:380,0
DA:385,0
DA:387,0
DA:389,0
DA:394,0
DA:399,0
DA:400,0
DA:401,0
DA:402,0
DA:408,0
DA:409,0
DA:410,0
DA:411,0
DA:414,0
DA:415,0
DA:417,0
DA:418,0
DA:419,0
DA:420,0
DA:421,0
DA:422,0
DA:424,0
DA:425,0
DA:431,0
DA:432,0
DA:434,0
DA:435,0
DA:436,0
DA:437,0
DA:438,0
DA:439,0
DA:441,0
DA:448,0
DA:449,0
DA:451,0
DA:452,0
DA:453,0
DA:454,0
DA:455,0
DA:456,0
DA:458,0
DA:465,0
DA:466,0
DA:468,0
DA:469,0
DA:470,0
DA:471,0
DA:472,0
DA:473,0
DA:475,0
DA:481,0
DA:483,0
DA:484,0
DA:489,0
DA:490,0
DA:491,0
DA:492,0
DA:495,0
DA:496,0
DA:497,0
DA:498,0
DA:504,0
DA:507,0
DA:508,0
DA:509,0
DA:510,0
DA:511,0
DA:512,0
DA:513,0
DA:515,0
DA:517,0
DA:519,0
DA:530,0
DA:532,0
DA:536,0
DA:541,0
DA:546,0
DA:547,0
DA:548,0
DA:551,0
DA:553,0
DA:555,0
DA:559,0
DA:562,0
DA:563,0
DA:568,0
DA:569,0
DA:570,0
DA:571,0
DA:572,0
DA:573,0
DA:574,0
DA:575,0
DA:577,0
DA:578,0
DA:579,0
DA:581,0
DA:584,0
DA:585,0
DA:586,0
DA:587,0
DA:588,0
DA:589,0
DA:590,0
DA:591,0
DA:593,0
DA:597,0
DA:598,0
DA:599,0
DA:600,0
DA:603,0
DA:604,0
DA:605,0
DA:606,0
DA:610,0
DA:611,0
DA:614,0
DA:615,0
DA:616,0
DA:617,0
DA:620,0
DA:621,0
DA:625,0
DA:626,0
DA:628,0
DA:631,0
DA:635,0
DA:636,0
DA:637,0
DA:638,0
DA:643,0
DA:646,0
DA:649,0
DA:652,0
DA:660,0
DA:663,0
DA:664,0
DA:665,0
DA:670,0
DA:671,0
DA:674,0
DA:675,0
DA:678,0
DA:679,0
DA:682,0
DA:683,0
DA:685,0
DA:691,0
DA:692,0
DA:694,0
DA:696,0
DA:702,0
DA:703,0
DA:704,0
DA:705,0
DA:711,0
DA:712,0
DA:713,0
DA:714,0
DA:715,0
DA:718,0
DA:719,0
DA:720,0
DA:723,0
[...]
DA:12,1
DA:19,1
DA:21,1
DA:22,1
DA:23,1
DA:24,1
DA:26,1
DA:28,1
DA:29,2
DA:30,1
DA:31,1
DA:32,1
DA:38,1
DA:39,1
DA:40,1
DA:42,1
DA:44,1
DA:51,1
DA:52,1
DA:53,1
DA:54,3
DA:62,2
DA:63,0
DA:65,0
DA:66,0
DA:67,0
DA:83,1
DA:86,1
DA:87,1
DA:90,1
DA:92,1
DA:94,1
DA:97,4
DA:98,4
DA:99,4
DA:100,4
DA:101,2
DA:102,4
DA:103,4
DA:105,4
DA:106,4
DA:112,5
DA:119,1
DA:120,2
DA:121,2
DA:123,1
DA:124,1
DA:125,1
DA:127,1
DA:129,1
DA:131,1
DA:133,1
DA:134,2
DA:137,1
DA:138,1
DA:140,1
DA:142,1
DA:145,1
DA:147,2
DA:148,1
DA:149,1
DA:150,3
DA:156,1
DA:157,1
DA:158,2
DA:171,1
DA:173,1
DA:174,1
DA:175,2
DA:177,1
DA:178,1
DA:179,1
DA:192,1
DA:194,1
DA:195,4
DA:198,1
DA:200,1
DA:201,4
DA:204,1
DA:206,1
DA:207,4
DA:210,1
DA:212,1
DA:213,4
DA:216,2
DA:217,1
DA:219,1
DA:220,4
DA:223,1
DA:225,1
DA:226,4
DA:230,1
DA:232,1
DA:233,1
DA:234,4
DA:235,1
DA:238,2
DA:240,0
DA:247,1
DA:249,1
DA:250,1
DA:252,1
DA:253,1
DA:254,1
DA:256,1
DA:257,2
DA:273,1
DA:275,1
DA:277,1
DA:279,1
DA:281,1
DA:288,1
DA:294,1
DA:305,0
DA:311,0
DA:313,0
DA:314,0
DA:316,0
DA:317,0
DA:319,0
DA:320,0
DA:321,0
DA:322,0
DA:323,0
DA:329,0
DA:331,0
DA:332,0
DA:333,0
DA:334,0
DA:336,0
DA:338,0
DA:339,0
DA:340,0
DA:341,0
DA:346,0
DA:350,0
DA:351,0
DA:352,0
DA:353,0
DA:359,0
DA:360,0
DA:372,0
DA:373,0
DA:375,0
DA:385,0
DA:386,0
DA:387,0
DA:388,0
DA:391,0
DA:393,0
DA:394,0
DA:395,0
DA:396,0
DA:402,0
DA:403,0
DA:404,0
DA:414,0
DA:416,0
DA:417,0
DA:418,0
DA:425,0
DA:427,0
DA:428,0
DA:429,0
DA:431,0
DA:432,0
LF:166
LH:108
end_of_record
SF:lib\features\worldcup\presentation\widgets\team_tile.dart
DA:24,1
DA:36,1
DA:38,1
DA:40,1
DA:42,1
DA:43,2
DA:45,1
DA:46,1
DA:48,1
DA:49,2
DA:50,2
DA:53,1
DA:54,1
DA:55,1
DA:56,1
DA:57,2
DA:64,2
DA:65,1
DA:68,1
DA:69,1
DA:70,1
DA:71,2
DA:84,1
DA:85,1
DA:86,4
DA:89,1
DA:90,3
DA:95,1
DA:96,0
DA:97,0
DA:102,4
DA:103,1
DA:105,1
DA:106,1
DA:107,1
DA:108,2
DA:110,1
DA:111,3
DA:120,4
DA:122,1
DA:124,1
DA:127,1
DA:128,3
DA:140,1
DA:142,1
DA:143,1
DA:144,1
DA:145,1
DA:146,1
DA:149,1
DA:150,1
DA:172,1
DA:181,1
DA:183,1
DA:184,1
DA:186,1
DA:187,2
DA:188,1
DA:189,1
DA:190,1
DA:196,1
DA:198,1
DA:199,1
DA:200,1
DA:201,1
DA:202,1
DA:203,1
DA:205,1
DA:207,1
DA:208,1
DA:209,2
DA:210,2
DA:214,1
DA:215,2
DA:226,1
DA:228,1
DA:229,3
DA:230,1
DA:231,3
DA:238,3
DA:239,2
DA:240,1
DA:241,1
DA:246,1
DA:247,1
DA:248,1
DA:249,2
DA:251,1
DA:252,2
DA:263,3
DA:274,1
DA:275,1
DA:278,1
DA:279,1
DA:280,1
DA:298,1
DA:305,1
DA:307,1
DA:308,1
DA:309,1
DA:310,1
DA:311,2
DA:312,2
DA:316,3
DA:317,1
DA:318,1
DA:319,1
DA:322,1
DA:324,1
DA:325,1
DA:327,1
LF:111
LH:109
end_of_record
SF:lib\services\game_day_automation_service.dart
DA:13,0
DA:19,0
DA:22,0
DA:23,0
DA:24,0
DA:25,0
DA:26,0
DA:28,0
DA:31,0
DA:32,0
DA:37,0
DA:42,0
DA:48,0
DA:50,0
DA:52,0
DA:53,0
DA:54,0
DA:55,0
DA:56,0
DA:57,0
DA:58,0
DA:59,0
DA:60,0
DA:61,0
DA:63,0
DA:66,0
DA:68,0
DA:73,0
DA:78,0
DA:81,0
DA:82,0
DA:83,0
DA:84,0
DA:86,0
DA:87,0
DA:89,0
DA:90,0
DA:91,0
DA:92,0
DA:93,0
DA:94,0
DA:95,0
DA:96,0
DA:97,0
DA:98,0
DA:100,0
DA:101,0
DA:104,0
DA:107,0
DA:112,0
DA:117,0
DA:119,0
DA:121,0
DA:123,0
DA:124,0
DA:125,0
DA:126,0
DA:128,0
DA:129,0
DA:130,0
DA:132,0
DA:133,0
DA:136,0
DA:138,0
DA:143,0
DA:151,0
DA:152,0
DA:154,0
DA:156,0
DA:160,0
DA:161,0
DA:162,0
DA:163,0
DA:164,0
DA:166,0
DA:167,0
DA:170,0
DA:173,0
DA:178,0
DA:184,0
DA:186,0
DA:188,0
DA:192,0
DA:194,0
DA:195,0
DA:198,0
DA:200,0
DA:205,0
DA:214,0
DA:216,0
DA:225,0
DA:227,0
DA:232,0
DA:241,0
DA:243,0
DA:252,0
DA:254,0
LF:97
LH:0
end_of_record
SF:lib\l10n\app_localizations.dart
DA:65,0
DA:66,0
DA:70,0
DA:71,0
DA:716,12
DA:718,0
DA:720,0
DA:723,0
DA:725,0
DA:727,0
DA:731,0
DA:733,0
DA:734,0
DA:735,0
DA:736,0
DA:737,0
DA:740,0
LF:17
LH:1
end_of_record
SF:lib\l10n\app_localizations_en.dart
DA:9,0
DA:11,0
DA:14,0
DA:17,0
DA:20,0
DA:23,0
DA:26,0
DA:29,0
DA:32,0
DA:35,0
DA:38,0
DA:41,0
DA:44,0
DA:47,0
DA:49,0
DA:52,0
DA:55,0
DA:58,0
DA:61,0
DA:64,0
DA:67,0
DA:70,0
DA:73,0
DA:76,0
DA:79,0
DA:82,0
DA:85,0
DA:88,0
DA:91,0
DA:94,0
DA:97,0
DA:100,0
DA:103,0
DA:106,0
DA:109,0
DA:112,0
DA:115,0
DA:118,0
DA:121,0
DA:124,0
DA:127,0
DA:130,0
DA:133,0
DA:136,0
DA:139,0
DA:141,0
DA:144,0
DA:147,0
DA:150,0
DA:153,0
DA:156,0
DA:159,0
DA:162,0
DA:165,0
DA:168,0
DA:171,0
DA:174,0
DA:177,0
DA:180,0
DA:183,0
DA:186,0
DA:189,0
DA:192,0
DA:195,0
DA:198,0
DA:201,0
DA:204,0
DA:207,0
DA:210,0
DA:213,0
DA:216,0
DA:219,0
DA:222,0
DA:225,0
DA:228,0
DA:230,0
DA:233,0
DA:236,0
DA:239,0
DA:242,0
DA:245,0
DA:248,0
DA:251,0
DA:254,0
DA:258,0
DA:261,0
DA:264,0
DA:268,0
DA:270,0
DA:273,0
DA:276,0
DA:279,0
DA:283,0
DA:286,0
DA:289,0
DA:292,0
DA:295,0
DA:298,0
DA:301,0
DA:304,0
DA:307,0
DA:310,0
DA:313,0
DA:316,0
DA:318,0
DA:321,0
DA:323,0
DA:326,0
DA:328,0
DA:331,0
DA:333,0
LF:111
LH:0
end_of_record
SF:lib\l10n\app_localizations_es.dart
DA:9,0
DA:11,0
DA:14,0
DA:17,0
DA:20,0
DA:23,0
DA:26,0
DA:29,0
DA:32,0
DA:35,0
DA:38,0
DA:41,0
DA:44,0
DA:47,0
DA:49,0
DA:52,0
DA:55,0
DA:58,0
DA:61,0
DA:64,0
DA:67,0
DA:70,0
DA:73,0
DA:76,0
DA:79,0
DA:82,0
DA:85,0
DA:88,0
DA:91,0
DA:94,0
DA:97,0
DA:100,0
DA:103,0
DA:106,0
DA:109,0
DA:112,0
DA:115,0
DA:118,0
DA:121,0
DA:124,0
DA:127,0
DA:130,0
DA:133,0
DA:136,0
DA:139,0
DA:141,0
DA:144,0
DA:147,0
DA:150,0
DA:153,0
DA:156,0
DA:159,0
DA:162,0
DA:165,0
DA:168,0
DA:171,0
DA:174,0
DA:177,0
DA:180,0
DA:183,0
DA:186,0
DA:189,0
DA:192,0
DA:195,0
DA:198,0
DA:201,0
DA:204,0
DA:207,0
DA:210,0
DA:213,0
DA:216,0
DA:219,0
DA:222,0
DA:225,0
DA:228,0
DA:230,0
DA:233,0
DA:236,0
DA:239,0
DA:242,0
DA:245,0
DA:248,0
DA:251,0
DA:254,0
DA:258,0
DA:261,0
DA:264,0
DA:268,0
DA:270,0
DA:273,0
DA:276,0
DA:279,0
DA:283,0
DA:286,0
DA:289,0
DA:292,0
DA:295,0
DA:298,0
DA:301,0
DA:304,0
DA:307,0
DA:310,0
DA:313,0
DA:316,0
DA:318,0
DA:321,0
DA:323,0
DA:326,0
DA:328,0
DA:331,0
DA:333,0
LF:111
LH:0
end_of_record
SF:lib\presentation\widgets\manager_photo.dart
DA:15,0
DA:25,0
DA:31,0
DA:32,0
DA:33,0
DA:40,0
DA:42,0
DA:43,0
DA:44,0
DA:45,0
DA:46,0
DA:47,0
DA:48,0
DA:51,0
DA:55,0
DA:57,0
DA:58,0
DA:62,0
DA:65,0
DA:66,0
DA:67,0
DA:68,0
DA:70,0
DA:72,0
DA:76,0
DA:77,0
DA:78,0
DA:79,0
DA:80,0
DA:87,0
DA:88,0
DA:89,0
DA:90,0
DA:91,0
DA:96,0
DA:99,0
DA:100,0
DA:101,0
DA:102,0
DA:103,0
DA:104,0
DA:105,0
DA:106,0
DA:108,0
DA:115,0
DA:116,0
DA:117,0
DA:118,0
DA:119,0
DA:120,0
DA:121,0
DA:122,0
DA:123,0
DA:125,0
DA:128,0
DA:130,0
DA:131,0
DA:137,0
DA:138,0
DA:139,0
DA:140,0
DA:141,0
DA:142,0
DA:156,0
DA:165,0
DA:171,0
DA:172,0
DA:173,0
DA:180,0
DA:182,0
DA:183,0
DA:184,0
DA:185,0
DA:189,0
DA:193,0
DA:194,0
DA:195,0
DA:196,0
DA:198,0
DA:199,0
DA:200,0
DA:203,0
LF:82
LH:0
end_of_record
SF:lib\presentation\widgets\player_photo.dart
DA:16,0
DA:26,0
DA:32,0
DA:33,0
DA:34,0
DA:41,0
DA:43,0
DA:44,0
DA:45,0
DA:46,0
DA:47,0
DA:48,0
DA:49,0
DA:52,0
DA:58,0
DA:60,0
DA:61,0
DA:65,0
DA:68,0
DA:69,0
DA:70,0
DA:71,0
DA:73,0
DA:75,0
DA:79,0
DA:80,0
DA:81,0
DA:82,0
DA:83,0
DA:90,0
DA:91,0
DA:92,0
DA:93,0
DA:94,0
DA:99,0
DA:102,0
DA:103,0
DA:104,0
DA:105,0
DA:106,0
DA:107,0
DA:108,0
DA:109,0
DA:111,0
DA:118,0
DA:119,0
DA:120,0
DA:121,0
DA:122,0
DA:123,0
DA:124,0
DA:127,0
DA:128,0
DA:137,0
DA:138,0
DA:139,0
DA:140,0
DA:141,0
DA:142,0
DA:156,0
DA:165,0
DA:171,0
DA:172,0
DA:173,0
DA:180,0
DA:182,0
DA:183,0
DA:184,0
DA:185,0
DA:189,0
DA:190,0
DA:193,0
DA:194,0
DA:195,0
DA:196,0
DA:198,0
DA:199,0
DA:200,0
DA:203,0
LF:79
LH:0
end_of_record
SF:lib\services\espn_historical_service.dart
DA:154,0
DA:157,0
DA:158,0
DA:159,0
DA:163,0
DA:167,0
DA:168,0
DA:170,0
DA:172,0
DA:176,0
DA:181,0
DA:182,0
DA:183,0
DA:186,0
DA:189,0
DA:190,0
DA:191,0
DA:193,0
DA:194,0
DA:195,0
DA:196,0
DA:197,0
DA:198,0
DA:201,0
DA:202,0
DA:203,0
DA:204,0
DA:205,0
DA:206,0
DA:207,0
DA:212,0
DA:213,0
DA:214,0
DA:219,0
DA:220,0
DA:222,0
DA:224,0
DA:226,0
DA:227,0
DA:229,0
DA:233,0
DA:234,0
DA:236,0
DA:237,0
DA:240,0
DA:242,0
DA:243,0
DA:244,0
DA:248,0
DA:255,0
DA:256,0
DA:257,0
DA:260,0
DA:261,0
DA:262,0
DA:267,0
DA:268,0
DA:269,0
DA:271,0
DA:279,0
DA:284,0
DA:285,0
DA:288,0
DA:293,0
DA:302,0
DA:303,0
DA:307,0
DA:308,0
DA:309,0
DA:311,0
DA:312,0
DA:314,0
DA:315,0
DA:319,0
DA:322,0
DA:323,0
DA:324,0
DA:326,0
DA:333,0
DA:334,0
DA:335,0
DA:337,0
DA:338,0
DA:340,0
DA:341,0
DA:345,0
DA:347,0
DA:350,0
DA:353,0
DA:354,0
DA:356,0
DA:358,0
DA:362,0
DA:364,0
DA:365,0
LF:95
LH:0
end_of_record
SF:lib\core\utils\team_logo_helper.dart
DA:147,1
DA:148,1
DA:150,2
DA:153,1
DA:154,1
DA:162,0
DA:167,0
DA:170,0
DA:175,0
DA:176,0
DA:186,0
DA:194,0
DA:195,0
DA:199,0
DA:200,0
DA:210,1
DA:211,1
DA:215,1
DA:216,2
LF:19
LH:9
end_of_record
SF:lib\features\chatbot\domain\entities\chat_message.dart
DA:8,1
DA:12,1
LF:2
LH:2
end_of_record
SF:lib\features\messaging\domain\entities\chat.g.dart
DA:13,0
DA:15,0
DA:16,0
DA:17,0
DA:19,0
DA:20,0
DA:21,0
DA:22,0
DA:23,0
DA:24,0
DA:25,0
DA:26,0
DA:27,0
DA:28,0
DA:29,0
DA:30,0
DA:31,0
DA:32,0
DA:33,0
DA:34,0
DA:35,0
DA:36,0
DA:40,0
DA:43,0
DA:44,0
DA:45,0
DA:46,0
DA:47,0
DA:48,0
DA:49,0
DA:50,0
DA:51,0
DA:52,0
DA:53,0
DA:54,0
DA:55,0
DA:56,0
DA:57,0
DA:58,0
DA:59,0
DA:60,0
DA:61,0
DA:62,0
DA:63,0
DA:64,0
DA:65,0
DA:66,0
DA:67,0
DA:68,0
DA:69,0
DA:70,0
DA:71,0
DA:72,0
DA:73,0
DA:74,0
DA:75,0
DA:76,0
DA:77,0
DA:80,0
DA:81,0
DA:83,0
DA:86,0
DA:87,0
DA:88,0
DA:95,0
DA:97,0
DA:98,0
DA:99,0
DA:101,0
DA:102,0
DA:103,0
DA:104,0
DA:105,0
DA:106,0
DA:107,0
DA:108,0
DA:112,0
DA:115,0
DA:116,0
DA:117,0
DA:118,0
DA:119,0
DA:120,0
DA:121,0
DA:122,0
DA:123,0
DA:124,0
DA:125,0
DA:126,0
DA:127,0
DA:128,0
DA:129,0
DA:132,0
DA:133,0
DA:135,0
DA:138,0
DA:139,0
DA:140,0
DA:147,0
DA:149,0
DA:150,0
DA:152,0
DA:154,0
DA:156,0
DA:163,0
DA:166,0
DA:167,0
DA:169,0
DA:170,0
DA:172,0
DA:173,0
DA:175,0
DA:176,0
DA:181,0
DA:182,0
DA:184,0
DA:187,0
DA:188,0
DA:189,0
DA:196,0
DA:198,0
DA:199,0
DA:201,0
DA:203,0
DA:210,0
DA:213,0
DA:214,0
DA:216,0
DA:217,0
DA:219,0
DA:220,0
DA:225,0
DA:226,0
DA:228,0
DA:231,0
DA:232,0
DA:233,0
LF:137
LH:0
end_of_record
SF:lib\features\messaging\domain\entities\chat.dart
DA:61,2
DA:63,1
DA:83,1
DA:87,2
DA:88,1
DA:89,3
DA:91,1
DA:96,1
DA:99,1
DA:105,1
DA:112,1
DA:113,1
DA:114,1
DA:117,1
DA:118,3
DA:121,1
DA:125,1
DA:128,3
DA:135,1
DA:142,1
DA:143,1
DA:144,1
DA:147,1
DA:148,3
DA:151,1
DA:155,1
DA:158,3
DA:165,1
DA:166,1
DA:167,1
DA:168,1
DA:169,6
DA:170,0
DA:172,2
DA:173,2
DA:174,1
DA:175,1
DA:176,1
DA:177,2
DA:178,1
DA:179,1
DA:180,2
DA:182,2
DA:183,3
DA:184,1
DA:185,1
DA:189,1
DA:190,1
DA:191,1
DA:192,4
DA:193,1
DA:194,1
DA:195,1
DA:196,1
DA:197,1
DA:198,2
DA:199,1
DA:200,2
DA:201,1
DA:202,1
DA:203,1
DA:204,1
DA:208,1
DA:223,1
DA:224,1
DA:225,1
DA:226,1
DA:227,1
DA:228,1
DA:229,1
DA:230,1
DA:231,1
DA:232,1
DA:233,1
DA:234,1
DA:235,1
DA:236,1
DA:237,1
DA:238,1
DA:239,1
DA:240,1
DA:244,1
DA:245,1
DA:246,1
DA:247,1
DA:248,0
DA:249,2
DA:251,1
DA:252,1
DA:253,1
DA:254,1
DA:258,1
DA:259,2
DA:261,2
DA:262,3
DA:264,1
DA:267,1
DA:268,2
DA:269,1
DA:271,1
DA:274,1
DA:275,2
DA:277,3
DA:278,1
DA:280,1
DA:284,1
DA:285,3
DA:286,3
DA:288,1
DA:291,1
DA:295,1
DA:296,4
DA:298,3
DA:299,1
DA:301,1
DA:305,1
DA:306,3
DA:307,1
DA:309,1
DA:314,3
DA:315,3
DA:316,3
DA:317,3
DA:319,3
DA:321,3
DA:322,3
DA:324,0
DA:325,0
DA:328,0
DA:330,0
DA:333,1
DA:334,1
DA:336,1
DA:337,2
DA:338,2
DA:343,1
DA:344,1
DA:346,1
DA:347,2
DA:349,2
DA:350,5
DA:351,2
DA:352,2
DA:353,2
DA:354,2
DA:355,2
DA:356,2
DA:362,1
DA:363,1
DA:364,1
DA:365,1
DA:366,1
DA:367,1
DA:368,1
DA:369,1
DA:370,1
DA:371,1
DA:372,1
DA:373,1
DA:374,1
DA:375,1
DA:376,1
DA:377,1
DA:378,1
DA:379,1
DA:380,1
DA:423,1
DA:433,1
DA:440,1
DA:441,1
DA:442,0
DA:443,1
DA:444,0
DA:445,1
DA:446,1
DA:447,0
DA:451,1
DA:452,1
DA:453,1
DA:454,1
DA:455,1
DA:456,1
DA:457,1
DA:458,1
DA:459,1
LF:185
LH:176
end_of_record
SF:lib\features\messaging\domain\entities\message.dart
DA:53,2
DA:71,2
DA:79,2
DA:80,6
DA:87,2
DA:93,2
DA:101,2
DA:102,6
DA:109,2
DA:111,2
DA:115,1
DA:120,1
DA:121,3
DA:127,1
DA:129,1
DA:134,1
DA:144,1
DA:145,3
DA:150,1
DA:152,1
DA:155,1
DA:158,0
DA:163,1
DA:177,1
DA:178,3
DA:183,0
DA:185,1
DA:188,1
DA:199,1
DA:213,1
DA:214,3
DA:219,1
DA:221,1
DA:224,1
DA:235,1
DA:243,1
DA:244,1
DA:245,1
DA:246,1
DA:247,1
DA:248,1
DA:249,1
DA:250,1
DA:251,1
DA:252,1
DA:253,1
DA:254,1
DA:255,1
DA:256,1
DA:257,1
DA:258,1
DA:262,1
DA:263,2
DA:264,1
DA:265,1
DA:267,1
DA:273,1
DA:274,2
DA:277,4
DA:280,2
DA:283,1
DA:286,1
DA:289,1
DA:290,2
DA:291,4
DA:292,1
DA:296,3
DA:297,3
DA:298,3
DA:299,6
DA:300,3
DA:301,2
DA:303,1
DA:304,1
DA:305,2
DA:307,2
DA:308,2
DA:309,2
DA:310,2
DA:311,2
DA:312,2
DA:318,1
DA:319,1
DA:320,1
DA:321,1
DA:322,1
DA:323,1
DA:324,1
DA:325,1
DA:326,1
DA:327,1
DA:328,1
DA:329,1
DA:330,1
DA:331,1
DA:332,1
DA:333,1
DA:334,1
DA:338,1
DA:339,1
DA:340,1
DA:341,1
DA:342,1
DA:343,1
DA:344,1
DA:345,1
DA:346,1
DA:347,6
DA:348,0
DA:350,2
DA:351,1
DA:352,0
DA:354,1
DA:355,6
DA:356,0
DA:358,1
DA:359,1
DA:360,3
DA:361,1
DA:362,2
DA:363,1
DA:364,2
DA:368,1
DA:369,1
DA:370,1
DA:371,1
DA:372,1
DA:373,1
DA:374,1
DA:375,1
DA:376,4
DA:377,2
DA:378,1
DA:379,4
DA:380,1
DA:381,5
DA:382,1
DA:383,1
DA:384,1
DA:448,1
DA:454,1
DA:455,4
DA:458,1
DA:459,1
DA:460,1
DA:461,1
DA:462,2
DA:466,1
DA:467,1
DA:468,1
DA:469,1
DA:470,2
LF:152
LH:147
end_of_record
SF:lib\features\messaging\domain\entities\message.g.dart
DA:13,0
DA:15,0
DA:16,0
DA:17,0
DA:19,0
DA:20,0
DA:21,0
DA:22,0
DA:23,0
DA:24,0
DA:25,0
DA:26,0
DA:27,0
DA:28,0
DA:29,0
DA:30,0
DA:31,0
DA:32,0
DA:33,0
DA:34,0
DA:38,0
DA:41,0
DA:42,0
DA:43,0
DA:44,0
DA:45,0
DA:46,0
DA:47,0
DA:48,0
DA:49,0
DA:50,0
DA:51,0
DA:52,0
DA:53,0
DA:54,0
DA:55,0
DA:56,0
DA:57,0
DA:58,0
DA:59,0
DA:60,0
DA:61,0
DA:62,0
DA:63,0
DA:64,0
DA:65,0
DA:66,0
DA:67,0
DA:68,0
DA:69,0
DA:70,0
DA:71,0
DA:74,0
DA:75,0
DA:77,0
DA:80,0
DA:81,0
DA:82,0
DA:89,0
DA:91,0
DA:92,0
DA:93,0
DA:95,0
DA:96,0
DA:97,0
DA:98,0
DA:102,0
DA:105,0
DA:106,0
DA:107,0
DA:108,0
DA:109,0
DA:110,0
DA:111,0
DA:114,0
DA:115,0
DA:117,0
DA:120,0
DA:121,0
DA:122,0
DA:129,0
DA:131,0
DA:132,0
DA:134,0
DA:136,0
DA:138,0
DA:140,0
DA:142,0
DA:144,0
DA:146,0
DA:148,0
DA:155,0
DA:158,0
DA:159,0
DA:161,0
DA:162,0
DA:164,0
DA:165,0
DA:167,0
DA:168,0
DA:170,0
DA:171,0
DA:173,0
DA:174,0
DA:176,0
DA:177,0
DA:179,0
DA:180,0
DA:182,0
DA:183,0
DA:188,0
DA:189,0
DA:191,0
DA:194,0
DA:195,0
DA:196,0
DA:203,0
DA:205,0
DA:206,0
DA:208,0
DA:210,0
DA:212,0
DA:214,0
DA:221,0
DA:224,0
DA:225,0
DA:227,0
DA:228,0
DA:230,0
DA:231,0
DA:233,0
DA:234,0
DA:236,0
DA:237,0
DA:242,0
DA:243,0
DA:245,0
DA:248,0
DA:249,0
DA:250,0
LF:140
LH:0
end_of_record
SF:lib\features\messaging\domain\entities\typing_indicator.dart
DA:10,1
DA:18,1
DA:19,1
DA:20,1
DA:21,1
DA:22,1
DA:23,2
DA:24,1
DA:28,1
DA:29,1
DA:30,1
DA:31,1
DA:32,1
DA:33,2
DA:34,1
DA:38,1
DA:45,1
DA:46,1
DA:47,1
DA:48,1
DA:49,1
DA:50,0
DA:54,1
DA:55,5
DA:58,1
DA:59,6
LF:26
LH:25
end_of_record
SF:lib\features\messaging\domain\entities\file_attachment.dart
DA:29,1
DA:39,1
DA:40,1
DA:41,1
DA:42,1
DA:43,1
DA:44,1
DA:45,1
DA:46,1
DA:47,2
DA:51,1
DA:52,1
DA:53,1
DA:54,1
DA:55,1
DA:56,1
DA:57,1
DA:58,1
DA:59,2
DA:63,1
DA:64,2
DA:65,2
DA:66,3
DA:67,4
DA:68,4
DA:69,5
DA:71,6
DA:75,1
DA:76,2
DA:77,4
DA:80,4
DA:81,4
DA:82,4
DA:83,4
DA:85,1
DA:86,1
DA:87,1
DA:88,1
DA:89,1
DA:90,1
DA:91,1
DA:92,1
DA:93,1
LF:43
LH:43
end_of_record
SF:lib\features\messaging\domain\entities\file_attachment.g.dart
DA:13,0
DA:15,0
DA:16,0
DA:17,0
DA:19,0
DA:20,0
DA:21,0
DA:22,0
DA:23,0
DA:24,0
DA:25,0
DA:26,0
DA:30,0
DA:33,0
DA:34,0
DA:35,0
DA:36,0
DA:37,0
DA:38,0
DA:39,0
DA:40,0
DA:41,0
DA:42,0
DA:43,0
DA:44,0
DA:45,0
DA:46,0
DA:47,0
DA:50,0
DA:51,0
DA:53,0
DA:56,0
DA:57,0
DA:58,0
LF:34
LH:0
end_of_record
SF:lib\features\schedule\domain\entities\game_prediction.dart
DA:38,1
DA:53,1
DA:66,1
DA:67,1
DA:68,1
DA:69,1
DA:70,1
DA:71,1
DA:72,1
DA:73,1
DA:74,1
DA:75,1
DA:76,1
DA:77,1
DA:82,1
DA:83,1
DA:84,1
DA:85,1
DA:86,1
DA:87,1
DA:88,1
DA:89,1
DA:90,1
DA:91,2
DA:92,1
DA:93,1
DA:94,1
DA:99,1
DA:100,1
DA:101,1
DA:102,1
DA:103,1
DA:104,1
DA:105,1
DA:106,1
DA:107,1
DA:108,2
DA:109,1
DA:110,1
DA:111,1
DA:115,1
DA:116,1
DA:117,1
DA:118,1
DA:119,1
DA:120,1
DA:121,1
DA:122,1
DA:123,1
DA:124,1
DA:125,1
DA:126,1
DA:127,1
DA:152,3
DA:153,4
DA:156,2
DA:166,1
DA:174,1
DA:175,1
DA:176,1
DA:177,1
DA:178,1
DA:179,1
DA:180,1
DA:185,1
DA:186,1
DA:187,1
DA:188,1
DA:189,1
DA:190,1
DA:191,1
DA:192,1
DA:197,1
DA:198,1
DA:199,1
DA:200,1
DA:201,1
DA:202,1
DA:203,1
DA:204,1
DA:208,1
DA:209,1
DA:210,1
DA:211,1
DA:212,1
DA:213,1
DA:214,1
DA:215,1
LF:88
LH:88
end_of_record
SF:lib\features\social\domain\entities\activity_feed.dart
DA:53,1
DA:71,1
DA:80,1
DA:81,3
DA:86,2
DA:88,2
DA:89,1
DA:92,1
DA:93,1
DA:94,1
DA:95,1
DA:96,1
DA:101,1
DA:108,1
DA:109,3
DA:114,1
DA:115,1
DA:116,1
DA:123,1
DA:131,1
DA:132,3
DA:137,1
DA:138,1
DA:140,1
DA:148,1
DA:157,1
DA:158,3
DA:163,1
DA:164,1
DA:166,1
DA:175,1
DA:180,1
DA:181,1
DA:182,1
DA:183,1
DA:184,1
DA:185,1
DA:186,1
DA:187,1
DA:188,1
DA:189,1
DA:190,1
DA:191,1
DA:192,1
DA:193,1
DA:194,1
DA:195,1
DA:200,1
DA:201,1
DA:202,2
DA:204,2
DA:205,2
DA:206,2
DA:207,2
DA:208,2
DA:209,2
DA:215,5
DA:217,1
DA:218,4
DA:219,3
DA:222,0
DA:223,0
DA:224,0
DA:225,0
DA:226,0
DA:227,0
DA:228,0
DA:229,0
DA:230,0
DA:231,0
DA:232,0
DA:233,0
DA:234,0
DA:235,0
DA:236,0
DA:237,0
DA:238,0
DA:299,1
DA:310,1
DA:311,1
DA:312,2
DA:314,2
DA:315,2
DA:316,2
DA:317,2
DA:318,2
DA:319,2
DA:325,0
DA:326,0
DA:327,0
DA:328,0
DA:329,0
DA:330,0
DA:331,0
DA:332,0
DA:333,0
DA:334,0
DA:353,1
DA:360,1
DA:361,5
LF:100
LH:73
end_of_record
SF:lib\features\social\domain\entities\activity_feed.g.dart
DA:13,0
DA:15,0
DA:16,0
DA:17,0
DA:19,0
DA:20,0
DA:21,0
DA:22,0
DA:23,0
DA:24,0
DA:25,0
DA:26,0
DA:27,0
DA:28,0
DA:29,0
DA:30,0
DA:31,0
DA:32,0
DA:33,0
DA:34,0
DA:38,0
DA:41,0
DA:42,0
DA:43,0
DA:44,0
DA:45,0
DA:46,0
DA:47,0
DA:48,0
DA:49,0
DA:50,0
DA:51,0
DA:52,0
DA:53,0
DA:54,0
DA:55,0
DA:56,0
DA:57,0
DA:58,0
DA:59,0
DA:60,0
DA:61,0
DA:62,0
DA:63,0
DA:64,0
DA:65,0
DA:66,0
DA:67,0
DA:68,0
DA:69,0
DA:70,0
DA:71,0
DA:74,0
DA:75,0
DA:77,0
DA:80,0
DA:81,0
DA:82,0
DA:89,0
DA:91,0
DA:92,0
DA:93,0
DA:95,0
DA:96,0
DA:97,0
DA:98,0
DA:99,0
DA:100,0
DA:101,0
DA:102,0
DA:103,0
DA:107,0
DA:110,0
DA:111,0
DA:112,0
DA:113,0
DA:114,0
DA:115,0
DA:116,0
DA:117,0
DA:118,0
DA:119,0
DA:120,0
DA:121,0
DA:122,0
DA:123,0
DA:124,0
DA:125,0
DA:126,0
DA:129,0
DA:130,0
DA:132,0
DA:135,0
DA:136,0
DA:137,0
DA:144,0
DA:146,0
DA:147,0
DA:148,0
DA:150,0
DA:151,0
DA:152,0
DA:153,0
DA:154,0
DA:158,0
DA:161,0
DA:162,0
DA:163,0
DA:164,0
DA:165,0
DA:166,0
DA:167,0
DA:168,0
DA:169,0
DA:172,0
DA:173,0
DA:175,0
DA:178,0
DA:179,0
DA:180,0
DA:187,0
DA:189,0
DA:190,0
DA:192,0
DA:194,0
DA:196,0
DA:198,0
DA:200,0
DA:202,0
DA:204,0
DA:206,0
DA:213,0
DA:216,0
DA:217,0
DA:219,0
DA:220,0
DA:222,0
DA:223,0
DA:225,0
DA:226,0
DA:228,0
DA:229,0
DA:231,0
DA:232,0
DA:234,0
DA:235,0
DA:237,0
DA:238,0
DA:240,0
DA:241,0
DA:246,0
DA:247,0
DA:249,0
DA:252,0
DA:253,0
DA:254,0
LF:156
LH:0
end_of_record
SF:lib\features\social\presentation\widgets\friend_item_widget.dart
DA:11,1
DA:20,1
DA:22,1
DA:24,1
DA:25,1
DA:27,1
DA:28,1
DA:29,1
DA:30,1
DA:32,1
DA:33,1
DA:35,1
DA:36,1
DA:37,1
DA:39,2
DA:40,0
DA:43,2
DA:44,1
DA:45,3
DA:46,4
DA:58,2
DA:59,1
DA:62,1
DA:65,1
DA:66,2
DA:68,2
DA:72,1
DA:82,1
DA:83,1
DA:85,1
DA:86,1
DA:87,2
DA:94,6
DA:96,1
DA:97,2
DA:98,1
DA:99,1
DA:108,3
DA:110,1
DA:111,2
DA:112,1
DA:113,2
DA:115,1
DA:117,2
DA:122,3
DA:124,1
DA:125,1
DA:126,1
DA:129,1
DA:132,1
DA:133,1
DA:134,2
DA:135,1
DA:136,1
DA:148,4
DA:150,1
DA:152,5
DA:153,1
DA:155,1
DA:156,1
DA:157,1
DA:159,1
DA:164,1
DA:172,1
DA:174,1
DA:176,1
DA:177,1
DA:184,1
DA:185,1
DA:187,1
DA:189,1
DA:191,1
DA:192,2
DA:194,1
DA:195,2
DA:199,2
LF:76
LH:75
end_of_record
SF:lib\features\social\presentation\widgets\friend_request_item_widget.dart
DA:12,1
DA:22,1
DA:24,1
DA:26,1
DA:27,1
DA:28,1
DA:29,1
DA:33,1
DA:35,1
DA:37,1
DA:39,1
DA:40,1
DA:42,1
DA:45,1
DA:46,4
DA:47,4
DA:59,1
DA:60,1
DA:62,1
DA:63,1
DA:64,1
DA:65,1
DA:66,2
DA:74,1
DA:75,1
DA:78,1
DA:79,1
DA:88,1
DA:90,1
DA:91,3
DA:92,1
DA:94,1
DA:95,1
DA:96,1
DA:97,3
DA:109,1
DA:110,2
DA:111,1
DA:112,1
DA:118,4
DA:120,1
DA:121,1
DA:122,1
DA:123,1
DA:124,1
DA:125,1
DA:126,1
DA:130,1
DA:131,1
DA:139,2
DA:140,0
DA:142,1
DA:143,1
DA:144,1
DA:145,1
DA:146,1
DA:147,1
DA:148,2
DA:149,1
DA:150,1
DA:162,3
DA:164,1
DA:166,1
DA:167,1
DA:168,1
DA:171,1
DA:172,1
LF:67
LH:66
end_of_record
